2019-12-04 10:18:27.034 [http-nio-8080-exec-4] DEBUG com.dyl.o2o.dao.HeadLineDao.selectList - ==>  Preparing: SELECT create_time,head_line_img,head_line_name,head_line_link,last_edit_time,priority,enable_status,head_line_id FROM tb_head_line ORDER BY priority DESC 
2019-12-04 10:18:27.055 [http-nio-8080-exec-4] DEBUG com.dyl.o2o.dao.HeadLineDao.selectList - ==> Parameters: 
2019-12-04 10:18:27.083 [http-nio-8080-exec-4] DEBUG com.dyl.o2o.dao.HeadLineDao.selectList - <==      Total: 4
2019-12-04 10:18:29.000 [http-nio-8080-exec-4] DEBUG com.dyl.o2o.dao.AreaDao.selectList - ==>  Preparing: SELECT area_id,create_time,area_name,last_edit_time,priority FROM tb_area ORDER BY priority DESC 
2019-12-04 10:18:29.001 [http-nio-8080-exec-4] DEBUG com.dyl.o2o.dao.AreaDao.selectList - ==> Parameters: 
2019-12-04 10:18:29.006 [http-nio-8080-exec-6] DEBUG com.dyl.o2o.dao.ShopCategoryDao.selectList - ==>  Preparing: SELECT create_time,shop_category_id,shop_category_desc,shop_category_name,shop_category_img,last_edit_time,priority,parent_id FROM tb_shop_category WHERE (parent_id IS NULL) ORDER BY priority DESC 
2019-12-04 10:18:33.301 [http-nio-8080-exec-6] DEBUG com.dyl.o2o.dao.ShopCategoryDao.selectList - ==> Parameters: 
2019-12-04 10:18:33.312 [http-nio-8080-exec-4] DEBUG com.dyl.o2o.dao.AreaDao.selectList - <==      Total: 4
2019-12-04 10:18:33.317 [http-nio-8080-exec-6] DEBUG com.dyl.o2o.dao.ShopCategoryDao.selectList - <==      Total: 6
2019-12-04 10:18:34.406 [http-nio-8080-exec-7] DEBUG com.dyl.o2o.dao.ShopDao.selectList - ==>  Preparing: SELECT shop_id,shop_desc,shop_category_id,shop_addr,advice,shop_name,owner_id,priority,area_id,create_time,shop_img,shop_phone,last_edit_time,enable_status FROM tb_shop ORDER BY priority DESC 
2019-12-04 10:18:34.408 [http-nio-8080-exec-7] DEBUG com.dyl.o2o.dao.ShopDao.selectList - ==> Parameters: 
2019-12-04 10:18:34.413 [http-nio-8080-exec-7] DEBUG com.dyl.o2o.dao.ShopDao.selectList - <==      Total: 4
2019-12-04 10:22:11.994 [http-nio-8080-exec-4] DEBUG com.dyl.o2o.dao.AreaDao.selectList - ==>  Preparing: SELECT area_id,create_time,area_name,last_edit_time,priority FROM tb_area ORDER BY priority DESC 
2019-12-04 10:22:32.747 [http-nio-8080-exec-4] DEBUG com.dyl.o2o.dao.AreaDao.selectList - ==> Parameters: 
2019-12-04 10:22:41.112 [http-nio-8080-exec-4] DEBUG com.dyl.o2o.dao.AreaDao.selectList - <==      Total: 4
2019-12-04 10:22:41.113 [http-nio-8080-exec-9] DEBUG com.dyl.o2o.dao.ShopCategoryDao.selectList - ==>  Preparing: SELECT create_time,shop_category_id,shop_category_desc,shop_category_name,shop_category_img,last_edit_time,priority,parent_id FROM tb_shop_category WHERE (parent_id IS NULL) ORDER BY priority DESC 
2019-12-04 10:22:41.114 [http-nio-8080-exec-9] DEBUG com.dyl.o2o.dao.ShopCategoryDao.selectList - ==> Parameters: 
2019-12-04 10:22:41.116 [http-nio-8080-exec-9] DEBUG com.dyl.o2o.dao.ShopCategoryDao.selectList - <==      Total: 6
2019-12-04 10:27:07.254 [http-nio-8080-exec-2] DEBUG com.dyl.o2o.dao.AreaDao.selectList - ==>  Preparing: SELECT area_id,create_time,area_name,last_edit_time,priority FROM tb_area ORDER BY priority DESC 
2019-12-04 10:27:07.255 [http-nio-8080-exec-2] DEBUG com.dyl.o2o.dao.AreaDao.selectList - ==> Parameters: 
2019-12-04 10:27:07.258 [http-nio-8080-exec-2] DEBUG com.dyl.o2o.dao.AreaDao.selectList - <==      Total: 4
2019-12-04 10:27:07.258 [http-nio-8080-exec-5] DEBUG com.dyl.o2o.dao.ShopCategoryDao.selectList - ==>  Preparing: SELECT create_time,shop_category_id,shop_category_desc,shop_category_name,shop_category_img,last_edit_time,priority,parent_id FROM tb_shop_category WHERE (parent_id IS NULL) ORDER BY priority DESC 
2019-12-04 10:27:07.259 [http-nio-8080-exec-5] DEBUG com.dyl.o2o.dao.ShopCategoryDao.selectList - ==> Parameters: 
2019-12-04 10:27:07.267 [http-nio-8080-exec-5] DEBUG com.dyl.o2o.dao.ShopCategoryDao.selectList - <==      Total: 6
2019-12-04 11:35:43.328 [http-nio-8080-exec-1] DEBUG com.dyl.o2o.dao.ShopCategoryDao.selectList - ==>  Preparing: SELECT create_time,shop_category_id,shop_category_desc,shop_category_name,shop_category_img,last_edit_time,priority,parent_id FROM tb_shop_category WHERE (parent_id IS NULL) ORDER BY priority DESC 
2019-12-04 11:35:43.328 [http-nio-8080-exec-2] DEBUG com.dyl.o2o.dao.AreaDao.selectList - ==>  Preparing: SELECT area_id,create_time,area_name,last_edit_time,priority FROM tb_area ORDER BY priority DESC 
2019-12-04 11:35:43.329 [http-nio-8080-exec-2] DEBUG com.dyl.o2o.dao.AreaDao.selectList - ==> Parameters: 
2019-12-04 11:35:43.329 [http-nio-8080-exec-1] DEBUG com.dyl.o2o.dao.ShopCategoryDao.selectList - ==> Parameters: 
2019-12-04 11:35:43.331 [http-nio-8080-exec-1] DEBUG com.dyl.o2o.dao.ShopCategoryDao.selectList - <==      Total: 6
2019-12-04 11:35:46.214 [http-nio-8080-exec-2] DEBUG com.dyl.o2o.dao.AreaDao.selectList - <==      Total: 4
2019-12-04 11:35:46.222 [http-nio-8080-exec-5] DEBUG com.dyl.o2o.dao.ShopDao.selectList - ==>  Preparing: SELECT shop_id,shop_desc,shop_category_id,shop_addr,advice,shop_name,owner_id,priority,area_id,create_time,shop_img,shop_phone,last_edit_time,enable_status FROM tb_shop ORDER BY priority DESC 
2019-12-04 11:35:46.224 [http-nio-8080-exec-5] DEBUG com.dyl.o2o.dao.ShopDao.selectList - ==> Parameters: 
2019-12-04 11:35:46.227 [http-nio-8080-exec-5] DEBUG com.dyl.o2o.dao.ShopDao.selectList - <==      Total: 4
2019-12-04 11:39:09.554 [http-nio-8080-exec-4] DEBUG com.dyl.o2o.dao.AreaDao.selectList - ==>  Preparing: SELECT area_id,create_time,area_name,last_edit_time,priority FROM tb_area ORDER BY priority DESC 
2019-12-04 11:39:09.554 [http-nio-8080-exec-4] DEBUG com.dyl.o2o.dao.AreaDao.selectList - ==> Parameters: 
2019-12-04 11:39:09.554 [http-nio-8080-exec-5] DEBUG com.dyl.o2o.dao.ShopCategoryDao.selectList - ==>  Preparing: SELECT create_time,shop_category_id,shop_category_desc,shop_category_name,shop_category_img,last_edit_time,priority,parent_id FROM tb_shop_category WHERE (parent_id IS NULL) ORDER BY priority DESC 
2019-12-04 11:39:09.555 [http-nio-8080-exec-5] DEBUG com.dyl.o2o.dao.ShopCategoryDao.selectList - ==> Parameters: 
2019-12-04 11:39:09.556 [http-nio-8080-exec-4] DEBUG com.dyl.o2o.dao.AreaDao.selectList - <==      Total: 4
2019-12-04 11:39:09.558 [http-nio-8080-exec-5] DEBUG com.dyl.o2o.dao.ShopCategoryDao.selectList - <==      Total: 6
2019-12-04 15:43:11.759 [http-nio-8080-exec-4] DEBUG com.dyl.o2o.dao.HeadLineDao.selectList - ==>  Preparing: SELECT create_time,head_line_img,head_line_name,head_line_link,last_edit_time,priority,enable_status,head_line_id FROM tb_head_line ORDER BY priority DESC 
2019-12-04 15:43:11.778 [http-nio-8080-exec-4] DEBUG com.dyl.o2o.dao.HeadLineDao.selectList - ==> Parameters: 
2019-12-04 15:43:11.799 [http-nio-8080-exec-4] DEBUG com.dyl.o2o.dao.HeadLineDao.selectList - <==      Total: 4
2019-12-04 15:43:12.966 [http-nio-8080-exec-4] DEBUG com.dyl.o2o.dao.AreaDao.selectList - ==>  Preparing: SELECT area_id,create_time,area_name,last_edit_time,priority FROM tb_area ORDER BY priority DESC 
2019-12-04 15:43:12.968 [http-nio-8080-exec-4] DEBUG com.dyl.o2o.dao.AreaDao.selectList - ==> Parameters: 
2019-12-04 15:43:12.972 [http-nio-8080-exec-4] DEBUG com.dyl.o2o.dao.AreaDao.selectList - <==      Total: 4
2019-12-04 15:43:12.976 [http-nio-8080-exec-6] DEBUG com.dyl.o2o.dao.ShopCategoryDao.selectList - ==>  Preparing: SELECT create_time,shop_category_id,shop_category_desc,shop_category_name,shop_category_img,last_edit_time,priority,parent_id FROM tb_shop_category WHERE (parent_id IS NULL) ORDER BY priority DESC 
2019-12-04 15:43:12.977 [http-nio-8080-exec-6] DEBUG com.dyl.o2o.dao.ShopCategoryDao.selectList - ==> Parameters: 
2019-12-04 15:43:12.984 [http-nio-8080-exec-6] DEBUG com.dyl.o2o.dao.ShopCategoryDao.selectList - <==      Total: 6
2019-12-04 15:43:37.628 [http-nio-8080-exec-5] DEBUG com.dyl.o2o.dao.ShopDao.selectList - ==>  Preparing: SELECT shop_id,shop_desc,shop_category_id,shop_addr,advice,shop_name,owner_id,priority,area_id,create_time,shop_img,shop_phone,last_edit_time,enable_status FROM tb_shop ORDER BY priority DESC 
2019-12-04 15:43:37.629 [http-nio-8080-exec-5] DEBUG com.dyl.o2o.dao.ShopDao.selectList - ==> Parameters: 
2019-12-04 15:43:37.633 [http-nio-8080-exec-5] DEBUG com.dyl.o2o.dao.ShopDao.selectList - <==      Total: 4
2019-12-04 15:47:42.023 [http-nio-8080-exec-8] DEBUG com.dyl.o2o.dao.AreaDao.selectList - ==>  Preparing: SELECT area_id,create_time,area_name,last_edit_time,priority FROM tb_area ORDER BY priority DESC 
2019-12-04 15:47:46.550 [http-nio-8080-exec-8] DEBUG com.dyl.o2o.dao.AreaDao.selectList - ==> Parameters: 
2019-12-04 15:47:46.552 [http-nio-8080-exec-8] DEBUG com.dyl.o2o.dao.AreaDao.selectList - <==      Total: 4
2019-12-04 15:47:46.552 [http-nio-8080-exec-6] DEBUG com.dyl.o2o.dao.ShopCategoryDao.selectList - ==>  Preparing: SELECT create_time,shop_category_id,shop_category_desc,shop_category_name,shop_category_img,last_edit_time,priority,parent_id FROM tb_shop_category WHERE (parent_id IS NULL) ORDER BY priority DESC 
2019-12-04 15:47:46.553 [http-nio-8080-exec-6] DEBUG com.dyl.o2o.dao.ShopCategoryDao.selectList - ==> Parameters: 
2019-12-04 15:47:46.556 [http-nio-8080-exec-6] DEBUG com.dyl.o2o.dao.ShopCategoryDao.selectList - <==      Total: 6
2019-12-04 15:48:33.002 [http-nio-8080-exec-7] DEBUG com.dyl.o2o.dao.AreaDao.selectList - ==>  Preparing: SELECT area_id,create_time,area_name,last_edit_time,priority FROM tb_area ORDER BY priority DESC 
2019-12-04 15:48:33.002 [http-nio-8080-exec-7] DEBUG com.dyl.o2o.dao.AreaDao.selectList - ==> Parameters: 
2019-12-04 15:48:33.004 [http-nio-8080-exec-7] DEBUG com.dyl.o2o.dao.AreaDao.selectList - <==      Total: 4
2019-12-04 15:48:33.005 [http-nio-8080-exec-6] DEBUG com.dyl.o2o.dao.ShopCategoryDao.selectList - ==>  Preparing: SELECT create_time,shop_category_id,shop_category_desc,shop_category_name,shop_category_img,last_edit_time,priority,parent_id FROM tb_shop_category WHERE (parent_id IS NULL) ORDER BY priority DESC 
2019-12-04 15:48:33.006 [http-nio-8080-exec-6] DEBUG com.dyl.o2o.dao.ShopCategoryDao.selectList - ==> Parameters: 
2019-12-04 15:48:33.013 [http-nio-8080-exec-6] DEBUG com.dyl.o2o.dao.ShopCategoryDao.selectList - <==      Total: 6
2019-12-04 15:52:38.096 [http-nio-8080-exec-1] DEBUG com.dyl.o2o.dao.AreaDao.selectList - ==>  Preparing: SELECT area_id,create_time,area_name,last_edit_time,priority FROM tb_area ORDER BY priority DESC 
2019-12-04 15:52:38.097 [http-nio-8080-exec-1] DEBUG com.dyl.o2o.dao.AreaDao.selectList - ==> Parameters: 
2019-12-04 15:52:38.098 [http-nio-8080-exec-2] DEBUG com.dyl.o2o.dao.ShopCategoryDao.selectList - ==>  Preparing: SELECT create_time,shop_category_id,shop_category_desc,shop_category_name,shop_category_img,last_edit_time,priority,parent_id FROM tb_shop_category WHERE (parent_id IS NULL) ORDER BY priority DESC 
2019-12-04 15:52:38.098 [http-nio-8080-exec-2] DEBUG com.dyl.o2o.dao.ShopCategoryDao.selectList - ==> Parameters: 
2019-12-04 15:52:38.100 [http-nio-8080-exec-1] DEBUG com.dyl.o2o.dao.AreaDao.selectList - <==      Total: 4
2019-12-04 15:52:38.101 [http-nio-8080-exec-2] DEBUG com.dyl.o2o.dao.ShopCategoryDao.selectList - <==      Total: 6
2019-12-04 16:00:27.602 [http-nio-8080-exec-6] DEBUG com.dyl.o2o.dao.AreaDao.selectList - ==>  Preparing: SELECT area_id,create_time,area_name,last_edit_time,priority FROM tb_area ORDER BY priority DESC 
2019-12-04 16:00:27.603 [http-nio-8080-exec-5] DEBUG com.dyl.o2o.dao.ShopCategoryDao.selectList - ==>  Preparing: SELECT create_time,shop_category_id,shop_category_desc,shop_category_name,shop_category_img,last_edit_time,priority,parent_id FROM tb_shop_category WHERE (parent_id IS NULL) ORDER BY priority DESC 
2019-12-04 16:00:27.603 [http-nio-8080-exec-6] DEBUG com.dyl.o2o.dao.AreaDao.selectList - ==> Parameters: 
2019-12-04 16:00:27.603 [http-nio-8080-exec-5] DEBUG com.dyl.o2o.dao.ShopCategoryDao.selectList - ==> Parameters: 
2019-12-04 16:00:27.605 [http-nio-8080-exec-6] DEBUG com.dyl.o2o.dao.AreaDao.selectList - <==      Total: 4
2019-12-04 16:00:27.605 [http-nio-8080-exec-5] DEBUG com.dyl.o2o.dao.ShopCategoryDao.selectList - <==      Total: 6
2019-12-04 16:00:38.747 [http-nio-8080-exec-9] DEBUG com.dyl.o2o.dao.ShopCategoryDao.selectList - ==>  Preparing: SELECT create_time,shop_category_id,shop_category_desc,shop_category_name,shop_category_img,last_edit_time,priority,parent_id FROM tb_shop_category WHERE (parent_id IS NULL) ORDER BY priority DESC 
2019-12-04 16:00:38.747 [http-nio-8080-exec-6] DEBUG com.dyl.o2o.dao.AreaDao.selectList - ==>  Preparing: SELECT area_id,create_time,area_name,last_edit_time,priority FROM tb_area ORDER BY priority DESC 
2019-12-04 16:00:38.748 [http-nio-8080-exec-6] DEBUG com.dyl.o2o.dao.AreaDao.selectList - ==> Parameters: 
2019-12-04 16:00:38.748 [http-nio-8080-exec-9] DEBUG com.dyl.o2o.dao.ShopCategoryDao.selectList - ==> Parameters: 
2019-12-04 16:00:38.749 [http-nio-8080-exec-6] DEBUG com.dyl.o2o.dao.AreaDao.selectList - <==      Total: 4
2019-12-04 16:00:38.750 [http-nio-8080-exec-9] DEBUG com.dyl.o2o.dao.ShopCategoryDao.selectList - <==      Total: 6
2019-12-04 16:00:47.640 [http-nio-8080-exec-6] DEBUG com.dyl.o2o.dao.AreaDao.selectList - ==>  Preparing: SELECT area_id,create_time,area_name,last_edit_time,priority FROM tb_area ORDER BY priority DESC 
2019-12-04 16:00:47.640 [http-nio-8080-exec-6] DEBUG com.dyl.o2o.dao.AreaDao.selectList - ==> Parameters: 
2019-12-04 16:00:47.641 [http-nio-8080-exec-2] DEBUG com.dyl.o2o.dao.ShopCategoryDao.selectList - ==>  Preparing: SELECT create_time,shop_category_id,shop_category_desc,shop_category_name,shop_category_img,last_edit_time,priority,parent_id FROM tb_shop_category WHERE (parent_id IS NULL) ORDER BY priority DESC 
2019-12-04 16:00:47.642 [http-nio-8080-exec-6] DEBUG com.dyl.o2o.dao.AreaDao.selectList - <==      Total: 4
2019-12-04 16:00:47.642 [http-nio-8080-exec-2] DEBUG com.dyl.o2o.dao.ShopCategoryDao.selectList - ==> Parameters: 
2019-12-04 16:00:47.648 [http-nio-8080-exec-2] DEBUG com.dyl.o2o.dao.ShopCategoryDao.selectList - <==      Total: 6
2019-12-04 16:04:06.674 [http-nio-8080-exec-3] DEBUG com.dyl.o2o.dao.AreaDao.selectList - ==>  Preparing: SELECT area_id,create_time,area_name,last_edit_time,priority FROM tb_area ORDER BY priority DESC 
2019-12-04 16:04:06.674 [http-nio-8080-exec-3] DEBUG com.dyl.o2o.dao.AreaDao.selectList - ==> Parameters: 
2019-12-04 16:04:06.676 [http-nio-8080-exec-3] DEBUG com.dyl.o2o.dao.AreaDao.selectList - <==      Total: 4
2019-12-04 16:04:06.679 [http-nio-8080-exec-8] DEBUG com.dyl.o2o.dao.ShopCategoryDao.selectList - ==>  Preparing: SELECT create_time,shop_category_id,shop_category_desc,shop_category_name,shop_category_img,last_edit_time,priority,parent_id FROM tb_shop_category WHERE (parent_id IS NULL) ORDER BY priority DESC 
2019-12-04 16:04:06.679 [http-nio-8080-exec-8] DEBUG com.dyl.o2o.dao.ShopCategoryDao.selectList - ==> Parameters: 
2019-12-04 16:04:06.682 [http-nio-8080-exec-8] DEBUG com.dyl.o2o.dao.ShopCategoryDao.selectList - <==      Total: 6
2019-12-04 16:04:26.255 [http-nio-8080-exec-6] DEBUG com.dyl.o2o.dao.AreaDao.selectList - ==>  Preparing: SELECT area_id,create_time,area_name,last_edit_time,priority FROM tb_area ORDER BY priority DESC 
2019-12-04 16:04:26.256 [http-nio-8080-exec-6] DEBUG com.dyl.o2o.dao.AreaDao.selectList - ==> Parameters: 
2019-12-04 16:04:26.256 [http-nio-8080-exec-2] DEBUG com.dyl.o2o.dao.ShopCategoryDao.selectList - ==>  Preparing: SELECT create_time,shop_category_id,shop_category_desc,shop_category_name,shop_category_img,last_edit_time,priority,parent_id FROM tb_shop_category WHERE (parent_id IS NULL) ORDER BY priority DESC 
2019-12-04 16:04:26.257 [http-nio-8080-exec-2] DEBUG com.dyl.o2o.dao.ShopCategoryDao.selectList - ==> Parameters: 
2019-12-04 16:04:26.257 [http-nio-8080-exec-6] DEBUG com.dyl.o2o.dao.AreaDao.selectList - <==      Total: 4
2019-12-04 16:04:26.259 [http-nio-8080-exec-2] DEBUG com.dyl.o2o.dao.ShopCategoryDao.selectList - <==      Total: 6
2019-12-04 16:05:23.552 [http-nio-8080-exec-7] DEBUG com.dyl.o2o.dao.AreaDao.selectList - ==>  Preparing: SELECT area_id,create_time,area_name,last_edit_time,priority FROM tb_area ORDER BY priority DESC 
2019-12-04 16:05:23.552 [http-nio-8080-exec-7] DEBUG com.dyl.o2o.dao.AreaDao.selectList - ==> Parameters: 
2019-12-04 16:05:23.554 [http-nio-8080-exec-4] DEBUG com.dyl.o2o.dao.ShopCategoryDao.selectList - ==>  Preparing: SELECT create_time,shop_category_id,shop_category_desc,shop_category_name,shop_category_img,last_edit_time,priority,parent_id FROM tb_shop_category WHERE (parent_id IS NULL) ORDER BY priority DESC 
2019-12-04 16:05:23.554 [http-nio-8080-exec-7] DEBUG com.dyl.o2o.dao.AreaDao.selectList - <==      Total: 4
2019-12-04 16:05:23.554 [http-nio-8080-exec-4] DEBUG com.dyl.o2o.dao.ShopCategoryDao.selectList - ==> Parameters: 
2019-12-04 16:05:23.556 [http-nio-8080-exec-4] DEBUG com.dyl.o2o.dao.ShopCategoryDao.selectList - <==      Total: 6
2019-12-04 17:43:06.694 [http-nio-8080-exec-3] DEBUG com.dyl.o2o.dao.AreaDao.selectList - ==>  Preparing: SELECT area_id,create_time,area_name,last_edit_time,priority FROM tb_area ORDER BY priority DESC 
2019-12-04 17:43:06.694 [http-nio-8080-exec-8] DEBUG com.dyl.o2o.dao.ShopCategoryDao.selectList - ==>  Preparing: SELECT create_time,shop_category_id,shop_category_desc,shop_category_name,shop_category_img,last_edit_time,priority,parent_id FROM tb_shop_category WHERE (parent_id IS NULL) ORDER BY priority DESC 
2019-12-04 17:43:06.699 [http-nio-8080-exec-3] DEBUG com.dyl.o2o.dao.AreaDao.selectList - ==> Parameters: 
2019-12-04 17:43:06.699 [http-nio-8080-exec-8] DEBUG com.dyl.o2o.dao.ShopCategoryDao.selectList - ==> Parameters: 
2019-12-04 17:43:06.704 [http-nio-8080-exec-3] DEBUG com.dyl.o2o.dao.AreaDao.selectList - <==      Total: 4
2019-12-04 17:43:06.705 [http-nio-8080-exec-8] DEBUG com.dyl.o2o.dao.ShopCategoryDao.selectList - <==      Total: 6
2019-12-04 17:43:23.563 [http-nio-8080-exec-8] DEBUG com.dyl.o2o.dao.AreaDao.selectList - ==>  Preparing: SELECT area_id,create_time,area_name,last_edit_time,priority FROM tb_area ORDER BY priority DESC 
2019-12-04 17:43:23.564 [http-nio-8080-exec-5] DEBUG com.dyl.o2o.dao.ShopCategoryDao.selectList - ==>  Preparing: SELECT create_time,shop_category_id,shop_category_desc,shop_category_name,shop_category_img,last_edit_time,priority,parent_id FROM tb_shop_category WHERE (parent_id IS NULL) ORDER BY priority DESC 
2019-12-04 17:43:23.564 [http-nio-8080-exec-8] DEBUG com.dyl.o2o.dao.AreaDao.selectList - ==> Parameters: 
2019-12-04 17:43:23.564 [http-nio-8080-exec-5] DEBUG com.dyl.o2o.dao.ShopCategoryDao.selectList - ==> Parameters: 
2019-12-04 17:43:23.566 [http-nio-8080-exec-8] DEBUG com.dyl.o2o.dao.AreaDao.selectList - <==      Total: 4
2019-12-04 17:43:23.566 [http-nio-8080-exec-5] DEBUG com.dyl.o2o.dao.ShopCategoryDao.selectList - <==      Total: 6
2019-12-04 17:44:03.780 [http-nio-8080-exec-4] DEBUG com.dyl.o2o.dao.AreaDao.selectList - ==>  Preparing: SELECT area_id,create_time,area_name,last_edit_time,priority FROM tb_area ORDER BY priority DESC 
2019-12-04 17:44:03.781 [http-nio-8080-exec-2] DEBUG com.dyl.o2o.dao.ShopCategoryDao.selectList - ==>  Preparing: SELECT create_time,shop_category_id,shop_category_desc,shop_category_name,shop_category_img,last_edit_time,priority,parent_id FROM tb_shop_category WHERE (parent_id IS NULL) ORDER BY priority DESC 
2019-12-04 17:44:03.781 [http-nio-8080-exec-4] DEBUG com.dyl.o2o.dao.AreaDao.selectList - ==> Parameters: 
2019-12-04 17:44:03.781 [http-nio-8080-exec-2] DEBUG com.dyl.o2o.dao.ShopCategoryDao.selectList - ==> Parameters: 
2019-12-04 17:44:03.782 [http-nio-8080-exec-4] DEBUG com.dyl.o2o.dao.AreaDao.selectList - <==      Total: 4
2019-12-04 17:44:03.783 [http-nio-8080-exec-2] DEBUG com.dyl.o2o.dao.ShopCategoryDao.selectList - <==      Total: 6
2019-12-04 17:49:57.154 [http-nio-8080-exec-2] DEBUG com.dyl.o2o.dao.AreaDao.selectList - ==>  Preparing: SELECT area_id,create_time,area_name,last_edit_time,priority FROM tb_area ORDER BY priority DESC 
2019-12-04 17:49:57.154 [http-nio-8080-exec-2] DEBUG com.dyl.o2o.dao.AreaDao.selectList - ==> Parameters: 
2019-12-04 17:49:57.155 [http-nio-8080-exec-4] DEBUG com.dyl.o2o.dao.ShopCategoryDao.selectList - ==>  Preparing: SELECT create_time,shop_category_id,shop_category_desc,shop_category_name,shop_category_img,last_edit_time,priority,parent_id FROM tb_shop_category WHERE (parent_id IS NULL) ORDER BY priority DESC 
2019-12-04 17:49:57.155 [http-nio-8080-exec-4] DEBUG com.dyl.o2o.dao.ShopCategoryDao.selectList - ==> Parameters: 
2019-12-04 17:49:57.156 [http-nio-8080-exec-2] DEBUG com.dyl.o2o.dao.AreaDao.selectList - <==      Total: 4
2019-12-04 17:49:57.157 [http-nio-8080-exec-4] DEBUG com.dyl.o2o.dao.ShopCategoryDao.selectList - <==      Total: 6
2019-12-04 17:50:01.874 [http-nio-8080-exec-7] DEBUG com.dyl.o2o.dao.ShopDao.selectList - ==>  Preparing: SELECT shop_id,shop_desc,shop_category_id,shop_addr,advice,shop_name,owner_id,priority,area_id,create_time,shop_img,shop_phone,last_edit_time,enable_status FROM tb_shop ORDER BY priority DESC 
2019-12-04 17:50:01.874 [http-nio-8080-exec-7] DEBUG com.dyl.o2o.dao.ShopDao.selectList - ==> Parameters: 
2019-12-04 17:50:01.877 [http-nio-8080-exec-7] DEBUG com.dyl.o2o.dao.ShopDao.selectList - <==      Total: 4
2019-12-04 17:50:37.916 [http-nio-8080-exec-2] DEBUG com.dyl.o2o.dao.AreaDao.selectList - ==>  Preparing: SELECT area_id,create_time,area_name,last_edit_time,priority FROM tb_area ORDER BY priority DESC 
2019-12-04 17:50:37.916 [http-nio-8080-exec-10] DEBUG com.dyl.o2o.dao.ShopCategoryDao.selectList - ==>  Preparing: SELECT create_time,shop_category_id,shop_category_desc,shop_category_name,shop_category_img,last_edit_time,priority,parent_id FROM tb_shop_category WHERE (parent_id IS NULL) ORDER BY priority DESC 
2019-12-04 17:50:37.916 [http-nio-8080-exec-2] DEBUG com.dyl.o2o.dao.AreaDao.selectList - ==> Parameters: 
2019-12-04 17:50:37.916 [http-nio-8080-exec-10] DEBUG com.dyl.o2o.dao.ShopCategoryDao.selectList - ==> Parameters: 
2019-12-04 17:50:37.918 [http-nio-8080-exec-2] DEBUG com.dyl.o2o.dao.AreaDao.selectList - <==      Total: 4
2019-12-04 17:50:37.918 [http-nio-8080-exec-10] DEBUG com.dyl.o2o.dao.ShopCategoryDao.selectList - <==      Total: 6
2019-12-04 17:51:03.118 [http-nio-8080-exec-2] DEBUG com.dyl.o2o.dao.AreaDao.selectList - ==>  Preparing: SELECT area_id,create_time,area_name,last_edit_time,priority FROM tb_area ORDER BY priority DESC 
2019-12-04 17:51:03.118 [http-nio-8080-exec-10] DEBUG com.dyl.o2o.dao.ShopCategoryDao.selectList - ==>  Preparing: SELECT create_time,shop_category_id,shop_category_desc,shop_category_name,shop_category_img,last_edit_time,priority,parent_id FROM tb_shop_category WHERE (parent_id IS NULL) ORDER BY priority DESC 
2019-12-04 17:51:03.118 [http-nio-8080-exec-2] DEBUG com.dyl.o2o.dao.AreaDao.selectList - ==> Parameters: 
2019-12-04 17:51:03.118 [http-nio-8080-exec-10] DEBUG com.dyl.o2o.dao.ShopCategoryDao.selectList - ==> Parameters: 
2019-12-04 17:51:03.119 [http-nio-8080-exec-2] DEBUG com.dyl.o2o.dao.AreaDao.selectList - <==      Total: 4
2019-12-04 17:51:03.119 [http-nio-8080-exec-10] DEBUG com.dyl.o2o.dao.ShopCategoryDao.selectList - <==      Total: 6
2019-12-04 17:59:20.970 [http-nio-8080-exec-9] DEBUG com.dyl.o2o.dao.HeadLineDao.selectList - ==>  Preparing: SELECT create_time,head_line_img,head_line_name,head_line_link,last_edit_time,priority,enable_status,head_line_id FROM tb_head_line ORDER BY priority DESC 
2019-12-04 17:59:20.971 [http-nio-8080-exec-9] DEBUG com.dyl.o2o.dao.HeadLineDao.selectList - ==> Parameters: 
2019-12-04 17:59:20.974 [http-nio-8080-exec-9] DEBUG com.dyl.o2o.dao.HeadLineDao.selectList - <==      Total: 4
2019-12-04 17:59:22.570 [http-nio-8080-exec-9] DEBUG com.dyl.o2o.dao.AreaDao.selectList - ==>  Preparing: SELECT area_id,create_time,area_name,last_edit_time,priority FROM tb_area ORDER BY priority DESC 
2019-12-04 17:59:22.570 [http-nio-8080-exec-9] DEBUG com.dyl.o2o.dao.AreaDao.selectList - ==> Parameters: 
2019-12-04 17:59:22.571 [http-nio-8080-exec-1] DEBUG com.dyl.o2o.dao.ShopCategoryDao.selectList - ==>  Preparing: SELECT create_time,shop_category_id,shop_category_desc,shop_category_name,shop_category_img,last_edit_time,priority,parent_id FROM tb_shop_category WHERE (parent_id IS NULL) ORDER BY priority DESC 
2019-12-04 17:59:22.571 [http-nio-8080-exec-1] DEBUG com.dyl.o2o.dao.ShopCategoryDao.selectList - ==> Parameters: 
2019-12-04 17:59:22.571 [http-nio-8080-exec-9] DEBUG com.dyl.o2o.dao.AreaDao.selectList - <==      Total: 4
2019-12-04 17:59:22.573 [http-nio-8080-exec-1] DEBUG com.dyl.o2o.dao.ShopCategoryDao.selectList - <==      Total: 6
