2019-12-03 00:00:32.756 [restartedMain] WARN  c.b.mybatisplus.core.metadata.TableInfoHelper - Warn: Could not find @TableId in Class: com.dyl.o2o.domain.HeadLineDO.
2019-12-03 00:00:32.800 [restartedMain] WARN  c.b.mybatisplus.core.metadata.TableInfoHelper - Warn: Could not find @TableId in Class: com.dyl.o2o.domain.ShopCategoryDO.
2019-12-03 00:00:33.035 [restartedMain] WARN  org.thymeleaf.templatemode.TemplateMode - [THYMELEAF][restartedMain] Template Mode 'LEGACYHTML5' is deprecated. Using Template Mode 'HTML' instead.
2019-12-03 00:01:16.008 [restartedMain] WARN  c.b.mybatisplus.core.metadata.TableInfoHelper - Warn: Could not find @TableId in Class: com.dyl.o2o.domain.HeadLineDO.
2019-12-03 00:01:16.035 [restartedMain] WARN  c.b.mybatisplus.core.metadata.TableInfoHelper - Warn: Could not find @TableId in Class: com.dyl.o2o.domain.ShopCategoryDO.
2019-12-03 00:01:16.226 [restartedMain] WARN  org.thymeleaf.templatemode.TemplateMode - [THYMELEAF][restartedMain] Template Mode 'LEGACYHTML5' is deprecated. Using Template Mode 'HTML' instead.
2019-12-03 15:04:46.976 [restartedMain] WARN  o.a.c.core.ContainerBase.[Tomcat].[localhost].[/] - Cannot deserialize session attribute [shopDOList] for session [7B7DB92C67A0A9BAEFEE3FA130AA0F93]
2019-12-03 15:04:47.547 [restartedMain] WARN  c.b.mybatisplus.core.metadata.TableInfoHelper - Warn: Could not find @TableId in Class: com.dyl.o2o.domain.HeadLineDO.
2019-12-03 15:04:47.604 [restartedMain] WARN  c.b.mybatisplus.core.metadata.TableInfoHelper - Warn: Could not find @TableId in Class: com.dyl.o2o.domain.ShopCategoryDO.
2019-12-03 15:04:48.335 [restartedMain] WARN  org.thymeleaf.templatemode.TemplateMode - [THYMELEAF][restartedMain] Template Mode 'LEGACYHTML5' is deprecated. Using Template Mode 'HTML' instead.
2019-12-03 15:07:55.783 [http-nio-8080-exec-4] WARN  o.s.w.s.m.m.a.ExceptionHandlerExceptionResolver - Resolved [org.springframework.jdbc.BadSqlGrammarException: 
### Error querying database.  Cause: java.sql.SQLSyntaxErrorException: Unknown column 'head_line_img' in 'field list'
### The error may exist in com/dyl/o2o/dao/HeadLineDao.java (best guess)
### The error may involve defaultParameterMap
### The error occurred while setting parameters
### SQL: SELECT  create_time,head_line_img,head_line_name,head_line_link,last_edit_time,priority,enable_status,head_line_id  FROM tb_head_line           ORDER BY priority DESC
### Cause: java.sql.SQLSyntaxErrorException: Unknown column 'head_line_img' in 'field list'
; bad SQL grammar []; nested exception is java.sql.SQLSyntaxErrorException: Unknown column 'head_line_img' in 'field list']
2019-12-03 15:20:16.014 [http-nio-8080-exec-8] WARN  o.s.w.s.m.m.a.ExceptionHandlerExceptionResolver - Resolved [org.springframework.web.method.annotation.MethodArgumentTypeMismatchException: Failed to convert value of type 'java.lang.String' to required type 'java.lang.Long'; nested exception is java.lang.NumberFormatException: For input string: "index"]
2019-12-03 15:27:01.173 [http-nio-8080-exec-8] WARN  o.s.w.s.m.m.a.ExceptionHandlerExceptionResolver - Resolved [org.springframework.web.method.annotation.MethodArgumentTypeMismatchException: Failed to convert value of type 'java.lang.String' to required type 'java.lang.Long'; nested exception is java.lang.NumberFormatException: For input string: "undefined"]
2019-12-03 15:29:33.445 [http-nio-8080-exec-10] WARN  o.s.w.s.m.m.a.ExceptionHandlerExceptionResolver - Resolved [org.springframework.web.method.annotation.MethodArgumentTypeMismatchException: Failed to convert value of type 'java.lang.String' to required type 'java.lang.Long'; nested exception is java.lang.NumberFormatException: For input string: "undefined"]
2019-12-03 15:30:09.521 [http-nio-8080-exec-7] WARN  o.s.w.s.m.m.a.ExceptionHandlerExceptionResolver - Resolved [java.lang.IndexOutOfBoundsException: toIndex = 10]
2019-12-03 15:56:29.950 [http-nio-8080-exec-9] WARN  o.s.w.s.m.m.a.ExceptionHandlerExceptionResolver - Resolved [java.lang.IndexOutOfBoundsException: toIndex = 3]
2019-12-03 15:57:35.063 [http-nio-8080-exec-7] WARN  o.s.w.s.m.m.a.ExceptionHandlerExceptionResolver - Resolved [java.lang.IndexOutOfBoundsException: toIndex = 3]
2019-12-03 16:07:23.115 [restartedMain] WARN  o.a.c.core.ContainerBase.[Tomcat].[localhost].[/] - Cannot deserialize session attribute [shopDOList] for session [AF5074D13097990726AF453B03C60798]
2019-12-03 16:07:23.586 [restartedMain] WARN  c.b.mybatisplus.core.metadata.TableInfoHelper - Warn: Could not find @TableId in Class: com.dyl.o2o.domain.HeadLineDO.
2019-12-03 16:07:23.650 [restartedMain] WARN  c.b.mybatisplus.core.metadata.TableInfoHelper - Warn: Could not find @TableId in Class: com.dyl.o2o.domain.ShopCategoryDO.
2019-12-03 16:07:24.409 [restartedMain] WARN  org.thymeleaf.templatemode.TemplateMode - [THYMELEAF][restartedMain] Template Mode 'LEGACYHTML5' is deprecated. Using Template Mode 'HTML' instead.
2019-12-04 10:18:01.238 [restartedMain] WARN  o.a.c.core.ContainerBase.[Tomcat].[localhost].[/] - Cannot deserialize session attribute [shopDOList] for session [AC8814BC367292DBD0D7F838EA580937]
2019-12-04 10:18:01.593 [restartedMain] WARN  c.b.mybatisplus.core.metadata.TableInfoHelper - Warn: Could not find @TableId in Class: com.dyl.o2o.domain.HeadLineDO.
2019-12-04 10:18:01.664 [restartedMain] WARN  c.b.mybatisplus.core.metadata.TableInfoHelper - Warn: Could not find @TableId in Class: com.dyl.o2o.domain.HeadLineDO.
2019-12-04 10:18:01.671 [restartedMain] WARN  c.b.mybatisplus.core.metadata.TableInfoHelper - Warn: Could not find @TableId in Class: com.dyl.o2o.domain.ShopCategoryDO.
2019-12-04 10:18:01.711 [restartedMain] WARN  c.b.mybatisplus.core.metadata.TableInfoHelper - Warn: Could not find @TableId in Class: com.dyl.o2o.domain.ShopCategoryDO.
2019-12-04 10:18:02.427 [restartedMain] WARN  org.thymeleaf.templatemode.TemplateMode - [THYMELEAF][restartedMain] Template Mode 'LEGACYHTML5' is deprecated. Using Template Mode 'HTML' instead.
2019-12-04 10:18:02.595 [restartedMain] WARN  o.s.b.d.autoconfigure.OptionalLiveReloadServer - Unable to start LiveReload server
2019-12-04 10:18:02.745 [restartedMain] WARN  org.thymeleaf.templatemode.TemplateMode - [THYMELEAF][restartedMain] Template Mode 'LEGACYHTML5' is deprecated. Using Template Mode 'HTML' instead.
2019-12-04 10:22:08.636 [HikariPool-1 housekeeper] WARN  com.zaxxer.hikari.pool.HikariPool - HikariPool-1 - Thread starvation or clock leap detected (housekeeper delta=59s95ms304µs800ns).
2019-12-04 10:33:15.030 [HikariPool-1 housekeeper] WARN  com.zaxxer.hikari.pool.HikariPool - HikariPool-1 - Thread starvation or clock leap detected (housekeeper delta=52s351ms70µs400ns).
2019-12-04 15:06:18.538 [restartedMain] WARN  c.b.mybatisplus.core.metadata.TableInfoHelper - Warn: Could not find @TableId in Class: com.dyl.o2o.domain.HeadLineDO.
2019-12-04 15:06:18.590 [restartedMain] WARN  c.b.mybatisplus.core.metadata.TableInfoHelper - Warn: Could not find @TableId in Class: com.dyl.o2o.domain.ShopCategoryDO.
2019-12-04 15:06:19.336 [restartedMain] WARN  org.thymeleaf.templatemode.TemplateMode - [THYMELEAF][restartedMain] Template Mode 'LEGACYHTML5' is deprecated. Using Template Mode 'HTML' instead.
2019-12-04 15:52:29.017 [HikariPool-1 housekeeper] WARN  com.zaxxer.hikari.pool.HikariPool - HikariPool-1 - Thread starvation or clock leap detected (housekeeper delta=3m5s127ms680µs400ns).
2019-12-04 16:00:19.447 [http-nio-8080-exec-1] WARN  o.s.w.s.m.m.a.ExceptionHandlerExceptionResolver - Resolved [java.lang.IllegalArgumentException: fromIndex(6) > toIndex(4)]
2019-12-04 16:01:16.660 [HikariPool-1 housekeeper] WARN  com.zaxxer.hikari.pool.HikariPool - HikariPool-1 - Thread starvation or clock leap detected (housekeeper delta=47s626ms636µs600ns).
2019-12-04 17:43:06.716 [http-nio-8080-exec-9] WARN  o.s.w.s.m.m.a.ExceptionHandlerExceptionResolver - Resolved [org.springframework.validation.BindException: org.springframework.validation.BeanPropertyBindingResult: 1 errors
Field error in object 'shopDO' on field 'shopCategoryId': rejected value [null]; codes [typeMismatch.shopDO.shopCategoryId,typeMismatch.shopCategoryId,typeMismatch.java.lang.Long,typeMismatch]; arguments [org.springframework.context.support.DefaultMessageSourceResolvable: codes [shopDO.shopCategoryId,shopCategoryId]; arguments []; default message [shopCategoryId]]; default message [Failed to convert property value of type 'java.lang.String' to required type 'java.lang.Long' for property 'shopCategoryId'; nested exception is java.lang.NumberFormatException: For input string: "null"]]
2019-12-04 17:43:28.739 [http-nio-8080-exec-3] WARN  o.s.w.s.m.m.a.ExceptionHandlerExceptionResolver - Resolved [org.springframework.validation.BindException: org.springframework.validation.BeanPropertyBindingResult: 1 errors
Field error in object 'shopDO' on field 'shopCategoryId': rejected value [null]; codes [typeMismatch.shopDO.shopCategoryId,typeMismatch.shopCategoryId,typeMismatch.java.lang.Long,typeMismatch]; arguments [org.springframework.context.support.DefaultMessageSourceResolvable: codes [shopDO.shopCategoryId,shopCategoryId]; arguments []; default message [shopCategoryId]]; default message [Failed to convert property value of type 'java.lang.String' to required type 'java.lang.Long' for property 'shopCategoryId'; nested exception is java.lang.NumberFormatException: For input string: "null"]]
2019-12-04 17:44:06.864 [http-nio-8080-exec-7] WARN  o.s.w.s.m.m.a.ExceptionHandlerExceptionResolver - Resolved [org.springframework.validation.BindException: org.springframework.validation.BeanPropertyBindingResult: 1 errors
Field error in object 'shopDO' on field 'shopCategoryId': rejected value [null]; codes [typeMismatch.shopDO.shopCategoryId,typeMismatch.shopCategoryId,typeMismatch.java.lang.Long,typeMismatch]; arguments [org.springframework.context.support.DefaultMessageSourceResolvable: codes [shopDO.shopCategoryId,shopCategoryId]; arguments []; default message [shopCategoryId]]; default message [Failed to convert property value of type 'java.lang.String' to required type 'java.lang.Long' for property 'shopCategoryId'; nested exception is java.lang.NumberFormatException: For input string: "null"]]
