2019-11-03 09:09:06.736 [http-nio-8081-exec-2] DEBUG com.dyl.o2o.dao.ShopCategoryDao.selectList - ==>  Preparing: SELECT create_time,shop_category_id,shop_category_desc,shop_category_name,shop_category_img,last_edit_time,priority,parent_id FROM tb_shop_category WHERE (parent_id IS NULL) ORDER BY priority DESC 
2019-11-03 09:09:06.738 [http-nio-8081-exec-2] DEBUG com.dyl.o2o.dao.ShopCategoryDao.selectList - ==> Parameters: 
2019-11-03 09:09:06.755 [http-nio-8081-exec-2] DEBUG com.dyl.o2o.dao.ShopCategoryDao.selectList - <==      Total: 6
2019-11-03 09:09:06.756 [http-nio-8081-exec-2] DEBUG com.dyl.o2o.dao.AreaDao.selectList - ==>  Preparing: SELECT area_id,create_time,area_name,last_edit_time,priority FROM tb_area ORDER BY priority DESC 
2019-11-03 09:09:06.756 [http-nio-8081-exec-2] DEBUG com.dyl.o2o.dao.AreaDao.selectList - ==> Parameters: 
2019-11-03 09:09:06.758 [http-nio-8081-exec-2] DEBUG com.dyl.o2o.dao.AreaDao.selectList - <==      Total: 2
2019-11-03 09:09:35.456 [http-nio-8081-exec-7] DEBUG com.dyl.o2o.dao.ShopCategoryDao.selectList - ==>  Preparing: SELECT create_time,shop_category_id,shop_category_desc,shop_category_name,shop_category_img,last_edit_time,priority,parent_id FROM tb_shop_category WHERE (parent_id IS NULL) ORDER BY priority DESC 
2019-11-03 09:09:35.456 [http-nio-8081-exec-7] DEBUG com.dyl.o2o.dao.ShopCategoryDao.selectList - ==> Parameters: 
2019-11-03 09:09:35.458 [http-nio-8081-exec-7] DEBUG com.dyl.o2o.dao.ShopCategoryDao.selectList - <==      Total: 6
2019-11-03 09:09:35.458 [http-nio-8081-exec-7] DEBUG com.dyl.o2o.dao.AreaDao.selectList - ==>  Preparing: SELECT area_id,create_time,area_name,last_edit_time,priority FROM tb_area ORDER BY priority DESC 
2019-11-03 09:09:35.459 [http-nio-8081-exec-7] DEBUG com.dyl.o2o.dao.AreaDao.selectList - ==> Parameters: 
2019-11-03 09:09:35.459 [http-nio-8081-exec-7] DEBUG com.dyl.o2o.dao.AreaDao.selectList - <==      Total: 2
2019-11-03 09:10:32.948 [http-nio-8081-exec-1] DEBUG com.dyl.o2o.dao.ShopCategoryDao.selectList - ==>  Preparing: SELECT create_time,shop_category_id,shop_category_desc,shop_category_name,shop_category_img,last_edit_time,priority,parent_id FROM tb_shop_category WHERE (parent_id IS NULL) ORDER BY priority DESC 
2019-11-03 09:10:32.948 [http-nio-8081-exec-1] DEBUG com.dyl.o2o.dao.ShopCategoryDao.selectList - ==> Parameters: 
2019-11-03 09:10:32.949 [http-nio-8081-exec-1] DEBUG com.dyl.o2o.dao.ShopCategoryDao.selectList - <==      Total: 6
2019-11-03 09:10:32.950 [http-nio-8081-exec-1] DEBUG com.dyl.o2o.dao.AreaDao.selectList - ==>  Preparing: SELECT area_id,create_time,area_name,last_edit_time,priority FROM tb_area ORDER BY priority DESC 
2019-11-03 09:10:32.950 [http-nio-8081-exec-1] DEBUG com.dyl.o2o.dao.AreaDao.selectList - ==> Parameters: 
2019-11-03 09:10:32.951 [http-nio-8081-exec-1] DEBUG com.dyl.o2o.dao.AreaDao.selectList - <==      Total: 2
2019-11-03 09:12:10.713 [http-nio-8081-exec-7] DEBUG com.dyl.o2o.dao.ShopCategoryDao.selectList - ==>  Preparing: SELECT create_time,shop_category_id,shop_category_desc,shop_category_name,shop_category_img,last_edit_time,priority,parent_id FROM tb_shop_category WHERE (parent_id IS NULL) ORDER BY priority DESC 
2019-11-03 09:12:10.714 [http-nio-8081-exec-7] DEBUG com.dyl.o2o.dao.ShopCategoryDao.selectList - ==> Parameters: 
2019-11-03 09:12:10.715 [http-nio-8081-exec-7] DEBUG com.dyl.o2o.dao.ShopCategoryDao.selectList - <==      Total: 6
2019-11-03 09:12:10.716 [http-nio-8081-exec-7] DEBUG com.dyl.o2o.dao.AreaDao.selectList - ==>  Preparing: SELECT area_id,create_time,area_name,last_edit_time,priority FROM tb_area ORDER BY priority DESC 
2019-11-03 09:12:10.716 [http-nio-8081-exec-7] DEBUG com.dyl.o2o.dao.AreaDao.selectList - ==> Parameters: 
2019-11-03 09:12:10.717 [http-nio-8081-exec-7] DEBUG com.dyl.o2o.dao.AreaDao.selectList - <==      Total: 2
2019-11-03 09:13:52.680 [http-nio-8081-exec-4] DEBUG com.dyl.o2o.dao.ShopCategoryDao.selectList - ==>  Preparing: SELECT create_time,shop_category_id,shop_category_desc,shop_category_name,shop_category_img,last_edit_time,priority,parent_id FROM tb_shop_category WHERE (parent_id IS NULL) ORDER BY priority DESC 
2019-11-03 09:13:52.680 [http-nio-8081-exec-4] DEBUG com.dyl.o2o.dao.ShopCategoryDao.selectList - ==> Parameters: 
2019-11-03 09:13:52.682 [http-nio-8081-exec-4] DEBUG com.dyl.o2o.dao.ShopCategoryDao.selectList - <==      Total: 6
2019-11-03 09:13:52.683 [http-nio-8081-exec-4] DEBUG com.dyl.o2o.dao.AreaDao.selectList - ==>  Preparing: SELECT area_id,create_time,area_name,last_edit_time,priority FROM tb_area ORDER BY priority DESC 
2019-11-03 09:13:52.683 [http-nio-8081-exec-4] DEBUG com.dyl.o2o.dao.AreaDao.selectList - ==> Parameters: 
2019-11-03 09:13:52.684 [http-nio-8081-exec-4] DEBUG com.dyl.o2o.dao.AreaDao.selectList - <==      Total: 2
2019-11-03 09:18:55.893 [http-nio-8081-exec-4] DEBUG com.dyl.o2o.dao.ShopCategoryDao.selectList - ==>  Preparing: SELECT create_time,shop_category_id,shop_category_desc,shop_category_name,shop_category_img,last_edit_time,priority,parent_id FROM tb_shop_category WHERE (parent_id IS NULL) ORDER BY priority DESC 
2019-11-03 09:18:55.894 [http-nio-8081-exec-4] DEBUG com.dyl.o2o.dao.ShopCategoryDao.selectList - ==> Parameters: 
2019-11-03 09:18:55.895 [http-nio-8081-exec-4] DEBUG com.dyl.o2o.dao.ShopCategoryDao.selectList - <==      Total: 6
2019-11-03 09:18:55.896 [http-nio-8081-exec-4] DEBUG com.dyl.o2o.dao.AreaDao.selectList - ==>  Preparing: SELECT area_id,create_time,area_name,last_edit_time,priority FROM tb_area ORDER BY priority DESC 
2019-11-03 09:18:55.897 [http-nio-8081-exec-4] DEBUG com.dyl.o2o.dao.AreaDao.selectList - ==> Parameters: 
2019-11-03 09:18:55.898 [http-nio-8081-exec-4] DEBUG com.dyl.o2o.dao.AreaDao.selectList - <==      Total: 2
2019-11-03 09:19:56.208 [http-nio-8081-exec-3] DEBUG com.dyl.o2o.dao.ShopCategoryDao.selectList - ==>  Preparing: SELECT create_time,shop_category_id,shop_category_desc,shop_category_name,shop_category_img,last_edit_time,priority,parent_id FROM tb_shop_category WHERE (parent_id IS NULL) ORDER BY priority DESC 
2019-11-03 09:19:56.209 [http-nio-8081-exec-3] DEBUG com.dyl.o2o.dao.ShopCategoryDao.selectList - ==> Parameters: 
2019-11-03 09:19:56.210 [http-nio-8081-exec-3] DEBUG com.dyl.o2o.dao.ShopCategoryDao.selectList - <==      Total: 6
2019-11-03 09:19:56.212 [http-nio-8081-exec-3] DEBUG com.dyl.o2o.dao.AreaDao.selectList - ==>  Preparing: SELECT area_id,create_time,area_name,last_edit_time,priority FROM tb_area ORDER BY priority DESC 
2019-11-03 09:19:56.212 [http-nio-8081-exec-3] DEBUG com.dyl.o2o.dao.AreaDao.selectList - ==> Parameters: 
2019-11-03 09:19:56.213 [http-nio-8081-exec-3] DEBUG com.dyl.o2o.dao.AreaDao.selectList - <==      Total: 2
2019-11-03 09:20:29.778 [http-nio-8081-exec-5] DEBUG com.dyl.o2o.dao.ShopCategoryDao.selectList - ==>  Preparing: SELECT create_time,shop_category_id,shop_category_desc,shop_category_name,shop_category_img,last_edit_time,priority,parent_id FROM tb_shop_category WHERE (parent_id IS NULL) ORDER BY priority DESC 
2019-11-03 09:20:29.778 [http-nio-8081-exec-5] DEBUG com.dyl.o2o.dao.ShopCategoryDao.selectList - ==> Parameters: 
2019-11-03 09:20:29.779 [http-nio-8081-exec-5] DEBUG com.dyl.o2o.dao.ShopCategoryDao.selectList - <==      Total: 6
2019-11-03 09:20:29.780 [http-nio-8081-exec-5] DEBUG com.dyl.o2o.dao.AreaDao.selectList - ==>  Preparing: SELECT area_id,create_time,area_name,last_edit_time,priority FROM tb_area ORDER BY priority DESC 
2019-11-03 09:20:29.781 [http-nio-8081-exec-5] DEBUG com.dyl.o2o.dao.AreaDao.selectList - ==> Parameters: 
2019-11-03 09:20:29.782 [http-nio-8081-exec-5] DEBUG com.dyl.o2o.dao.AreaDao.selectList - <==      Total: 2
2019-11-03 09:24:03.795 [http-nio-8081-exec-2] DEBUG com.dyl.o2o.dao.ShopCategoryDao.selectList - ==>  Preparing: SELECT create_time,shop_category_id,shop_category_desc,shop_category_name,shop_category_img,last_edit_time,priority,parent_id FROM tb_shop_category WHERE (parent_id IS NULL) ORDER BY priority DESC 
2019-11-03 09:24:03.795 [http-nio-8081-exec-2] DEBUG com.dyl.o2o.dao.ShopCategoryDao.selectList - ==> Parameters: 
2019-11-03 09:24:03.797 [http-nio-8081-exec-2] DEBUG com.dyl.o2o.dao.ShopCategoryDao.selectList - <==      Total: 6
2019-11-03 09:24:03.798 [http-nio-8081-exec-2] DEBUG com.dyl.o2o.dao.AreaDao.selectList - ==>  Preparing: SELECT area_id,create_time,area_name,last_edit_time,priority FROM tb_area ORDER BY priority DESC 
2019-11-03 09:24:03.798 [http-nio-8081-exec-2] DEBUG com.dyl.o2o.dao.AreaDao.selectList - ==> Parameters: 
2019-11-03 09:24:03.799 [http-nio-8081-exec-2] DEBUG com.dyl.o2o.dao.AreaDao.selectList - <==      Total: 2
2019-11-03 09:24:46.010 [http-nio-8081-exec-7] DEBUG com.dyl.o2o.dao.ShopCategoryDao.selectList - ==>  Preparing: SELECT create_time,shop_category_id,shop_category_desc,shop_category_name,shop_category_img,last_edit_time,priority,parent_id FROM tb_shop_category WHERE (parent_id IS NULL) ORDER BY priority DESC 
2019-11-03 09:24:46.010 [http-nio-8081-exec-7] DEBUG com.dyl.o2o.dao.ShopCategoryDao.selectList - ==> Parameters: 
2019-11-03 09:24:46.012 [http-nio-8081-exec-7] DEBUG com.dyl.o2o.dao.ShopCategoryDao.selectList - <==      Total: 6
2019-11-03 09:24:46.013 [http-nio-8081-exec-7] DEBUG com.dyl.o2o.dao.AreaDao.selectList - ==>  Preparing: SELECT area_id,create_time,area_name,last_edit_time,priority FROM tb_area ORDER BY priority DESC 
2019-11-03 09:24:46.013 [http-nio-8081-exec-7] DEBUG com.dyl.o2o.dao.AreaDao.selectList - ==> Parameters: 
2019-11-03 09:24:46.014 [http-nio-8081-exec-7] DEBUG com.dyl.o2o.dao.AreaDao.selectList - <==      Total: 2
2019-11-03 09:25:15.230 [http-nio-8081-exec-4] DEBUG com.dyl.o2o.dao.ShopCategoryDao.selectList - ==>  Preparing: SELECT create_time,shop_category_id,shop_category_desc,shop_category_name,shop_category_img,last_edit_time,priority,parent_id FROM tb_shop_category WHERE (parent_id IS NULL) ORDER BY priority DESC 
2019-11-03 09:25:15.230 [http-nio-8081-exec-4] DEBUG com.dyl.o2o.dao.ShopCategoryDao.selectList - ==> Parameters: 
2019-11-03 09:25:15.231 [http-nio-8081-exec-4] DEBUG com.dyl.o2o.dao.ShopCategoryDao.selectList - <==      Total: 6
2019-11-03 09:25:15.232 [http-nio-8081-exec-4] DEBUG com.dyl.o2o.dao.AreaDao.selectList - ==>  Preparing: SELECT area_id,create_time,area_name,last_edit_time,priority FROM tb_area ORDER BY priority DESC 
2019-11-03 09:25:15.232 [http-nio-8081-exec-4] DEBUG com.dyl.o2o.dao.AreaDao.selectList - ==> Parameters: 
2019-11-03 09:25:15.233 [http-nio-8081-exec-4] DEBUG com.dyl.o2o.dao.AreaDao.selectList - <==      Total: 2
2019-11-03 09:25:56.964 [http-nio-8081-exec-4] DEBUG com.dyl.o2o.dao.ShopCategoryDao.selectList - ==>  Preparing: SELECT create_time,shop_category_id,shop_category_desc,shop_category_name,shop_category_img,last_edit_time,priority,parent_id FROM tb_shop_category WHERE (parent_id IS NULL) ORDER BY priority DESC 
2019-11-03 09:25:56.984 [http-nio-8081-exec-4] DEBUG com.dyl.o2o.dao.ShopCategoryDao.selectList - ==> Parameters: 
2019-11-03 09:25:57.009 [http-nio-8081-exec-4] DEBUG com.dyl.o2o.dao.ShopCategoryDao.selectList - <==      Total: 6
2019-11-03 09:25:57.013 [http-nio-8081-exec-4] DEBUG com.dyl.o2o.dao.AreaDao.selectList - ==>  Preparing: SELECT area_id,create_time,area_name,last_edit_time,priority FROM tb_area ORDER BY priority DESC 
2019-11-03 09:25:57.013 [http-nio-8081-exec-4] DEBUG com.dyl.o2o.dao.AreaDao.selectList - ==> Parameters: 
2019-11-03 09:25:57.014 [http-nio-8081-exec-4] DEBUG com.dyl.o2o.dao.AreaDao.selectList - <==      Total: 2
2019-11-03 09:28:14.807 [http-nio-8081-exec-10] DEBUG com.dyl.o2o.dao.ShopCategoryDao.selectList - ==>  Preparing: SELECT create_time,shop_category_id,shop_category_desc,shop_category_name,shop_category_img,last_edit_time,priority,parent_id FROM tb_shop_category WHERE (parent_id IS NULL) ORDER BY priority DESC 
2019-11-03 09:28:14.808 [http-nio-8081-exec-10] DEBUG com.dyl.o2o.dao.ShopCategoryDao.selectList - ==> Parameters: 
2019-11-03 09:28:14.811 [http-nio-8081-exec-10] DEBUG com.dyl.o2o.dao.ShopCategoryDao.selectList - <==      Total: 6
2019-11-03 09:28:14.812 [http-nio-8081-exec-10] DEBUG com.dyl.o2o.dao.AreaDao.selectList - ==>  Preparing: SELECT area_id,create_time,area_name,last_edit_time,priority FROM tb_area ORDER BY priority DESC 
2019-11-03 09:28:14.812 [http-nio-8081-exec-10] DEBUG com.dyl.o2o.dao.AreaDao.selectList - ==> Parameters: 
2019-11-03 09:28:14.814 [http-nio-8081-exec-10] DEBUG com.dyl.o2o.dao.AreaDao.selectList - <==      Total: 2
2019-11-03 09:28:31.768 [http-nio-8081-exec-5] DEBUG com.dyl.o2o.dao.ShopCategoryDao.selectList - ==>  Preparing: SELECT create_time,shop_category_id,shop_category_desc,shop_category_name,shop_category_img,last_edit_time,priority,parent_id FROM tb_shop_category WHERE (parent_id IS NULL) ORDER BY priority DESC 
2019-11-03 09:28:31.769 [http-nio-8081-exec-5] DEBUG com.dyl.o2o.dao.ShopCategoryDao.selectList - ==> Parameters: 
2019-11-03 09:28:31.774 [http-nio-8081-exec-5] DEBUG com.dyl.o2o.dao.ShopCategoryDao.selectList - <==      Total: 6
2019-11-03 09:28:31.775 [http-nio-8081-exec-5] DEBUG com.dyl.o2o.dao.AreaDao.selectList - ==>  Preparing: SELECT area_id,create_time,area_name,last_edit_time,priority FROM tb_area ORDER BY priority DESC 
2019-11-03 09:28:31.775 [http-nio-8081-exec-5] DEBUG com.dyl.o2o.dao.AreaDao.selectList - ==> Parameters: 
2019-11-03 09:28:31.777 [http-nio-8081-exec-5] DEBUG com.dyl.o2o.dao.AreaDao.selectList - <==      Total: 2
2019-11-03 09:28:41.880 [http-nio-8081-exec-10] DEBUG com.dyl.o2o.dao.ShopCategoryDao.selectList - ==>  Preparing: SELECT create_time,shop_category_id,shop_category_desc,shop_category_name,shop_category_img,last_edit_time,priority,parent_id FROM tb_shop_category WHERE (parent_id IS NULL) ORDER BY priority DESC 
2019-11-03 09:28:41.881 [http-nio-8081-exec-10] DEBUG com.dyl.o2o.dao.ShopCategoryDao.selectList - ==> Parameters: 
2019-11-03 09:28:41.883 [http-nio-8081-exec-10] DEBUG com.dyl.o2o.dao.ShopCategoryDao.selectList - <==      Total: 6
2019-11-03 09:28:41.884 [http-nio-8081-exec-10] DEBUG com.dyl.o2o.dao.AreaDao.selectList - ==>  Preparing: SELECT area_id,create_time,area_name,last_edit_time,priority FROM tb_area ORDER BY priority DESC 
2019-11-03 09:28:41.884 [http-nio-8081-exec-10] DEBUG com.dyl.o2o.dao.AreaDao.selectList - ==> Parameters: 
2019-11-03 09:28:41.885 [http-nio-8081-exec-10] DEBUG com.dyl.o2o.dao.AreaDao.selectList - <==      Total: 2
2019-11-03 09:29:07.626 [http-nio-8081-exec-7] DEBUG com.dyl.o2o.dao.ShopCategoryDao.selectList - ==>  Preparing: SELECT create_time,shop_category_id,shop_category_desc,shop_category_name,shop_category_img,last_edit_time,priority,parent_id FROM tb_shop_category WHERE (parent_id IS NULL) ORDER BY priority DESC 
2019-11-03 09:29:07.627 [http-nio-8081-exec-7] DEBUG com.dyl.o2o.dao.ShopCategoryDao.selectList - ==> Parameters: 
2019-11-03 09:29:07.628 [http-nio-8081-exec-7] DEBUG com.dyl.o2o.dao.ShopCategoryDao.selectList - <==      Total: 6
2019-11-03 09:29:07.629 [http-nio-8081-exec-7] DEBUG com.dyl.o2o.dao.AreaDao.selectList - ==>  Preparing: SELECT area_id,create_time,area_name,last_edit_time,priority FROM tb_area ORDER BY priority DESC 
2019-11-03 09:29:07.629 [http-nio-8081-exec-7] DEBUG com.dyl.o2o.dao.AreaDao.selectList - ==> Parameters: 
2019-11-03 09:29:07.630 [http-nio-8081-exec-7] DEBUG com.dyl.o2o.dao.AreaDao.selectList - <==      Total: 2
2019-11-03 09:33:10.849 [http-nio-8081-exec-4] DEBUG com.dyl.o2o.dao.ShopCategoryDao.selectList - ==>  Preparing: SELECT create_time,shop_category_id,shop_category_desc,shop_category_name,shop_category_img,last_edit_time,priority,parent_id FROM tb_shop_category WHERE (parent_id IS NULL) ORDER BY priority DESC 
2019-11-03 09:33:10.849 [http-nio-8081-exec-4] DEBUG com.dyl.o2o.dao.ShopCategoryDao.selectList - ==> Parameters: 
2019-11-03 09:33:10.852 [http-nio-8081-exec-4] DEBUG com.dyl.o2o.dao.ShopCategoryDao.selectList - <==      Total: 6
2019-11-03 09:33:10.853 [http-nio-8081-exec-4] DEBUG com.dyl.o2o.dao.AreaDao.selectList - ==>  Preparing: SELECT area_id,create_time,area_name,last_edit_time,priority FROM tb_area ORDER BY priority DESC 
2019-11-03 09:33:10.853 [http-nio-8081-exec-4] DEBUG com.dyl.o2o.dao.AreaDao.selectList - ==> Parameters: 
2019-11-03 09:33:10.854 [http-nio-8081-exec-4] DEBUG com.dyl.o2o.dao.AreaDao.selectList - <==      Total: 2
2019-11-03 09:39:27.973 [http-nio-8081-exec-8] DEBUG com.dyl.o2o.dao.ShopCategoryDao.selectList - ==>  Preparing: SELECT create_time,shop_category_id,shop_category_desc,shop_category_name,shop_category_img,last_edit_time,priority,parent_id FROM tb_shop_category WHERE (parent_id IS NULL) ORDER BY priority DESC 
2019-11-03 09:39:27.974 [http-nio-8081-exec-8] DEBUG com.dyl.o2o.dao.ShopCategoryDao.selectList - ==> Parameters: 
2019-11-03 09:39:27.976 [http-nio-8081-exec-8] DEBUG com.dyl.o2o.dao.ShopCategoryDao.selectList - <==      Total: 6
2019-11-03 09:39:27.977 [http-nio-8081-exec-8] DEBUG com.dyl.o2o.dao.AreaDao.selectList - ==>  Preparing: SELECT area_id,create_time,area_name,last_edit_time,priority FROM tb_area ORDER BY priority DESC 
2019-11-03 09:39:27.977 [http-nio-8081-exec-8] DEBUG com.dyl.o2o.dao.AreaDao.selectList - ==> Parameters: 
2019-11-03 09:39:27.978 [http-nio-8081-exec-8] DEBUG com.dyl.o2o.dao.AreaDao.selectList - <==      Total: 2
2019-11-03 09:44:56.694 [http-nio-8081-exec-4] DEBUG com.dyl.o2o.dao.ShopCategoryDao.selectList - ==>  Preparing: SELECT create_time,shop_category_id,shop_category_desc,shop_category_name,shop_category_img,last_edit_time,priority,parent_id FROM tb_shop_category WHERE (parent_id IS NULL) ORDER BY priority DESC 
2019-11-03 09:44:56.715 [http-nio-8081-exec-4] DEBUG com.dyl.o2o.dao.ShopCategoryDao.selectList - ==> Parameters: 
2019-11-03 09:44:56.743 [http-nio-8081-exec-4] DEBUG com.dyl.o2o.dao.ShopCategoryDao.selectList - <==      Total: 6
2019-11-03 09:44:56.747 [http-nio-8081-exec-4] DEBUG com.dyl.o2o.dao.AreaDao.selectList - ==>  Preparing: SELECT area_id,create_time,area_name,last_edit_time,priority FROM tb_area ORDER BY priority DESC 
2019-11-03 09:44:56.747 [http-nio-8081-exec-4] DEBUG com.dyl.o2o.dao.AreaDao.selectList - ==> Parameters: 
2019-11-03 09:44:56.749 [http-nio-8081-exec-4] DEBUG com.dyl.o2o.dao.AreaDao.selectList - <==      Total: 2
2019-11-03 09:46:20.394 [http-nio-8081-exec-10] DEBUG com.dyl.o2o.dao.ShopCategoryDao.selectList - ==>  Preparing: SELECT create_time,shop_category_id,shop_category_desc,shop_category_name,shop_category_img,last_edit_time,priority,parent_id FROM tb_shop_category WHERE (parent_id IS NULL) ORDER BY priority DESC 
2019-11-03 09:46:20.395 [http-nio-8081-exec-10] DEBUG com.dyl.o2o.dao.ShopCategoryDao.selectList - ==> Parameters: 
2019-11-03 09:46:20.399 [http-nio-8081-exec-10] DEBUG com.dyl.o2o.dao.ShopCategoryDao.selectList - <==      Total: 6
2019-11-03 09:46:20.400 [http-nio-8081-exec-10] DEBUG com.dyl.o2o.dao.AreaDao.selectList - ==>  Preparing: SELECT area_id,create_time,area_name,last_edit_time,priority FROM tb_area ORDER BY priority DESC 
2019-11-03 09:46:20.401 [http-nio-8081-exec-10] DEBUG com.dyl.o2o.dao.AreaDao.selectList - ==> Parameters: 
2019-11-03 09:46:20.402 [http-nio-8081-exec-10] DEBUG com.dyl.o2o.dao.AreaDao.selectList - <==      Total: 2
2019-11-03 09:59:31.694 [http-nio-8081-exec-5] DEBUG com.dyl.o2o.dao.ShopCategoryDao.selectList - ==>  Preparing: SELECT create_time,shop_category_id,shop_category_desc,shop_category_name,shop_category_img,last_edit_time,priority,parent_id FROM tb_shop_category WHERE (parent_id IS NULL) ORDER BY priority DESC 
2019-11-03 09:59:31.695 [http-nio-8081-exec-5] DEBUG com.dyl.o2o.dao.ShopCategoryDao.selectList - ==> Parameters: 
2019-11-03 09:59:31.698 [http-nio-8081-exec-5] DEBUG com.dyl.o2o.dao.ShopCategoryDao.selectList - <==      Total: 6
2019-11-03 09:59:31.700 [http-nio-8081-exec-5] DEBUG com.dyl.o2o.dao.AreaDao.selectList - ==>  Preparing: SELECT area_id,create_time,area_name,last_edit_time,priority FROM tb_area ORDER BY priority DESC 
2019-11-03 09:59:31.700 [http-nio-8081-exec-5] DEBUG com.dyl.o2o.dao.AreaDao.selectList - ==> Parameters: 
2019-11-03 09:59:31.702 [http-nio-8081-exec-5] DEBUG com.dyl.o2o.dao.AreaDao.selectList - <==      Total: 2
2019-11-03 10:01:03.475 [http-nio-8081-exec-5] DEBUG com.dyl.o2o.dao.ShopCategoryDao.selectList - ==>  Preparing: SELECT create_time,shop_category_id,shop_category_desc,shop_category_name,shop_category_img,last_edit_time,priority,parent_id FROM tb_shop_category WHERE (parent_id IS NULL) ORDER BY priority DESC 
2019-11-03 10:01:03.475 [http-nio-8081-exec-5] DEBUG com.dyl.o2o.dao.ShopCategoryDao.selectList - ==> Parameters: 
2019-11-03 10:01:03.478 [http-nio-8081-exec-5] DEBUG com.dyl.o2o.dao.ShopCategoryDao.selectList - <==      Total: 6
2019-11-03 10:01:03.479 [http-nio-8081-exec-5] DEBUG com.dyl.o2o.dao.AreaDao.selectList - ==>  Preparing: SELECT area_id,create_time,area_name,last_edit_time,priority FROM tb_area ORDER BY priority DESC 
2019-11-03 10:01:03.479 [http-nio-8081-exec-5] DEBUG com.dyl.o2o.dao.AreaDao.selectList - ==> Parameters: 
2019-11-03 10:01:03.480 [http-nio-8081-exec-5] DEBUG com.dyl.o2o.dao.AreaDao.selectList - <==      Total: 2
2019-11-03 10:03:25.355 [http-nio-8081-exec-2] DEBUG com.dyl.o2o.dao.ShopCategoryDao.selectList - ==>  Preparing: SELECT create_time,shop_category_id,shop_category_desc,shop_category_name,shop_category_img,last_edit_time,priority,parent_id FROM tb_shop_category WHERE (parent_id IS NULL) ORDER BY priority DESC 
2019-11-03 10:03:45.346 [http-nio-8081-exec-2] DEBUG com.dyl.o2o.dao.ShopCategoryDao.selectList - ==> Parameters: 
2019-11-03 10:03:46.831 [http-nio-8081-exec-2] DEBUG com.dyl.o2o.dao.ShopCategoryDao.selectList - <==      Total: 6
2019-11-03 10:03:46.832 [http-nio-8081-exec-2] DEBUG com.dyl.o2o.dao.AreaDao.selectList - ==>  Preparing: SELECT area_id,create_time,area_name,last_edit_time,priority FROM tb_area ORDER BY priority DESC 
2019-11-03 10:03:46.832 [http-nio-8081-exec-2] DEBUG com.dyl.o2o.dao.AreaDao.selectList - ==> Parameters: 
2019-11-03 10:03:46.834 [http-nio-8081-exec-2] DEBUG com.dyl.o2o.dao.AreaDao.selectList - <==      Total: 2
2019-11-03 10:30:34.104 [http-nio-8081-exec-7] DEBUG com.dyl.o2o.dao.ShopCategoryDao.selectList - ==>  Preparing: SELECT create_time,shop_category_id,shop_category_desc,shop_category_name,shop_category_img,last_edit_time,priority,parent_id FROM tb_shop_category WHERE (parent_id IS NULL) ORDER BY priority DESC 
2019-11-03 10:30:34.104 [http-nio-8081-exec-7] DEBUG com.dyl.o2o.dao.ShopCategoryDao.selectList - ==> Parameters: 
2019-11-03 10:30:34.107 [http-nio-8081-exec-7] DEBUG com.dyl.o2o.dao.ShopCategoryDao.selectList - <==      Total: 6
2019-11-03 10:30:34.108 [http-nio-8081-exec-7] DEBUG com.dyl.o2o.dao.AreaDao.selectList - ==>  Preparing: SELECT area_id,create_time,area_name,last_edit_time,priority FROM tb_area ORDER BY priority DESC 
2019-11-03 10:30:34.109 [http-nio-8081-exec-7] DEBUG com.dyl.o2o.dao.AreaDao.selectList - ==> Parameters: 
2019-11-03 10:30:34.110 [http-nio-8081-exec-7] DEBUG com.dyl.o2o.dao.AreaDao.selectList - <==      Total: 2
2019-11-03 11:13:27.168 [http-nio-8081-exec-4] DEBUG com.dyl.o2o.dao.ShopCategoryDao.selectList - ==>  Preparing: SELECT create_time,shop_category_id,shop_category_desc,shop_category_name,shop_category_img,last_edit_time,priority,parent_id FROM tb_shop_category WHERE (parent_id IS NULL) ORDER BY priority DESC 
2019-11-03 11:13:27.189 [http-nio-8081-exec-4] DEBUG com.dyl.o2o.dao.ShopCategoryDao.selectList - ==> Parameters: 
2019-11-03 11:13:27.226 [http-nio-8081-exec-4] DEBUG com.dyl.o2o.dao.ShopCategoryDao.selectList - <==      Total: 6
2019-11-03 11:13:27.232 [http-nio-8081-exec-4] DEBUG com.dyl.o2o.dao.AreaDao.selectList - ==>  Preparing: SELECT area_id,create_time,area_name,last_edit_time,priority FROM tb_area ORDER BY priority DESC 
2019-11-03 11:13:27.232 [http-nio-8081-exec-4] DEBUG com.dyl.o2o.dao.AreaDao.selectList - ==> Parameters: 
2019-11-03 11:13:27.258 [http-nio-8081-exec-4] DEBUG com.dyl.o2o.dao.AreaDao.selectList - <==      Total: 2
2019-11-03 11:14:04.154 [http-nio-8081-exec-9] DEBUG com.dyl.o2o.dao.ShopCategoryDao.selectList - ==>  Preparing: SELECT create_time,shop_category_id,shop_category_desc,shop_category_name,shop_category_img,last_edit_time,priority,parent_id FROM tb_shop_category WHERE (parent_id IS NULL) ORDER BY priority DESC 
2019-11-03 11:14:04.154 [http-nio-8081-exec-9] DEBUG com.dyl.o2o.dao.ShopCategoryDao.selectList - ==> Parameters: 
2019-11-03 11:14:04.157 [http-nio-8081-exec-9] DEBUG com.dyl.o2o.dao.ShopCategoryDao.selectList - <==      Total: 6
2019-11-03 11:14:04.158 [http-nio-8081-exec-9] DEBUG com.dyl.o2o.dao.AreaDao.selectList - ==>  Preparing: SELECT area_id,create_time,area_name,last_edit_time,priority FROM tb_area ORDER BY priority DESC 
2019-11-03 11:14:04.159 [http-nio-8081-exec-9] DEBUG com.dyl.o2o.dao.AreaDao.selectList - ==> Parameters: 
2019-11-03 11:14:04.161 [http-nio-8081-exec-9] DEBUG com.dyl.o2o.dao.AreaDao.selectList - <==      Total: 2
2019-11-03 11:16:21.714 [http-nio-8081-exec-4] DEBUG com.dyl.o2o.dao.ShopCategoryDao.selectList - ==>  Preparing: SELECT create_time,shop_category_id,shop_category_desc,shop_category_name,shop_category_img,last_edit_time,priority,parent_id FROM tb_shop_category WHERE (parent_id IS NULL) ORDER BY priority DESC 
2019-11-03 11:16:21.715 [http-nio-8081-exec-4] DEBUG com.dyl.o2o.dao.ShopCategoryDao.selectList - ==> Parameters: 
2019-11-03 11:16:21.719 [http-nio-8081-exec-4] DEBUG com.dyl.o2o.dao.ShopCategoryDao.selectList - <==      Total: 6
2019-11-03 11:16:21.721 [http-nio-8081-exec-4] DEBUG com.dyl.o2o.dao.AreaDao.selectList - ==>  Preparing: SELECT area_id,create_time,area_name,last_edit_time,priority FROM tb_area ORDER BY priority DESC 
2019-11-03 11:16:21.721 [http-nio-8081-exec-4] DEBUG com.dyl.o2o.dao.AreaDao.selectList - ==> Parameters: 
2019-11-03 11:16:21.723 [http-nio-8081-exec-4] DEBUG com.dyl.o2o.dao.AreaDao.selectList - <==      Total: 2
2019-11-03 11:16:55.788 [http-nio-8081-exec-5] DEBUG com.dyl.o2o.dao.ShopCategoryDao.selectList - ==>  Preparing: SELECT create_time,shop_category_id,shop_category_desc,shop_category_name,shop_category_img,last_edit_time,priority,parent_id FROM tb_shop_category WHERE (parent_id IS NULL) ORDER BY priority DESC 
2019-11-03 11:16:55.788 [http-nio-8081-exec-5] DEBUG com.dyl.o2o.dao.ShopCategoryDao.selectList - ==> Parameters: 
2019-11-03 11:16:55.791 [http-nio-8081-exec-5] DEBUG com.dyl.o2o.dao.ShopCategoryDao.selectList - <==      Total: 6
2019-11-03 11:16:55.792 [http-nio-8081-exec-5] DEBUG com.dyl.o2o.dao.AreaDao.selectList - ==>  Preparing: SELECT area_id,create_time,area_name,last_edit_time,priority FROM tb_area ORDER BY priority DESC 
2019-11-03 11:16:55.792 [http-nio-8081-exec-5] DEBUG com.dyl.o2o.dao.AreaDao.selectList - ==> Parameters: 
2019-11-03 11:16:55.794 [http-nio-8081-exec-5] DEBUG com.dyl.o2o.dao.AreaDao.selectList - <==      Total: 2
2019-11-03 11:16:58.747 [http-nio-8081-exec-10] DEBUG com.dyl.o2o.dao.ShopCategoryDao.selectList - ==>  Preparing: SELECT create_time,shop_category_id,shop_category_desc,shop_category_name,shop_category_img,last_edit_time,priority,parent_id FROM tb_shop_category WHERE (parent_id IS NULL) ORDER BY priority DESC 
2019-11-03 11:16:58.748 [http-nio-8081-exec-10] DEBUG com.dyl.o2o.dao.ShopCategoryDao.selectList - ==> Parameters: 
2019-11-03 11:16:58.751 [http-nio-8081-exec-10] DEBUG com.dyl.o2o.dao.ShopCategoryDao.selectList - <==      Total: 6
2019-11-03 11:16:58.752 [http-nio-8081-exec-10] DEBUG com.dyl.o2o.dao.AreaDao.selectList - ==>  Preparing: SELECT area_id,create_time,area_name,last_edit_time,priority FROM tb_area ORDER BY priority DESC 
2019-11-03 11:16:58.752 [http-nio-8081-exec-10] DEBUG com.dyl.o2o.dao.AreaDao.selectList - ==> Parameters: 
2019-11-03 11:16:58.754 [http-nio-8081-exec-10] DEBUG com.dyl.o2o.dao.AreaDao.selectList - <==      Total: 2
2019-11-03 11:17:09.002 [http-nio-8081-exec-4] DEBUG com.dyl.o2o.dao.ShopCategoryDao.selectList - ==>  Preparing: SELECT create_time,shop_category_id,shop_category_desc,shop_category_name,shop_category_img,last_edit_time,priority,parent_id FROM tb_shop_category WHERE (parent_id IS NULL) ORDER BY priority DESC 
2019-11-03 11:17:09.002 [http-nio-8081-exec-4] DEBUG com.dyl.o2o.dao.ShopCategoryDao.selectList - ==> Parameters: 
2019-11-03 11:17:09.005 [http-nio-8081-exec-4] DEBUG com.dyl.o2o.dao.ShopCategoryDao.selectList - <==      Total: 6
2019-11-03 11:17:09.007 [http-nio-8081-exec-4] DEBUG com.dyl.o2o.dao.AreaDao.selectList - ==>  Preparing: SELECT area_id,create_time,area_name,last_edit_time,priority FROM tb_area ORDER BY priority DESC 
2019-11-03 11:17:09.007 [http-nio-8081-exec-4] DEBUG com.dyl.o2o.dao.AreaDao.selectList - ==> Parameters: 
2019-11-03 11:17:09.009 [http-nio-8081-exec-4] DEBUG com.dyl.o2o.dao.AreaDao.selectList - <==      Total: 2
2019-11-03 19:28:05.438 [http-nio-8081-exec-4] DEBUG com.dyl.o2o.dao.ShopCategoryDao.selectList - ==>  Preparing: SELECT create_time,shop_category_id,shop_category_desc,shop_category_name,shop_category_img,last_edit_time,priority,parent_id FROM tb_shop_category WHERE (parent_id IS NULL) ORDER BY priority DESC 
2019-11-03 19:28:05.438 [http-nio-8081-exec-4] DEBUG com.dyl.o2o.dao.ShopCategoryDao.selectList - ==> Parameters: 
2019-11-03 19:28:05.451 [http-nio-8081-exec-4] DEBUG com.dyl.o2o.dao.ShopCategoryDao.selectList - <==      Total: 6
2019-11-03 19:28:05.453 [http-nio-8081-exec-4] DEBUG com.dyl.o2o.dao.AreaDao.selectList - ==>  Preparing: SELECT area_id,create_time,area_name,last_edit_time,priority FROM tb_area ORDER BY priority DESC 
2019-11-03 19:28:05.453 [http-nio-8081-exec-4] DEBUG com.dyl.o2o.dao.AreaDao.selectList - ==> Parameters: 
2019-11-03 19:28:05.459 [http-nio-8081-exec-4] DEBUG com.dyl.o2o.dao.AreaDao.selectList - <==      Total: 2
2019-11-03 19:28:19.985 [http-nio-8081-exec-1] DEBUG com.dyl.o2o.dao.ShopCategoryDao.selectList - ==>  Preparing: SELECT create_time,shop_category_id,shop_category_desc,shop_category_name,shop_category_img,last_edit_time,priority,parent_id FROM tb_shop_category WHERE (parent_id IS NULL) ORDER BY priority DESC 
2019-11-03 19:28:19.986 [http-nio-8081-exec-1] DEBUG com.dyl.o2o.dao.ShopCategoryDao.selectList - ==> Parameters: 
2019-11-03 19:28:19.988 [http-nio-8081-exec-1] DEBUG com.dyl.o2o.dao.ShopCategoryDao.selectList - <==      Total: 6
2019-11-03 19:28:19.990 [http-nio-8081-exec-1] DEBUG com.dyl.o2o.dao.AreaDao.selectList - ==>  Preparing: SELECT area_id,create_time,area_name,last_edit_time,priority FROM tb_area ORDER BY priority DESC 
2019-11-03 19:28:19.991 [http-nio-8081-exec-1] DEBUG com.dyl.o2o.dao.AreaDao.selectList - ==> Parameters: 
2019-11-03 19:28:19.992 [http-nio-8081-exec-1] DEBUG com.dyl.o2o.dao.AreaDao.selectList - <==      Total: 2
2019-11-03 19:28:31.764 [http-nio-8081-exec-6] DEBUG com.dyl.o2o.dao.ShopCategoryDao.selectList - ==>  Preparing: SELECT create_time,shop_category_id,shop_category_desc,shop_category_name,shop_category_img,last_edit_time,priority,parent_id FROM tb_shop_category WHERE (parent_id IS NULL) ORDER BY priority DESC 
2019-11-03 19:28:31.765 [http-nio-8081-exec-6] DEBUG com.dyl.o2o.dao.ShopCategoryDao.selectList - ==> Parameters: 
2019-11-03 19:28:31.768 [http-nio-8081-exec-6] DEBUG com.dyl.o2o.dao.ShopCategoryDao.selectList - <==      Total: 6
2019-11-03 19:28:31.769 [http-nio-8081-exec-6] DEBUG com.dyl.o2o.dao.AreaDao.selectList - ==>  Preparing: SELECT area_id,create_time,area_name,last_edit_time,priority FROM tb_area ORDER BY priority DESC 
2019-11-03 19:28:31.770 [http-nio-8081-exec-6] DEBUG com.dyl.o2o.dao.AreaDao.selectList - ==> Parameters: 
2019-11-03 19:28:31.771 [http-nio-8081-exec-6] DEBUG com.dyl.o2o.dao.AreaDao.selectList - <==      Total: 2
2019-11-03 19:28:39.662 [http-nio-8081-exec-4] DEBUG com.dyl.o2o.dao.ShopCategoryDao.selectList - ==>  Preparing: SELECT create_time,shop_category_id,shop_category_desc,shop_category_name,shop_category_img,last_edit_time,priority,parent_id FROM tb_shop_category WHERE (parent_id IS NULL) ORDER BY priority DESC 
2019-11-03 19:28:39.662 [http-nio-8081-exec-4] DEBUG com.dyl.o2o.dao.ShopCategoryDao.selectList - ==> Parameters: 
2019-11-03 19:28:39.664 [http-nio-8081-exec-4] DEBUG com.dyl.o2o.dao.ShopCategoryDao.selectList - <==      Total: 6
2019-11-03 19:28:39.665 [http-nio-8081-exec-4] DEBUG com.dyl.o2o.dao.AreaDao.selectList - ==>  Preparing: SELECT area_id,create_time,area_name,last_edit_time,priority FROM tb_area ORDER BY priority DESC 
2019-11-03 19:28:39.665 [http-nio-8081-exec-4] DEBUG com.dyl.o2o.dao.AreaDao.selectList - ==> Parameters: 
2019-11-03 19:28:39.667 [http-nio-8081-exec-4] DEBUG com.dyl.o2o.dao.AreaDao.selectList - <==      Total: 2
2019-11-03 19:29:08.524 [http-nio-8081-exec-4] DEBUG com.dyl.o2o.dao.ShopCategoryDao.selectList - ==>  Preparing: SELECT create_time,shop_category_id,shop_category_desc,shop_category_name,shop_category_img,last_edit_time,priority,parent_id FROM tb_shop_category WHERE (parent_id IS NULL) ORDER BY priority DESC 
2019-11-03 19:29:08.544 [http-nio-8081-exec-4] DEBUG com.dyl.o2o.dao.ShopCategoryDao.selectList - ==> Parameters: 
2019-11-03 19:29:08.571 [http-nio-8081-exec-4] DEBUG com.dyl.o2o.dao.ShopCategoryDao.selectList - <==      Total: 6
2019-11-03 19:29:08.575 [http-nio-8081-exec-4] DEBUG com.dyl.o2o.dao.AreaDao.selectList - ==>  Preparing: SELECT area_id,create_time,area_name,last_edit_time,priority FROM tb_area ORDER BY priority DESC 
2019-11-03 19:29:08.575 [http-nio-8081-exec-4] DEBUG com.dyl.o2o.dao.AreaDao.selectList - ==> Parameters: 
2019-11-03 19:29:08.577 [http-nio-8081-exec-4] DEBUG com.dyl.o2o.dao.AreaDao.selectList - <==      Total: 2
2019-11-03 19:29:20.887 [http-nio-8081-exec-9] DEBUG com.dyl.o2o.dao.ShopCategoryDao.selectList - ==>  Preparing: SELECT create_time,shop_category_id,shop_category_desc,shop_category_name,shop_category_img,last_edit_time,priority,parent_id FROM tb_shop_category WHERE (parent_id IS NULL) ORDER BY priority DESC 
2019-11-03 19:29:20.887 [http-nio-8081-exec-9] DEBUG com.dyl.o2o.dao.ShopCategoryDao.selectList - ==> Parameters: 
2019-11-03 19:29:20.890 [http-nio-8081-exec-9] DEBUG com.dyl.o2o.dao.ShopCategoryDao.selectList - <==      Total: 6
2019-11-03 19:29:20.891 [http-nio-8081-exec-9] DEBUG com.dyl.o2o.dao.AreaDao.selectList - ==>  Preparing: SELECT area_id,create_time,area_name,last_edit_time,priority FROM tb_area ORDER BY priority DESC 
2019-11-03 19:29:20.891 [http-nio-8081-exec-9] DEBUG com.dyl.o2o.dao.AreaDao.selectList - ==> Parameters: 
2019-11-03 19:29:20.892 [http-nio-8081-exec-9] DEBUG com.dyl.o2o.dao.AreaDao.selectList - <==      Total: 2
2019-11-03 19:32:40.143 [http-nio-8081-exec-9] DEBUG com.dyl.o2o.dao.ShopCategoryDao.selectList - ==>  Preparing: SELECT create_time,shop_category_id,shop_category_desc,shop_category_name,shop_category_img,last_edit_time,priority,parent_id FROM tb_shop_category WHERE (parent_id IS NULL) ORDER BY priority DESC 
2019-11-03 19:32:40.144 [http-nio-8081-exec-9] DEBUG com.dyl.o2o.dao.ShopCategoryDao.selectList - ==> Parameters: 
2019-11-03 19:32:40.149 [http-nio-8081-exec-9] DEBUG com.dyl.o2o.dao.ShopCategoryDao.selectList - <==      Total: 6
2019-11-03 19:32:40.150 [http-nio-8081-exec-9] DEBUG com.dyl.o2o.dao.AreaDao.selectList - ==>  Preparing: SELECT area_id,create_time,area_name,last_edit_time,priority FROM tb_area ORDER BY priority DESC 
2019-11-03 19:32:40.150 [http-nio-8081-exec-9] DEBUG com.dyl.o2o.dao.AreaDao.selectList - ==> Parameters: 
2019-11-03 19:32:40.151 [http-nio-8081-exec-9] DEBUG com.dyl.o2o.dao.AreaDao.selectList - <==      Total: 2
2019-11-03 19:39:16.780 [http-nio-8081-exec-5] DEBUG com.dyl.o2o.dao.ShopCategoryDao.selectList - ==>  Preparing: SELECT create_time,shop_category_id,shop_category_desc,shop_category_name,shop_category_img,last_edit_time,priority,parent_id FROM tb_shop_category WHERE (parent_id IS NULL) ORDER BY priority DESC 
2019-11-03 19:39:16.780 [http-nio-8081-exec-5] DEBUG com.dyl.o2o.dao.ShopCategoryDao.selectList - ==> Parameters: 
2019-11-03 19:39:16.782 [http-nio-8081-exec-5] DEBUG com.dyl.o2o.dao.ShopCategoryDao.selectList - <==      Total: 6
2019-11-03 19:39:16.783 [http-nio-8081-exec-5] DEBUG com.dyl.o2o.dao.AreaDao.selectList - ==>  Preparing: SELECT area_id,create_time,area_name,last_edit_time,priority FROM tb_area ORDER BY priority DESC 
2019-11-03 19:39:16.784 [http-nio-8081-exec-5] DEBUG com.dyl.o2o.dao.AreaDao.selectList - ==> Parameters: 
2019-11-03 19:39:16.786 [http-nio-8081-exec-5] DEBUG com.dyl.o2o.dao.AreaDao.selectList - <==      Total: 2
2019-11-03 19:46:24.549 [http-nio-8081-exec-4] DEBUG com.dyl.o2o.dao.ShopCategoryDao.selectList - ==>  Preparing: SELECT create_time,shop_category_id,shop_category_desc,shop_category_name,shop_category_img,last_edit_time,priority,parent_id FROM tb_shop_category WHERE (parent_id IS NULL) ORDER BY priority DESC 
2019-11-03 19:46:24.567 [http-nio-8081-exec-4] DEBUG com.dyl.o2o.dao.ShopCategoryDao.selectList - ==> Parameters: 
2019-11-03 19:46:24.593 [http-nio-8081-exec-4] DEBUG com.dyl.o2o.dao.ShopCategoryDao.selectList - <==      Total: 6
2019-11-03 19:46:24.596 [http-nio-8081-exec-4] DEBUG com.dyl.o2o.dao.AreaDao.selectList - ==>  Preparing: SELECT area_id,create_time,area_name,last_edit_time,priority FROM tb_area ORDER BY priority DESC 
2019-11-03 19:46:24.597 [http-nio-8081-exec-4] DEBUG com.dyl.o2o.dao.AreaDao.selectList - ==> Parameters: 
2019-11-03 19:46:24.599 [http-nio-8081-exec-4] DEBUG com.dyl.o2o.dao.AreaDao.selectList - <==      Total: 2
2019-11-03 19:46:41.319 [http-nio-8081-exec-9] DEBUG com.dyl.o2o.dao.ShopCategoryDao.selectList - ==>  Preparing: SELECT create_time,shop_category_id,shop_category_desc,shop_category_name,shop_category_img,last_edit_time,priority,parent_id FROM tb_shop_category WHERE (parent_id IS NULL) ORDER BY priority DESC 
2019-11-03 19:46:41.320 [http-nio-8081-exec-9] DEBUG com.dyl.o2o.dao.ShopCategoryDao.selectList - ==> Parameters: 
2019-11-03 19:46:41.322 [http-nio-8081-exec-9] DEBUG com.dyl.o2o.dao.ShopCategoryDao.selectList - <==      Total: 6
2019-11-03 19:46:41.324 [http-nio-8081-exec-9] DEBUG com.dyl.o2o.dao.AreaDao.selectList - ==>  Preparing: SELECT area_id,create_time,area_name,last_edit_time,priority FROM tb_area ORDER BY priority DESC 
2019-11-03 19:46:41.324 [http-nio-8081-exec-9] DEBUG com.dyl.o2o.dao.AreaDao.selectList - ==> Parameters: 
2019-11-03 19:46:41.326 [http-nio-8081-exec-9] DEBUG com.dyl.o2o.dao.AreaDao.selectList - <==      Total: 2
2019-11-03 19:47:08.159 [http-nio-8081-exec-1] DEBUG com.dyl.o2o.dao.ShopDao.insert - ==>  Preparing: INSERT INTO tb_shop ( shop_category_id, shop_addr, shop_name, owner_id, create_time, shop_phone, enable_status ) VALUES ( ?, ?, ?, ?, ?, ?, ? ) 
2019-11-03 19:47:08.161 [http-nio-8081-exec-1] DEBUG com.dyl.o2o.dao.ShopDao.insert - ==> Parameters: 10(Long), (String), ok(String), 1(Long), 2019-11-03 19:47:08.153(Timestamp), (String), 0(Integer)
2019-11-03 19:47:08.165 [http-nio-8081-exec-6] DEBUG com.dyl.o2o.dao.ShopCategoryDao.selectList - ==>  Preparing: SELECT create_time,shop_category_id,shop_category_desc,shop_category_name,shop_category_img,last_edit_time,priority,parent_id FROM tb_shop_category WHERE (parent_id IS NULL) ORDER BY priority DESC 
2019-11-03 19:47:08.165 [http-nio-8081-exec-6] DEBUG com.dyl.o2o.dao.ShopCategoryDao.selectList - ==> Parameters: 
2019-11-03 19:47:08.170 [http-nio-8081-exec-6] DEBUG com.dyl.o2o.dao.ShopCategoryDao.selectList - <==      Total: 6
2019-11-03 19:47:08.172 [http-nio-8081-exec-6] DEBUG com.dyl.o2o.dao.AreaDao.selectList - ==>  Preparing: SELECT area_id,create_time,area_name,last_edit_time,priority FROM tb_area ORDER BY priority DESC 
2019-11-03 19:47:08.173 [http-nio-8081-exec-6] DEBUG com.dyl.o2o.dao.AreaDao.selectList - ==> Parameters: 
2019-11-03 19:47:08.175 [http-nio-8081-exec-6] DEBUG com.dyl.o2o.dao.AreaDao.selectList - <==      Total: 2
2019-11-03 23:13:57.854 [http-nio-8081-exec-4] DEBUG com.dyl.o2o.dao.ShopCategoryDao.selectList - ==>  Preparing: SELECT create_time,shop_category_id,shop_category_desc,shop_category_name,shop_category_img,last_edit_time,priority,parent_id FROM tb_shop_category WHERE (parent_id IS NULL) ORDER BY priority DESC 
2019-11-03 23:13:57.875 [http-nio-8081-exec-4] DEBUG com.dyl.o2o.dao.ShopCategoryDao.selectList - ==> Parameters: 
2019-11-03 23:13:57.906 [http-nio-8081-exec-4] DEBUG com.dyl.o2o.dao.ShopCategoryDao.selectList - <==      Total: 6
2019-11-03 23:13:57.910 [http-nio-8081-exec-4] DEBUG com.dyl.o2o.dao.AreaDao.selectList - ==>  Preparing: SELECT area_id,create_time,area_name,last_edit_time,priority FROM tb_area ORDER BY priority DESC 
2019-11-03 23:13:57.910 [http-nio-8081-exec-4] DEBUG com.dyl.o2o.dao.AreaDao.selectList - ==> Parameters: 
2019-11-03 23:13:57.913 [http-nio-8081-exec-4] DEBUG com.dyl.o2o.dao.AreaDao.selectList - <==      Total: 2
2019-11-03 23:14:05.306 [http-nio-8081-exec-9] DEBUG com.dyl.o2o.dao.ShopCategoryDao.selectList - ==>  Preparing: SELECT create_time,shop_category_id,shop_category_desc,shop_category_name,shop_category_img,last_edit_time,priority,parent_id FROM tb_shop_category WHERE (parent_id IS NULL) ORDER BY priority DESC 
2019-11-03 23:14:05.306 [http-nio-8081-exec-9] DEBUG com.dyl.o2o.dao.ShopCategoryDao.selectList - ==> Parameters: 
2019-11-03 23:14:05.309 [http-nio-8081-exec-9] DEBUG com.dyl.o2o.dao.ShopCategoryDao.selectList - <==      Total: 6
2019-11-03 23:14:05.310 [http-nio-8081-exec-9] DEBUG com.dyl.o2o.dao.AreaDao.selectList - ==>  Preparing: SELECT area_id,create_time,area_name,last_edit_time,priority FROM tb_area ORDER BY priority DESC 
2019-11-03 23:14:05.311 [http-nio-8081-exec-9] DEBUG com.dyl.o2o.dao.AreaDao.selectList - ==> Parameters: 
2019-11-03 23:14:05.312 [http-nio-8081-exec-9] DEBUG com.dyl.o2o.dao.AreaDao.selectList - <==      Total: 2
2019-11-03 23:14:21.386 [http-nio-8081-exec-4] DEBUG com.dyl.o2o.dao.ShopCategoryDao.selectList - ==>  Preparing: SELECT create_time,shop_category_id,shop_category_desc,shop_category_name,shop_category_img,last_edit_time,priority,parent_id FROM tb_shop_category WHERE (parent_id IS NULL) ORDER BY priority DESC 
2019-11-03 23:14:21.387 [http-nio-8081-exec-4] DEBUG com.dyl.o2o.dao.ShopCategoryDao.selectList - ==> Parameters: 
2019-11-03 23:14:21.393 [http-nio-8081-exec-4] DEBUG com.dyl.o2o.dao.ShopCategoryDao.selectList - <==      Total: 6
2019-11-03 23:14:21.394 [http-nio-8081-exec-4] DEBUG com.dyl.o2o.dao.AreaDao.selectList - ==>  Preparing: SELECT area_id,create_time,area_name,last_edit_time,priority FROM tb_area ORDER BY priority DESC 
2019-11-03 23:14:21.394 [http-nio-8081-exec-4] DEBUG com.dyl.o2o.dao.AreaDao.selectList - ==> Parameters: 
2019-11-03 23:14:21.396 [http-nio-8081-exec-4] DEBUG com.dyl.o2o.dao.AreaDao.selectList - <==      Total: 2
2019-11-03 23:14:22.020 [http-nio-8081-exec-5] DEBUG com.dyl.o2o.dao.ShopCategoryDao.selectList - ==>  Preparing: SELECT create_time,shop_category_id,shop_category_desc,shop_category_name,shop_category_img,last_edit_time,priority,parent_id FROM tb_shop_category WHERE (parent_id IS NULL) ORDER BY priority DESC 
2019-11-03 23:14:22.020 [http-nio-8081-exec-5] DEBUG com.dyl.o2o.dao.ShopCategoryDao.selectList - ==> Parameters: 
2019-11-03 23:14:22.022 [http-nio-8081-exec-5] DEBUG com.dyl.o2o.dao.ShopCategoryDao.selectList - <==      Total: 6
2019-11-03 23:14:22.023 [http-nio-8081-exec-5] DEBUG com.dyl.o2o.dao.AreaDao.selectList - ==>  Preparing: SELECT area_id,create_time,area_name,last_edit_time,priority FROM tb_area ORDER BY priority DESC 
2019-11-03 23:14:22.023 [http-nio-8081-exec-5] DEBUG com.dyl.o2o.dao.AreaDao.selectList - ==> Parameters: 
2019-11-03 23:14:22.024 [http-nio-8081-exec-5] DEBUG com.dyl.o2o.dao.AreaDao.selectList - <==      Total: 2
2019-11-03 23:14:33.843 [http-nio-8081-exec-2] DEBUG com.dyl.o2o.dao.ShopCategoryDao.selectList - ==>  Preparing: SELECT create_time,shop_category_id,shop_category_desc,shop_category_name,shop_category_img,last_edit_time,priority,parent_id FROM tb_shop_category WHERE (parent_id IS NULL) ORDER BY priority DESC 
2019-11-03 23:14:33.843 [http-nio-8081-exec-2] DEBUG com.dyl.o2o.dao.ShopCategoryDao.selectList - ==> Parameters: 
2019-11-03 23:14:33.845 [http-nio-8081-exec-2] DEBUG com.dyl.o2o.dao.ShopCategoryDao.selectList - <==      Total: 6
2019-11-03 23:14:33.846 [http-nio-8081-exec-2] DEBUG com.dyl.o2o.dao.AreaDao.selectList - ==>  Preparing: SELECT area_id,create_time,area_name,last_edit_time,priority FROM tb_area ORDER BY priority DESC 
2019-11-03 23:14:33.846 [http-nio-8081-exec-2] DEBUG com.dyl.o2o.dao.AreaDao.selectList - ==> Parameters: 
2019-11-03 23:14:33.847 [http-nio-8081-exec-2] DEBUG com.dyl.o2o.dao.AreaDao.selectList - <==      Total: 2
2019-11-03 23:14:45.157 [http-nio-8081-exec-10] DEBUG com.dyl.o2o.dao.ShopCategoryDao.selectList - ==>  Preparing: SELECT create_time,shop_category_id,shop_category_desc,shop_category_name,shop_category_img,last_edit_time,priority,parent_id FROM tb_shop_category WHERE (parent_id IS NULL) ORDER BY priority DESC 
2019-11-03 23:14:45.157 [http-nio-8081-exec-10] DEBUG com.dyl.o2o.dao.ShopCategoryDao.selectList - ==> Parameters: 
2019-11-03 23:14:45.159 [http-nio-8081-exec-10] DEBUG com.dyl.o2o.dao.ShopCategoryDao.selectList - <==      Total: 6
2019-11-03 23:14:45.160 [http-nio-8081-exec-10] DEBUG com.dyl.o2o.dao.AreaDao.selectList - ==>  Preparing: SELECT area_id,create_time,area_name,last_edit_time,priority FROM tb_area ORDER BY priority DESC 
2019-11-03 23:14:45.160 [http-nio-8081-exec-10] DEBUG com.dyl.o2o.dao.AreaDao.selectList - ==> Parameters: 
2019-11-03 23:14:45.162 [http-nio-8081-exec-10] DEBUG com.dyl.o2o.dao.AreaDao.selectList - <==      Total: 2
2019-11-03 23:26:13.486 [http-nio-8081-exec-4] DEBUG com.dyl.o2o.dao.ShopCategoryDao.selectList - ==>  Preparing: SELECT create_time,shop_category_id,shop_category_desc,shop_category_name,shop_category_img,last_edit_time,priority,parent_id FROM tb_shop_category WHERE (parent_id IS NULL) ORDER BY priority DESC 
2019-11-03 23:26:13.489 [http-nio-8081-exec-4] DEBUG com.dyl.o2o.dao.ShopCategoryDao.selectList - ==> Parameters: 
2019-11-03 23:26:13.493 [http-nio-8081-exec-4] DEBUG com.dyl.o2o.dao.ShopCategoryDao.selectList - <==      Total: 6
2019-11-03 23:26:13.496 [http-nio-8081-exec-4] DEBUG com.dyl.o2o.dao.AreaDao.selectList - ==>  Preparing: SELECT area_id,create_time,area_name,last_edit_time,priority FROM tb_area ORDER BY priority DESC 
2019-11-03 23:26:13.496 [http-nio-8081-exec-4] DEBUG com.dyl.o2o.dao.AreaDao.selectList - ==> Parameters: 
2019-11-03 23:26:13.498 [http-nio-8081-exec-4] DEBUG com.dyl.o2o.dao.AreaDao.selectList - <==      Total: 2
2019-11-03 23:26:13.509 [http-nio-8081-exec-3] DEBUG com.dyl.o2o.dao.ShopDao.insert - ==>  Preparing: INSERT INTO tb_shop ( shop_category_id, shop_addr, shop_name, owner_id, create_time, shop_phone, enable_status ) VALUES ( ?, ?, ?, ?, ?, ?, ? ) 
2019-11-03 23:26:13.511 [http-nio-8081-exec-3] DEBUG com.dyl.o2o.dao.ShopDao.insert - ==> Parameters: 10(Long), (String), qwe(String), 1(Long), 2019-11-03 23:26:13.503(Timestamp), (String), 0(Integer)
