2019-11-02 12:19:47.900 [http-nio-8081-exec-1] DEBUG com.dyl.o2o.dao.AreaDao.selectList - ==>  Preparing: SELECT area_id,create_time,area_name,last_edit_time,priority FROM tb_area ORDER BY priority DESC 
2019-11-02 12:19:47.908 [http-nio-8081-exec-1] DEBUG com.dyl.o2o.dao.AreaDao.selectList - ==> Parameters: 
2019-11-02 12:19:47.946 [http-nio-8081-exec-1] DEBUG com.dyl.o2o.dao.AreaDao.selectList - <==      Total: 2
2019-11-02 12:19:47.949 [http-nio-8081-exec-1] DEBUG com.dyl.o2o.dao.AreaDao.selectList - ==>  Preparing: SELECT area_id,create_time,area_name,last_edit_time,priority FROM tb_area ORDER BY priority DESC 
2019-11-02 12:19:47.950 [http-nio-8081-exec-1] DEBUG com.dyl.o2o.dao.AreaDao.selectList - ==> Parameters: 
2019-11-02 12:19:47.951 [http-nio-8081-exec-1] DEBUG com.dyl.o2o.dao.AreaDao.selectList - <==      Total: 2
2019-11-02 12:22:30.984 [http-nio-8081-exec-7] DEBUG com.dyl.o2o.dao.ShopCategoryDao.selectList - ==>  Preparing: SELECT create_time,shop_category_id,shop_category_desc,shop_category_name,shop_category_img,last_edit_time,priority,parent_id FROM tb_shop_category WHERE (parent_id IS NULL) ORDER BY priority DESC 
2019-11-02 12:22:30.984 [http-nio-8081-exec-7] DEBUG com.dyl.o2o.dao.ShopCategoryDao.selectList - ==> Parameters: 
2019-11-02 12:22:30.987 [http-nio-8081-exec-7] DEBUG com.dyl.o2o.dao.ShopCategoryDao.selectList - <==      Total: 6
2019-11-02 12:22:30.989 [http-nio-8081-exec-7] DEBUG com.dyl.o2o.dao.AreaDao.selectList - ==>  Preparing: SELECT area_id,create_time,area_name,last_edit_time,priority FROM tb_area ORDER BY priority DESC 
2019-11-02 12:22:30.989 [http-nio-8081-exec-7] DEBUG com.dyl.o2o.dao.AreaDao.selectList - ==> Parameters: 
2019-11-02 12:22:30.990 [http-nio-8081-exec-7] DEBUG com.dyl.o2o.dao.AreaDao.selectList - <==      Total: 2
2019-11-02 12:57:15.241 [http-nio-8081-exec-3] DEBUG com.dyl.o2o.dao.ShopCategoryDao.selectList - ==>  Preparing: SELECT create_time,shop_category_id,shop_category_desc,shop_category_name,shop_category_img,last_edit_time,priority,parent_id FROM tb_shop_category WHERE (parent_id IS NULL) ORDER BY priority DESC 
2019-11-02 12:57:15.241 [http-nio-8081-exec-3] DEBUG com.dyl.o2o.dao.ShopCategoryDao.selectList - ==> Parameters: 
2019-11-02 12:57:15.244 [http-nio-8081-exec-3] DEBUG com.dyl.o2o.dao.ShopCategoryDao.selectList - <==      Total: 6
2019-11-02 12:57:15.246 [http-nio-8081-exec-3] DEBUG com.dyl.o2o.dao.AreaDao.selectList - ==>  Preparing: SELECT area_id,create_time,area_name,last_edit_time,priority FROM tb_area ORDER BY priority DESC 
2019-11-02 12:57:15.246 [http-nio-8081-exec-3] DEBUG com.dyl.o2o.dao.AreaDao.selectList - ==> Parameters: 
2019-11-02 12:57:15.248 [http-nio-8081-exec-3] DEBUG com.dyl.o2o.dao.AreaDao.selectList - <==      Total: 2
2019-11-02 12:58:31.962 [http-nio-8081-exec-7] DEBUG com.dyl.o2o.dao.ShopCategoryDao.selectList - ==>  Preparing: SELECT create_time,shop_category_id,shop_category_desc,shop_category_name,shop_category_img,last_edit_time,priority,parent_id FROM tb_shop_category WHERE (parent_id IS NULL) ORDER BY priority DESC 
2019-11-02 12:58:31.963 [http-nio-8081-exec-7] DEBUG com.dyl.o2o.dao.ShopCategoryDao.selectList - ==> Parameters: 
2019-11-02 12:58:31.967 [http-nio-8081-exec-7] DEBUG com.dyl.o2o.dao.ShopCategoryDao.selectList - <==      Total: 6
2019-11-02 12:58:31.968 [http-nio-8081-exec-7] DEBUG com.dyl.o2o.dao.AreaDao.selectList - ==>  Preparing: SELECT area_id,create_time,area_name,last_edit_time,priority FROM tb_area ORDER BY priority DESC 
2019-11-02 12:58:31.968 [http-nio-8081-exec-7] DEBUG com.dyl.o2o.dao.AreaDao.selectList - ==> Parameters: 
2019-11-02 12:58:31.969 [http-nio-8081-exec-7] DEBUG com.dyl.o2o.dao.AreaDao.selectList - <==      Total: 2
2019-11-02 12:58:42.086 [http-nio-8081-exec-1] DEBUG com.dyl.o2o.dao.ShopCategoryDao.selectList - ==>  Preparing: SELECT create_time,shop_category_id,shop_category_desc,shop_category_name,shop_category_img,last_edit_time,priority,parent_id FROM tb_shop_category WHERE (parent_id IS NULL) ORDER BY priority DESC 
2019-11-02 12:58:42.086 [http-nio-8081-exec-1] DEBUG com.dyl.o2o.dao.ShopCategoryDao.selectList - ==> Parameters: 
2019-11-02 12:58:42.088 [http-nio-8081-exec-1] DEBUG com.dyl.o2o.dao.ShopCategoryDao.selectList - <==      Total: 6
2019-11-02 12:58:42.089 [http-nio-8081-exec-1] DEBUG com.dyl.o2o.dao.AreaDao.selectList - ==>  Preparing: SELECT area_id,create_time,area_name,last_edit_time,priority FROM tb_area ORDER BY priority DESC 
2019-11-02 12:58:42.089 [http-nio-8081-exec-1] DEBUG com.dyl.o2o.dao.AreaDao.selectList - ==> Parameters: 
2019-11-02 12:58:42.090 [http-nio-8081-exec-1] DEBUG com.dyl.o2o.dao.AreaDao.selectList - <==      Total: 2
2019-11-02 12:58:55.127 [http-nio-8081-exec-5] DEBUG com.dyl.o2o.dao.ShopCategoryDao.selectList - ==>  Preparing: SELECT create_time,shop_category_id,shop_category_desc,shop_category_name,shop_category_img,last_edit_time,priority,parent_id FROM tb_shop_category WHERE (parent_id IS NULL) ORDER BY priority DESC 
2019-11-02 12:58:55.127 [http-nio-8081-exec-5] DEBUG com.dyl.o2o.dao.ShopCategoryDao.selectList - ==> Parameters: 
2019-11-02 12:58:55.129 [http-nio-8081-exec-5] DEBUG com.dyl.o2o.dao.ShopCategoryDao.selectList - <==      Total: 6
2019-11-02 12:58:55.130 [http-nio-8081-exec-5] DEBUG com.dyl.o2o.dao.AreaDao.selectList - ==>  Preparing: SELECT area_id,create_time,area_name,last_edit_time,priority FROM tb_area ORDER BY priority DESC 
2019-11-02 12:58:55.130 [http-nio-8081-exec-5] DEBUG com.dyl.o2o.dao.AreaDao.selectList - ==> Parameters: 
2019-11-02 12:58:55.131 [http-nio-8081-exec-5] DEBUG com.dyl.o2o.dao.AreaDao.selectList - <==      Total: 2
2019-11-02 13:00:18.354 [http-nio-8081-exec-1] DEBUG com.dyl.o2o.dao.ShopCategoryDao.selectList - ==>  Preparing: SELECT create_time,shop_category_id,shop_category_desc,shop_category_name,shop_category_img,last_edit_time,priority,parent_id FROM tb_shop_category WHERE (parent_id IS NULL) ORDER BY priority DESC 
2019-11-02 13:00:18.354 [http-nio-8081-exec-1] DEBUG com.dyl.o2o.dao.ShopCategoryDao.selectList - ==> Parameters: 
2019-11-02 13:00:18.356 [http-nio-8081-exec-1] DEBUG com.dyl.o2o.dao.ShopCategoryDao.selectList - <==      Total: 6
2019-11-02 13:00:18.357 [http-nio-8081-exec-1] DEBUG com.dyl.o2o.dao.AreaDao.selectList - ==>  Preparing: SELECT area_id,create_time,area_name,last_edit_time,priority FROM tb_area ORDER BY priority DESC 
2019-11-02 13:00:18.357 [http-nio-8081-exec-1] DEBUG com.dyl.o2o.dao.AreaDao.selectList - ==> Parameters: 
2019-11-02 13:00:18.360 [http-nio-8081-exec-1] DEBUG com.dyl.o2o.dao.AreaDao.selectList - <==      Total: 2
2019-11-02 13:00:42.268 [http-nio-8081-exec-5] DEBUG com.dyl.o2o.dao.ShopCategoryDao.selectList - ==>  Preparing: SELECT create_time,shop_category_id,shop_category_desc,shop_category_name,shop_category_img,last_edit_time,priority,parent_id FROM tb_shop_category WHERE (parent_id IS NULL) ORDER BY priority DESC 
2019-11-02 13:00:42.268 [http-nio-8081-exec-5] DEBUG com.dyl.o2o.dao.ShopCategoryDao.selectList - ==> Parameters: 
2019-11-02 13:00:42.269 [http-nio-8081-exec-5] DEBUG com.dyl.o2o.dao.ShopCategoryDao.selectList - <==      Total: 6
2019-11-02 13:00:42.272 [http-nio-8081-exec-5] DEBUG com.dyl.o2o.dao.AreaDao.selectList - ==>  Preparing: SELECT area_id,create_time,area_name,last_edit_time,priority FROM tb_area ORDER BY priority DESC 
2019-11-02 13:00:42.272 [http-nio-8081-exec-5] DEBUG com.dyl.o2o.dao.AreaDao.selectList - ==> Parameters: 
2019-11-02 13:00:42.274 [http-nio-8081-exec-5] DEBUG com.dyl.o2o.dao.AreaDao.selectList - <==      Total: 2
2019-11-02 13:00:58.789 [http-nio-8081-exec-9] DEBUG com.dyl.o2o.dao.ShopCategoryDao.selectList - ==>  Preparing: SELECT create_time,shop_category_id,shop_category_desc,shop_category_name,shop_category_img,last_edit_time,priority,parent_id FROM tb_shop_category WHERE (parent_id IS NULL) ORDER BY priority DESC 
2019-11-02 13:00:58.789 [http-nio-8081-exec-9] DEBUG com.dyl.o2o.dao.ShopCategoryDao.selectList - ==> Parameters: 
2019-11-02 13:00:58.790 [http-nio-8081-exec-9] DEBUG com.dyl.o2o.dao.ShopCategoryDao.selectList - <==      Total: 6
2019-11-02 13:00:58.791 [http-nio-8081-exec-9] DEBUG com.dyl.o2o.dao.AreaDao.selectList - ==>  Preparing: SELECT area_id,create_time,area_name,last_edit_time,priority FROM tb_area ORDER BY priority DESC 
2019-11-02 13:00:58.791 [http-nio-8081-exec-9] DEBUG com.dyl.o2o.dao.AreaDao.selectList - ==> Parameters: 
2019-11-02 13:00:58.792 [http-nio-8081-exec-9] DEBUG com.dyl.o2o.dao.AreaDao.selectList - <==      Total: 2
2019-11-02 13:01:07.903 [http-nio-8081-exec-4] DEBUG com.dyl.o2o.dao.ShopCategoryDao.selectList - ==>  Preparing: SELECT create_time,shop_category_id,shop_category_desc,shop_category_name,shop_category_img,last_edit_time,priority,parent_id FROM tb_shop_category WHERE (parent_id IS NULL) ORDER BY priority DESC 
2019-11-02 13:01:07.904 [http-nio-8081-exec-4] DEBUG com.dyl.o2o.dao.ShopCategoryDao.selectList - ==> Parameters: 
2019-11-02 13:01:07.905 [http-nio-8081-exec-4] DEBUG com.dyl.o2o.dao.ShopCategoryDao.selectList - <==      Total: 6
2019-11-02 13:01:07.906 [http-nio-8081-exec-4] DEBUG com.dyl.o2o.dao.AreaDao.selectList - ==>  Preparing: SELECT area_id,create_time,area_name,last_edit_time,priority FROM tb_area ORDER BY priority DESC 
2019-11-02 13:01:07.906 [http-nio-8081-exec-4] DEBUG com.dyl.o2o.dao.AreaDao.selectList - ==> Parameters: 
2019-11-02 13:01:07.907 [http-nio-8081-exec-4] DEBUG com.dyl.o2o.dao.AreaDao.selectList - <==      Total: 2
2019-11-02 13:02:51.517 [http-nio-8081-exec-4] DEBUG com.dyl.o2o.dao.ShopCategoryDao.selectList - ==>  Preparing: SELECT create_time,shop_category_id,shop_category_desc,shop_category_name,shop_category_img,last_edit_time,priority,parent_id FROM tb_shop_category WHERE (parent_id IS NULL) ORDER BY priority DESC 
2019-11-02 13:02:51.517 [http-nio-8081-exec-4] DEBUG com.dyl.o2o.dao.ShopCategoryDao.selectList - ==> Parameters: 
2019-11-02 13:02:51.518 [http-nio-8081-exec-4] DEBUG com.dyl.o2o.dao.ShopCategoryDao.selectList - <==      Total: 6
2019-11-02 13:02:51.519 [http-nio-8081-exec-4] DEBUG com.dyl.o2o.dao.AreaDao.selectList - ==>  Preparing: SELECT area_id,create_time,area_name,last_edit_time,priority FROM tb_area ORDER BY priority DESC 
2019-11-02 13:02:51.519 [http-nio-8081-exec-4] DEBUG com.dyl.o2o.dao.AreaDao.selectList - ==> Parameters: 
2019-11-02 13:02:51.520 [http-nio-8081-exec-4] DEBUG com.dyl.o2o.dao.AreaDao.selectList - <==      Total: 2
2019-11-02 13:03:12.817 [http-nio-8081-exec-8] DEBUG com.dyl.o2o.dao.ShopCategoryDao.selectList - ==>  Preparing: SELECT create_time,shop_category_id,shop_category_desc,shop_category_name,shop_category_img,last_edit_time,priority,parent_id FROM tb_shop_category WHERE (parent_id IS NULL) ORDER BY priority DESC 
2019-11-02 13:03:12.818 [http-nio-8081-exec-8] DEBUG com.dyl.o2o.dao.ShopCategoryDao.selectList - ==> Parameters: 
2019-11-02 13:03:12.819 [http-nio-8081-exec-8] DEBUG com.dyl.o2o.dao.ShopCategoryDao.selectList - <==      Total: 6
2019-11-02 13:03:12.820 [http-nio-8081-exec-8] DEBUG com.dyl.o2o.dao.AreaDao.selectList - ==>  Preparing: SELECT area_id,create_time,area_name,last_edit_time,priority FROM tb_area ORDER BY priority DESC 
2019-11-02 13:03:12.820 [http-nio-8081-exec-8] DEBUG com.dyl.o2o.dao.AreaDao.selectList - ==> Parameters: 
2019-11-02 13:03:12.821 [http-nio-8081-exec-8] DEBUG com.dyl.o2o.dao.AreaDao.selectList - <==      Total: 2
2019-11-02 13:03:22.915 [http-nio-8081-exec-2] DEBUG com.dyl.o2o.dao.ShopCategoryDao.selectList - ==>  Preparing: SELECT create_time,shop_category_id,shop_category_desc,shop_category_name,shop_category_img,last_edit_time,priority,parent_id FROM tb_shop_category WHERE (parent_id IS NULL) ORDER BY priority DESC 
2019-11-02 13:03:22.915 [http-nio-8081-exec-2] DEBUG com.dyl.o2o.dao.ShopCategoryDao.selectList - ==> Parameters: 
2019-11-02 13:03:22.917 [http-nio-8081-exec-2] DEBUG com.dyl.o2o.dao.ShopCategoryDao.selectList - <==      Total: 6
2019-11-02 13:03:22.918 [http-nio-8081-exec-2] DEBUG com.dyl.o2o.dao.AreaDao.selectList - ==>  Preparing: SELECT area_id,create_time,area_name,last_edit_time,priority FROM tb_area ORDER BY priority DESC 
2019-11-02 13:03:22.918 [http-nio-8081-exec-2] DEBUG com.dyl.o2o.dao.AreaDao.selectList - ==> Parameters: 
2019-11-02 13:03:22.919 [http-nio-8081-exec-2] DEBUG com.dyl.o2o.dao.AreaDao.selectList - <==      Total: 2
2019-11-02 13:04:03.444 [http-nio-8081-exec-6] DEBUG com.dyl.o2o.dao.ShopCategoryDao.selectList - ==>  Preparing: SELECT create_time,shop_category_id,shop_category_desc,shop_category_name,shop_category_img,last_edit_time,priority,parent_id FROM tb_shop_category WHERE (parent_id IS NULL) ORDER BY priority DESC 
2019-11-02 13:04:03.444 [http-nio-8081-exec-6] DEBUG com.dyl.o2o.dao.ShopCategoryDao.selectList - ==> Parameters: 
2019-11-02 13:04:03.459 [http-nio-8081-exec-6] DEBUG com.dyl.o2o.dao.ShopCategoryDao.selectList - <==      Total: 6
2019-11-02 13:04:05.224 [http-nio-8081-exec-6] DEBUG com.dyl.o2o.dao.AreaDao.selectList - ==>  Preparing: SELECT area_id,create_time,area_name,last_edit_time,priority FROM tb_area ORDER BY priority DESC 
2019-11-02 13:04:05.226 [http-nio-8081-exec-6] DEBUG com.dyl.o2o.dao.AreaDao.selectList - ==> Parameters: 
2019-11-02 13:04:05.230 [http-nio-8081-exec-6] DEBUG com.dyl.o2o.dao.AreaDao.selectList - <==      Total: 2
2019-11-02 13:05:40.591 [http-nio-8081-exec-3] DEBUG com.dyl.o2o.dao.ShopCategoryDao.selectList - ==>  Preparing: SELECT create_time,shop_category_id,shop_category_desc,shop_category_name,shop_category_img,last_edit_time,priority,parent_id FROM tb_shop_category WHERE (parent_id IS NULL) ORDER BY priority DESC 
2019-11-02 13:05:40.591 [http-nio-8081-exec-3] DEBUG com.dyl.o2o.dao.ShopCategoryDao.selectList - ==> Parameters: 
2019-11-02 13:05:40.606 [http-nio-8081-exec-3] DEBUG com.dyl.o2o.dao.ShopCategoryDao.selectList - <==      Total: 6
2019-11-02 13:05:40.606 [http-nio-8081-exec-3] DEBUG com.dyl.o2o.dao.AreaDao.selectList - ==>  Preparing: SELECT area_id,create_time,area_name,last_edit_time,priority FROM tb_area ORDER BY priority DESC 
2019-11-02 13:05:40.606 [http-nio-8081-exec-3] DEBUG com.dyl.o2o.dao.AreaDao.selectList - ==> Parameters: 
2019-11-02 13:05:40.606 [http-nio-8081-exec-3] DEBUG com.dyl.o2o.dao.AreaDao.selectList - <==      Total: 2
2019-11-02 13:06:39.999 [http-nio-8081-exec-8] DEBUG com.dyl.o2o.dao.ShopCategoryDao.selectList - ==>  Preparing: SELECT create_time,shop_category_id,shop_category_desc,shop_category_name,shop_category_img,last_edit_time,priority,parent_id FROM tb_shop_category WHERE (parent_id IS NULL) ORDER BY priority DESC 
2019-11-02 13:06:40.007 [http-nio-8081-exec-8] DEBUG com.dyl.o2o.dao.ShopCategoryDao.selectList - ==> Parameters: 
2019-11-02 13:06:40.007 [http-nio-8081-exec-8] DEBUG com.dyl.o2o.dao.ShopCategoryDao.selectList - <==      Total: 6
2019-11-02 13:06:40.009 [http-nio-8081-exec-8] DEBUG com.dyl.o2o.dao.AreaDao.selectList - ==>  Preparing: SELECT area_id,create_time,area_name,last_edit_time,priority FROM tb_area ORDER BY priority DESC 
2019-11-02 13:06:40.009 [http-nio-8081-exec-8] DEBUG com.dyl.o2o.dao.AreaDao.selectList - ==> Parameters: 
2019-11-02 13:06:40.009 [http-nio-8081-exec-8] DEBUG com.dyl.o2o.dao.AreaDao.selectList - <==      Total: 2
2019-11-02 13:07:29.592 [http-nio-8081-exec-4] DEBUG com.dyl.o2o.dao.ShopCategoryDao.selectList - ==>  Preparing: SELECT create_time,shop_category_id,shop_category_desc,shop_category_name,shop_category_img,last_edit_time,priority,parent_id FROM tb_shop_category WHERE (parent_id IS NULL) ORDER BY priority DESC 
2019-11-02 13:07:29.593 [http-nio-8081-exec-4] DEBUG com.dyl.o2o.dao.ShopCategoryDao.selectList - ==> Parameters: 
2019-11-02 13:07:29.595 [http-nio-8081-exec-4] DEBUG com.dyl.o2o.dao.ShopCategoryDao.selectList - <==      Total: 6
2019-11-02 13:07:29.596 [http-nio-8081-exec-4] DEBUG com.dyl.o2o.dao.AreaDao.selectList - ==>  Preparing: SELECT area_id,create_time,area_name,last_edit_time,priority FROM tb_area ORDER BY priority DESC 
2019-11-02 13:07:29.596 [http-nio-8081-exec-4] DEBUG com.dyl.o2o.dao.AreaDao.selectList - ==> Parameters: 
2019-11-02 13:07:29.597 [http-nio-8081-exec-4] DEBUG com.dyl.o2o.dao.AreaDao.selectList - <==      Total: 2
2019-11-02 13:08:13.655 [http-nio-8081-exec-9] DEBUG com.dyl.o2o.dao.ShopCategoryDao.selectList - ==>  Preparing: SELECT create_time,shop_category_id,shop_category_desc,shop_category_name,shop_category_img,last_edit_time,priority,parent_id FROM tb_shop_category WHERE (parent_id IS NULL) ORDER BY priority DESC 
2019-11-02 13:08:13.656 [http-nio-8081-exec-9] DEBUG com.dyl.o2o.dao.ShopCategoryDao.selectList - ==> Parameters: 
2019-11-02 13:08:13.657 [http-nio-8081-exec-9] DEBUG com.dyl.o2o.dao.ShopCategoryDao.selectList - <==      Total: 6
2019-11-02 13:08:13.658 [http-nio-8081-exec-9] DEBUG com.dyl.o2o.dao.AreaDao.selectList - ==>  Preparing: SELECT area_id,create_time,area_name,last_edit_time,priority FROM tb_area ORDER BY priority DESC 
2019-11-02 13:08:13.658 [http-nio-8081-exec-9] DEBUG com.dyl.o2o.dao.AreaDao.selectList - ==> Parameters: 
2019-11-02 13:08:13.659 [http-nio-8081-exec-9] DEBUG com.dyl.o2o.dao.AreaDao.selectList - <==      Total: 2
2019-11-02 13:16:23.734 [http-nio-8081-exec-8] DEBUG com.dyl.o2o.dao.ShopCategoryDao.selectList - ==>  Preparing: SELECT create_time,shop_category_id,shop_category_desc,shop_category_name,shop_category_img,last_edit_time,priority,parent_id FROM tb_shop_category WHERE (parent_id IS NULL) ORDER BY priority DESC 
2019-11-02 13:16:23.734 [http-nio-8081-exec-8] DEBUG com.dyl.o2o.dao.ShopCategoryDao.selectList - ==> Parameters: 
2019-11-02 13:16:23.735 [http-nio-8081-exec-8] DEBUG com.dyl.o2o.dao.ShopCategoryDao.selectList - <==      Total: 6
2019-11-02 13:16:23.736 [http-nio-8081-exec-8] DEBUG com.dyl.o2o.dao.AreaDao.selectList - ==>  Preparing: SELECT area_id,create_time,area_name,last_edit_time,priority FROM tb_area ORDER BY priority DESC 
2019-11-02 13:16:23.736 [http-nio-8081-exec-8] DEBUG com.dyl.o2o.dao.AreaDao.selectList - ==> Parameters: 
2019-11-02 13:16:23.737 [http-nio-8081-exec-8] DEBUG com.dyl.o2o.dao.AreaDao.selectList - <==      Total: 2
2019-11-02 13:18:13.422 [http-nio-8081-exec-1] DEBUG com.dyl.o2o.dao.ShopCategoryDao.selectList - ==>  Preparing: SELECT create_time,shop_category_id,shop_category_desc,shop_category_name,shop_category_img,last_edit_time,priority,parent_id FROM tb_shop_category WHERE (parent_id IS NULL) ORDER BY priority DESC 
2019-11-02 13:18:13.423 [http-nio-8081-exec-1] DEBUG com.dyl.o2o.dao.ShopCategoryDao.selectList - ==> Parameters: 
2019-11-02 13:18:13.424 [http-nio-8081-exec-1] DEBUG com.dyl.o2o.dao.ShopCategoryDao.selectList - <==      Total: 6
2019-11-02 13:18:13.425 [http-nio-8081-exec-1] DEBUG com.dyl.o2o.dao.AreaDao.selectList - ==>  Preparing: SELECT area_id,create_time,area_name,last_edit_time,priority FROM tb_area ORDER BY priority DESC 
2019-11-02 13:18:13.425 [http-nio-8081-exec-1] DEBUG com.dyl.o2o.dao.AreaDao.selectList - ==> Parameters: 
2019-11-02 13:18:13.426 [http-nio-8081-exec-1] DEBUG com.dyl.o2o.dao.AreaDao.selectList - <==      Total: 2
2019-11-02 16:20:41.705 [http-nio-8081-exec-8] DEBUG com.dyl.o2o.dao.ShopCategoryDao.selectList - ==>  Preparing: SELECT create_time,shop_category_id,shop_category_desc,shop_category_name,shop_category_img,last_edit_time,priority,parent_id FROM tb_shop_category WHERE (parent_id IS NULL) ORDER BY priority DESC 
2019-11-02 16:20:41.706 [http-nio-8081-exec-8] DEBUG com.dyl.o2o.dao.ShopCategoryDao.selectList - ==> Parameters: 
2019-11-02 16:20:41.710 [http-nio-8081-exec-8] DEBUG com.dyl.o2o.dao.ShopCategoryDao.selectList - <==      Total: 6
2019-11-02 16:20:41.711 [http-nio-8081-exec-8] DEBUG com.dyl.o2o.dao.AreaDao.selectList - ==>  Preparing: SELECT area_id,create_time,area_name,last_edit_time,priority FROM tb_area ORDER BY priority DESC 
2019-11-02 16:20:41.711 [http-nio-8081-exec-8] DEBUG com.dyl.o2o.dao.AreaDao.selectList - ==> Parameters: 
2019-11-02 16:20:41.713 [http-nio-8081-exec-8] DEBUG com.dyl.o2o.dao.AreaDao.selectList - <==      Total: 2
2019-11-02 16:21:27.059 [http-nio-8081-exec-2] DEBUG com.dyl.o2o.dao.ShopCategoryDao.selectList - ==>  Preparing: SELECT create_time,shop_category_id,shop_category_desc,shop_category_name,shop_category_img,last_edit_time,priority,parent_id FROM tb_shop_category WHERE (parent_id IS NULL) ORDER BY priority DESC 
2019-11-02 16:21:27.060 [http-nio-8081-exec-2] DEBUG com.dyl.o2o.dao.ShopCategoryDao.selectList - ==> Parameters: 
2019-11-02 16:21:27.062 [http-nio-8081-exec-2] DEBUG com.dyl.o2o.dao.ShopCategoryDao.selectList - <==      Total: 6
2019-11-02 16:21:27.063 [http-nio-8081-exec-2] DEBUG com.dyl.o2o.dao.AreaDao.selectList - ==>  Preparing: SELECT area_id,create_time,area_name,last_edit_time,priority FROM tb_area ORDER BY priority DESC 
2019-11-02 16:21:27.064 [http-nio-8081-exec-2] DEBUG com.dyl.o2o.dao.AreaDao.selectList - ==> Parameters: 
2019-11-02 16:21:27.085 [http-nio-8081-exec-2] DEBUG com.dyl.o2o.dao.AreaDao.selectList - <==      Total: 2
2019-11-02 16:21:38.619 [http-nio-8081-exec-5] DEBUG com.dyl.o2o.dao.ShopCategoryDao.selectList - ==>  Preparing: SELECT create_time,shop_category_id,shop_category_desc,shop_category_name,shop_category_img,last_edit_time,priority,parent_id FROM tb_shop_category WHERE (parent_id IS NULL) ORDER BY priority DESC 
2019-11-02 16:21:38.619 [http-nio-8081-exec-5] DEBUG com.dyl.o2o.dao.ShopCategoryDao.selectList - ==> Parameters: 
2019-11-02 16:21:38.621 [http-nio-8081-exec-5] DEBUG com.dyl.o2o.dao.ShopCategoryDao.selectList - <==      Total: 6
2019-11-02 16:21:38.622 [http-nio-8081-exec-5] DEBUG com.dyl.o2o.dao.AreaDao.selectList - ==>  Preparing: SELECT area_id,create_time,area_name,last_edit_time,priority FROM tb_area ORDER BY priority DESC 
2019-11-02 16:21:38.623 [http-nio-8081-exec-5] DEBUG com.dyl.o2o.dao.AreaDao.selectList - ==> Parameters: 
2019-11-02 16:21:38.624 [http-nio-8081-exec-5] DEBUG com.dyl.o2o.dao.AreaDao.selectList - <==      Total: 2
2019-11-02 16:22:02.893 [http-nio-8081-exec-7] DEBUG com.dyl.o2o.dao.ShopCategoryDao.selectList - ==>  Preparing: SELECT create_time,shop_category_id,shop_category_desc,shop_category_name,shop_category_img,last_edit_time,priority,parent_id FROM tb_shop_category WHERE (parent_id IS NULL) ORDER BY priority DESC 
2019-11-02 16:22:02.894 [http-nio-8081-exec-7] DEBUG com.dyl.o2o.dao.ShopCategoryDao.selectList - ==> Parameters: 
2019-11-02 16:22:02.895 [http-nio-8081-exec-7] DEBUG com.dyl.o2o.dao.ShopCategoryDao.selectList - <==      Total: 6
2019-11-02 16:22:02.896 [http-nio-8081-exec-7] DEBUG com.dyl.o2o.dao.AreaDao.selectList - ==>  Preparing: SELECT area_id,create_time,area_name,last_edit_time,priority FROM tb_area ORDER BY priority DESC 
2019-11-02 16:22:02.896 [http-nio-8081-exec-7] DEBUG com.dyl.o2o.dao.AreaDao.selectList - ==> Parameters: 
2019-11-02 16:22:02.897 [http-nio-8081-exec-7] DEBUG com.dyl.o2o.dao.AreaDao.selectList - <==      Total: 2
2019-11-02 16:23:09.058 [http-nio-8081-exec-3] DEBUG com.dyl.o2o.dao.ShopCategoryDao.selectList - ==>  Preparing: SELECT create_time,shop_category_id,shop_category_desc,shop_category_name,shop_category_img,last_edit_time,priority,parent_id FROM tb_shop_category WHERE (parent_id IS NULL) ORDER BY priority DESC 
2019-11-02 16:23:09.058 [http-nio-8081-exec-3] DEBUG com.dyl.o2o.dao.ShopCategoryDao.selectList - ==> Parameters: 
2019-11-02 16:23:09.061 [http-nio-8081-exec-3] DEBUG com.dyl.o2o.dao.ShopCategoryDao.selectList - <==      Total: 6
2019-11-02 16:23:09.062 [http-nio-8081-exec-3] DEBUG com.dyl.o2o.dao.AreaDao.selectList - ==>  Preparing: SELECT area_id,create_time,area_name,last_edit_time,priority FROM tb_area ORDER BY priority DESC 
2019-11-02 16:23:09.062 [http-nio-8081-exec-3] DEBUG com.dyl.o2o.dao.AreaDao.selectList - ==> Parameters: 
2019-11-02 16:23:09.063 [http-nio-8081-exec-3] DEBUG com.dyl.o2o.dao.AreaDao.selectList - <==      Total: 2
2019-11-02 16:27:16.869 [http-nio-8081-exec-7] DEBUG com.dyl.o2o.dao.ShopCategoryDao.selectList - ==>  Preparing: SELECT create_time,shop_category_id,shop_category_desc,shop_category_name,shop_category_img,last_edit_time,priority,parent_id FROM tb_shop_category WHERE (parent_id IS NULL) ORDER BY priority DESC 
2019-11-02 16:27:16.870 [http-nio-8081-exec-7] DEBUG com.dyl.o2o.dao.ShopCategoryDao.selectList - ==> Parameters: 
2019-11-02 16:27:16.871 [http-nio-8081-exec-7] DEBUG com.dyl.o2o.dao.ShopCategoryDao.selectList - <==      Total: 6
2019-11-02 16:27:16.872 [http-nio-8081-exec-7] DEBUG com.dyl.o2o.dao.AreaDao.selectList - ==>  Preparing: SELECT area_id,create_time,area_name,last_edit_time,priority FROM tb_area ORDER BY priority DESC 
2019-11-02 16:27:16.872 [http-nio-8081-exec-7] DEBUG com.dyl.o2o.dao.AreaDao.selectList - ==> Parameters: 
2019-11-02 16:27:16.873 [http-nio-8081-exec-7] DEBUG com.dyl.o2o.dao.AreaDao.selectList - <==      Total: 2
2019-11-02 16:28:28.249 [http-nio-8081-exec-3] DEBUG com.dyl.o2o.dao.ShopCategoryDao.selectList - ==>  Preparing: SELECT create_time,shop_category_id,shop_category_desc,shop_category_name,shop_category_img,last_edit_time,priority,parent_id FROM tb_shop_category WHERE (parent_id IS NULL) ORDER BY priority DESC 
2019-11-02 16:28:28.249 [http-nio-8081-exec-3] DEBUG com.dyl.o2o.dao.ShopCategoryDao.selectList - ==> Parameters: 
2019-11-02 16:28:28.250 [http-nio-8081-exec-3] DEBUG com.dyl.o2o.dao.ShopCategoryDao.selectList - <==      Total: 6
2019-11-02 16:28:28.251 [http-nio-8081-exec-3] DEBUG com.dyl.o2o.dao.AreaDao.selectList - ==>  Preparing: SELECT area_id,create_time,area_name,last_edit_time,priority FROM tb_area ORDER BY priority DESC 
2019-11-02 16:28:28.251 [http-nio-8081-exec-3] DEBUG com.dyl.o2o.dao.AreaDao.selectList - ==> Parameters: 
2019-11-02 16:28:28.252 [http-nio-8081-exec-3] DEBUG com.dyl.o2o.dao.AreaDao.selectList - <==      Total: 2
2019-11-02 16:28:48.336 [http-nio-8081-exec-6] DEBUG com.dyl.o2o.dao.ShopCategoryDao.selectList - ==>  Preparing: SELECT create_time,shop_category_id,shop_category_desc,shop_category_name,shop_category_img,last_edit_time,priority,parent_id FROM tb_shop_category WHERE (parent_id IS NULL) ORDER BY priority DESC 
2019-11-02 16:28:48.336 [http-nio-8081-exec-6] DEBUG com.dyl.o2o.dao.ShopCategoryDao.selectList - ==> Parameters: 
2019-11-02 16:28:48.337 [http-nio-8081-exec-6] DEBUG com.dyl.o2o.dao.ShopCategoryDao.selectList - <==      Total: 6
2019-11-02 16:28:48.338 [http-nio-8081-exec-6] DEBUG com.dyl.o2o.dao.AreaDao.selectList - ==>  Preparing: SELECT area_id,create_time,area_name,last_edit_time,priority FROM tb_area ORDER BY priority DESC 
2019-11-02 16:28:48.339 [http-nio-8081-exec-6] DEBUG com.dyl.o2o.dao.AreaDao.selectList - ==> Parameters: 
2019-11-02 16:28:48.339 [http-nio-8081-exec-6] DEBUG com.dyl.o2o.dao.AreaDao.selectList - <==      Total: 2
2019-11-02 16:29:30.617 [http-nio-8081-exec-10] DEBUG com.dyl.o2o.dao.ShopCategoryDao.selectList - ==>  Preparing: SELECT create_time,shop_category_id,shop_category_desc,shop_category_name,shop_category_img,last_edit_time,priority,parent_id FROM tb_shop_category WHERE (parent_id IS NULL) ORDER BY priority DESC 
2019-11-02 16:29:30.617 [http-nio-8081-exec-10] DEBUG com.dyl.o2o.dao.ShopCategoryDao.selectList - ==> Parameters: 
2019-11-02 16:29:30.618 [http-nio-8081-exec-10] DEBUG com.dyl.o2o.dao.ShopCategoryDao.selectList - <==      Total: 6
2019-11-02 16:29:30.619 [http-nio-8081-exec-10] DEBUG com.dyl.o2o.dao.AreaDao.selectList - ==>  Preparing: SELECT area_id,create_time,area_name,last_edit_time,priority FROM tb_area ORDER BY priority DESC 
2019-11-02 16:29:30.620 [http-nio-8081-exec-10] DEBUG com.dyl.o2o.dao.AreaDao.selectList - ==> Parameters: 
2019-11-02 16:29:30.620 [http-nio-8081-exec-10] DEBUG com.dyl.o2o.dao.AreaDao.selectList - <==      Total: 2
2019-11-02 16:32:25.562 [http-nio-8081-exec-4] DEBUG com.dyl.o2o.dao.ShopCategoryDao.selectList - ==>  Preparing: SELECT create_time,shop_category_id,shop_category_desc,shop_category_name,shop_category_img,last_edit_time,priority,parent_id FROM tb_shop_category WHERE (parent_id IS NULL) ORDER BY priority DESC 
2019-11-02 16:32:25.563 [http-nio-8081-exec-4] DEBUG com.dyl.o2o.dao.ShopCategoryDao.selectList - ==> Parameters: 
2019-11-02 16:32:25.564 [http-nio-8081-exec-4] DEBUG com.dyl.o2o.dao.ShopCategoryDao.selectList - <==      Total: 6
2019-11-02 16:32:25.565 [http-nio-8081-exec-4] DEBUG com.dyl.o2o.dao.AreaDao.selectList - ==>  Preparing: SELECT area_id,create_time,area_name,last_edit_time,priority FROM tb_area ORDER BY priority DESC 
2019-11-02 16:32:25.565 [http-nio-8081-exec-4] DEBUG com.dyl.o2o.dao.AreaDao.selectList - ==> Parameters: 
2019-11-02 16:32:25.567 [http-nio-8081-exec-4] DEBUG com.dyl.o2o.dao.AreaDao.selectList - <==      Total: 2
2019-11-02 16:32:44.861 [http-nio-8081-exec-3] DEBUG com.dyl.o2o.dao.ShopCategoryDao.selectList - ==>  Preparing: SELECT create_time,shop_category_id,shop_category_desc,shop_category_name,shop_category_img,last_edit_time,priority,parent_id FROM tb_shop_category WHERE (parent_id IS NULL) ORDER BY priority DESC 
2019-11-02 16:32:44.886 [http-nio-8081-exec-3] DEBUG com.dyl.o2o.dao.ShopCategoryDao.selectList - ==> Parameters: 
2019-11-02 16:32:44.914 [http-nio-8081-exec-3] DEBUG com.dyl.o2o.dao.ShopCategoryDao.selectList - <==      Total: 6
2019-11-02 16:32:44.918 [http-nio-8081-exec-3] DEBUG com.dyl.o2o.dao.AreaDao.selectList - ==>  Preparing: SELECT area_id,create_time,area_name,last_edit_time,priority FROM tb_area ORDER BY priority DESC 
2019-11-02 16:32:44.919 [http-nio-8081-exec-3] DEBUG com.dyl.o2o.dao.AreaDao.selectList - ==> Parameters: 
2019-11-02 16:32:44.921 [http-nio-8081-exec-3] DEBUG com.dyl.o2o.dao.AreaDao.selectList - <==      Total: 2
2019-11-02 16:33:18.476 [http-nio-8081-exec-7] DEBUG com.dyl.o2o.dao.ShopCategoryDao.selectList - ==>  Preparing: SELECT create_time,shop_category_id,shop_category_desc,shop_category_name,shop_category_img,last_edit_time,priority,parent_id FROM tb_shop_category WHERE (parent_id IS NULL) ORDER BY priority DESC 
2019-11-02 16:33:18.477 [http-nio-8081-exec-7] DEBUG com.dyl.o2o.dao.ShopCategoryDao.selectList - ==> Parameters: 
2019-11-02 16:33:18.480 [http-nio-8081-exec-7] DEBUG com.dyl.o2o.dao.ShopCategoryDao.selectList - <==      Total: 6
2019-11-02 16:33:18.482 [http-nio-8081-exec-7] DEBUG com.dyl.o2o.dao.AreaDao.selectList - ==>  Preparing: SELECT area_id,create_time,area_name,last_edit_time,priority FROM tb_area ORDER BY priority DESC 
2019-11-02 16:33:18.482 [http-nio-8081-exec-7] DEBUG com.dyl.o2o.dao.AreaDao.selectList - ==> Parameters: 
2019-11-02 16:33:18.483 [http-nio-8081-exec-7] DEBUG com.dyl.o2o.dao.AreaDao.selectList - <==      Total: 2
2019-11-02 16:35:20.544 [http-nio-8081-exec-2] DEBUG com.dyl.o2o.dao.ShopCategoryDao.selectList - ==>  Preparing: SELECT create_time,shop_category_id,shop_category_desc,shop_category_name,shop_category_img,last_edit_time,priority,parent_id FROM tb_shop_category WHERE (parent_id IS NULL) ORDER BY priority DESC 
2019-11-02 16:35:20.544 [http-nio-8081-exec-2] DEBUG com.dyl.o2o.dao.ShopCategoryDao.selectList - ==> Parameters: 
2019-11-02 16:35:20.549 [http-nio-8081-exec-2] DEBUG com.dyl.o2o.dao.ShopCategoryDao.selectList - <==      Total: 6
2019-11-02 16:35:20.550 [http-nio-8081-exec-2] DEBUG com.dyl.o2o.dao.AreaDao.selectList - ==>  Preparing: SELECT area_id,create_time,area_name,last_edit_time,priority FROM tb_area ORDER BY priority DESC 
2019-11-02 16:35:20.551 [http-nio-8081-exec-2] DEBUG com.dyl.o2o.dao.AreaDao.selectList - ==> Parameters: 
2019-11-02 16:35:20.552 [http-nio-8081-exec-2] DEBUG com.dyl.o2o.dao.AreaDao.selectList - <==      Total: 2
2019-11-02 16:35:54.011 [http-nio-8081-exec-6] DEBUG com.dyl.o2o.dao.ShopCategoryDao.selectList - ==>  Preparing: SELECT create_time,shop_category_id,shop_category_desc,shop_category_name,shop_category_img,last_edit_time,priority,parent_id FROM tb_shop_category WHERE (parent_id IS NULL) ORDER BY priority DESC 
2019-11-02 16:35:54.011 [http-nio-8081-exec-6] DEBUG com.dyl.o2o.dao.ShopCategoryDao.selectList - ==> Parameters: 
2019-11-02 16:35:54.013 [http-nio-8081-exec-6] DEBUG com.dyl.o2o.dao.ShopCategoryDao.selectList - <==      Total: 6
2019-11-02 16:35:54.014 [http-nio-8081-exec-6] DEBUG com.dyl.o2o.dao.AreaDao.selectList - ==>  Preparing: SELECT area_id,create_time,area_name,last_edit_time,priority FROM tb_area ORDER BY priority DESC 
2019-11-02 16:35:54.014 [http-nio-8081-exec-6] DEBUG com.dyl.o2o.dao.AreaDao.selectList - ==> Parameters: 
2019-11-02 16:35:54.015 [http-nio-8081-exec-6] DEBUG com.dyl.o2o.dao.AreaDao.selectList - <==      Total: 2
2019-11-02 16:36:00.693 [http-nio-8081-exec-9] DEBUG com.dyl.o2o.dao.ShopCategoryDao.selectList - ==>  Preparing: SELECT create_time,shop_category_id,shop_category_desc,shop_category_name,shop_category_img,last_edit_time,priority,parent_id FROM tb_shop_category WHERE (parent_id IS NULL) ORDER BY priority DESC 
2019-11-02 16:36:00.693 [http-nio-8081-exec-9] DEBUG com.dyl.o2o.dao.ShopCategoryDao.selectList - ==> Parameters: 
2019-11-02 16:36:00.696 [http-nio-8081-exec-9] DEBUG com.dyl.o2o.dao.ShopCategoryDao.selectList - <==      Total: 6
2019-11-02 16:36:00.696 [http-nio-8081-exec-9] DEBUG com.dyl.o2o.dao.AreaDao.selectList - ==>  Preparing: SELECT area_id,create_time,area_name,last_edit_time,priority FROM tb_area ORDER BY priority DESC 
2019-11-02 16:36:00.696 [http-nio-8081-exec-9] DEBUG com.dyl.o2o.dao.AreaDao.selectList - ==> Parameters: 
2019-11-02 16:36:00.697 [http-nio-8081-exec-9] DEBUG com.dyl.o2o.dao.AreaDao.selectList - <==      Total: 2
2019-11-02 16:37:17.415 [http-nio-8081-exec-4] DEBUG com.dyl.o2o.dao.ShopCategoryDao.selectList - ==>  Preparing: SELECT create_time,shop_category_id,shop_category_desc,shop_category_name,shop_category_img,last_edit_time,priority,parent_id FROM tb_shop_category WHERE (parent_id IS NULL) ORDER BY priority DESC 
2019-11-02 16:37:17.415 [http-nio-8081-exec-4] DEBUG com.dyl.o2o.dao.ShopCategoryDao.selectList - ==> Parameters: 
2019-11-02 16:37:17.417 [http-nio-8081-exec-4] DEBUG com.dyl.o2o.dao.ShopCategoryDao.selectList - <==      Total: 6
2019-11-02 16:37:17.418 [http-nio-8081-exec-4] DEBUG com.dyl.o2o.dao.AreaDao.selectList - ==>  Preparing: SELECT area_id,create_time,area_name,last_edit_time,priority FROM tb_area ORDER BY priority DESC 
2019-11-02 16:37:17.418 [http-nio-8081-exec-4] DEBUG com.dyl.o2o.dao.AreaDao.selectList - ==> Parameters: 
2019-11-02 16:37:17.420 [http-nio-8081-exec-4] DEBUG com.dyl.o2o.dao.AreaDao.selectList - <==      Total: 2
2019-11-02 16:47:56.988 [http-nio-8081-exec-9] DEBUG com.dyl.o2o.dao.ShopCategoryDao.selectList - ==>  Preparing: SELECT create_time,shop_category_id,shop_category_desc,shop_category_name,shop_category_img,last_edit_time,priority,parent_id FROM tb_shop_category WHERE (parent_id IS NULL) ORDER BY priority DESC 
2019-11-02 16:47:56.988 [http-nio-8081-exec-9] DEBUG com.dyl.o2o.dao.ShopCategoryDao.selectList - ==> Parameters: 
2019-11-02 16:47:56.990 [http-nio-8081-exec-9] DEBUG com.dyl.o2o.dao.ShopCategoryDao.selectList - <==      Total: 6
2019-11-02 16:47:56.991 [http-nio-8081-exec-9] DEBUG com.dyl.o2o.dao.AreaDao.selectList - ==>  Preparing: SELECT area_id,create_time,area_name,last_edit_time,priority FROM tb_area ORDER BY priority DESC 
2019-11-02 16:47:56.991 [http-nio-8081-exec-9] DEBUG com.dyl.o2o.dao.AreaDao.selectList - ==> Parameters: 
2019-11-02 16:47:56.992 [http-nio-8081-exec-9] DEBUG com.dyl.o2o.dao.AreaDao.selectList - <==      Total: 2
2019-11-02 16:47:57.315 [http-nio-8081-exec-2] DEBUG com.dyl.o2o.dao.ShopCategoryDao.selectList - ==>  Preparing: SELECT create_time,shop_category_id,shop_category_desc,shop_category_name,shop_category_img,last_edit_time,priority,parent_id FROM tb_shop_category WHERE (parent_id IS NULL) ORDER BY priority DESC 
2019-11-02 16:47:57.315 [http-nio-8081-exec-2] DEBUG com.dyl.o2o.dao.ShopCategoryDao.selectList - ==> Parameters: 
2019-11-02 16:47:57.318 [http-nio-8081-exec-2] DEBUG com.dyl.o2o.dao.ShopCategoryDao.selectList - <==      Total: 6
2019-11-02 16:47:57.320 [http-nio-8081-exec-2] DEBUG com.dyl.o2o.dao.AreaDao.selectList - ==>  Preparing: SELECT area_id,create_time,area_name,last_edit_time,priority FROM tb_area ORDER BY priority DESC 
2019-11-02 16:47:57.321 [http-nio-8081-exec-2] DEBUG com.dyl.o2o.dao.AreaDao.selectList - ==> Parameters: 
2019-11-02 16:47:57.324 [http-nio-8081-exec-2] DEBUG com.dyl.o2o.dao.AreaDao.selectList - <==      Total: 2
2019-11-02 19:37:31.008 [http-nio-8081-exec-4] DEBUG com.dyl.o2o.dao.ShopCategoryDao.selectList - ==>  Preparing: SELECT create_time,shop_category_id,shop_category_desc,shop_category_name,shop_category_img,last_edit_time,priority,parent_id FROM tb_shop_category WHERE (parent_id IS NULL) ORDER BY priority DESC 
2019-11-02 19:37:31.027 [http-nio-8081-exec-4] DEBUG com.dyl.o2o.dao.ShopCategoryDao.selectList - ==> Parameters: 
2019-11-02 19:37:31.052 [http-nio-8081-exec-4] DEBUG com.dyl.o2o.dao.ShopCategoryDao.selectList - <==      Total: 6
2019-11-02 19:37:31.055 [http-nio-8081-exec-4] DEBUG com.dyl.o2o.dao.AreaDao.selectList - ==>  Preparing: SELECT area_id,create_time,area_name,last_edit_time,priority FROM tb_area ORDER BY priority DESC 
2019-11-02 19:37:31.056 [http-nio-8081-exec-4] DEBUG com.dyl.o2o.dao.AreaDao.selectList - ==> Parameters: 
2019-11-02 19:37:31.058 [http-nio-8081-exec-4] DEBUG com.dyl.o2o.dao.AreaDao.selectList - <==      Total: 2
2019-11-02 19:37:56.986 [http-nio-8081-exec-8] DEBUG com.dyl.o2o.dao.ShopCategoryDao.selectList - ==>  Preparing: SELECT create_time,shop_category_id,shop_category_desc,shop_category_name,shop_category_img,last_edit_time,priority,parent_id FROM tb_shop_category WHERE (parent_id IS NULL) ORDER BY priority DESC 
2019-11-02 19:37:56.987 [http-nio-8081-exec-8] DEBUG com.dyl.o2o.dao.ShopCategoryDao.selectList - ==> Parameters: 
2019-11-02 19:37:56.990 [http-nio-8081-exec-8] DEBUG com.dyl.o2o.dao.ShopCategoryDao.selectList - <==      Total: 6
2019-11-02 19:37:56.991 [http-nio-8081-exec-8] DEBUG com.dyl.o2o.dao.AreaDao.selectList - ==>  Preparing: SELECT area_id,create_time,area_name,last_edit_time,priority FROM tb_area ORDER BY priority DESC 
2019-11-02 19:37:56.992 [http-nio-8081-exec-8] DEBUG com.dyl.o2o.dao.AreaDao.selectList - ==> Parameters: 
2019-11-02 19:37:56.994 [http-nio-8081-exec-8] DEBUG com.dyl.o2o.dao.AreaDao.selectList - <==      Total: 2
2019-11-02 19:38:42.237 [http-nio-8081-exec-3] DEBUG com.dyl.o2o.dao.ShopCategoryDao.selectList - ==>  Preparing: SELECT create_time,shop_category_id,shop_category_desc,shop_category_name,shop_category_img,last_edit_time,priority,parent_id FROM tb_shop_category WHERE (parent_id IS NULL) ORDER BY priority DESC 
2019-11-02 19:38:42.237 [http-nio-8081-exec-3] DEBUG com.dyl.o2o.dao.ShopCategoryDao.selectList - ==> Parameters: 
2019-11-02 19:38:42.241 [http-nio-8081-exec-3] DEBUG com.dyl.o2o.dao.ShopCategoryDao.selectList - <==      Total: 6
2019-11-02 19:38:42.242 [http-nio-8081-exec-3] DEBUG com.dyl.o2o.dao.AreaDao.selectList - ==>  Preparing: SELECT area_id,create_time,area_name,last_edit_time,priority FROM tb_area ORDER BY priority DESC 
2019-11-02 19:38:42.243 [http-nio-8081-exec-3] DEBUG com.dyl.o2o.dao.AreaDao.selectList - ==> Parameters: 
2019-11-02 19:38:42.244 [http-nio-8081-exec-3] DEBUG com.dyl.o2o.dao.AreaDao.selectList - <==      Total: 2
2019-11-02 19:40:43.947 [http-nio-8081-exec-4] DEBUG com.dyl.o2o.dao.ShopCategoryDao.selectList - ==>  Preparing: SELECT create_time,shop_category_id,shop_category_desc,shop_category_name,shop_category_img,last_edit_time,priority,parent_id FROM tb_shop_category WHERE (parent_id IS NULL) ORDER BY priority DESC 
2019-11-02 19:40:43.948 [http-nio-8081-exec-4] DEBUG com.dyl.o2o.dao.ShopCategoryDao.selectList - ==> Parameters: 
2019-11-02 19:40:43.950 [http-nio-8081-exec-4] DEBUG com.dyl.o2o.dao.ShopCategoryDao.selectList - <==      Total: 6
2019-11-02 19:40:43.951 [http-nio-8081-exec-4] DEBUG com.dyl.o2o.dao.AreaDao.selectList - ==>  Preparing: SELECT area_id,create_time,area_name,last_edit_time,priority FROM tb_area ORDER BY priority DESC 
2019-11-02 19:40:43.951 [http-nio-8081-exec-4] DEBUG com.dyl.o2o.dao.AreaDao.selectList - ==> Parameters: 
2019-11-02 19:40:43.952 [http-nio-8081-exec-4] DEBUG com.dyl.o2o.dao.AreaDao.selectList - <==      Total: 2
2019-11-02 19:42:30.583 [http-nio-8081-exec-7] DEBUG com.dyl.o2o.dao.ShopCategoryDao.selectList - ==>  Preparing: SELECT create_time,shop_category_id,shop_category_desc,shop_category_name,shop_category_img,last_edit_time,priority,parent_id FROM tb_shop_category WHERE (parent_id IS NULL) ORDER BY priority DESC 
2019-11-02 19:42:30.583 [http-nio-8081-exec-7] DEBUG com.dyl.o2o.dao.ShopCategoryDao.selectList - ==> Parameters: 
2019-11-02 19:42:30.585 [http-nio-8081-exec-7] DEBUG com.dyl.o2o.dao.ShopCategoryDao.selectList - <==      Total: 6
2019-11-02 19:42:30.586 [http-nio-8081-exec-7] DEBUG com.dyl.o2o.dao.AreaDao.selectList - ==>  Preparing: SELECT area_id,create_time,area_name,last_edit_time,priority FROM tb_area ORDER BY priority DESC 
2019-11-02 19:42:30.586 [http-nio-8081-exec-7] DEBUG com.dyl.o2o.dao.AreaDao.selectList - ==> Parameters: 
2019-11-02 19:42:30.588 [http-nio-8081-exec-7] DEBUG com.dyl.o2o.dao.AreaDao.selectList - <==      Total: 2
2019-11-02 19:44:12.225 [http-nio-8081-exec-4] DEBUG com.dyl.o2o.dao.ShopCategoryDao.selectList - ==>  Preparing: SELECT create_time,shop_category_id,shop_category_desc,shop_category_name,shop_category_img,last_edit_time,priority,parent_id FROM tb_shop_category WHERE (parent_id IS NULL) ORDER BY priority DESC 
2019-11-02 19:44:12.245 [http-nio-8081-exec-4] DEBUG com.dyl.o2o.dao.ShopCategoryDao.selectList - ==> Parameters: 
2019-11-02 19:44:12.271 [http-nio-8081-exec-4] DEBUG com.dyl.o2o.dao.ShopCategoryDao.selectList - <==      Total: 6
2019-11-02 19:44:12.274 [http-nio-8081-exec-4] DEBUG com.dyl.o2o.dao.AreaDao.selectList - ==>  Preparing: SELECT area_id,create_time,area_name,last_edit_time,priority FROM tb_area ORDER BY priority DESC 
2019-11-02 19:44:12.275 [http-nio-8081-exec-4] DEBUG com.dyl.o2o.dao.AreaDao.selectList - ==> Parameters: 
2019-11-02 19:44:12.276 [http-nio-8081-exec-4] DEBUG com.dyl.o2o.dao.AreaDao.selectList - <==      Total: 2
2019-11-02 19:45:52.891 [http-nio-8081-exec-4] DEBUG com.dyl.o2o.dao.ShopCategoryDao.selectList - ==>  Preparing: SELECT create_time,shop_category_id,shop_category_desc,shop_category_name,shop_category_img,last_edit_time,priority,parent_id FROM tb_shop_category WHERE (parent_id IS NULL) ORDER BY priority DESC 
2019-11-02 19:45:52.912 [http-nio-8081-exec-4] DEBUG com.dyl.o2o.dao.ShopCategoryDao.selectList - ==> Parameters: 
2019-11-02 19:45:52.940 [http-nio-8081-exec-4] DEBUG com.dyl.o2o.dao.ShopCategoryDao.selectList - <==      Total: 6
2019-11-02 19:45:52.943 [http-nio-8081-exec-4] DEBUG com.dyl.o2o.dao.AreaDao.selectList - ==>  Preparing: SELECT area_id,create_time,area_name,last_edit_time,priority FROM tb_area ORDER BY priority DESC 
2019-11-02 19:45:52.944 [http-nio-8081-exec-4] DEBUG com.dyl.o2o.dao.AreaDao.selectList - ==> Parameters: 
2019-11-02 19:45:52.945 [http-nio-8081-exec-4] DEBUG com.dyl.o2o.dao.AreaDao.selectList - <==      Total: 2
2019-11-02 19:56:53.558 [http-nio-8081-exec-4] DEBUG com.dyl.o2o.dao.ShopCategoryDao.selectList - ==>  Preparing: SELECT create_time,shop_category_id,shop_category_desc,shop_category_name,shop_category_img,last_edit_time,priority,parent_id FROM tb_shop_category WHERE (parent_id IS NULL) ORDER BY priority DESC 
2019-11-02 19:56:53.577 [http-nio-8081-exec-4] DEBUG com.dyl.o2o.dao.ShopCategoryDao.selectList - ==> Parameters: 
2019-11-02 19:56:53.602 [http-nio-8081-exec-4] DEBUG com.dyl.o2o.dao.ShopCategoryDao.selectList - <==      Total: 6
2019-11-02 19:56:53.606 [http-nio-8081-exec-4] DEBUG com.dyl.o2o.dao.AreaDao.selectList - ==>  Preparing: SELECT area_id,create_time,area_name,last_edit_time,priority FROM tb_area ORDER BY priority DESC 
2019-11-02 19:56:53.606 [http-nio-8081-exec-4] DEBUG com.dyl.o2o.dao.AreaDao.selectList - ==> Parameters: 
2019-11-02 19:56:53.607 [http-nio-8081-exec-4] DEBUG com.dyl.o2o.dao.AreaDao.selectList - <==      Total: 2
2019-11-02 20:05:18.714 [http-nio-8081-exec-4] DEBUG com.dyl.o2o.dao.ShopCategoryDao.selectList - ==>  Preparing: SELECT create_time,shop_category_id,shop_category_desc,shop_category_name,shop_category_img,last_edit_time,priority,parent_id FROM tb_shop_category WHERE (parent_id IS NULL) ORDER BY priority DESC 
2019-11-02 20:05:18.737 [http-nio-8081-exec-4] DEBUG com.dyl.o2o.dao.ShopCategoryDao.selectList - ==> Parameters: 
2019-11-02 20:05:18.764 [http-nio-8081-exec-4] DEBUG com.dyl.o2o.dao.ShopCategoryDao.selectList - <==      Total: 6
2019-11-02 20:05:18.768 [http-nio-8081-exec-4] DEBUG com.dyl.o2o.dao.AreaDao.selectList - ==>  Preparing: SELECT area_id,create_time,area_name,last_edit_time,priority FROM tb_area ORDER BY priority DESC 
2019-11-02 20:05:18.768 [http-nio-8081-exec-4] DEBUG com.dyl.o2o.dao.AreaDao.selectList - ==> Parameters: 
2019-11-02 20:05:18.770 [http-nio-8081-exec-4] DEBUG com.dyl.o2o.dao.AreaDao.selectList - <==      Total: 2
2019-11-02 20:06:26.417 [http-nio-8081-exec-6] DEBUG com.dyl.o2o.dao.ShopCategoryDao.selectList - ==>  Preparing: SELECT create_time,shop_category_id,shop_category_desc,shop_category_name,shop_category_img,last_edit_time,priority,parent_id FROM tb_shop_category WHERE (parent_id IS NULL) ORDER BY priority DESC 
2019-11-02 20:06:26.418 [http-nio-8081-exec-6] DEBUG com.dyl.o2o.dao.ShopCategoryDao.selectList - ==> Parameters: 
2019-11-02 20:06:26.421 [http-nio-8081-exec-6] DEBUG com.dyl.o2o.dao.ShopCategoryDao.selectList - <==      Total: 6
2019-11-02 20:06:26.421 [http-nio-8081-exec-6] DEBUG com.dyl.o2o.dao.AreaDao.selectList - ==>  Preparing: SELECT area_id,create_time,area_name,last_edit_time,priority FROM tb_area ORDER BY priority DESC 
2019-11-02 20:06:26.422 [http-nio-8081-exec-6] DEBUG com.dyl.o2o.dao.AreaDao.selectList - ==> Parameters: 
2019-11-02 20:06:26.423 [http-nio-8081-exec-6] DEBUG com.dyl.o2o.dao.AreaDao.selectList - <==      Total: 2
2019-11-02 20:11:33.041 [http-nio-8081-exec-5] DEBUG com.dyl.o2o.dao.ShopCategoryDao.selectList - ==>  Preparing: SELECT create_time,shop_category_id,shop_category_desc,shop_category_name,shop_category_img,last_edit_time,priority,parent_id FROM tb_shop_category WHERE (parent_id IS NULL) ORDER BY priority DESC 
2019-11-02 20:11:33.060 [http-nio-8081-exec-5] DEBUG com.dyl.o2o.dao.ShopCategoryDao.selectList - ==> Parameters: 
2019-11-02 20:11:33.086 [http-nio-8081-exec-5] DEBUG com.dyl.o2o.dao.ShopCategoryDao.selectList - <==      Total: 6
2019-11-02 20:11:33.090 [http-nio-8081-exec-5] DEBUG com.dyl.o2o.dao.AreaDao.selectList - ==>  Preparing: SELECT area_id,create_time,area_name,last_edit_time,priority FROM tb_area ORDER BY priority DESC 
2019-11-02 20:11:33.090 [http-nio-8081-exec-5] DEBUG com.dyl.o2o.dao.AreaDao.selectList - ==> Parameters: 
2019-11-02 20:11:33.091 [http-nio-8081-exec-5] DEBUG com.dyl.o2o.dao.AreaDao.selectList - <==      Total: 2
2019-11-02 20:12:00.052 [http-nio-8081-exec-4] DEBUG com.dyl.o2o.dao.ShopCategoryDao.selectList - ==>  Preparing: SELECT create_time,shop_category_id,shop_category_desc,shop_category_name,shop_category_img,last_edit_time,priority,parent_id FROM tb_shop_category WHERE (parent_id IS NULL) ORDER BY priority DESC 
2019-11-02 20:12:00.077 [http-nio-8081-exec-4] DEBUG com.dyl.o2o.dao.ShopCategoryDao.selectList - ==> Parameters: 
2019-11-02 20:12:00.104 [http-nio-8081-exec-4] DEBUG com.dyl.o2o.dao.ShopCategoryDao.selectList - <==      Total: 6
2019-11-02 20:12:00.108 [http-nio-8081-exec-4] DEBUG com.dyl.o2o.dao.AreaDao.selectList - ==>  Preparing: SELECT area_id,create_time,area_name,last_edit_time,priority FROM tb_area ORDER BY priority DESC 
2019-11-02 20:12:00.108 [http-nio-8081-exec-4] DEBUG com.dyl.o2o.dao.AreaDao.selectList - ==> Parameters: 
2019-11-02 20:12:00.110 [http-nio-8081-exec-4] DEBUG com.dyl.o2o.dao.AreaDao.selectList - <==      Total: 2
2019-11-02 20:12:19.780 [http-nio-8081-exec-8] DEBUG com.dyl.o2o.dao.ShopCategoryDao.selectList - ==>  Preparing: SELECT create_time,shop_category_id,shop_category_desc,shop_category_name,shop_category_img,last_edit_time,priority,parent_id FROM tb_shop_category WHERE (parent_id IS NULL) ORDER BY priority DESC 
2019-11-02 20:12:19.781 [http-nio-8081-exec-8] DEBUG com.dyl.o2o.dao.ShopCategoryDao.selectList - ==> Parameters: 
2019-11-02 20:12:19.784 [http-nio-8081-exec-8] DEBUG com.dyl.o2o.dao.ShopCategoryDao.selectList - <==      Total: 6
2019-11-02 20:12:19.786 [http-nio-8081-exec-8] DEBUG com.dyl.o2o.dao.AreaDao.selectList - ==>  Preparing: SELECT area_id,create_time,area_name,last_edit_time,priority FROM tb_area ORDER BY priority DESC 
2019-11-02 20:12:19.786 [http-nio-8081-exec-8] DEBUG com.dyl.o2o.dao.AreaDao.selectList - ==> Parameters: 
2019-11-02 20:12:19.788 [http-nio-8081-exec-8] DEBUG com.dyl.o2o.dao.AreaDao.selectList - <==      Total: 2
2019-11-02 20:12:23.396 [http-nio-8081-exec-4] DEBUG com.dyl.o2o.dao.ShopCategoryDao.selectList - ==>  Preparing: SELECT create_time,shop_category_id,shop_category_desc,shop_category_name,shop_category_img,last_edit_time,priority,parent_id FROM tb_shop_category WHERE (parent_id IS NULL) ORDER BY priority DESC 
2019-11-02 20:12:23.396 [http-nio-8081-exec-4] DEBUG com.dyl.o2o.dao.ShopCategoryDao.selectList - ==> Parameters: 
2019-11-02 20:12:23.400 [http-nio-8081-exec-4] DEBUG com.dyl.o2o.dao.ShopCategoryDao.selectList - <==      Total: 6
2019-11-02 20:12:23.401 [http-nio-8081-exec-4] DEBUG com.dyl.o2o.dao.AreaDao.selectList - ==>  Preparing: SELECT area_id,create_time,area_name,last_edit_time,priority FROM tb_area ORDER BY priority DESC 
2019-11-02 20:12:23.402 [http-nio-8081-exec-4] DEBUG com.dyl.o2o.dao.AreaDao.selectList - ==> Parameters: 
2019-11-02 20:12:23.403 [http-nio-8081-exec-4] DEBUG com.dyl.o2o.dao.AreaDao.selectList - <==      Total: 2
2019-11-02 20:12:25.576 [http-nio-8081-exec-9] DEBUG com.dyl.o2o.dao.ShopCategoryDao.selectList - ==>  Preparing: SELECT create_time,shop_category_id,shop_category_desc,shop_category_name,shop_category_img,last_edit_time,priority,parent_id FROM tb_shop_category WHERE (parent_id IS NULL) ORDER BY priority DESC 
2019-11-02 20:12:25.577 [http-nio-8081-exec-9] DEBUG com.dyl.o2o.dao.ShopCategoryDao.selectList - ==> Parameters: 
2019-11-02 20:12:25.580 [http-nio-8081-exec-9] DEBUG com.dyl.o2o.dao.ShopCategoryDao.selectList - <==      Total: 6
2019-11-02 20:12:25.581 [http-nio-8081-exec-9] DEBUG com.dyl.o2o.dao.AreaDao.selectList - ==>  Preparing: SELECT area_id,create_time,area_name,last_edit_time,priority FROM tb_area ORDER BY priority DESC 
2019-11-02 20:12:25.581 [http-nio-8081-exec-9] DEBUG com.dyl.o2o.dao.AreaDao.selectList - ==> Parameters: 
2019-11-02 20:12:25.583 [http-nio-8081-exec-9] DEBUG com.dyl.o2o.dao.AreaDao.selectList - <==      Total: 2
2019-11-02 20:12:26.388 [http-nio-8081-exec-5] DEBUG com.dyl.o2o.dao.ShopCategoryDao.selectList - ==>  Preparing: SELECT create_time,shop_category_id,shop_category_desc,shop_category_name,shop_category_img,last_edit_time,priority,parent_id FROM tb_shop_category WHERE (parent_id IS NULL) ORDER BY priority DESC 
2019-11-02 20:12:26.388 [http-nio-8081-exec-5] DEBUG com.dyl.o2o.dao.ShopCategoryDao.selectList - ==> Parameters: 
2019-11-02 20:12:26.391 [http-nio-8081-exec-5] DEBUG com.dyl.o2o.dao.ShopCategoryDao.selectList - <==      Total: 6
2019-11-02 20:12:26.392 [http-nio-8081-exec-5] DEBUG com.dyl.o2o.dao.AreaDao.selectList - ==>  Preparing: SELECT area_id,create_time,area_name,last_edit_time,priority FROM tb_area ORDER BY priority DESC 
2019-11-02 20:12:26.392 [http-nio-8081-exec-5] DEBUG com.dyl.o2o.dao.AreaDao.selectList - ==> Parameters: 
2019-11-02 20:12:26.393 [http-nio-8081-exec-5] DEBUG com.dyl.o2o.dao.AreaDao.selectList - <==      Total: 2
2019-11-02 20:13:10.716 [http-nio-8081-exec-2] DEBUG com.dyl.o2o.dao.ShopCategoryDao.selectList - ==>  Preparing: SELECT create_time,shop_category_id,shop_category_desc,shop_category_name,shop_category_img,last_edit_time,priority,parent_id FROM tb_shop_category WHERE (parent_id IS NULL) ORDER BY priority DESC 
2019-11-02 20:13:10.717 [http-nio-8081-exec-2] DEBUG com.dyl.o2o.dao.ShopCategoryDao.selectList - ==> Parameters: 
2019-11-02 20:13:10.719 [http-nio-8081-exec-2] DEBUG com.dyl.o2o.dao.ShopCategoryDao.selectList - <==      Total: 6
2019-11-02 20:13:10.720 [http-nio-8081-exec-2] DEBUG com.dyl.o2o.dao.AreaDao.selectList - ==>  Preparing: SELECT area_id,create_time,area_name,last_edit_time,priority FROM tb_area ORDER BY priority DESC 
2019-11-02 20:13:10.720 [http-nio-8081-exec-2] DEBUG com.dyl.o2o.dao.AreaDao.selectList - ==> Parameters: 
2019-11-02 20:13:10.721 [http-nio-8081-exec-2] DEBUG com.dyl.o2o.dao.AreaDao.selectList - <==      Total: 2
2019-11-02 20:13:36.911 [http-nio-8081-exec-10] DEBUG com.dyl.o2o.dao.ShopCategoryDao.selectList - ==>  Preparing: SELECT create_time,shop_category_id,shop_category_desc,shop_category_name,shop_category_img,last_edit_time,priority,parent_id FROM tb_shop_category WHERE (parent_id IS NULL) ORDER BY priority DESC 
2019-11-02 20:13:36.912 [http-nio-8081-exec-10] DEBUG com.dyl.o2o.dao.ShopCategoryDao.selectList - ==> Parameters: 
2019-11-02 20:13:36.913 [http-nio-8081-exec-10] DEBUG com.dyl.o2o.dao.ShopCategoryDao.selectList - <==      Total: 6
2019-11-02 20:13:36.914 [http-nio-8081-exec-10] DEBUG com.dyl.o2o.dao.AreaDao.selectList - ==>  Preparing: SELECT area_id,create_time,area_name,last_edit_time,priority FROM tb_area ORDER BY priority DESC 
2019-11-02 20:13:36.914 [http-nio-8081-exec-10] DEBUG com.dyl.o2o.dao.AreaDao.selectList - ==> Parameters: 
2019-11-02 20:13:36.915 [http-nio-8081-exec-10] DEBUG com.dyl.o2o.dao.AreaDao.selectList - <==      Total: 2
2019-11-02 20:13:55.043 [http-nio-8081-exec-4] DEBUG com.dyl.o2o.dao.ShopCategoryDao.selectList - ==>  Preparing: SELECT create_time,shop_category_id,shop_category_desc,shop_category_name,shop_category_img,last_edit_time,priority,parent_id FROM tb_shop_category WHERE (parent_id IS NULL) ORDER BY priority DESC 
2019-11-02 20:13:55.063 [http-nio-8081-exec-4] DEBUG com.dyl.o2o.dao.ShopCategoryDao.selectList - ==> Parameters: 
2019-11-02 20:13:55.090 [http-nio-8081-exec-4] DEBUG com.dyl.o2o.dao.ShopCategoryDao.selectList - <==      Total: 6
2019-11-02 20:13:55.094 [http-nio-8081-exec-4] DEBUG com.dyl.o2o.dao.AreaDao.selectList - ==>  Preparing: SELECT area_id,create_time,area_name,last_edit_time,priority FROM tb_area ORDER BY priority DESC 
2019-11-02 20:13:55.095 [http-nio-8081-exec-4] DEBUG com.dyl.o2o.dao.AreaDao.selectList - ==> Parameters: 
2019-11-02 20:13:55.096 [http-nio-8081-exec-4] DEBUG com.dyl.o2o.dao.AreaDao.selectList - <==      Total: 2
2019-11-02 20:14:09.329 [http-nio-8081-exec-5] DEBUG com.dyl.o2o.dao.ShopCategoryDao.selectList - ==>  Preparing: SELECT create_time,shop_category_id,shop_category_desc,shop_category_name,shop_category_img,last_edit_time,priority,parent_id FROM tb_shop_category WHERE (parent_id IS NULL) ORDER BY priority DESC 
2019-11-02 20:14:09.347 [http-nio-8081-exec-5] DEBUG com.dyl.o2o.dao.ShopCategoryDao.selectList - ==> Parameters: 
2019-11-02 20:14:09.372 [http-nio-8081-exec-5] DEBUG com.dyl.o2o.dao.ShopCategoryDao.selectList - <==      Total: 6
2019-11-02 20:14:09.376 [http-nio-8081-exec-5] DEBUG com.dyl.o2o.dao.AreaDao.selectList - ==>  Preparing: SELECT area_id,create_time,area_name,last_edit_time,priority FROM tb_area ORDER BY priority DESC 
2019-11-02 20:14:09.376 [http-nio-8081-exec-5] DEBUG com.dyl.o2o.dao.AreaDao.selectList - ==> Parameters: 
2019-11-02 20:14:09.377 [http-nio-8081-exec-5] DEBUG com.dyl.o2o.dao.AreaDao.selectList - <==      Total: 2
2019-11-02 23:18:30.701 [http-nio-8081-exec-5] DEBUG com.dyl.o2o.dao.ShopCategoryDao.selectList - ==>  Preparing: SELECT create_time,shop_category_id,shop_category_desc,shop_category_name,shop_category_img,last_edit_time,priority,parent_id FROM tb_shop_category WHERE (parent_id IS NULL) ORDER BY priority DESC 
2019-11-02 23:18:30.946 [http-nio-8081-exec-5] DEBUG com.dyl.o2o.dao.ShopCategoryDao.selectList - ==> Parameters: 
2019-11-02 23:18:31.201 [http-nio-8081-exec-5] DEBUG com.dyl.o2o.dao.ShopCategoryDao.selectList - <==      Total: 6
2019-11-02 23:18:32.243 [http-nio-8081-exec-5] DEBUG com.dyl.o2o.dao.AreaDao.selectList - ==>  Preparing: SELECT area_id,create_time,area_name,last_edit_time,priority FROM tb_area ORDER BY priority DESC 
2019-11-02 23:18:32.244 [http-nio-8081-exec-5] DEBUG com.dyl.o2o.dao.AreaDao.selectList - ==> Parameters: 
2019-11-02 23:18:32.251 [http-nio-8081-exec-5] DEBUG com.dyl.o2o.dao.AreaDao.selectList - <==      Total: 2
2019-11-02 23:20:34.398 [http-nio-8081-exec-10] DEBUG com.dyl.o2o.dao.ShopCategoryDao.selectList - ==>  Preparing: SELECT create_time,shop_category_id,shop_category_desc,shop_category_name,shop_category_img,last_edit_time,priority,parent_id FROM tb_shop_category WHERE (parent_id IS NULL) ORDER BY priority DESC 
2019-11-02 23:20:34.398 [http-nio-8081-exec-10] DEBUG com.dyl.o2o.dao.ShopCategoryDao.selectList - ==> Parameters: 
2019-11-02 23:20:34.401 [http-nio-8081-exec-10] DEBUG com.dyl.o2o.dao.ShopCategoryDao.selectList - <==      Total: 6
2019-11-02 23:20:34.402 [http-nio-8081-exec-10] DEBUG com.dyl.o2o.dao.AreaDao.selectList - ==>  Preparing: SELECT area_id,create_time,area_name,last_edit_time,priority FROM tb_area ORDER BY priority DESC 
2019-11-02 23:20:34.402 [http-nio-8081-exec-10] DEBUG com.dyl.o2o.dao.AreaDao.selectList - ==> Parameters: 
2019-11-02 23:20:34.403 [http-nio-8081-exec-10] DEBUG com.dyl.o2o.dao.AreaDao.selectList - <==      Total: 2
2019-11-02 23:20:53.079 [http-nio-8081-exec-4] DEBUG com.dyl.o2o.dao.ShopCategoryDao.selectList - ==>  Preparing: SELECT create_time,shop_category_id,shop_category_desc,shop_category_name,shop_category_img,last_edit_time,priority,parent_id FROM tb_shop_category WHERE (parent_id IS NULL) ORDER BY priority DESC 
2019-11-02 23:20:53.079 [http-nio-8081-exec-4] DEBUG com.dyl.o2o.dao.ShopCategoryDao.selectList - ==> Parameters: 
2019-11-02 23:20:53.083 [http-nio-8081-exec-4] DEBUG com.dyl.o2o.dao.ShopCategoryDao.selectList - <==      Total: 6
2019-11-02 23:20:53.084 [http-nio-8081-exec-4] DEBUG com.dyl.o2o.dao.AreaDao.selectList - ==>  Preparing: SELECT area_id,create_time,area_name,last_edit_time,priority FROM tb_area ORDER BY priority DESC 
2019-11-02 23:20:53.084 [http-nio-8081-exec-4] DEBUG com.dyl.o2o.dao.AreaDao.selectList - ==> Parameters: 
2019-11-02 23:20:53.086 [http-nio-8081-exec-4] DEBUG com.dyl.o2o.dao.AreaDao.selectList - <==      Total: 2
2019-11-02 23:21:27.677 [http-nio-8081-exec-10] DEBUG com.dyl.o2o.dao.ShopCategoryDao.selectList - ==>  Preparing: SELECT create_time,shop_category_id,shop_category_desc,shop_category_name,shop_category_img,last_edit_time,priority,parent_id FROM tb_shop_category WHERE (parent_id IS NULL) ORDER BY priority DESC 
2019-11-02 23:21:27.678 [http-nio-8081-exec-10] DEBUG com.dyl.o2o.dao.ShopCategoryDao.selectList - ==> Parameters: 
2019-11-02 23:21:27.680 [http-nio-8081-exec-10] DEBUG com.dyl.o2o.dao.ShopCategoryDao.selectList - <==      Total: 6
2019-11-02 23:21:27.681 [http-nio-8081-exec-10] DEBUG com.dyl.o2o.dao.AreaDao.selectList - ==>  Preparing: SELECT area_id,create_time,area_name,last_edit_time,priority FROM tb_area ORDER BY priority DESC 
2019-11-02 23:21:27.681 [http-nio-8081-exec-10] DEBUG com.dyl.o2o.dao.AreaDao.selectList - ==> Parameters: 
2019-11-02 23:21:27.682 [http-nio-8081-exec-10] DEBUG com.dyl.o2o.dao.AreaDao.selectList - <==      Total: 2
2019-11-02 23:22:23.744 [http-nio-8081-exec-4] DEBUG com.dyl.o2o.dao.ShopCategoryDao.selectList - ==>  Preparing: SELECT create_time,shop_category_id,shop_category_desc,shop_category_name,shop_category_img,last_edit_time,priority,parent_id FROM tb_shop_category WHERE (parent_id IS NULL) ORDER BY priority DESC 
2019-11-02 23:22:23.744 [http-nio-8081-exec-4] DEBUG com.dyl.o2o.dao.ShopCategoryDao.selectList - ==> Parameters: 
2019-11-02 23:22:23.746 [http-nio-8081-exec-4] DEBUG com.dyl.o2o.dao.ShopCategoryDao.selectList - <==      Total: 6
2019-11-02 23:22:23.747 [http-nio-8081-exec-4] DEBUG com.dyl.o2o.dao.AreaDao.selectList - ==>  Preparing: SELECT area_id,create_time,area_name,last_edit_time,priority FROM tb_area ORDER BY priority DESC 
2019-11-02 23:22:23.747 [http-nio-8081-exec-4] DEBUG com.dyl.o2o.dao.AreaDao.selectList - ==> Parameters: 
2019-11-02 23:22:23.749 [http-nio-8081-exec-4] DEBUG com.dyl.o2o.dao.AreaDao.selectList - <==      Total: 2
2019-11-02 23:26:17.348 [http-nio-8081-exec-1] DEBUG com.dyl.o2o.dao.ShopCategoryDao.selectList - ==>  Preparing: SELECT create_time,shop_category_id,shop_category_desc,shop_category_name,shop_category_img,last_edit_time,priority,parent_id FROM tb_shop_category WHERE (parent_id IS NULL) ORDER BY priority DESC 
2019-11-02 23:26:17.349 [http-nio-8081-exec-1] DEBUG com.dyl.o2o.dao.ShopCategoryDao.selectList - ==> Parameters: 
2019-11-02 23:26:17.351 [http-nio-8081-exec-1] DEBUG com.dyl.o2o.dao.ShopCategoryDao.selectList - <==      Total: 6
2019-11-02 23:26:17.351 [http-nio-8081-exec-1] DEBUG com.dyl.o2o.dao.AreaDao.selectList - ==>  Preparing: SELECT area_id,create_time,area_name,last_edit_time,priority FROM tb_area ORDER BY priority DESC 
2019-11-02 23:26:17.352 [http-nio-8081-exec-1] DEBUG com.dyl.o2o.dao.AreaDao.selectList - ==> Parameters: 
2019-11-02 23:26:17.353 [http-nio-8081-exec-1] DEBUG com.dyl.o2o.dao.AreaDao.selectList - <==      Total: 2
2019-11-02 23:27:18.575 [http-nio-8081-exec-7] DEBUG com.dyl.o2o.dao.ShopCategoryDao.selectList - ==>  Preparing: SELECT create_time,shop_category_id,shop_category_desc,shop_category_name,shop_category_img,last_edit_time,priority,parent_id FROM tb_shop_category WHERE (parent_id IS NULL) ORDER BY priority DESC 
2019-11-02 23:27:18.576 [http-nio-8081-exec-7] DEBUG com.dyl.o2o.dao.ShopCategoryDao.selectList - ==> Parameters: 
2019-11-02 23:27:18.578 [http-nio-8081-exec-7] DEBUG com.dyl.o2o.dao.ShopCategoryDao.selectList - <==      Total: 6
2019-11-02 23:27:18.579 [http-nio-8081-exec-7] DEBUG com.dyl.o2o.dao.AreaDao.selectList - ==>  Preparing: SELECT area_id,create_time,area_name,last_edit_time,priority FROM tb_area ORDER BY priority DESC 
2019-11-02 23:27:18.579 [http-nio-8081-exec-7] DEBUG com.dyl.o2o.dao.AreaDao.selectList - ==> Parameters: 
2019-11-02 23:27:18.582 [http-nio-8081-exec-7] DEBUG com.dyl.o2o.dao.AreaDao.selectList - <==      Total: 2
2019-11-02 23:29:11.445 [http-nio-8081-exec-2] DEBUG com.dyl.o2o.dao.ShopCategoryDao.selectList - ==>  Preparing: SELECT create_time,shop_category_id,shop_category_desc,shop_category_name,shop_category_img,last_edit_time,priority,parent_id FROM tb_shop_category WHERE (parent_id IS NULL) ORDER BY priority DESC 
2019-11-02 23:29:11.446 [http-nio-8081-exec-2] DEBUG com.dyl.o2o.dao.ShopCategoryDao.selectList - ==> Parameters: 
2019-11-02 23:29:11.448 [http-nio-8081-exec-2] DEBUG com.dyl.o2o.dao.ShopCategoryDao.selectList - <==      Total: 6
2019-11-02 23:29:11.452 [http-nio-8081-exec-2] DEBUG com.dyl.o2o.dao.AreaDao.selectList - ==>  Preparing: SELECT area_id,create_time,area_name,last_edit_time,priority FROM tb_area ORDER BY priority DESC 
2019-11-02 23:29:11.452 [http-nio-8081-exec-2] DEBUG com.dyl.o2o.dao.AreaDao.selectList - ==> Parameters: 
2019-11-02 23:29:11.456 [http-nio-8081-exec-2] DEBUG com.dyl.o2o.dao.AreaDao.selectList - <==      Total: 2
2019-11-02 23:30:01.470 [http-nio-8081-exec-6] DEBUG com.dyl.o2o.dao.ShopCategoryDao.selectList - ==>  Preparing: SELECT create_time,shop_category_id,shop_category_desc,shop_category_name,shop_category_img,last_edit_time,priority,parent_id FROM tb_shop_category WHERE (parent_id IS NULL) ORDER BY priority DESC 
2019-11-02 23:30:01.488 [http-nio-8081-exec-6] DEBUG com.dyl.o2o.dao.ShopCategoryDao.selectList - ==> Parameters: 
2019-11-02 23:30:01.511 [http-nio-8081-exec-6] DEBUG com.dyl.o2o.dao.ShopCategoryDao.selectList - <==      Total: 6
2019-11-02 23:30:01.515 [http-nio-8081-exec-6] DEBUG com.dyl.o2o.dao.AreaDao.selectList - ==>  Preparing: SELECT area_id,create_time,area_name,last_edit_time,priority FROM tb_area ORDER BY priority DESC 
2019-11-02 23:30:01.515 [http-nio-8081-exec-6] DEBUG com.dyl.o2o.dao.AreaDao.selectList - ==> Parameters: 
2019-11-02 23:30:01.516 [http-nio-8081-exec-6] DEBUG com.dyl.o2o.dao.AreaDao.selectList - <==      Total: 2
2019-11-02 23:36:13.676 [http-nio-8081-exec-2] DEBUG com.dyl.o2o.dao.ShopCategoryDao.selectList - ==>  Preparing: SELECT create_time,shop_category_id,shop_category_desc,shop_category_name,shop_category_img,last_edit_time,priority,parent_id FROM tb_shop_category WHERE (parent_id IS NULL) ORDER BY priority DESC 
2019-11-02 23:36:13.676 [http-nio-8081-exec-2] DEBUG com.dyl.o2o.dao.ShopCategoryDao.selectList - ==> Parameters: 
2019-11-02 23:36:13.679 [http-nio-8081-exec-2] DEBUG com.dyl.o2o.dao.ShopCategoryDao.selectList - <==      Total: 6
2019-11-02 23:36:13.680 [http-nio-8081-exec-2] DEBUG com.dyl.o2o.dao.AreaDao.selectList - ==>  Preparing: SELECT area_id,create_time,area_name,last_edit_time,priority FROM tb_area ORDER BY priority DESC 
2019-11-02 23:36:13.681 [http-nio-8081-exec-2] DEBUG com.dyl.o2o.dao.AreaDao.selectList - ==> Parameters: 
2019-11-02 23:36:13.682 [http-nio-8081-exec-2] DEBUG com.dyl.o2o.dao.AreaDao.selectList - <==      Total: 2
2019-11-02 23:36:14.532 [http-nio-8081-exec-6] DEBUG com.dyl.o2o.dao.ShopCategoryDao.selectList - ==>  Preparing: SELECT create_time,shop_category_id,shop_category_desc,shop_category_name,shop_category_img,last_edit_time,priority,parent_id FROM tb_shop_category WHERE (parent_id IS NULL) ORDER BY priority DESC 
2019-11-02 23:36:14.533 [http-nio-8081-exec-6] DEBUG com.dyl.o2o.dao.ShopCategoryDao.selectList - ==> Parameters: 
2019-11-02 23:36:14.536 [http-nio-8081-exec-6] DEBUG com.dyl.o2o.dao.ShopCategoryDao.selectList - <==      Total: 6
2019-11-02 23:36:14.538 [http-nio-8081-exec-6] DEBUG com.dyl.o2o.dao.AreaDao.selectList - ==>  Preparing: SELECT area_id,create_time,area_name,last_edit_time,priority FROM tb_area ORDER BY priority DESC 
2019-11-02 23:36:14.538 [http-nio-8081-exec-6] DEBUG com.dyl.o2o.dao.AreaDao.selectList - ==> Parameters: 
2019-11-02 23:36:14.539 [http-nio-8081-exec-6] DEBUG com.dyl.o2o.dao.AreaDao.selectList - <==      Total: 2
2019-11-02 23:38:59.287 [http-nio-8081-exec-2] DEBUG com.dyl.o2o.dao.ShopCategoryDao.selectList - ==>  Preparing: SELECT create_time,shop_category_id,shop_category_desc,shop_category_name,shop_category_img,last_edit_time,priority,parent_id FROM tb_shop_category WHERE (parent_id IS NULL) ORDER BY priority DESC 
2019-11-02 23:38:59.287 [http-nio-8081-exec-2] DEBUG com.dyl.o2o.dao.ShopCategoryDao.selectList - ==> Parameters: 
2019-11-02 23:38:59.290 [http-nio-8081-exec-2] DEBUG com.dyl.o2o.dao.ShopCategoryDao.selectList - <==      Total: 6
2019-11-02 23:38:59.290 [http-nio-8081-exec-2] DEBUG com.dyl.o2o.dao.AreaDao.selectList - ==>  Preparing: SELECT area_id,create_time,area_name,last_edit_time,priority FROM tb_area ORDER BY priority DESC 
2019-11-02 23:38:59.291 [http-nio-8081-exec-2] DEBUG com.dyl.o2o.dao.AreaDao.selectList - ==> Parameters: 
2019-11-02 23:38:59.292 [http-nio-8081-exec-2] DEBUG com.dyl.o2o.dao.AreaDao.selectList - <==      Total: 2
2019-11-02 23:40:32.160 [http-nio-8081-exec-8] DEBUG com.dyl.o2o.dao.ShopCategoryDao.selectList - ==>  Preparing: SELECT create_time,shop_category_id,shop_category_desc,shop_category_name,shop_category_img,last_edit_time,priority,parent_id FROM tb_shop_category WHERE (parent_id IS NULL) ORDER BY priority DESC 
2019-11-02 23:40:32.161 [http-nio-8081-exec-8] DEBUG com.dyl.o2o.dao.ShopCategoryDao.selectList - ==> Parameters: 
2019-11-02 23:40:32.162 [http-nio-8081-exec-8] DEBUG com.dyl.o2o.dao.ShopCategoryDao.selectList - <==      Total: 6
2019-11-02 23:40:32.163 [http-nio-8081-exec-8] DEBUG com.dyl.o2o.dao.AreaDao.selectList - ==>  Preparing: SELECT area_id,create_time,area_name,last_edit_time,priority FROM tb_area ORDER BY priority DESC 
2019-11-02 23:40:32.164 [http-nio-8081-exec-8] DEBUG com.dyl.o2o.dao.AreaDao.selectList - ==> Parameters: 
2019-11-02 23:40:32.165 [http-nio-8081-exec-8] DEBUG com.dyl.o2o.dao.AreaDao.selectList - <==      Total: 2
2019-11-02 23:44:18.862 [http-nio-8081-exec-6] DEBUG com.dyl.o2o.dao.ShopCategoryDao.selectList - ==>  Preparing: SELECT create_time,shop_category_id,shop_category_desc,shop_category_name,shop_category_img,last_edit_time,priority,parent_id FROM tb_shop_category WHERE (parent_id IS NULL) ORDER BY priority DESC 
2019-11-02 23:44:18.862 [http-nio-8081-exec-6] DEBUG com.dyl.o2o.dao.ShopCategoryDao.selectList - ==> Parameters: 
2019-11-02 23:44:18.864 [http-nio-8081-exec-6] DEBUG com.dyl.o2o.dao.ShopCategoryDao.selectList - <==      Total: 6
2019-11-02 23:44:18.865 [http-nio-8081-exec-6] DEBUG com.dyl.o2o.dao.AreaDao.selectList - ==>  Preparing: SELECT area_id,create_time,area_name,last_edit_time,priority FROM tb_area ORDER BY priority DESC 
2019-11-02 23:44:18.865 [http-nio-8081-exec-6] DEBUG com.dyl.o2o.dao.AreaDao.selectList - ==> Parameters: 
2019-11-02 23:44:18.866 [http-nio-8081-exec-6] DEBUG com.dyl.o2o.dao.AreaDao.selectList - <==      Total: 2
2019-11-02 23:44:58.826 [http-nio-8081-exec-1] DEBUG com.dyl.o2o.dao.ShopCategoryDao.selectList - ==>  Preparing: SELECT create_time,shop_category_id,shop_category_desc,shop_category_name,shop_category_img,last_edit_time,priority,parent_id FROM tb_shop_category WHERE (parent_id IS NULL) ORDER BY priority DESC 
2019-11-02 23:44:58.827 [http-nio-8081-exec-1] DEBUG com.dyl.o2o.dao.ShopCategoryDao.selectList - ==> Parameters: 
2019-11-02 23:44:58.829 [http-nio-8081-exec-1] DEBUG com.dyl.o2o.dao.ShopCategoryDao.selectList - <==      Total: 6
2019-11-02 23:44:58.830 [http-nio-8081-exec-1] DEBUG com.dyl.o2o.dao.AreaDao.selectList - ==>  Preparing: SELECT area_id,create_time,area_name,last_edit_time,priority FROM tb_area ORDER BY priority DESC 
2019-11-02 23:44:58.830 [http-nio-8081-exec-1] DEBUG com.dyl.o2o.dao.AreaDao.selectList - ==> Parameters: 
2019-11-02 23:44:58.832 [http-nio-8081-exec-1] DEBUG com.dyl.o2o.dao.AreaDao.selectList - <==      Total: 2
2019-11-02 23:48:21.091 [http-nio-8081-exec-7] DEBUG com.dyl.o2o.dao.ShopCategoryDao.selectList - ==>  Preparing: SELECT create_time,shop_category_id,shop_category_desc,shop_category_name,shop_category_img,last_edit_time,priority,parent_id FROM tb_shop_category WHERE (parent_id IS NULL) ORDER BY priority DESC 
2019-11-02 23:48:21.092 [http-nio-8081-exec-7] DEBUG com.dyl.o2o.dao.ShopCategoryDao.selectList - ==> Parameters: 
2019-11-02 23:48:21.094 [http-nio-8081-exec-7] DEBUG com.dyl.o2o.dao.ShopCategoryDao.selectList - <==      Total: 6
2019-11-02 23:48:21.096 [http-nio-8081-exec-7] DEBUG com.dyl.o2o.dao.AreaDao.selectList - ==>  Preparing: SELECT area_id,create_time,area_name,last_edit_time,priority FROM tb_area ORDER BY priority DESC 
2019-11-02 23:48:21.097 [http-nio-8081-exec-7] DEBUG com.dyl.o2o.dao.AreaDao.selectList - ==> Parameters: 
2019-11-02 23:48:21.100 [http-nio-8081-exec-7] DEBUG com.dyl.o2o.dao.AreaDao.selectList - <==      Total: 2
2019-11-02 23:49:34.006 [http-nio-8081-exec-4] DEBUG com.dyl.o2o.dao.ShopCategoryDao.selectList - ==>  Preparing: SELECT create_time,shop_category_id,shop_category_desc,shop_category_name,shop_category_img,last_edit_time,priority,parent_id FROM tb_shop_category WHERE (parent_id IS NULL) ORDER BY priority DESC 
2019-11-02 23:49:34.006 [http-nio-8081-exec-4] DEBUG com.dyl.o2o.dao.ShopCategoryDao.selectList - ==> Parameters: 
2019-11-02 23:49:34.008 [http-nio-8081-exec-4] DEBUG com.dyl.o2o.dao.ShopCategoryDao.selectList - <==      Total: 6
2019-11-02 23:49:34.009 [http-nio-8081-exec-4] DEBUG com.dyl.o2o.dao.AreaDao.selectList - ==>  Preparing: SELECT area_id,create_time,area_name,last_edit_time,priority FROM tb_area ORDER BY priority DESC 
2019-11-02 23:49:34.009 [http-nio-8081-exec-4] DEBUG com.dyl.o2o.dao.AreaDao.selectList - ==> Parameters: 
2019-11-02 23:49:34.010 [http-nio-8081-exec-4] DEBUG com.dyl.o2o.dao.AreaDao.selectList - <==      Total: 2
