2019-11-04 19:28:12.130 [http-nio-8081-exec-4] DEBUG com.dyl.o2o.dao.ShopCategoryDao.selectList - ==>  Preparing: SELECT create_time,shop_category_id,shop_category_desc,shop_category_name,shop_category_img,last_edit_time,priority,parent_id FROM tb_shop_category WHERE (parent_id IS NULL) ORDER BY priority DESC 
2019-11-04 19:28:12.151 [http-nio-8081-exec-4] DEBUG com.dyl.o2o.dao.ShopCategoryDao.selectList - ==> Parameters: 
2019-11-04 19:28:12.177 [http-nio-8081-exec-4] DEBUG com.dyl.o2o.dao.ShopCategoryDao.selectList - <==      Total: 6
2019-11-04 19:28:12.181 [http-nio-8081-exec-4] DEBUG com.dyl.o2o.dao.AreaDao.selectList - ==>  Preparing: SELECT area_id,create_time,area_name,last_edit_time,priority FROM tb_area ORDER BY priority DESC 
2019-11-04 19:28:12.181 [http-nio-8081-exec-4] DEBUG com.dyl.o2o.dao.AreaDao.selectList - ==> Parameters: 
2019-11-04 19:28:12.183 [http-nio-8081-exec-4] DEBUG com.dyl.o2o.dao.AreaDao.selectList - <==      Total: 2
2019-11-04 19:28:35.935 [http-nio-8081-exec-10] DEBUG com.dyl.o2o.dao.ShopCategoryDao.selectList - ==>  Preparing: SELECT create_time,shop_category_id,shop_category_desc,shop_category_name,shop_category_img,last_edit_time,priority,parent_id FROM tb_shop_category WHERE (parent_id IS NULL) ORDER BY priority DESC 
2019-11-04 19:28:38.047 [http-nio-8081-exec-10] DEBUG com.dyl.o2o.dao.ShopCategoryDao.selectList - ==> Parameters: 
2019-11-04 19:28:38.051 [http-nio-8081-exec-10] DEBUG com.dyl.o2o.dao.ShopCategoryDao.selectList - <==      Total: 6
2019-11-04 19:28:38.052 [http-nio-8081-exec-10] DEBUG com.dyl.o2o.dao.AreaDao.selectList - ==>  Preparing: SELECT area_id,create_time,area_name,last_edit_time,priority FROM tb_area ORDER BY priority DESC 
2019-11-04 19:28:38.052 [http-nio-8081-exec-10] DEBUG com.dyl.o2o.dao.AreaDao.selectList - ==> Parameters: 
2019-11-04 19:28:38.053 [http-nio-8081-exec-10] DEBUG com.dyl.o2o.dao.AreaDao.selectList - <==      Total: 2
2019-11-04 19:28:50.795 [http-nio-8081-exec-4] DEBUG com.dyl.o2o.dao.ShopCategoryDao.selectList - ==>  Preparing: SELECT create_time,shop_category_id,shop_category_desc,shop_category_name,shop_category_img,last_edit_time,priority,parent_id FROM tb_shop_category WHERE (parent_id IS NULL) ORDER BY priority DESC 
2019-11-04 19:28:50.795 [http-nio-8081-exec-4] DEBUG com.dyl.o2o.dao.ShopCategoryDao.selectList - ==> Parameters: 
2019-11-04 19:28:50.799 [http-nio-8081-exec-4] DEBUG com.dyl.o2o.dao.ShopCategoryDao.selectList - <==      Total: 6
2019-11-04 19:28:50.800 [http-nio-8081-exec-4] DEBUG com.dyl.o2o.dao.AreaDao.selectList - ==>  Preparing: SELECT area_id,create_time,area_name,last_edit_time,priority FROM tb_area ORDER BY priority DESC 
2019-11-04 19:28:50.800 [http-nio-8081-exec-4] DEBUG com.dyl.o2o.dao.AreaDao.selectList - ==> Parameters: 
2019-11-04 19:28:50.801 [http-nio-8081-exec-4] DEBUG com.dyl.o2o.dao.AreaDao.selectList - <==      Total: 2
2019-11-04 19:28:54.714 [http-nio-8081-exec-10] DEBUG com.dyl.o2o.dao.ShopCategoryDao.selectList - ==>  Preparing: SELECT create_time,shop_category_id,shop_category_desc,shop_category_name,shop_category_img,last_edit_time,priority,parent_id FROM tb_shop_category WHERE (parent_id IS NULL) ORDER BY priority DESC 
2019-11-04 19:28:54.715 [http-nio-8081-exec-10] DEBUG com.dyl.o2o.dao.ShopCategoryDao.selectList - ==> Parameters: 
2019-11-04 19:28:54.717 [http-nio-8081-exec-10] DEBUG com.dyl.o2o.dao.ShopCategoryDao.selectList - <==      Total: 6
2019-11-04 19:28:54.719 [http-nio-8081-exec-10] DEBUG com.dyl.o2o.dao.AreaDao.selectList - ==>  Preparing: SELECT area_id,create_time,area_name,last_edit_time,priority FROM tb_area ORDER BY priority DESC 
2019-11-04 19:28:54.719 [http-nio-8081-exec-10] DEBUG com.dyl.o2o.dao.AreaDao.selectList - ==> Parameters: 
2019-11-04 19:28:54.720 [http-nio-8081-exec-10] DEBUG com.dyl.o2o.dao.AreaDao.selectList - <==      Total: 2
2019-11-04 19:29:01.167 [http-nio-8081-exec-4] DEBUG com.dyl.o2o.dao.ShopCategoryDao.selectList - ==>  Preparing: SELECT create_time,shop_category_id,shop_category_desc,shop_category_name,shop_category_img,last_edit_time,priority,parent_id FROM tb_shop_category WHERE (parent_id IS NULL) ORDER BY priority DESC 
2019-11-04 19:29:01.168 [http-nio-8081-exec-4] DEBUG com.dyl.o2o.dao.ShopCategoryDao.selectList - ==> Parameters: 
2019-11-04 19:29:01.170 [http-nio-8081-exec-4] DEBUG com.dyl.o2o.dao.ShopCategoryDao.selectList - <==      Total: 6
2019-11-04 19:29:01.171 [http-nio-8081-exec-4] DEBUG com.dyl.o2o.dao.AreaDao.selectList - ==>  Preparing: SELECT area_id,create_time,area_name,last_edit_time,priority FROM tb_area ORDER BY priority DESC 
2019-11-04 19:29:01.172 [http-nio-8081-exec-4] DEBUG com.dyl.o2o.dao.AreaDao.selectList - ==> Parameters: 
2019-11-04 19:29:01.172 [http-nio-8081-exec-4] DEBUG com.dyl.o2o.dao.AreaDao.selectList - <==      Total: 2
2019-11-04 19:29:40.342 [http-nio-8081-exec-6] DEBUG com.dyl.o2o.dao.ShopCategoryDao.selectList - ==>  Preparing: SELECT create_time,shop_category_id,shop_category_desc,shop_category_name,shop_category_img,last_edit_time,priority,parent_id FROM tb_shop_category WHERE (parent_id IS NULL) ORDER BY priority DESC 
2019-11-04 19:29:40.342 [http-nio-8081-exec-6] DEBUG com.dyl.o2o.dao.ShopCategoryDao.selectList - ==> Parameters: 
2019-11-04 19:30:00.126 [http-nio-8081-exec-6] DEBUG com.dyl.o2o.dao.ShopCategoryDao.selectList - <==      Total: 6
2019-11-04 19:30:38.349 [http-nio-8081-exec-6] DEBUG com.dyl.o2o.dao.AreaDao.selectList - ==>  Preparing: SELECT area_id,create_time,area_name,last_edit_time,priority FROM tb_area ORDER BY priority DESC 
2019-11-04 19:30:38.350 [http-nio-8081-exec-6] DEBUG com.dyl.o2o.dao.AreaDao.selectList - ==> Parameters: 
2019-11-04 19:33:05.277 [http-nio-8081-exec-6] DEBUG com.dyl.o2o.dao.AreaDao.selectList - <==      Total: 2
2019-11-04 19:33:05.290 [http-nio-8081-exec-7] DEBUG com.dyl.o2o.dao.ShopDao.insert - ==>  Preparing: INSERT INTO tb_shop ( shop_category_id, shop_addr, shop_name, owner_id, create_time, shop_phone, enable_status ) VALUES ( ?, ?, ?, ?, ?, ?, ? ) 
2019-11-04 19:33:05.293 [http-nio-8081-exec-7] DEBUG com.dyl.o2o.dao.ShopDao.insert - ==> Parameters: 10(Long), (String), ok(String), 1(Long), 2019-11-04 19:33:05.285(Timestamp), (String), 0(Integer)
2019-11-04 19:55:27.995 [http-nio-8081-exec-4] DEBUG com.dyl.o2o.dao.ShopCategoryDao.selectList - ==>  Preparing: SELECT create_time,shop_category_id,shop_category_desc,shop_category_name,shop_category_img,last_edit_time,priority,parent_id FROM tb_shop_category WHERE (parent_id IS NULL) ORDER BY priority DESC 
2019-11-04 19:55:28.013 [http-nio-8081-exec-4] DEBUG com.dyl.o2o.dao.ShopCategoryDao.selectList - ==> Parameters: 
2019-11-04 19:55:28.038 [http-nio-8081-exec-4] DEBUG com.dyl.o2o.dao.ShopCategoryDao.selectList - <==      Total: 6
2019-11-04 19:55:28.042 [http-nio-8081-exec-4] DEBUG com.dyl.o2o.dao.AreaDao.selectList - ==>  Preparing: SELECT area_id,create_time,area_name,last_edit_time,priority FROM tb_area ORDER BY priority DESC 
2019-11-04 19:55:28.042 [http-nio-8081-exec-4] DEBUG com.dyl.o2o.dao.AreaDao.selectList - ==> Parameters: 
2019-11-04 19:55:28.044 [http-nio-8081-exec-4] DEBUG com.dyl.o2o.dao.AreaDao.selectList - <==      Total: 2
2019-11-04 19:55:48.181 [http-nio-8081-exec-10] DEBUG com.dyl.o2o.dao.ShopCategoryDao.selectList - ==>  Preparing: SELECT create_time,shop_category_id,shop_category_desc,shop_category_name,shop_category_img,last_edit_time,priority,parent_id FROM tb_shop_category WHERE (parent_id IS NULL) ORDER BY priority DESC 
2019-11-04 19:55:48.181 [http-nio-8081-exec-10] DEBUG com.dyl.o2o.dao.ShopCategoryDao.selectList - ==> Parameters: 
2019-11-04 19:55:48.184 [http-nio-8081-exec-10] DEBUG com.dyl.o2o.dao.ShopCategoryDao.selectList - <==      Total: 6
2019-11-04 19:55:48.185 [http-nio-8081-exec-10] DEBUG com.dyl.o2o.dao.AreaDao.selectList - ==>  Preparing: SELECT area_id,create_time,area_name,last_edit_time,priority FROM tb_area ORDER BY priority DESC 
2019-11-04 19:55:48.185 [http-nio-8081-exec-10] DEBUG com.dyl.o2o.dao.AreaDao.selectList - ==> Parameters: 
2019-11-04 19:55:48.186 [http-nio-8081-exec-10] DEBUG com.dyl.o2o.dao.AreaDao.selectList - <==      Total: 2
2019-11-04 19:55:57.295 [http-nio-8081-exec-5] DEBUG com.dyl.o2o.dao.ShopCategoryDao.selectList - ==>  Preparing: SELECT create_time,shop_category_id,shop_category_desc,shop_category_name,shop_category_img,last_edit_time,priority,parent_id FROM tb_shop_category WHERE (parent_id IS NULL) ORDER BY priority DESC 
2019-11-04 19:55:57.295 [http-nio-8081-exec-5] DEBUG com.dyl.o2o.dao.ShopCategoryDao.selectList - ==> Parameters: 
2019-11-04 19:55:57.301 [http-nio-8081-exec-5] DEBUG com.dyl.o2o.dao.ShopCategoryDao.selectList - <==      Total: 6
2019-11-04 19:55:57.302 [http-nio-8081-exec-5] DEBUG com.dyl.o2o.dao.AreaDao.selectList - ==>  Preparing: SELECT area_id,create_time,area_name,last_edit_time,priority FROM tb_area ORDER BY priority DESC 
2019-11-04 19:55:57.303 [http-nio-8081-exec-5] DEBUG com.dyl.o2o.dao.AreaDao.selectList - ==> Parameters: 
2019-11-04 19:55:57.304 [http-nio-8081-exec-5] DEBUG com.dyl.o2o.dao.AreaDao.selectList - <==      Total: 2
2019-11-04 19:56:46.876 [http-nio-8081-exec-6] DEBUG com.dyl.o2o.dao.ShopCategoryDao.selectList - ==>  Preparing: SELECT create_time,shop_category_id,shop_category_desc,shop_category_name,shop_category_img,last_edit_time,priority,parent_id FROM tb_shop_category WHERE (parent_id IS NULL) ORDER BY priority DESC 
2019-11-04 19:56:46.877 [http-nio-8081-exec-6] DEBUG com.dyl.o2o.dao.ShopCategoryDao.selectList - ==> Parameters: 
2019-11-04 19:56:46.878 [http-nio-8081-exec-6] DEBUG com.dyl.o2o.dao.ShopCategoryDao.selectList - <==      Total: 6
2019-11-04 19:56:46.879 [http-nio-8081-exec-6] DEBUG com.dyl.o2o.dao.AreaDao.selectList - ==>  Preparing: SELECT area_id,create_time,area_name,last_edit_time,priority FROM tb_area ORDER BY priority DESC 
2019-11-04 19:56:46.879 [http-nio-8081-exec-6] DEBUG com.dyl.o2o.dao.AreaDao.selectList - ==> Parameters: 
2019-11-04 19:56:46.880 [http-nio-8081-exec-6] DEBUG com.dyl.o2o.dao.AreaDao.selectList - <==      Total: 2
2019-11-04 20:02:57.291 [http-nio-8081-exec-4] DEBUG com.dyl.o2o.dao.ShopCategoryDao.selectList - ==>  Preparing: SELECT create_time,shop_category_id,shop_category_desc,shop_category_name,shop_category_img,last_edit_time,priority,parent_id FROM tb_shop_category WHERE (parent_id IS NULL) ORDER BY priority DESC 
2019-11-04 20:02:57.292 [http-nio-8081-exec-4] DEBUG com.dyl.o2o.dao.ShopCategoryDao.selectList - ==> Parameters: 
2019-11-04 20:02:57.295 [http-nio-8081-exec-4] DEBUG com.dyl.o2o.dao.ShopCategoryDao.selectList - <==      Total: 6
2019-11-04 20:02:57.296 [http-nio-8081-exec-4] DEBUG com.dyl.o2o.dao.AreaDao.selectList - ==>  Preparing: SELECT area_id,create_time,area_name,last_edit_time,priority FROM tb_area ORDER BY priority DESC 
2019-11-04 20:02:57.296 [http-nio-8081-exec-4] DEBUG com.dyl.o2o.dao.AreaDao.selectList - ==> Parameters: 
2019-11-04 20:02:57.298 [http-nio-8081-exec-4] DEBUG com.dyl.o2o.dao.AreaDao.selectList - <==      Total: 2
2019-11-04 20:03:22.943 [http-nio-8081-exec-10] DEBUG com.dyl.o2o.dao.ShopCategoryDao.selectList - ==>  Preparing: SELECT create_time,shop_category_id,shop_category_desc,shop_category_name,shop_category_img,last_edit_time,priority,parent_id FROM tb_shop_category WHERE (parent_id IS NULL) ORDER BY priority DESC 
2019-11-04 20:03:22.944 [http-nio-8081-exec-10] DEBUG com.dyl.o2o.dao.ShopCategoryDao.selectList - ==> Parameters: 
2019-11-04 20:03:22.946 [http-nio-8081-exec-10] DEBUG com.dyl.o2o.dao.ShopCategoryDao.selectList - <==      Total: 6
2019-11-04 20:03:22.947 [http-nio-8081-exec-10] DEBUG com.dyl.o2o.dao.AreaDao.selectList - ==>  Preparing: SELECT area_id,create_time,area_name,last_edit_time,priority FROM tb_area ORDER BY priority DESC 
2019-11-04 20:03:22.948 [http-nio-8081-exec-10] DEBUG com.dyl.o2o.dao.AreaDao.selectList - ==> Parameters: 
2019-11-04 20:03:22.949 [http-nio-8081-exec-10] DEBUG com.dyl.o2o.dao.AreaDao.selectList - <==      Total: 2
2019-11-04 20:03:58.757 [http-nio-8081-exec-4] DEBUG com.dyl.o2o.dao.ShopCategoryDao.selectList - ==>  Preparing: SELECT create_time,shop_category_id,shop_category_desc,shop_category_name,shop_category_img,last_edit_time,priority,parent_id FROM tb_shop_category WHERE (parent_id IS NULL) ORDER BY priority DESC 
2019-11-04 20:03:58.758 [http-nio-8081-exec-4] DEBUG com.dyl.o2o.dao.ShopCategoryDao.selectList - ==> Parameters: 
2019-11-04 20:03:58.762 [http-nio-8081-exec-4] DEBUG com.dyl.o2o.dao.ShopCategoryDao.selectList - <==      Total: 6
2019-11-04 20:03:58.763 [http-nio-8081-exec-4] DEBUG com.dyl.o2o.dao.AreaDao.selectList - ==>  Preparing: SELECT area_id,create_time,area_name,last_edit_time,priority FROM tb_area ORDER BY priority DESC 
2019-11-04 20:03:58.763 [http-nio-8081-exec-4] DEBUG com.dyl.o2o.dao.AreaDao.selectList - ==> Parameters: 
2019-11-04 20:03:58.764 [http-nio-8081-exec-4] DEBUG com.dyl.o2o.dao.AreaDao.selectList - <==      Total: 2
2019-11-04 21:36:40.017 [http-nio-8081-exec-3] DEBUG com.dyl.o2o.dao.ShopCategoryDao.selectList - ==>  Preparing: SELECT create_time,shop_category_id,shop_category_desc,shop_category_name,shop_category_img,last_edit_time,priority,parent_id FROM tb_shop_category WHERE (parent_id IS NULL) ORDER BY priority DESC 
2019-11-04 21:36:40.019 [http-nio-8081-exec-3] DEBUG com.dyl.o2o.dao.ShopCategoryDao.selectList - ==> Parameters: 
2019-11-04 21:36:40.025 [http-nio-8081-exec-3] DEBUG com.dyl.o2o.dao.ShopCategoryDao.selectList - <==      Total: 6
2019-11-04 21:36:40.033 [http-nio-8081-exec-3] DEBUG com.dyl.o2o.dao.AreaDao.selectList - ==>  Preparing: SELECT area_id,create_time,area_name,last_edit_time,priority FROM tb_area ORDER BY priority DESC 
2019-11-04 21:36:40.033 [http-nio-8081-exec-3] DEBUG com.dyl.o2o.dao.AreaDao.selectList - ==> Parameters: 
2019-11-04 21:36:40.036 [http-nio-8081-exec-3] DEBUG com.dyl.o2o.dao.AreaDao.selectList - <==      Total: 2
2019-11-04 21:45:41.247 [http-nio-8081-exec-4] DEBUG com.dyl.o2o.dao.ShopCategoryDao.selectList - ==>  Preparing: SELECT create_time,shop_category_id,shop_category_desc,shop_category_name,shop_category_img,last_edit_time,priority,parent_id FROM tb_shop_category WHERE (parent_id IS NULL) ORDER BY priority DESC 
2019-11-04 21:45:41.271 [http-nio-8081-exec-4] DEBUG com.dyl.o2o.dao.ShopCategoryDao.selectList - ==> Parameters: 
2019-11-04 21:45:41.299 [http-nio-8081-exec-4] DEBUG com.dyl.o2o.dao.ShopCategoryDao.selectList - <==      Total: 6
2019-11-04 21:45:41.304 [http-nio-8081-exec-4] DEBUG com.dyl.o2o.dao.AreaDao.selectList - ==>  Preparing: SELECT area_id,create_time,area_name,last_edit_time,priority FROM tb_area ORDER BY priority DESC 
2019-11-04 21:45:41.305 [http-nio-8081-exec-4] DEBUG com.dyl.o2o.dao.AreaDao.selectList - ==> Parameters: 
2019-11-04 21:45:41.307 [http-nio-8081-exec-4] DEBUG com.dyl.o2o.dao.AreaDao.selectList - <==      Total: 2
2019-11-04 21:45:52.620 [http-nio-8081-exec-10] DEBUG com.dyl.o2o.dao.ShopCategoryDao.selectList - ==>  Preparing: SELECT create_time,shop_category_id,shop_category_desc,shop_category_name,shop_category_img,last_edit_time,priority,parent_id FROM tb_shop_category WHERE (parent_id IS NULL) ORDER BY priority DESC 
2019-11-04 21:45:52.620 [http-nio-8081-exec-10] DEBUG com.dyl.o2o.dao.ShopCategoryDao.selectList - ==> Parameters: 
2019-11-04 21:45:52.623 [http-nio-8081-exec-10] DEBUG com.dyl.o2o.dao.ShopCategoryDao.selectList - <==      Total: 6
2019-11-04 21:45:52.624 [http-nio-8081-exec-10] DEBUG com.dyl.o2o.dao.AreaDao.selectList - ==>  Preparing: SELECT area_id,create_time,area_name,last_edit_time,priority FROM tb_area ORDER BY priority DESC 
2019-11-04 21:45:52.624 [http-nio-8081-exec-10] DEBUG com.dyl.o2o.dao.AreaDao.selectList - ==> Parameters: 
2019-11-04 21:45:52.626 [http-nio-8081-exec-10] DEBUG com.dyl.o2o.dao.AreaDao.selectList - <==      Total: 2
2019-11-04 21:45:54.397 [http-nio-8081-exec-5] DEBUG com.dyl.o2o.dao.ShopCategoryDao.selectList - ==>  Preparing: SELECT create_time,shop_category_id,shop_category_desc,shop_category_name,shop_category_img,last_edit_time,priority,parent_id FROM tb_shop_category WHERE (parent_id IS NULL) ORDER BY priority DESC 
2019-11-04 21:45:54.398 [http-nio-8081-exec-5] DEBUG com.dyl.o2o.dao.ShopCategoryDao.selectList - ==> Parameters: 
2019-11-04 21:45:54.402 [http-nio-8081-exec-5] DEBUG com.dyl.o2o.dao.ShopCategoryDao.selectList - <==      Total: 6
2019-11-04 21:45:54.404 [http-nio-8081-exec-5] DEBUG com.dyl.o2o.dao.AreaDao.selectList - ==>  Preparing: SELECT area_id,create_time,area_name,last_edit_time,priority FROM tb_area ORDER BY priority DESC 
2019-11-04 21:45:54.404 [http-nio-8081-exec-5] DEBUG com.dyl.o2o.dao.AreaDao.selectList - ==> Parameters: 
2019-11-04 21:45:54.406 [http-nio-8081-exec-5] DEBUG com.dyl.o2o.dao.AreaDao.selectList - <==      Total: 2
2019-11-04 21:46:07.043 [http-nio-8081-exec-6] DEBUG com.dyl.o2o.dao.ShopCategoryDao.selectList - ==>  Preparing: SELECT create_time,shop_category_id,shop_category_desc,shop_category_name,shop_category_img,last_edit_time,priority,parent_id FROM tb_shop_category WHERE (parent_id IS NULL) ORDER BY priority DESC 
2019-11-04 21:46:07.043 [http-nio-8081-exec-6] DEBUG com.dyl.o2o.dao.ShopCategoryDao.selectList - ==> Parameters: 
2019-11-04 21:46:31.778 [http-nio-8081-exec-6] DEBUG com.dyl.o2o.dao.ShopCategoryDao.selectList - <==      Total: 6
2019-11-04 21:46:31.780 [http-nio-8081-exec-6] DEBUG com.dyl.o2o.dao.AreaDao.selectList - ==>  Preparing: SELECT area_id,create_time,area_name,last_edit_time,priority FROM tb_area ORDER BY priority DESC 
2019-11-04 21:46:31.780 [http-nio-8081-exec-6] DEBUG com.dyl.o2o.dao.AreaDao.selectList - ==> Parameters: 
2019-11-04 21:46:31.781 [http-nio-8081-exec-6] DEBUG com.dyl.o2o.dao.AreaDao.selectList - <==      Total: 2
2019-11-04 21:55:10.134 [http-nio-8081-exec-4] DEBUG com.dyl.o2o.dao.ShopCategoryDao.selectList - ==>  Preparing: SELECT create_time,shop_category_id,shop_category_desc,shop_category_name,shop_category_img,last_edit_time,priority,parent_id FROM tb_shop_category WHERE (parent_id IS NULL) ORDER BY priority DESC 
2019-11-04 21:55:10.134 [http-nio-8081-exec-4] DEBUG com.dyl.o2o.dao.ShopCategoryDao.selectList - ==> Parameters: 
2019-11-04 21:55:10.136 [http-nio-8081-exec-4] DEBUG com.dyl.o2o.dao.ShopCategoryDao.selectList - <==      Total: 6
2019-11-04 21:55:10.137 [http-nio-8081-exec-4] DEBUG com.dyl.o2o.dao.AreaDao.selectList - ==>  Preparing: SELECT area_id,create_time,area_name,last_edit_time,priority FROM tb_area ORDER BY priority DESC 
2019-11-04 21:55:10.138 [http-nio-8081-exec-4] DEBUG com.dyl.o2o.dao.AreaDao.selectList - ==> Parameters: 
2019-11-04 21:55:10.139 [http-nio-8081-exec-4] DEBUG com.dyl.o2o.dao.AreaDao.selectList - <==      Total: 2
2019-11-04 21:55:19.998 [http-nio-8081-exec-10] DEBUG com.dyl.o2o.dao.ShopCategoryDao.selectList - ==>  Preparing: SELECT create_time,shop_category_id,shop_category_desc,shop_category_name,shop_category_img,last_edit_time,priority,parent_id FROM tb_shop_category WHERE (parent_id IS NULL) ORDER BY priority DESC 
2019-11-04 21:55:19.999 [http-nio-8081-exec-10] DEBUG com.dyl.o2o.dao.ShopCategoryDao.selectList - ==> Parameters: 
2019-11-04 21:55:24.435 [http-nio-8081-exec-10] DEBUG com.dyl.o2o.dao.ShopCategoryDao.selectList - <==      Total: 6
2019-11-04 21:55:24.437 [http-nio-8081-exec-10] DEBUG com.dyl.o2o.dao.AreaDao.selectList - ==>  Preparing: SELECT area_id,create_time,area_name,last_edit_time,priority FROM tb_area ORDER BY priority DESC 
2019-11-04 21:55:24.437 [http-nio-8081-exec-10] DEBUG com.dyl.o2o.dao.AreaDao.selectList - ==> Parameters: 
2019-11-04 21:55:24.438 [http-nio-8081-exec-10] DEBUG com.dyl.o2o.dao.AreaDao.selectList - <==      Total: 2
2019-11-04 22:59:32.452 [http-nio-8081-exec-4] DEBUG com.dyl.o2o.dao.ShopCategoryDao.selectList - ==>  Preparing: SELECT create_time,shop_category_id,shop_category_desc,shop_category_name,shop_category_img,last_edit_time,priority,parent_id FROM tb_shop_category WHERE (parent_id IS NULL) ORDER BY priority DESC 
2019-11-04 22:59:32.452 [http-nio-8081-exec-4] DEBUG com.dyl.o2o.dao.ShopCategoryDao.selectList - ==> Parameters: 
2019-11-04 22:59:32.455 [http-nio-8081-exec-4] DEBUG com.dyl.o2o.dao.ShopCategoryDao.selectList - <==      Total: 6
2019-11-04 22:59:32.456 [http-nio-8081-exec-4] DEBUG com.dyl.o2o.dao.AreaDao.selectList - ==>  Preparing: SELECT area_id,create_time,area_name,last_edit_time,priority FROM tb_area ORDER BY priority DESC 
2019-11-04 22:59:32.456 [http-nio-8081-exec-4] DEBUG com.dyl.o2o.dao.AreaDao.selectList - ==> Parameters: 
2019-11-04 22:59:32.457 [http-nio-8081-exec-4] DEBUG com.dyl.o2o.dao.AreaDao.selectList - <==      Total: 2
2019-11-04 23:01:10.497 [http-nio-8081-exec-10] DEBUG com.dyl.o2o.dao.ShopCategoryDao.selectList - ==>  Preparing: SELECT create_time,shop_category_id,shop_category_desc,shop_category_name,shop_category_img,last_edit_time,priority,parent_id FROM tb_shop_category WHERE (parent_id IS NULL) ORDER BY priority DESC 
2019-11-04 23:01:10.498 [http-nio-8081-exec-10] DEBUG com.dyl.o2o.dao.ShopCategoryDao.selectList - ==> Parameters: 
2019-11-04 23:01:10.499 [http-nio-8081-exec-10] DEBUG com.dyl.o2o.dao.ShopCategoryDao.selectList - <==      Total: 6
2019-11-04 23:01:10.501 [http-nio-8081-exec-10] DEBUG com.dyl.o2o.dao.AreaDao.selectList - ==>  Preparing: SELECT area_id,create_time,area_name,last_edit_time,priority FROM tb_area ORDER BY priority DESC 
2019-11-04 23:01:10.502 [http-nio-8081-exec-10] DEBUG com.dyl.o2o.dao.AreaDao.selectList - ==> Parameters: 
2019-11-04 23:01:10.503 [http-nio-8081-exec-10] DEBUG com.dyl.o2o.dao.AreaDao.selectList - <==      Total: 2
