2019-11-04 19:28:03.691 [restartedMain] INFO  com.dyl.o2o.O2oApplication - Starting O2oApplication on dyl-pc with PID 8096 (E:\IDEAWorkspace\git\o2o\target\classes started by A in E:\IDEAWorkspace\git\o2o)
2019-11-04 19:28:03.701 [restartedMain] INFO  com.dyl.o2o.O2oApplication - The following profiles are active: dev
2019-11-04 19:28:03.740 [restartedMain] INFO  o.s.b.d.env.DevToolsPropertyDefaultsPostProcessor - Devtools property defaults active! Set 'spring.devtools.add-properties' to 'false' to disable
2019-11-04 19:28:03.740 [restartedMain] INFO  o.s.b.d.env.DevToolsPropertyDefaultsPostProcessor - For additional web related logging consider setting the 'logging.level.web' property to 'DEBUG'
2019-11-04 19:28:04.866 [restartedMain] INFO  o.s.boot.web.embedded.tomcat.TomcatWebServer - Tomcat initialized with port(s): 8081 (http)
2019-11-04 19:28:04.887 [restartedMain] INFO  org.apache.catalina.core.StandardService - Starting service [Tomcat]
2019-11-04 19:28:04.887 [restartedMain] INFO  org.apache.catalina.core.StandardEngine - Starting Servlet engine: [Apache Tomcat/9.0.24]
2019-11-04 19:28:04.966 [restartedMain] INFO  o.a.c.core.ContainerBase.[Tomcat].[localhost].[/] - Initializing Spring embedded WebApplicationContext
2019-11-04 19:28:04.967 [restartedMain] INFO  org.springframework.web.context.ContextLoader - Root WebApplicationContext: initialization completed in 1227 ms
2019-11-04 19:28:05.612 [restartedMain] INFO  o.s.scheduling.concurrent.ThreadPoolTaskExecutor - Initializing ExecutorService 'applicationTaskExecutor'
2019-11-04 19:28:05.822 [restartedMain] INFO  o.s.b.d.autoconfigure.OptionalLiveReloadServer - LiveReload server is running on port 35729
2019-11-04 19:28:05.887 [restartedMain] INFO  o.s.boot.web.embedded.tomcat.TomcatWebServer - Tomcat started on port(s): 8081 (http) with context path ''
2019-11-04 19:28:05.891 [restartedMain] INFO  com.dyl.o2o.O2oApplication - Started O2oApplication in 2.87 seconds (JVM running for 3.484)
2019-11-04 19:28:11.519 [http-nio-8081-exec-1] INFO  o.a.c.core.ContainerBase.[Tomcat].[localhost].[/] - Initializing Spring DispatcherServlet 'dispatcherServlet'
2019-11-04 19:28:11.520 [http-nio-8081-exec-1] INFO  org.springframework.web.servlet.DispatcherServlet - Initializing Servlet 'dispatcherServlet'
2019-11-04 19:28:11.525 [http-nio-8081-exec-1] INFO  org.springframework.web.servlet.DispatcherServlet - Completed initialization in 5 ms
2019-11-04 19:28:12.008 [http-nio-8081-exec-4] INFO  com.zaxxer.hikari.HikariDataSource - HikariPool-1 - Starting...
2019-11-04 19:28:12.124 [http-nio-8081-exec-4] INFO  com.zaxxer.hikari.HikariDataSource - HikariPool-1 - Start completed.
2019-11-04 19:33:05.313 [Thread-14] INFO  o.s.scheduling.concurrent.ThreadPoolTaskExecutor - Shutting down ExecutorService 'applicationTaskExecutor'
2019-11-04 19:33:05.314 [Thread-14] INFO  com.zaxxer.hikari.HikariDataSource - HikariPool-1 - Shutdown initiated...
2019-11-04 19:33:05.320 [Thread-14] INFO  com.zaxxer.hikari.HikariDataSource - HikariPool-1 - Shutdown completed.
2019-11-04 19:55:08.590 [restartedMain] INFO  com.dyl.o2o.O2oApplication - Starting O2oApplication on dyl-pc with PID 11132 (E:\IDEAWorkspace\git\o2o\target\classes started by A in E:\IDEAWorkspace\git\o2o)
2019-11-04 19:55:08.592 [restartedMain] INFO  com.dyl.o2o.O2oApplication - The following profiles are active: dev
2019-11-04 19:55:08.627 [restartedMain] INFO  o.s.b.d.env.DevToolsPropertyDefaultsPostProcessor - Devtools property defaults active! Set 'spring.devtools.add-properties' to 'false' to disable
2019-11-04 19:55:08.627 [restartedMain] INFO  o.s.b.d.env.DevToolsPropertyDefaultsPostProcessor - For additional web related logging consider setting the 'logging.level.web' property to 'DEBUG'
2019-11-04 19:55:09.707 [restartedMain] INFO  o.s.boot.web.embedded.tomcat.TomcatWebServer - Tomcat initialized with port(s): 8081 (http)
2019-11-04 19:55:09.725 [restartedMain] INFO  org.apache.catalina.core.StandardService - Starting service [Tomcat]
2019-11-04 19:55:09.725 [restartedMain] INFO  org.apache.catalina.core.StandardEngine - Starting Servlet engine: [Apache Tomcat/9.0.24]
2019-11-04 19:55:09.798 [restartedMain] INFO  o.a.c.core.ContainerBase.[Tomcat].[localhost].[/] - Initializing Spring embedded WebApplicationContext
2019-11-04 19:55:09.798 [restartedMain] INFO  org.springframework.web.context.ContextLoader - Root WebApplicationContext: initialization completed in 1171 ms
2019-11-04 19:55:10.330 [restartedMain] INFO  o.s.scheduling.concurrent.ThreadPoolTaskExecutor - Initializing ExecutorService 'applicationTaskExecutor'
2019-11-04 19:55:10.532 [restartedMain] INFO  o.s.b.d.autoconfigure.OptionalLiveReloadServer - LiveReload server is running on port 35729
2019-11-04 19:55:10.597 [restartedMain] INFO  o.s.boot.web.embedded.tomcat.TomcatWebServer - Tomcat started on port(s): 8081 (http) with context path ''
2019-11-04 19:55:10.600 [restartedMain] INFO  com.dyl.o2o.O2oApplication - Started O2oApplication in 2.495 seconds (JVM running for 3.095)
2019-11-04 19:55:27.551 [http-nio-8081-exec-1] INFO  o.a.c.core.ContainerBase.[Tomcat].[localhost].[/] - Initializing Spring DispatcherServlet 'dispatcherServlet'
2019-11-04 19:55:27.552 [http-nio-8081-exec-1] INFO  org.springframework.web.servlet.DispatcherServlet - Initializing Servlet 'dispatcherServlet'
2019-11-04 19:55:27.557 [http-nio-8081-exec-1] INFO  org.springframework.web.servlet.DispatcherServlet - Completed initialization in 5 ms
2019-11-04 19:55:27.878 [http-nio-8081-exec-4] INFO  com.zaxxer.hikari.HikariDataSource - HikariPool-1 - Starting...
2019-11-04 19:55:27.989 [http-nio-8081-exec-4] INFO  com.zaxxer.hikari.HikariDataSource - HikariPool-1 - Start completed.
2019-11-04 20:02:56.122 [Thread-10] INFO  o.s.scheduling.concurrent.ThreadPoolTaskExecutor - Shutting down ExecutorService 'applicationTaskExecutor'
2019-11-04 20:02:56.123 [Thread-10] INFO  com.zaxxer.hikari.HikariDataSource - HikariPool-1 - Shutdown initiated...
2019-11-04 20:02:56.127 [Thread-10] INFO  com.zaxxer.hikari.HikariDataSource - HikariPool-1 - Shutdown completed.
2019-11-04 20:02:56.392 [restartedMain] INFO  com.dyl.o2o.O2oApplication - Starting O2oApplication on dyl-pc with PID 11132 (E:\IDEAWorkspace\git\o2o\target\classes started by A in E:\IDEAWorkspace\git\o2o)
2019-11-04 20:02:56.392 [restartedMain] INFO  com.dyl.o2o.O2oApplication - The following profiles are active: dev
2019-11-04 20:02:56.715 [restartedMain] INFO  o.s.boot.web.embedded.tomcat.TomcatWebServer - Tomcat initialized with port(s): 8081 (http)
2019-11-04 20:02:56.716 [restartedMain] INFO  org.apache.catalina.core.StandardService - Starting service [Tomcat]
2019-11-04 20:02:56.717 [restartedMain] INFO  org.apache.catalina.core.StandardEngine - Starting Servlet engine: [Apache Tomcat/9.0.24]
2019-11-04 20:02:56.733 [restartedMain] INFO  o.a.c.core.ContainerBase.[Tomcat].[localhost].[/] - Initializing Spring embedded WebApplicationContext
2019-11-04 20:02:56.733 [restartedMain] INFO  org.springframework.web.context.ContextLoader - Root WebApplicationContext: initialization completed in 337 ms
2019-11-04 20:02:56.925 [restartedMain] INFO  o.s.scheduling.concurrent.ThreadPoolTaskExecutor - Initializing ExecutorService 'applicationTaskExecutor'
2019-11-04 20:02:57.013 [restartedMain] INFO  o.s.b.d.autoconfigure.OptionalLiveReloadServer - LiveReload server is running on port 35729
2019-11-04 20:02:57.065 [restartedMain] INFO  o.s.boot.web.embedded.tomcat.TomcatWebServer - Tomcat started on port(s): 8081 (http) with context path ''
2019-11-04 20:02:57.066 [restartedMain] INFO  com.dyl.o2o.O2oApplication - Started O2oApplication in 0.733 seconds (JVM running for 469.561)
2019-11-04 20:02:57.070 [restartedMain] INFO  o.s.b.d.a.ConditionEvaluationDeltaLoggingListener - Condition evaluation unchanged
2019-11-04 20:02:57.172 [http-nio-8081-exec-1] INFO  o.a.c.core.ContainerBase.[Tomcat].[localhost].[/] - Initializing Spring DispatcherServlet 'dispatcherServlet'
2019-11-04 20:02:57.174 [http-nio-8081-exec-1] INFO  org.springframework.web.servlet.DispatcherServlet - Initializing Servlet 'dispatcherServlet'
2019-11-04 20:02:57.179 [http-nio-8081-exec-1] INFO  org.springframework.web.servlet.DispatcherServlet - Completed initialization in 5 ms
2019-11-04 20:02:57.285 [http-nio-8081-exec-4] INFO  com.zaxxer.hikari.HikariDataSource - HikariPool-2 - Starting...
2019-11-04 20:02:57.291 [http-nio-8081-exec-4] INFO  com.zaxxer.hikari.HikariDataSource - HikariPool-2 - Start completed.
2019-11-04 20:05:40.556 [Thread-19] INFO  o.s.scheduling.concurrent.ThreadPoolTaskExecutor - Shutting down ExecutorService 'applicationTaskExecutor'
2019-11-04 20:05:40.557 [Thread-19] INFO  com.zaxxer.hikari.HikariDataSource - HikariPool-2 - Shutdown initiated...
2019-11-04 20:05:40.561 [Thread-19] INFO  com.zaxxer.hikari.HikariDataSource - HikariPool-2 - Shutdown completed.
2019-11-04 20:05:40.897 [restartedMain] INFO  com.dyl.o2o.O2oApplication - Starting O2oApplication on dyl-pc with PID 11132 (E:\IDEAWorkspace\git\o2o\target\classes started by A in E:\IDEAWorkspace\git\o2o)
2019-11-04 20:05:40.898 [restartedMain] INFO  com.dyl.o2o.O2oApplication - The following profiles are active: dev
2019-11-04 20:05:41.206 [restartedMain] INFO  o.s.boot.web.embedded.tomcat.TomcatWebServer - Tomcat initialized with port(s): 8081 (http)
2019-11-04 20:05:41.207 [restartedMain] INFO  org.apache.catalina.core.StandardService - Starting service [Tomcat]
2019-11-04 20:05:41.208 [restartedMain] INFO  org.apache.catalina.core.StandardEngine - Starting Servlet engine: [Apache Tomcat/9.0.24]
2019-11-04 20:05:41.221 [restartedMain] INFO  o.a.c.core.ContainerBase.[Tomcat].[localhost].[/] - Initializing Spring embedded WebApplicationContext
2019-11-04 20:05:41.221 [restartedMain] INFO  org.springframework.web.context.ContextLoader - Root WebApplicationContext: initialization completed in 319 ms
2019-11-04 20:05:41.407 [restartedMain] INFO  o.s.scheduling.concurrent.ThreadPoolTaskExecutor - Initializing ExecutorService 'applicationTaskExecutor'
2019-11-04 20:05:41.476 [restartedMain] INFO  o.s.b.d.autoconfigure.OptionalLiveReloadServer - LiveReload server is running on port 35729
2019-11-04 20:05:41.514 [restartedMain] INFO  o.s.boot.web.embedded.tomcat.TomcatWebServer - Tomcat started on port(s): 8081 (http) with context path ''
2019-11-04 20:05:41.515 [restartedMain] INFO  com.dyl.o2o.O2oApplication - Started O2oApplication in 0.678 seconds (JVM running for 634.01)
2019-11-04 20:05:41.516 [restartedMain] INFO  o.s.b.d.a.ConditionEvaluationDeltaLoggingListener - Condition evaluation unchanged
2019-11-04 20:05:47.196 [http-nio-8081-exec-1] INFO  o.a.c.core.ContainerBase.[Tomcat].[localhost].[/] - Initializing Spring DispatcherServlet 'dispatcherServlet'
2019-11-04 20:05:47.197 [http-nio-8081-exec-1] INFO  org.springframework.web.servlet.DispatcherServlet - Initializing Servlet 'dispatcherServlet'
2019-11-04 20:05:47.200 [http-nio-8081-exec-1] INFO  org.springframework.web.servlet.DispatcherServlet - Completed initialization in 3 ms
2019-11-04 20:05:49.884 [http-nio-8081-exec-3] INFO  com.zaxxer.hikari.HikariDataSource - HikariPool-3 - Starting...
2019-11-04 21:36:40.012 [http-nio-8081-exec-3] INFO  com.zaxxer.hikari.HikariDataSource - HikariPool-3 - Start completed.
2019-11-04 21:36:40.828 [Thread-25] INFO  o.s.scheduling.concurrent.ThreadPoolTaskExecutor - Shutting down ExecutorService 'applicationTaskExecutor'
2019-11-04 21:36:40.830 [Thread-25] INFO  com.zaxxer.hikari.HikariDataSource - HikariPool-3 - Shutdown initiated...
2019-11-04 21:36:40.833 [Thread-25] INFO  com.zaxxer.hikari.HikariDataSource - HikariPool-3 - Shutdown completed.
2019-11-04 21:36:41.115 [restartedMain] INFO  com.dyl.o2o.O2oApplication - Starting O2oApplication on dyl-pc with PID 11132 (E:\IDEAWorkspace\git\o2o\target\classes started by A in E:\IDEAWorkspace\git\o2o)
2019-11-04 21:36:41.115 [restartedMain] INFO  com.dyl.o2o.O2oApplication - The following profiles are active: dev
2019-11-04 21:36:41.457 [restartedMain] INFO  o.s.boot.web.embedded.tomcat.TomcatWebServer - Tomcat initialized with port(s): 8081 (http)
2019-11-04 21:36:41.458 [restartedMain] INFO  org.apache.catalina.core.StandardService - Starting service [Tomcat]
2019-11-04 21:36:41.458 [restartedMain] INFO  org.apache.catalina.core.StandardEngine - Starting Servlet engine: [Apache Tomcat/9.0.24]
2019-11-04 21:36:41.477 [restartedMain] INFO  o.a.c.core.ContainerBase.[Tomcat].[localhost].[/] - Initializing Spring embedded WebApplicationContext
2019-11-04 21:36:41.478 [restartedMain] INFO  org.springframework.web.context.ContextLoader - Root WebApplicationContext: initialization completed in 359 ms
2019-11-04 21:36:41.696 [restartedMain] INFO  o.s.scheduling.concurrent.ThreadPoolTaskExecutor - Initializing ExecutorService 'applicationTaskExecutor'
2019-11-04 21:36:41.776 [restartedMain] INFO  o.s.b.d.autoconfigure.OptionalLiveReloadServer - LiveReload server is running on port 35729
2019-11-04 21:36:41.822 [restartedMain] INFO  o.s.boot.web.embedded.tomcat.TomcatWebServer - Tomcat started on port(s): 8081 (http) with context path ''
2019-11-04 21:36:41.822 [restartedMain] INFO  com.dyl.o2o.O2oApplication - Started O2oApplication in 0.765 seconds (JVM running for 6094.318)
2019-11-04 21:36:41.824 [restartedMain] INFO  o.s.b.d.a.ConditionEvaluationDeltaLoggingListener - Condition evaluation unchanged
2019-11-04 21:44:06.919 [Thread-31] INFO  o.s.scheduling.concurrent.ThreadPoolTaskExecutor - Shutting down ExecutorService 'applicationTaskExecutor'
2019-11-04 21:44:07.206 [restartedMain] INFO  com.dyl.o2o.O2oApplication - Starting O2oApplication on dyl-pc with PID 11132 (E:\IDEAWorkspace\git\o2o\target\classes started by A in E:\IDEAWorkspace\git\o2o)
2019-11-04 21:44:07.207 [restartedMain] INFO  com.dyl.o2o.O2oApplication - The following profiles are active: dev
2019-11-04 21:44:07.485 [restartedMain] INFO  o.s.boot.web.embedded.tomcat.TomcatWebServer - Tomcat initialized with port(s): 8081 (http)
2019-11-04 21:44:07.486 [restartedMain] INFO  org.apache.catalina.core.StandardService - Starting service [Tomcat]
2019-11-04 21:44:07.486 [restartedMain] INFO  org.apache.catalina.core.StandardEngine - Starting Servlet engine: [Apache Tomcat/9.0.24]
2019-11-04 21:44:07.499 [restartedMain] INFO  o.a.c.core.ContainerBase.[Tomcat].[localhost].[/] - Initializing Spring embedded WebApplicationContext
2019-11-04 21:44:07.500 [restartedMain] INFO  org.springframework.web.context.ContextLoader - Root WebApplicationContext: initialization completed in 290 ms
2019-11-04 21:44:07.666 [restartedMain] INFO  o.s.scheduling.concurrent.ThreadPoolTaskExecutor - Initializing ExecutorService 'applicationTaskExecutor'
2019-11-04 21:44:07.724 [restartedMain] INFO  o.s.b.d.autoconfigure.OptionalLiveReloadServer - LiveReload server is running on port 35729
2019-11-04 21:44:07.755 [restartedMain] INFO  o.s.boot.web.embedded.tomcat.TomcatWebServer - Tomcat started on port(s): 8081 (http) with context path ''
2019-11-04 21:44:07.756 [restartedMain] INFO  com.dyl.o2o.O2oApplication - Started O2oApplication in 0.593 seconds (JVM running for 6540.251)
2019-11-04 21:44:07.757 [restartedMain] INFO  o.s.b.d.a.ConditionEvaluationDeltaLoggingListener - Condition evaluation unchanged
2019-11-04 21:44:21.186 [Thread-37] INFO  o.s.scheduling.concurrent.ThreadPoolTaskExecutor - Shutting down ExecutorService 'applicationTaskExecutor'
2019-11-04 21:44:21.414 [restartedMain] INFO  com.dyl.o2o.O2oApplication - Starting O2oApplication on dyl-pc with PID 11132 (E:\IDEAWorkspace\git\o2o\target\classes started by A in E:\IDEAWorkspace\git\o2o)
2019-11-04 21:44:21.415 [restartedMain] INFO  com.dyl.o2o.O2oApplication - The following profiles are active: dev
2019-11-04 21:44:21.749 [restartedMain] INFO  o.s.boot.web.embedded.tomcat.TomcatWebServer - Tomcat initialized with port(s): 8081 (http)
2019-11-04 21:44:21.750 [restartedMain] INFO  org.apache.catalina.core.StandardService - Starting service [Tomcat]
2019-11-04 21:44:21.750 [restartedMain] INFO  org.apache.catalina.core.StandardEngine - Starting Servlet engine: [Apache Tomcat/9.0.24]
2019-11-04 21:44:21.764 [restartedMain] INFO  o.a.c.core.ContainerBase.[Tomcat].[localhost].[/] - Initializing Spring embedded WebApplicationContext
2019-11-04 21:44:21.764 [restartedMain] INFO  org.springframework.web.context.ContextLoader - Root WebApplicationContext: initialization completed in 346 ms
2019-11-04 21:44:21.793 [restartedMain] INFO  org.apache.catalina.core.StandardService - Stopping service [Tomcat]
2019-11-04 21:44:21.798 [restartedMain] INFO  o.s.b.a.l.ConditionEvaluationReportLoggingListener - 

Error starting ApplicationContext. To display the conditions report re-run your application with 'debug' enabled.
2019-11-04 21:44:35.453 [restartedMain] INFO  com.dyl.o2o.O2oApplication - Starting O2oApplication on dyl-pc with PID 11132 (E:\IDEAWorkspace\git\o2o\target\classes started by A in E:\IDEAWorkspace\git\o2o)
2019-11-04 21:44:35.453 [restartedMain] INFO  com.dyl.o2o.O2oApplication - The following profiles are active: dev
2019-11-04 21:44:35.752 [restartedMain] INFO  o.s.boot.web.embedded.tomcat.TomcatWebServer - Tomcat initialized with port(s): 8081 (http)
2019-11-04 21:44:35.753 [restartedMain] INFO  org.apache.catalina.core.StandardService - Starting service [Tomcat]
2019-11-04 21:44:35.753 [restartedMain] INFO  org.apache.catalina.core.StandardEngine - Starting Servlet engine: [Apache Tomcat/9.0.24]
2019-11-04 21:44:35.768 [restartedMain] INFO  o.a.c.c.ContainerBase.[Tomcat-1].[localhost].[/] - Initializing Spring embedded WebApplicationContext
2019-11-04 21:44:35.768 [restartedMain] INFO  org.springframework.web.context.ContextLoader - Root WebApplicationContext: initialization completed in 313 ms
2019-11-04 21:44:35.964 [restartedMain] INFO  o.s.scheduling.concurrent.ThreadPoolTaskExecutor - Initializing ExecutorService 'applicationTaskExecutor'
2019-11-04 21:44:36.461 [restartedMain] INFO  o.s.b.d.autoconfigure.OptionalLiveReloadServer - LiveReload server is running on port 35729
2019-11-04 21:44:36.531 [restartedMain] INFO  o.s.boot.web.embedded.tomcat.TomcatWebServer - Tomcat started on port(s): 8081 (http) with context path ''
2019-11-04 21:44:36.531 [restartedMain] INFO  com.dyl.o2o.O2oApplication - Started O2oApplication in 1.114 seconds (JVM running for 6569.027)
2019-11-04 21:44:36.533 [restartedMain] INFO  o.s.b.d.a.ConditionEvaluationDeltaLoggingListener - Condition evaluation unchanged
2019-11-04 21:44:38.585 [http-nio-8081-exec-1] INFO  o.a.c.c.ContainerBase.[Tomcat-1].[localhost].[/] - Initializing Spring DispatcherServlet 'dispatcherServlet'
2019-11-04 21:44:38.586 [http-nio-8081-exec-1] INFO  org.springframework.web.servlet.DispatcherServlet - Initializing Servlet 'dispatcherServlet'
2019-11-04 21:44:38.589 [http-nio-8081-exec-1] INFO  org.springframework.web.servlet.DispatcherServlet - Completed initialization in 3 ms
2019-11-04 21:45:29.981 [Thread-51] INFO  o.s.scheduling.concurrent.ThreadPoolTaskExecutor - Shutting down ExecutorService 'applicationTaskExecutor'
2019-11-04 21:45:33.558 [restartedMain] INFO  com.dyl.o2o.O2oApplication - Starting O2oApplication on dyl-pc with PID 9632 (E:\IDEAWorkspace\git\o2o\target\classes started by A in E:\IDEAWorkspace\git\o2o)
2019-11-04 21:45:33.562 [restartedMain] INFO  com.dyl.o2o.O2oApplication - The following profiles are active: dev
2019-11-04 21:45:33.600 [restartedMain] INFO  o.s.b.d.env.DevToolsPropertyDefaultsPostProcessor - Devtools property defaults active! Set 'spring.devtools.add-properties' to 'false' to disable
2019-11-04 21:45:33.600 [restartedMain] INFO  o.s.b.d.env.DevToolsPropertyDefaultsPostProcessor - For additional web related logging consider setting the 'logging.level.web' property to 'DEBUG'
2019-11-04 21:45:34.599 [restartedMain] INFO  o.s.boot.web.embedded.tomcat.TomcatWebServer - Tomcat initialized with port(s): 8081 (http)
2019-11-04 21:45:34.618 [restartedMain] INFO  org.apache.catalina.core.StandardService - Starting service [Tomcat]
2019-11-04 21:45:34.618 [restartedMain] INFO  org.apache.catalina.core.StandardEngine - Starting Servlet engine: [Apache Tomcat/9.0.24]
2019-11-04 21:45:34.699 [restartedMain] INFO  o.a.c.core.ContainerBase.[Tomcat].[localhost].[/] - Initializing Spring embedded WebApplicationContext
2019-11-04 21:45:34.699 [restartedMain] INFO  org.springframework.web.context.ContextLoader - Root WebApplicationContext: initialization completed in 1099 ms
2019-11-04 21:45:35.244 [restartedMain] INFO  o.s.scheduling.concurrent.ThreadPoolTaskExecutor - Initializing ExecutorService 'applicationTaskExecutor'
2019-11-04 21:45:35.450 [restartedMain] INFO  o.s.b.d.autoconfigure.OptionalLiveReloadServer - LiveReload server is running on port 35729
2019-11-04 21:45:35.517 [restartedMain] INFO  o.s.boot.web.embedded.tomcat.TomcatWebServer - Tomcat started on port(s): 8081 (http) with context path ''
2019-11-04 21:45:35.520 [restartedMain] INFO  com.dyl.o2o.O2oApplication - Started O2oApplication in 2.514 seconds (JVM running for 3.085)
2019-11-04 21:45:40.682 [http-nio-8081-exec-1] INFO  o.a.c.core.ContainerBase.[Tomcat].[localhost].[/] - Initializing Spring DispatcherServlet 'dispatcherServlet'
2019-11-04 21:45:40.683 [http-nio-8081-exec-1] INFO  org.springframework.web.servlet.DispatcherServlet - Initializing Servlet 'dispatcherServlet'
2019-11-04 21:45:40.688 [http-nio-8081-exec-1] INFO  org.springframework.web.servlet.DispatcherServlet - Completed initialization in 5 ms
2019-11-04 21:45:41.095 [http-nio-8081-exec-4] INFO  com.zaxxer.hikari.HikariDataSource - HikariPool-1 - Starting...
2019-11-04 21:45:41.239 [http-nio-8081-exec-4] INFO  com.zaxxer.hikari.HikariDataSource - HikariPool-1 - Start completed.
2019-11-04 21:49:32.799 [Thread-10] INFO  o.s.scheduling.concurrent.ThreadPoolTaskExecutor - Shutting down ExecutorService 'applicationTaskExecutor'
2019-11-04 21:49:32.800 [Thread-10] INFO  com.zaxxer.hikari.HikariDataSource - HikariPool-1 - Shutdown initiated...
2019-11-04 21:49:32.805 [Thread-10] INFO  com.zaxxer.hikari.HikariDataSource - HikariPool-1 - Shutdown completed.
2019-11-04 21:49:33.128 [restartedMain] INFO  com.dyl.o2o.O2oApplication - Starting O2oApplication on dyl-pc with PID 9632 (E:\IDEAWorkspace\git\o2o\target\classes started by A in E:\IDEAWorkspace\git\o2o)
2019-11-04 21:49:33.128 [restartedMain] INFO  com.dyl.o2o.O2oApplication - The following profiles are active: dev
2019-11-04 21:49:33.544 [restartedMain] INFO  o.s.boot.web.embedded.tomcat.TomcatWebServer - Tomcat initialized with port(s): 8081 (http)
2019-11-04 21:49:33.545 [restartedMain] INFO  org.apache.catalina.core.StandardService - Starting service [Tomcat]
2019-11-04 21:49:33.545 [restartedMain] INFO  org.apache.catalina.core.StandardEngine - Starting Servlet engine: [Apache Tomcat/9.0.24]
2019-11-04 21:49:33.566 [restartedMain] INFO  o.a.c.core.ContainerBase.[Tomcat].[localhost].[/] - Initializing Spring embedded WebApplicationContext
2019-11-04 21:49:33.567 [restartedMain] INFO  org.springframework.web.context.ContextLoader - Root WebApplicationContext: initialization completed in 434 ms
2019-11-04 21:49:33.780 [restartedMain] INFO  o.s.scheduling.concurrent.ThreadPoolTaskExecutor - Initializing ExecutorService 'applicationTaskExecutor'
2019-11-04 21:49:33.864 [restartedMain] INFO  o.s.b.d.autoconfigure.OptionalLiveReloadServer - LiveReload server is running on port 35729
2019-11-04 21:49:33.907 [restartedMain] INFO  o.s.boot.web.embedded.tomcat.TomcatWebServer - Tomcat started on port(s): 8081 (http) with context path ''
2019-11-04 21:49:33.908 [restartedMain] INFO  com.dyl.o2o.O2oApplication - Started O2oApplication in 0.86 seconds (JVM running for 241.472)
2019-11-04 21:49:33.910 [restartedMain] INFO  o.s.b.d.a.ConditionEvaluationDeltaLoggingListener - Condition evaluation unchanged
2019-11-04 21:53:41.230 [Thread-19] INFO  o.s.scheduling.concurrent.ThreadPoolTaskExecutor - Shutting down ExecutorService 'applicationTaskExecutor'
2019-11-04 21:53:41.469 [restartedMain] INFO  com.dyl.o2o.O2oApplication - Starting O2oApplication on dyl-pc with PID 9632 (E:\IDEAWorkspace\git\o2o\target\classes started by A in E:\IDEAWorkspace\git\o2o)
2019-11-04 21:53:41.469 [restartedMain] INFO  com.dyl.o2o.O2oApplication - The following profiles are active: dev
2019-11-04 21:53:41.756 [restartedMain] INFO  o.s.boot.web.embedded.tomcat.TomcatWebServer - Tomcat initialized with port(s): 8081 (http)
2019-11-04 21:53:41.757 [restartedMain] INFO  org.apache.catalina.core.StandardService - Starting service [Tomcat]
2019-11-04 21:53:41.758 [restartedMain] INFO  org.apache.catalina.core.StandardEngine - Starting Servlet engine: [Apache Tomcat/9.0.24]
2019-11-04 21:53:41.774 [restartedMain] INFO  o.a.c.core.ContainerBase.[Tomcat].[localhost].[/] - Initializing Spring embedded WebApplicationContext
2019-11-04 21:53:41.774 [restartedMain] INFO  org.springframework.web.context.ContextLoader - Root WebApplicationContext: initialization completed in 303 ms
2019-11-04 21:53:41.975 [restartedMain] INFO  o.s.scheduling.concurrent.ThreadPoolTaskExecutor - Initializing ExecutorService 'applicationTaskExecutor'
2019-11-04 21:53:42.055 [restartedMain] INFO  o.s.b.d.autoconfigure.OptionalLiveReloadServer - LiveReload server is running on port 35729
2019-11-04 21:53:42.096 [restartedMain] INFO  o.s.boot.web.embedded.tomcat.TomcatWebServer - Tomcat started on port(s): 8081 (http) with context path ''
2019-11-04 21:53:42.097 [restartedMain] INFO  com.dyl.o2o.O2oApplication - Started O2oApplication in 0.674 seconds (JVM running for 489.662)
2019-11-04 21:53:42.099 [restartedMain] INFO  o.s.b.d.a.ConditionEvaluationDeltaLoggingListener - Condition evaluation unchanged
2019-11-04 21:55:07.804 [Thread-25] INFO  o.s.scheduling.concurrent.ThreadPoolTaskExecutor - Shutting down ExecutorService 'applicationTaskExecutor'
2019-11-04 21:55:08.065 [restartedMain] INFO  com.dyl.o2o.O2oApplication - Starting O2oApplication on dyl-pc with PID 9632 (E:\IDEAWorkspace\git\o2o\target\classes started by A in E:\IDEAWorkspace\git\o2o)
2019-11-04 21:55:08.065 [restartedMain] INFO  com.dyl.o2o.O2oApplication - The following profiles are active: dev
2019-11-04 21:55:08.353 [restartedMain] INFO  o.s.boot.web.embedded.tomcat.TomcatWebServer - Tomcat initialized with port(s): 8081 (http)
2019-11-04 21:55:08.354 [restartedMain] INFO  org.apache.catalina.core.StandardService - Starting service [Tomcat]
2019-11-04 21:55:08.354 [restartedMain] INFO  org.apache.catalina.core.StandardEngine - Starting Servlet engine: [Apache Tomcat/9.0.24]
2019-11-04 21:55:08.368 [restartedMain] INFO  o.a.c.core.ContainerBase.[Tomcat].[localhost].[/] - Initializing Spring embedded WebApplicationContext
2019-11-04 21:55:08.368 [restartedMain] INFO  org.springframework.web.context.ContextLoader - Root WebApplicationContext: initialization completed in 300 ms
2019-11-04 21:55:08.532 [restartedMain] INFO  o.s.scheduling.concurrent.ThreadPoolTaskExecutor - Initializing ExecutorService 'applicationTaskExecutor'
2019-11-04 21:55:08.596 [restartedMain] INFO  o.s.b.d.autoconfigure.OptionalLiveReloadServer - LiveReload server is running on port 35729
2019-11-04 21:55:08.629 [restartedMain] INFO  o.s.boot.web.embedded.tomcat.TomcatWebServer - Tomcat started on port(s): 8081 (http) with context path ''
2019-11-04 21:55:08.630 [restartedMain] INFO  com.dyl.o2o.O2oApplication - Started O2oApplication in 0.611 seconds (JVM running for 576.195)
2019-11-04 21:55:08.631 [restartedMain] INFO  o.s.b.d.a.ConditionEvaluationDeltaLoggingListener - Condition evaluation unchanged
2019-11-04 21:55:10.017 [http-nio-8081-exec-1] INFO  o.a.c.core.ContainerBase.[Tomcat].[localhost].[/] - Initializing Spring DispatcherServlet 'dispatcherServlet'
2019-11-04 21:55:10.018 [http-nio-8081-exec-1] INFO  org.springframework.web.servlet.DispatcherServlet - Initializing Servlet 'dispatcherServlet'
2019-11-04 21:55:10.022 [http-nio-8081-exec-1] INFO  org.springframework.web.servlet.DispatcherServlet - Completed initialization in 4 ms
2019-11-04 21:55:10.129 [http-nio-8081-exec-4] INFO  com.zaxxer.hikari.HikariDataSource - HikariPool-2 - Starting...
2019-11-04 21:55:10.134 [http-nio-8081-exec-4] INFO  com.zaxxer.hikari.HikariDataSource - HikariPool-2 - Start completed.
2019-11-04 21:59:27.590 [Thread-31] INFO  o.s.scheduling.concurrent.ThreadPoolTaskExecutor - Shutting down ExecutorService 'applicationTaskExecutor'
2019-11-04 21:59:27.591 [Thread-31] INFO  com.zaxxer.hikari.HikariDataSource - HikariPool-2 - Shutdown initiated...
2019-11-04 21:59:27.594 [Thread-31] INFO  com.zaxxer.hikari.HikariDataSource - HikariPool-2 - Shutdown completed.
2019-11-04 21:59:27.877 [restartedMain] INFO  com.dyl.o2o.O2oApplication - Starting O2oApplication on dyl-pc with PID 9632 (E:\IDEAWorkspace\git\o2o\target\classes started by A in E:\IDEAWorkspace\git\o2o)
2019-11-04 21:59:27.877 [restartedMain] INFO  com.dyl.o2o.O2oApplication - The following profiles are active: dev
2019-11-04 21:59:28.161 [restartedMain] INFO  o.s.boot.web.embedded.tomcat.TomcatWebServer - Tomcat initialized with port(s): 8081 (http)
2019-11-04 21:59:28.161 [restartedMain] INFO  org.apache.catalina.core.StandardService - Starting service [Tomcat]
2019-11-04 21:59:28.162 [restartedMain] INFO  org.apache.catalina.core.StandardEngine - Starting Servlet engine: [Apache Tomcat/9.0.24]
2019-11-04 21:59:28.179 [restartedMain] INFO  o.a.c.core.ContainerBase.[Tomcat].[localhost].[/] - Initializing Spring embedded WebApplicationContext
2019-11-04 21:59:28.179 [restartedMain] INFO  org.springframework.web.context.ContextLoader - Root WebApplicationContext: initialization completed in 299 ms
2019-11-04 21:59:28.353 [restartedMain] INFO  o.s.scheduling.concurrent.ThreadPoolTaskExecutor - Initializing ExecutorService 'applicationTaskExecutor'
2019-11-04 21:59:28.421 [restartedMain] INFO  o.s.b.d.autoconfigure.OptionalLiveReloadServer - LiveReload server is running on port 35729
2019-11-04 21:59:28.456 [restartedMain] INFO  o.s.boot.web.embedded.tomcat.TomcatWebServer - Tomcat started on port(s): 8081 (http) with context path ''
2019-11-04 21:59:28.457 [restartedMain] INFO  com.dyl.o2o.O2oApplication - Started O2oApplication in 0.633 seconds (JVM running for 836.021)
2019-11-04 21:59:28.458 [restartedMain] INFO  o.s.b.d.a.ConditionEvaluationDeltaLoggingListener - Condition evaluation unchanged
2019-11-04 22:14:28.295 [Thread-37] INFO  o.s.scheduling.concurrent.ThreadPoolTaskExecutor - Shutting down ExecutorService 'applicationTaskExecutor'
2019-11-04 22:14:28.532 [restartedMain] INFO  com.dyl.o2o.O2oApplication - Starting O2oApplication on dyl-pc with PID 9632 (E:\IDEAWorkspace\git\o2o\target\classes started by A in E:\IDEAWorkspace\git\o2o)
2019-11-04 22:14:28.532 [restartedMain] INFO  com.dyl.o2o.O2oApplication - The following profiles are active: dev
2019-11-04 22:14:28.847 [restartedMain] INFO  o.s.boot.web.embedded.tomcat.TomcatWebServer - Tomcat initialized with port(s): 8081 (http)
2019-11-04 22:14:28.848 [restartedMain] INFO  org.apache.catalina.core.StandardService - Starting service [Tomcat]
2019-11-04 22:14:28.848 [restartedMain] INFO  org.apache.catalina.core.StandardEngine - Starting Servlet engine: [Apache Tomcat/9.0.24]
2019-11-04 22:14:28.862 [restartedMain] INFO  o.a.c.core.ContainerBase.[Tomcat].[localhost].[/] - Initializing Spring embedded WebApplicationContext
2019-11-04 22:14:28.862 [restartedMain] INFO  org.springframework.web.context.ContextLoader - Root WebApplicationContext: initialization completed in 327 ms
2019-11-04 22:14:29.025 [restartedMain] INFO  o.s.scheduling.concurrent.ThreadPoolTaskExecutor - Initializing ExecutorService 'applicationTaskExecutor'
2019-11-04 22:14:29.085 [restartedMain] INFO  o.s.b.d.autoconfigure.OptionalLiveReloadServer - LiveReload server is running on port 35729
2019-11-04 22:14:29.117 [restartedMain] INFO  o.s.boot.web.embedded.tomcat.TomcatWebServer - Tomcat started on port(s): 8081 (http) with context path ''
2019-11-04 22:14:29.117 [restartedMain] INFO  com.dyl.o2o.O2oApplication - Started O2oApplication in 0.63 seconds (JVM running for 1736.682)
2019-11-04 22:14:29.118 [restartedMain] INFO  o.s.b.d.a.ConditionEvaluationDeltaLoggingListener - Condition evaluation unchanged
2019-11-04 22:48:13.409 [Thread-43] INFO  o.s.scheduling.concurrent.ThreadPoolTaskExecutor - Shutting down ExecutorService 'applicationTaskExecutor'
2019-11-04 22:48:13.676 [restartedMain] INFO  com.dyl.o2o.O2oApplication - Starting O2oApplication on dyl-pc with PID 9632 (E:\IDEAWorkspace\git\o2o\target\classes started by A in E:\IDEAWorkspace\git\o2o)
2019-11-04 22:48:13.677 [restartedMain] INFO  com.dyl.o2o.O2oApplication - The following profiles are active: dev
2019-11-04 22:48:14.006 [restartedMain] INFO  o.s.boot.web.embedded.tomcat.TomcatWebServer - Tomcat initialized with port(s): 8081 (http)
2019-11-04 22:48:14.007 [restartedMain] INFO  org.apache.catalina.core.StandardService - Starting service [Tomcat]
2019-11-04 22:48:14.007 [restartedMain] INFO  org.apache.catalina.core.StandardEngine - Starting Servlet engine: [Apache Tomcat/9.0.24]
2019-11-04 22:48:14.017 [restartedMain] INFO  o.a.c.core.ContainerBase.[Tomcat].[localhost].[/] - Initializing Spring embedded WebApplicationContext
2019-11-04 22:48:14.018 [restartedMain] INFO  org.springframework.web.context.ContextLoader - Root WebApplicationContext: initialization completed in 338 ms
2019-11-04 22:48:14.173 [restartedMain] INFO  o.s.scheduling.concurrent.ThreadPoolTaskExecutor - Initializing ExecutorService 'applicationTaskExecutor'
2019-11-04 22:48:14.234 [restartedMain] INFO  o.s.b.d.autoconfigure.OptionalLiveReloadServer - LiveReload server is running on port 35729
2019-11-04 22:48:14.265 [restartedMain] INFO  o.s.boot.web.embedded.tomcat.TomcatWebServer - Tomcat started on port(s): 8081 (http) with context path ''
2019-11-04 22:48:14.266 [restartedMain] INFO  com.dyl.o2o.O2oApplication - Started O2oApplication in 0.641 seconds (JVM running for 3761.831)
2019-11-04 22:48:14.267 [restartedMain] INFO  o.s.b.d.a.ConditionEvaluationDeltaLoggingListener - Condition evaluation unchanged
2019-11-04 22:52:33.636 [Thread-49] INFO  o.s.scheduling.concurrent.ThreadPoolTaskExecutor - Shutting down ExecutorService 'applicationTaskExecutor'
2019-11-04 22:52:33.899 [restartedMain] INFO  com.dyl.o2o.O2oApplication - Starting O2oApplication on dyl-pc with PID 9632 (E:\IDEAWorkspace\git\o2o\target\classes started by A in E:\IDEAWorkspace\git\o2o)
2019-11-04 22:52:33.899 [restartedMain] INFO  com.dyl.o2o.O2oApplication - The following profiles are active: dev
2019-11-04 22:52:34.180 [restartedMain] INFO  o.s.boot.web.embedded.tomcat.TomcatWebServer - Tomcat initialized with port(s): 8081 (http)
2019-11-04 22:52:34.181 [restartedMain] INFO  org.apache.catalina.core.StandardService - Starting service [Tomcat]
2019-11-04 22:52:34.181 [restartedMain] INFO  org.apache.catalina.core.StandardEngine - Starting Servlet engine: [Apache Tomcat/9.0.24]
2019-11-04 22:52:34.192 [restartedMain] INFO  o.a.c.core.ContainerBase.[Tomcat].[localhost].[/] - Initializing Spring embedded WebApplicationContext
2019-11-04 22:52:34.192 [restartedMain] INFO  org.springframework.web.context.ContextLoader - Root WebApplicationContext: initialization completed in 290 ms
2019-11-04 22:52:34.369 [restartedMain] INFO  o.s.scheduling.concurrent.ThreadPoolTaskExecutor - Initializing ExecutorService 'applicationTaskExecutor'
2019-11-04 22:52:34.438 [restartedMain] INFO  o.s.b.d.autoconfigure.OptionalLiveReloadServer - LiveReload server is running on port 35729
2019-11-04 22:52:34.476 [restartedMain] INFO  o.s.boot.web.embedded.tomcat.TomcatWebServer - Tomcat started on port(s): 8081 (http) with context path ''
2019-11-04 22:52:34.477 [restartedMain] INFO  com.dyl.o2o.O2oApplication - Started O2oApplication in 0.617 seconds (JVM running for 4022.042)
2019-11-04 22:52:34.478 [restartedMain] INFO  o.s.b.d.a.ConditionEvaluationDeltaLoggingListener - Condition evaluation unchanged
2019-11-04 22:53:21.026 [Thread-55] INFO  o.s.scheduling.concurrent.ThreadPoolTaskExecutor - Shutting down ExecutorService 'applicationTaskExecutor'
2019-11-04 22:53:21.331 [restartedMain] INFO  com.dyl.o2o.O2oApplication - Starting O2oApplication on dyl-pc with PID 9632 (E:\IDEAWorkspace\git\o2o\target\classes started by A in E:\IDEAWorkspace\git\o2o)
2019-11-04 22:53:21.331 [restartedMain] INFO  com.dyl.o2o.O2oApplication - The following profiles are active: dev
2019-11-04 22:53:21.644 [restartedMain] INFO  o.s.boot.web.embedded.tomcat.TomcatWebServer - Tomcat initialized with port(s): 8081 (http)
2019-11-04 22:53:21.645 [restartedMain] INFO  org.apache.catalina.core.StandardService - Starting service [Tomcat]
2019-11-04 22:53:21.645 [restartedMain] INFO  org.apache.catalina.core.StandardEngine - Starting Servlet engine: [Apache Tomcat/9.0.24]
2019-11-04 22:53:21.657 [restartedMain] INFO  o.a.c.core.ContainerBase.[Tomcat].[localhost].[/] - Initializing Spring embedded WebApplicationContext
2019-11-04 22:53:21.657 [restartedMain] INFO  org.springframework.web.context.ContextLoader - Root WebApplicationContext: initialization completed in 323 ms
2019-11-04 22:53:21.815 [restartedMain] INFO  o.s.scheduling.concurrent.ThreadPoolTaskExecutor - Initializing ExecutorService 'applicationTaskExecutor'
2019-11-04 22:53:21.876 [restartedMain] INFO  o.s.b.d.autoconfigure.OptionalLiveReloadServer - LiveReload server is running on port 35729
2019-11-04 22:53:21.909 [restartedMain] INFO  o.s.boot.web.embedded.tomcat.TomcatWebServer - Tomcat started on port(s): 8081 (http) with context path ''
2019-11-04 22:53:21.909 [restartedMain] INFO  com.dyl.o2o.O2oApplication - Started O2oApplication in 0.616 seconds (JVM running for 4069.475)
2019-11-04 22:53:21.910 [restartedMain] INFO  o.s.b.d.a.ConditionEvaluationDeltaLoggingListener - Condition evaluation unchanged
2019-11-04 22:54:01.434 [Thread-61] INFO  o.s.scheduling.concurrent.ThreadPoolTaskExecutor - Shutting down ExecutorService 'applicationTaskExecutor'
2019-11-04 22:54:01.735 [restartedMain] INFO  com.dyl.o2o.O2oApplication - Starting O2oApplication on dyl-pc with PID 9632 (E:\IDEAWorkspace\git\o2o\target\classes started by A in E:\IDEAWorkspace\git\o2o)
2019-11-04 22:54:01.735 [restartedMain] INFO  com.dyl.o2o.O2oApplication - The following profiles are active: dev
2019-11-04 22:54:01.994 [restartedMain] INFO  o.s.boot.web.embedded.tomcat.TomcatWebServer - Tomcat initialized with port(s): 8081 (http)
2019-11-04 22:54:01.995 [restartedMain] INFO  org.apache.catalina.core.StandardService - Starting service [Tomcat]
2019-11-04 22:54:01.995 [restartedMain] INFO  org.apache.catalina.core.StandardEngine - Starting Servlet engine: [Apache Tomcat/9.0.24]
2019-11-04 22:54:02.005 [restartedMain] INFO  o.a.c.core.ContainerBase.[Tomcat].[localhost].[/] - Initializing Spring embedded WebApplicationContext
2019-11-04 22:54:02.005 [restartedMain] INFO  org.springframework.web.context.ContextLoader - Root WebApplicationContext: initialization completed in 268 ms
2019-11-04 22:54:02.140 [restartedMain] INFO  o.s.scheduling.concurrent.ThreadPoolTaskExecutor - Initializing ExecutorService 'applicationTaskExecutor'
2019-11-04 22:54:02.197 [restartedMain] INFO  o.s.b.d.autoconfigure.OptionalLiveReloadServer - LiveReload server is running on port 35729
2019-11-04 22:54:02.225 [restartedMain] INFO  o.s.boot.web.embedded.tomcat.TomcatWebServer - Tomcat started on port(s): 8081 (http) with context path ''
2019-11-04 22:54:02.226 [restartedMain] INFO  com.dyl.o2o.O2oApplication - Started O2oApplication in 0.528 seconds (JVM running for 4109.79)
2019-11-04 22:54:02.227 [restartedMain] INFO  o.s.b.d.a.ConditionEvaluationDeltaLoggingListener - Condition evaluation unchanged
2019-11-04 22:54:25.689 [Thread-67] INFO  o.s.scheduling.concurrent.ThreadPoolTaskExecutor - Shutting down ExecutorService 'applicationTaskExecutor'
2019-11-04 22:54:25.883 [restartedMain] INFO  com.dyl.o2o.O2oApplication - Starting O2oApplication on dyl-pc with PID 9632 (E:\IDEAWorkspace\git\o2o\target\classes started by A in E:\IDEAWorkspace\git\o2o)
2019-11-04 22:54:25.884 [restartedMain] INFO  com.dyl.o2o.O2oApplication - The following profiles are active: dev
2019-11-04 22:54:26.186 [restartedMain] INFO  o.s.boot.web.embedded.tomcat.TomcatWebServer - Tomcat initialized with port(s): 8081 (http)
2019-11-04 22:54:26.187 [restartedMain] INFO  org.apache.catalina.core.StandardService - Starting service [Tomcat]
2019-11-04 22:54:26.187 [restartedMain] INFO  org.apache.catalina.core.StandardEngine - Starting Servlet engine: [Apache Tomcat/9.0.24]
2019-11-04 22:54:26.198 [restartedMain] INFO  o.a.c.core.ContainerBase.[Tomcat].[localhost].[/] - Initializing Spring embedded WebApplicationContext
2019-11-04 22:54:26.198 [restartedMain] INFO  org.springframework.web.context.ContextLoader - Root WebApplicationContext: initialization completed in 312 ms
2019-11-04 22:54:26.363 [restartedMain] INFO  o.s.scheduling.concurrent.ThreadPoolTaskExecutor - Initializing ExecutorService 'applicationTaskExecutor'
2019-11-04 22:54:26.425 [restartedMain] INFO  o.s.b.d.autoconfigure.OptionalLiveReloadServer - LiveReload server is running on port 35729
2019-11-04 22:54:26.458 [restartedMain] INFO  o.s.boot.web.embedded.tomcat.TomcatWebServer - Tomcat started on port(s): 8081 (http) with context path ''
2019-11-04 22:54:26.458 [restartedMain] INFO  com.dyl.o2o.O2oApplication - Started O2oApplication in 0.606 seconds (JVM running for 4134.023)
2019-11-04 22:54:26.459 [restartedMain] INFO  o.s.b.d.a.ConditionEvaluationDeltaLoggingListener - Condition evaluation unchanged
2019-11-04 22:59:21.384 [Thread-73] INFO  o.s.scheduling.concurrent.ThreadPoolTaskExecutor - Shutting down ExecutorService 'applicationTaskExecutor'
2019-11-04 22:59:21.609 [restartedMain] INFO  com.dyl.o2o.O2oApplication - Starting O2oApplication on dyl-pc with PID 9632 (E:\IDEAWorkspace\git\o2o\target\classes started by A in E:\IDEAWorkspace\git\o2o)
2019-11-04 22:59:21.609 [restartedMain] INFO  com.dyl.o2o.O2oApplication - The following profiles are active: dev
2019-11-04 22:59:21.876 [restartedMain] INFO  o.s.boot.web.embedded.tomcat.TomcatWebServer - Tomcat initialized with port(s): 8081 (http)
2019-11-04 22:59:21.877 [restartedMain] INFO  org.apache.catalina.core.StandardService - Starting service [Tomcat]
2019-11-04 22:59:21.877 [restartedMain] INFO  org.apache.catalina.core.StandardEngine - Starting Servlet engine: [Apache Tomcat/9.0.24]
2019-11-04 22:59:21.887 [restartedMain] INFO  o.a.c.core.ContainerBase.[Tomcat].[localhost].[/] - Initializing Spring embedded WebApplicationContext
2019-11-04 22:59:21.887 [restartedMain] INFO  org.springframework.web.context.ContextLoader - Root WebApplicationContext: initialization completed in 276 ms
2019-11-04 22:59:22.027 [restartedMain] INFO  o.s.scheduling.concurrent.ThreadPoolTaskExecutor - Initializing ExecutorService 'applicationTaskExecutor'
2019-11-04 22:59:22.087 [restartedMain] INFO  o.s.b.d.autoconfigure.OptionalLiveReloadServer - LiveReload server is running on port 35729
2019-11-04 22:59:22.115 [restartedMain] INFO  o.s.boot.web.embedded.tomcat.TomcatWebServer - Tomcat started on port(s): 8081 (http) with context path ''
2019-11-04 22:59:22.116 [restartedMain] INFO  com.dyl.o2o.O2oApplication - Started O2oApplication in 0.541 seconds (JVM running for 4429.681)
2019-11-04 22:59:22.117 [restartedMain] INFO  o.s.b.d.a.ConditionEvaluationDeltaLoggingListener - Condition evaluation unchanged
2019-11-04 22:59:32.319 [http-nio-8081-exec-2] INFO  o.a.c.core.ContainerBase.[Tomcat].[localhost].[/] - Initializing Spring DispatcherServlet 'dispatcherServlet'
2019-11-04 22:59:32.320 [http-nio-8081-exec-2] INFO  org.springframework.web.servlet.DispatcherServlet - Initializing Servlet 'dispatcherServlet'
2019-11-04 22:59:32.324 [http-nio-8081-exec-2] INFO  org.springframework.web.servlet.DispatcherServlet - Completed initialization in 3 ms
2019-11-04 22:59:32.448 [http-nio-8081-exec-4] INFO  com.zaxxer.hikari.HikariDataSource - HikariPool-3 - Starting...
2019-11-04 22:59:32.452 [http-nio-8081-exec-4] INFO  com.zaxxer.hikari.HikariDataSource - HikariPool-3 - Start completed.
2019-11-04 23:01:48.445 [Thread-79] INFO  o.s.scheduling.concurrent.ThreadPoolTaskExecutor - Shutting down ExecutorService 'applicationTaskExecutor'
2019-11-04 23:01:48.445 [Thread-79] INFO  com.zaxxer.hikari.HikariDataSource - HikariPool-3 - Shutdown initiated...
2019-11-04 23:01:48.449 [Thread-79] INFO  com.zaxxer.hikari.HikariDataSource - HikariPool-3 - Shutdown completed.
2019-11-04 23:01:48.816 [restartedMain] INFO  com.dyl.o2o.O2oApplication - Starting O2oApplication on dyl-pc with PID 9632 (E:\IDEAWorkspace\git\o2o\target\classes started by A in E:\IDEAWorkspace\git\o2o)
2019-11-04 23:01:48.817 [restartedMain] INFO  com.dyl.o2o.O2oApplication - The following profiles are active: dev
2019-11-04 23:01:49.107 [restartedMain] INFO  o.s.boot.web.embedded.tomcat.TomcatWebServer - Tomcat initialized with port(s): 8081 (http)
2019-11-04 23:01:49.108 [restartedMain] INFO  org.apache.catalina.core.StandardService - Starting service [Tomcat]
2019-11-04 23:01:49.108 [restartedMain] INFO  org.apache.catalina.core.StandardEngine - Starting Servlet engine: [Apache Tomcat/9.0.24]
2019-11-04 23:01:49.119 [restartedMain] INFO  o.a.c.core.ContainerBase.[Tomcat].[localhost].[/] - Initializing Spring embedded WebApplicationContext
2019-11-04 23:01:49.119 [restartedMain] INFO  org.springframework.web.context.ContextLoader - Root WebApplicationContext: initialization completed in 299 ms
2019-11-04 23:01:49.267 [restartedMain] INFO  o.s.scheduling.concurrent.ThreadPoolTaskExecutor - Initializing ExecutorService 'applicationTaskExecutor'
2019-11-04 23:01:49.343 [restartedMain] INFO  o.s.b.d.autoconfigure.OptionalLiveReloadServer - LiveReload server is running on port 35729
2019-11-04 23:01:49.378 [restartedMain] INFO  o.s.boot.web.embedded.tomcat.TomcatWebServer - Tomcat started on port(s): 8081 (http) with context path ''
2019-11-04 23:01:49.379 [restartedMain] INFO  com.dyl.o2o.O2oApplication - Started O2oApplication in 0.691 seconds (JVM running for 4576.944)
2019-11-04 23:01:49.381 [restartedMain] INFO  o.s.b.d.a.ConditionEvaluationDeltaLoggingListener - Condition evaluation unchanged
2019-11-04 23:05:03.494 [Thread-85] INFO  o.s.scheduling.concurrent.ThreadPoolTaskExecutor - Shutting down ExecutorService 'applicationTaskExecutor'
2019-11-04 23:05:03.757 [restartedMain] INFO  com.dyl.o2o.O2oApplication - Starting O2oApplication on dyl-pc with PID 9632 (E:\IDEAWorkspace\git\o2o\target\classes started by A in E:\IDEAWorkspace\git\o2o)
2019-11-04 23:05:03.758 [restartedMain] INFO  com.dyl.o2o.O2oApplication - The following profiles are active: dev
2019-11-04 23:05:04.192 [restartedMain] INFO  o.s.boot.web.embedded.tomcat.TomcatWebServer - Tomcat initialized with port(s): 8081 (http)
2019-11-04 23:05:04.194 [restartedMain] INFO  org.apache.catalina.core.StandardService - Starting service [Tomcat]
2019-11-04 23:05:04.194 [restartedMain] INFO  org.apache.catalina.core.StandardEngine - Starting Servlet engine: [Apache Tomcat/9.0.24]
2019-11-04 23:05:04.205 [restartedMain] INFO  o.a.c.core.ContainerBase.[Tomcat].[localhost].[/] - Initializing Spring embedded WebApplicationContext
2019-11-04 23:05:04.205 [restartedMain] INFO  org.springframework.web.context.ContextLoader - Root WebApplicationContext: initialization completed in 445 ms
2019-11-04 23:05:04.353 [restartedMain] INFO  o.s.scheduling.concurrent.ThreadPoolTaskExecutor - Initializing ExecutorService 'applicationTaskExecutor'
2019-11-04 23:05:04.416 [restartedMain] INFO  o.s.b.d.autoconfigure.OptionalLiveReloadServer - LiveReload server is running on port 35729
2019-11-04 23:05:04.445 [restartedMain] INFO  o.s.boot.web.embedded.tomcat.TomcatWebServer - Tomcat started on port(s): 8081 (http) with context path ''
2019-11-04 23:05:04.445 [restartedMain] INFO  com.dyl.o2o.O2oApplication - Started O2oApplication in 0.729 seconds (JVM running for 4772.01)
2019-11-04 23:05:04.446 [restartedMain] INFO  o.s.b.d.a.ConditionEvaluationDeltaLoggingListener - Condition evaluation unchanged
2019-11-04 23:05:21.891 [Thread-91] INFO  o.s.scheduling.concurrent.ThreadPoolTaskExecutor - Shutting down ExecutorService 'applicationTaskExecutor'
2019-11-04 23:05:22.134 [restartedMain] INFO  com.dyl.o2o.O2oApplication - Starting O2oApplication on dyl-pc with PID 9632 (E:\IDEAWorkspace\git\o2o\target\classes started by A in E:\IDEAWorkspace\git\o2o)
2019-11-04 23:05:22.134 [restartedMain] INFO  com.dyl.o2o.O2oApplication - The following profiles are active: dev
2019-11-04 23:05:22.618 [restartedMain] INFO  o.s.boot.web.embedded.tomcat.TomcatWebServer - Tomcat initialized with port(s): 8081 (http)
2019-11-04 23:05:22.620 [restartedMain] INFO  org.apache.catalina.core.StandardService - Starting service [Tomcat]
2019-11-04 23:05:22.620 [restartedMain] INFO  org.apache.catalina.core.StandardEngine - Starting Servlet engine: [Apache Tomcat/9.0.24]
2019-11-04 23:05:22.631 [restartedMain] INFO  o.a.c.core.ContainerBase.[Tomcat].[localhost].[/] - Initializing Spring embedded WebApplicationContext
2019-11-04 23:05:22.631 [restartedMain] INFO  org.springframework.web.context.ContextLoader - Root WebApplicationContext: initialization completed in 495 ms
2019-11-04 23:05:22.791 [restartedMain] INFO  o.s.scheduling.concurrent.ThreadPoolTaskExecutor - Initializing ExecutorService 'applicationTaskExecutor'
2019-11-04 23:05:22.863 [restartedMain] INFO  o.s.b.d.autoconfigure.OptionalLiveReloadServer - LiveReload server is running on port 35729
2019-11-04 23:05:22.895 [restartedMain] INFO  o.s.boot.web.embedded.tomcat.TomcatWebServer - Tomcat started on port(s): 8081 (http) with context path ''
2019-11-04 23:05:22.896 [restartedMain] INFO  com.dyl.o2o.O2oApplication - Started O2oApplication in 0.805 seconds (JVM running for 4790.461)
2019-11-04 23:05:22.897 [restartedMain] INFO  o.s.b.d.a.ConditionEvaluationDeltaLoggingListener - Condition evaluation unchanged
2019-11-04 23:06:17.481 [Thread-97] INFO  o.s.scheduling.concurrent.ThreadPoolTaskExecutor - Shutting down ExecutorService 'applicationTaskExecutor'
2019-11-04 23:06:17.721 [restartedMain] INFO  com.dyl.o2o.O2oApplication - Starting O2oApplication on dyl-pc with PID 9632 (E:\IDEAWorkspace\git\o2o\target\classes started by A in E:\IDEAWorkspace\git\o2o)
2019-11-04 23:06:17.721 [restartedMain] INFO  com.dyl.o2o.O2oApplication - The following profiles are active: dev
2019-11-04 23:06:18.021 [restartedMain] INFO  o.s.boot.web.embedded.tomcat.TomcatWebServer - Tomcat initialized with port(s): 8081 (http)
2019-11-04 23:06:18.023 [restartedMain] INFO  org.apache.catalina.core.StandardService - Starting service [Tomcat]
2019-11-04 23:06:18.023 [restartedMain] INFO  org.apache.catalina.core.StandardEngine - Starting Servlet engine: [Apache Tomcat/9.0.24]
2019-11-04 23:06:18.034 [restartedMain] INFO  o.a.c.core.ContainerBase.[Tomcat].[localhost].[/] - Initializing Spring embedded WebApplicationContext
2019-11-04 23:06:18.034 [restartedMain] INFO  org.springframework.web.context.ContextLoader - Root WebApplicationContext: initialization completed in 310 ms
2019-11-04 23:06:18.183 [restartedMain] INFO  o.s.scheduling.concurrent.ThreadPoolTaskExecutor - Initializing ExecutorService 'applicationTaskExecutor'
2019-11-04 23:06:18.259 [restartedMain] INFO  o.s.b.d.autoconfigure.OptionalLiveReloadServer - LiveReload server is running on port 35729
2019-11-04 23:06:18.289 [restartedMain] INFO  o.s.boot.web.embedded.tomcat.TomcatWebServer - Tomcat started on port(s): 8081 (http) with context path ''
2019-11-04 23:06:18.289 [restartedMain] INFO  com.dyl.o2o.O2oApplication - Started O2oApplication in 0.618 seconds (JVM running for 4845.855)
2019-11-04 23:06:18.291 [restartedMain] INFO  o.s.b.d.a.ConditionEvaluationDeltaLoggingListener - Condition evaluation unchanged
2019-11-04 23:07:01.841 [Thread-103] INFO  o.s.scheduling.concurrent.ThreadPoolTaskExecutor - Shutting down ExecutorService 'applicationTaskExecutor'
2019-11-04 23:07:02.168 [restartedMain] INFO  com.dyl.o2o.O2oApplication - Starting O2oApplication on dyl-pc with PID 9632 (E:\IDEAWorkspace\git\o2o\target\classes started by A in E:\IDEAWorkspace\git\o2o)
2019-11-04 23:07:02.168 [restartedMain] INFO  com.dyl.o2o.O2oApplication - The following profiles are active: dev
2019-11-04 23:07:02.421 [restartedMain] INFO  o.s.boot.web.embedded.tomcat.TomcatWebServer - Tomcat initialized with port(s): 8081 (http)
2019-11-04 23:07:02.422 [restartedMain] INFO  org.apache.catalina.core.StandardService - Starting service [Tomcat]
2019-11-04 23:07:02.422 [restartedMain] INFO  org.apache.catalina.core.StandardEngine - Starting Servlet engine: [Apache Tomcat/9.0.24]
2019-11-04 23:07:02.432 [restartedMain] INFO  o.a.c.core.ContainerBase.[Tomcat].[localhost].[/] - Initializing Spring embedded WebApplicationContext
2019-11-04 23:07:02.432 [restartedMain] INFO  org.springframework.web.context.ContextLoader - Root WebApplicationContext: initialization completed in 262 ms
2019-11-04 23:07:02.560 [restartedMain] INFO  o.s.scheduling.concurrent.ThreadPoolTaskExecutor - Initializing ExecutorService 'applicationTaskExecutor'
2019-11-04 23:07:02.618 [restartedMain] INFO  o.s.b.d.autoconfigure.OptionalLiveReloadServer - LiveReload server is running on port 35729
2019-11-04 23:07:02.646 [restartedMain] INFO  o.s.boot.web.embedded.tomcat.TomcatWebServer - Tomcat started on port(s): 8081 (http) with context path ''
2019-11-04 23:07:02.646 [restartedMain] INFO  com.dyl.o2o.O2oApplication - Started O2oApplication in 0.51 seconds (JVM running for 4890.211)
2019-11-04 23:07:02.647 [restartedMain] INFO  o.s.b.d.a.ConditionEvaluationDeltaLoggingListener - Condition evaluation unchanged
2019-11-04 23:09:36.648 [Thread-109] INFO  o.s.scheduling.concurrent.ThreadPoolTaskExecutor - Shutting down ExecutorService 'applicationTaskExecutor'
2019-11-04 23:09:36.875 [restartedMain] INFO  com.dyl.o2o.O2oApplication - Starting O2oApplication on dyl-pc with PID 9632 (E:\IDEAWorkspace\git\o2o\target\classes started by A in E:\IDEAWorkspace\git\o2o)
2019-11-04 23:09:36.875 [restartedMain] INFO  com.dyl.o2o.O2oApplication - The following profiles are active: dev
2019-11-04 23:09:37.156 [restartedMain] INFO  o.s.boot.web.embedded.tomcat.TomcatWebServer - Tomcat initialized with port(s): 8081 (http)
2019-11-04 23:09:37.157 [restartedMain] INFO  org.apache.catalina.core.StandardService - Starting service [Tomcat]
2019-11-04 23:09:37.157 [restartedMain] INFO  org.apache.catalina.core.StandardEngine - Starting Servlet engine: [Apache Tomcat/9.0.24]
2019-11-04 23:09:37.168 [restartedMain] INFO  o.a.c.core.ContainerBase.[Tomcat].[localhost].[/] - Initializing Spring embedded WebApplicationContext
2019-11-04 23:09:37.168 [restartedMain] INFO  org.springframework.web.context.ContextLoader - Root WebApplicationContext: initialization completed in 290 ms
2019-11-04 23:09:37.318 [restartedMain] INFO  o.s.scheduling.concurrent.ThreadPoolTaskExecutor - Initializing ExecutorService 'applicationTaskExecutor'
2019-11-04 23:09:37.380 [restartedMain] INFO  o.s.b.d.autoconfigure.OptionalLiveReloadServer - LiveReload server is running on port 35729
2019-11-04 23:09:37.410 [restartedMain] INFO  o.s.boot.web.embedded.tomcat.TomcatWebServer - Tomcat started on port(s): 8081 (http) with context path ''
2019-11-04 23:09:37.410 [restartedMain] INFO  com.dyl.o2o.O2oApplication - Started O2oApplication in 0.578 seconds (JVM running for 5044.975)
2019-11-04 23:09:37.412 [restartedMain] INFO  o.s.b.d.a.ConditionEvaluationDeltaLoggingListener - Condition evaluation unchanged
2019-11-04 23:09:38.047 [Thread-120] INFO  o.s.scheduling.concurrent.ThreadPoolTaskExecutor - Shutting down ExecutorService 'applicationTaskExecutor'
2019-11-04 23:09:41.712 [restartedMain] INFO  com.dyl.o2o.O2oApplication - Starting O2oApplication on dyl-pc with PID 16968 (E:\IDEAWorkspace\git\o2o\target\classes started by A in E:\IDEAWorkspace\git\o2o)
2019-11-04 23:09:41.715 [restartedMain] INFO  com.dyl.o2o.O2oApplication - The following profiles are active: dev
2019-11-04 23:09:41.757 [restartedMain] INFO  o.s.b.d.env.DevToolsPropertyDefaultsPostProcessor - Devtools property defaults active! Set 'spring.devtools.add-properties' to 'false' to disable
2019-11-04 23:09:41.757 [restartedMain] INFO  o.s.b.d.env.DevToolsPropertyDefaultsPostProcessor - For additional web related logging consider setting the 'logging.level.web' property to 'DEBUG'
2019-11-04 23:09:42.730 [restartedMain] INFO  o.s.boot.web.embedded.tomcat.TomcatWebServer - Tomcat initialized with port(s): 8081 (http)
2019-11-04 23:09:42.746 [restartedMain] INFO  org.apache.catalina.core.StandardService - Starting service [Tomcat]
2019-11-04 23:09:42.746 [restartedMain] INFO  org.apache.catalina.core.StandardEngine - Starting Servlet engine: [Apache Tomcat/9.0.24]
2019-11-04 23:09:42.817 [restartedMain] INFO  o.a.c.core.ContainerBase.[Tomcat].[localhost].[/] - Initializing Spring embedded WebApplicationContext
2019-11-04 23:09:42.818 [restartedMain] INFO  org.springframework.web.context.ContextLoader - Root WebApplicationContext: initialization completed in 1061 ms
2019-11-04 23:09:43.333 [restartedMain] INFO  o.s.scheduling.concurrent.ThreadPoolTaskExecutor - Initializing ExecutorService 'applicationTaskExecutor'
2019-11-04 23:09:43.529 [restartedMain] INFO  o.s.b.d.autoconfigure.OptionalLiveReloadServer - LiveReload server is running on port 35729
2019-11-04 23:09:43.590 [restartedMain] INFO  o.s.boot.web.embedded.tomcat.TomcatWebServer - Tomcat started on port(s): 8081 (http) with context path ''
2019-11-04 23:09:43.593 [restartedMain] INFO  com.dyl.o2o.O2oApplication - Started O2oApplication in 2.379 seconds (JVM running for 2.925)
