2019-09-24 18:43:39.290 [main] INFO  com.dyl.o2o.O2oApplication - Starting O2oApplication on DESKTOP-QS0OB6V with PID 15004 (E:\IDEAWorkSpace\git\o2o\target\classes started by Administrator in E:\IDEAWorkSpace\git\o2o)
2019-09-24 18:43:39.312 [main] INFO  com.dyl.o2o.O2oApplication - The following profiles are active: dev
2019-09-24 18:43:46.014 [main] INFO  com.dyl.o2o.O2oApplication - Started O2oApplication in 10.075 seconds (JVM running for 13.848)
2019-09-24 18:45:14.630 [main] INFO  com.dyl.o2o.O2oApplication - Starting O2oApplication on DESKTOP-QS0OB6V with PID 2616 (E:\IDEAWorkSpace\git\o2o\target\classes started by Administrator in E:\IDEAWorkSpace\git\o2o)
2019-09-24 18:45:14.634 [main] INFO  com.dyl.o2o.O2oApplication - The following profiles are active: dev
2019-09-24 18:45:19.256 [main] INFO  o.s.boot.web.embedded.tomcat.TomcatWebServer - Tomcat initialized with port(s): 8080 (http)
2019-09-24 18:45:19.281 [main] INFO  org.apache.coyote.http11.Http11NioProtocol - Initializing ProtocolHandler ["http-nio-8080"]
2019-09-24 18:45:19.296 [main] INFO  org.apache.catalina.core.StandardService - Starting service [Tomcat]
2019-09-24 18:45:19.296 [main] INFO  org.apache.catalina.core.StandardEngine - Starting Servlet engine: [Apache Tomcat/9.0.24]
2019-09-24 18:45:19.507 [main] INFO  o.a.c.core.ContainerBase.[Tomcat].[localhost].[/] - Initializing Spring embedded WebApplicationContext
2019-09-24 18:45:19.507 [main] INFO  org.springframework.web.context.ContextLoader - Root WebApplicationContext: initialization completed in 4557 ms
2019-09-24 18:45:20.763 [main] INFO  o.s.scheduling.concurrent.ThreadPoolTaskExecutor - Initializing ExecutorService 'applicationTaskExecutor'
2019-09-24 18:45:21.544 [main] INFO  org.apache.coyote.http11.Http11NioProtocol - Starting ProtocolHandler ["http-nio-8080"]
2019-09-24 18:45:21.605 [main] INFO  o.s.boot.web.embedded.tomcat.TomcatWebServer - Tomcat started on port(s): 8080 (http) with context path ''
2019-09-24 18:45:21.613 [main] INFO  com.dyl.o2o.O2oApplication - Started O2oApplication in 9.589 seconds (JVM running for 13.193)
2019-09-24 18:45:35.477 [http-nio-8080-exec-1] INFO  o.a.c.core.ContainerBase.[Tomcat].[localhost].[/] - Initializing Spring DispatcherServlet 'dispatcherServlet'
2019-09-24 18:45:35.478 [http-nio-8080-exec-1] INFO  org.springframework.web.servlet.DispatcherServlet - Initializing Servlet 'dispatcherServlet'
2019-09-24 18:45:35.492 [http-nio-8080-exec-1] INFO  org.springframework.web.servlet.DispatcherServlet - Completed initialization in 14 ms
2019-09-24 18:45:35.683 [http-nio-8080-exec-1] INFO  com.zaxxer.hikari.HikariDataSource - HikariPool-1 - Starting...
2019-09-24 18:45:36.057 [http-nio-8080-exec-1] INFO  com.zaxxer.hikari.HikariDataSource - HikariPool-1 - Start completed.
2019-09-24 18:46:21.356 [Thread-15] INFO  o.s.scheduling.concurrent.ThreadPoolTaskExecutor - Shutting down ExecutorService 'applicationTaskExecutor'
2019-09-24 18:46:21.358 [Thread-15] INFO  com.zaxxer.hikari.HikariDataSource - HikariPool-1 - Shutdown initiated...
2019-09-24 18:46:21.495 [Thread-15] INFO  com.zaxxer.hikari.HikariDataSource - HikariPool-1 - Shutdown completed.
2019-09-24 18:46:31.249 [main] INFO  com.dyl.o2o.O2oApplication - Starting O2oApplication on DESKTOP-QS0OB6V with PID 3300 (E:\IDEAWorkSpace\git\o2o\target\classes started by Administrator in E:\IDEAWorkSpace\git\o2o)
2019-09-24 18:46:31.254 [main] INFO  com.dyl.o2o.O2oApplication - The following profiles are active: dev
2019-09-24 18:46:35.729 [main] INFO  o.s.boot.web.embedded.tomcat.TomcatWebServer - Tomcat initialized with port(s): 8080 (http)
2019-09-24 18:46:35.841 [main] INFO  org.apache.coyote.http11.Http11NioProtocol - Initializing ProtocolHandler ["http-nio-8080"]
2019-09-24 18:46:35.865 [main] INFO  org.apache.catalina.core.StandardService - Starting service [Tomcat]
2019-09-24 18:46:35.867 [main] INFO  org.apache.catalina.core.StandardEngine - Starting Servlet engine: [Apache Tomcat/9.0.24]
2019-09-24 18:46:36.557 [main] INFO  o.a.c.core.ContainerBase.[Tomcat].[localhost].[/] - Initializing Spring embedded WebApplicationContext
2019-09-24 18:46:36.558 [main] INFO  org.springframework.web.context.ContextLoader - Root WebApplicationContext: initialization completed in 5128 ms
2019-09-24 18:46:38.418 [main] INFO  o.s.scheduling.concurrent.ThreadPoolTaskExecutor - Initializing ExecutorService 'applicationTaskExecutor'
2019-09-24 18:46:39.022 [main] INFO  org.apache.coyote.http11.Http11NioProtocol - Starting ProtocolHandler ["http-nio-8080"]
2019-09-24 18:46:39.101 [main] INFO  o.s.boot.web.embedded.tomcat.TomcatWebServer - Tomcat started on port(s): 8080 (http) with context path ''
2019-09-24 18:46:39.106 [main] INFO  com.dyl.o2o.O2oApplication - Started O2oApplication in 10.017 seconds (JVM running for 12.516)
2019-09-24 18:46:41.623 [http-nio-8080-exec-1] INFO  o.a.c.core.ContainerBase.[Tomcat].[localhost].[/] - Initializing Spring DispatcherServlet 'dispatcherServlet'
2019-09-24 18:46:41.623 [http-nio-8080-exec-1] INFO  org.springframework.web.servlet.DispatcherServlet - Initializing Servlet 'dispatcherServlet'
2019-09-24 18:46:41.641 [http-nio-8080-exec-1] INFO  org.springframework.web.servlet.DispatcherServlet - Completed initialization in 17 ms
2019-09-24 18:46:41.936 [http-nio-8080-exec-1] INFO  com.zaxxer.hikari.HikariDataSource - HikariPool-1 - Starting...
2019-09-24 18:46:42.344 [http-nio-8080-exec-1] INFO  com.zaxxer.hikari.HikariDataSource - HikariPool-1 - Start completed.
2019-09-24 18:59:02.052 [Thread-14] INFO  o.s.scheduling.concurrent.ThreadPoolTaskExecutor - Shutting down ExecutorService 'applicationTaskExecutor'
2019-09-24 18:59:02.054 [Thread-14] INFO  com.zaxxer.hikari.HikariDataSource - HikariPool-1 - Shutdown initiated...
2019-09-24 18:59:02.070 [Thread-14] INFO  com.zaxxer.hikari.HikariDataSource - HikariPool-1 - Shutdown completed.
2019-09-24 18:59:18.639 [main] INFO  com.dyl.o2o.O2oApplication - Starting O2oApplication on DESKTOP-QS0OB6V with PID 9668 (E:\IDEAWorkSpace\git\o2o\target\classes started by Administrator in E:\IDEAWorkSpace\git\o2o)
2019-09-24 18:59:18.645 [main] INFO  com.dyl.o2o.O2oApplication - The following profiles are active: dev
2019-09-24 18:59:22.916 [main] INFO  o.s.boot.web.embedded.tomcat.TomcatWebServer - Tomcat initialized with port(s): 8080 (http)
2019-09-24 18:59:23.089 [main] INFO  org.apache.coyote.http11.Http11NioProtocol - Initializing ProtocolHandler ["http-nio-8080"]
2019-09-24 18:59:23.119 [main] INFO  org.apache.catalina.core.StandardService - Starting service [Tomcat]
2019-09-24 18:59:23.119 [main] INFO  org.apache.catalina.core.StandardEngine - Starting Servlet engine: [Apache Tomcat/9.0.24]
2019-09-24 18:59:23.636 [main] INFO  o.a.c.core.ContainerBase.[Tomcat].[localhost].[/] - Initializing Spring embedded WebApplicationContext
2019-09-24 18:59:23.636 [main] INFO  org.springframework.web.context.ContextLoader - Root WebApplicationContext: initialization completed in 4850 ms
2019-09-24 18:59:25.865 [main] INFO  o.s.scheduling.concurrent.ThreadPoolTaskExecutor - Initializing ExecutorService 'applicationTaskExecutor'
2019-09-24 18:59:27.237 [main] INFO  org.apache.coyote.http11.Http11NioProtocol - Starting ProtocolHandler ["http-nio-8080"]
2019-09-24 18:59:27.330 [main] INFO  o.s.boot.web.embedded.tomcat.TomcatWebServer - Tomcat started on port(s): 8080 (http) with context path ''
2019-09-24 18:59:27.344 [main] INFO  com.dyl.o2o.O2oApplication - Started O2oApplication in 13.383 seconds (JVM running for 18.086)
2019-09-24 18:59:40.280 [http-nio-8080-exec-1] INFO  o.a.c.core.ContainerBase.[Tomcat].[localhost].[/] - Initializing Spring DispatcherServlet 'dispatcherServlet'
2019-09-24 18:59:40.284 [http-nio-8080-exec-1] INFO  org.springframework.web.servlet.DispatcherServlet - Initializing Servlet 'dispatcherServlet'
2019-09-24 18:59:40.298 [http-nio-8080-exec-1] INFO  org.springframework.web.servlet.DispatcherServlet - Completed initialization in 13 ms
2019-09-24 18:59:40.522 [http-nio-8080-exec-1] INFO  com.zaxxer.hikari.HikariDataSource - HikariPool-1 - Starting...
2019-09-24 18:59:40.829 [http-nio-8080-exec-1] INFO  com.zaxxer.hikari.HikariDataSource - HikariPool-1 - Start completed.
2019-09-24 19:40:13.140 [Thread-16] INFO  o.s.scheduling.concurrent.ThreadPoolTaskExecutor - Shutting down ExecutorService 'applicationTaskExecutor'
2019-09-24 19:40:13.161 [Thread-16] INFO  com.zaxxer.hikari.HikariDataSource - HikariPool-1 - Shutdown initiated...
2019-09-24 19:40:13.184 [Thread-16] INFO  com.zaxxer.hikari.HikariDataSource - HikariPool-1 - Shutdown completed.
2019-09-24 19:40:23.163 [main] INFO  com.dyl.o2o.O2oApplication - Starting O2oApplication on DESKTOP-QS0OB6V with PID 13140 (E:\IDEAWorkSpace\git\o2o\target\classes started by Administrator in E:\IDEAWorkSpace\git\o2o)
2019-09-24 19:40:23.246 [main] INFO  com.dyl.o2o.O2oApplication - The following profiles are active: dev
2019-09-24 19:40:26.746 [main] INFO  o.s.boot.web.embedded.tomcat.TomcatWebServer - Tomcat initialized with port(s): 8080 (http)
2019-09-24 19:40:26.784 [main] INFO  org.apache.coyote.http11.Http11NioProtocol - Initializing ProtocolHandler ["http-nio-8080"]
2019-09-24 19:40:26.798 [main] INFO  org.apache.catalina.core.StandardService - Starting service [Tomcat]
2019-09-24 19:40:26.798 [main] INFO  org.apache.catalina.core.StandardEngine - Starting Servlet engine: [Apache Tomcat/9.0.24]
2019-09-24 19:40:27.056 [main] INFO  o.a.c.core.ContainerBase.[Tomcat].[localhost].[/] - Initializing Spring embedded WebApplicationContext
2019-09-24 19:40:27.057 [main] INFO  org.springframework.web.context.ContextLoader - Root WebApplicationContext: initialization completed in 3701 ms
2019-09-24 19:40:28.484 [main] INFO  o.s.scheduling.concurrent.ThreadPoolTaskExecutor - Initializing ExecutorService 'applicationTaskExecutor'
2019-09-24 19:40:29.035 [main] INFO  org.apache.coyote.http11.Http11NioProtocol - Starting ProtocolHandler ["http-nio-8080"]
2019-09-24 19:40:29.121 [main] INFO  o.s.boot.web.embedded.tomcat.TomcatWebServer - Tomcat started on port(s): 8080 (http) with context path ''
2019-09-24 19:40:29.130 [main] INFO  com.dyl.o2o.O2oApplication - Started O2oApplication in 8.189 seconds (JVM running for 10.54)
2019-09-24 19:40:32.165 [http-nio-8080-exec-1] INFO  o.a.c.core.ContainerBase.[Tomcat].[localhost].[/] - Initializing Spring DispatcherServlet 'dispatcherServlet'
2019-09-24 19:40:32.165 [http-nio-8080-exec-1] INFO  org.springframework.web.servlet.DispatcherServlet - Initializing Servlet 'dispatcherServlet'
2019-09-24 19:40:32.179 [http-nio-8080-exec-1] INFO  org.springframework.web.servlet.DispatcherServlet - Completed initialization in 14 ms
2019-09-24 19:40:32.353 [http-nio-8080-exec-1] INFO  com.zaxxer.hikari.HikariDataSource - HikariPool-1 - Starting...
2019-09-24 19:40:32.669 [http-nio-8080-exec-1] INFO  com.zaxxer.hikari.HikariDataSource - HikariPool-1 - Start completed.
2019-09-24 19:41:01.415 [Thread-12] INFO  o.s.scheduling.concurrent.ThreadPoolTaskExecutor - Shutting down ExecutorService 'applicationTaskExecutor'
2019-09-24 19:41:01.416 [Thread-12] INFO  com.zaxxer.hikari.HikariDataSource - HikariPool-1 - Shutdown initiated...
2019-09-24 19:41:01.437 [Thread-12] INFO  com.zaxxer.hikari.HikariDataSource - HikariPool-1 - Shutdown completed.
2019-09-24 19:41:08.302 [main] INFO  com.dyl.o2o.O2oApplication - Starting O2oApplication on DESKTOP-QS0OB6V with PID 14900 (E:\IDEAWorkSpace\git\o2o\target\classes started by Administrator in E:\IDEAWorkSpace\git\o2o)
2019-09-24 19:41:08.307 [main] INFO  com.dyl.o2o.O2oApplication - The following profiles are active: dev
2019-09-24 19:41:11.181 [main] INFO  o.s.boot.web.embedded.tomcat.TomcatWebServer - Tomcat initialized with port(s): 8080 (http)
2019-09-24 19:41:11.215 [main] INFO  org.apache.coyote.http11.Http11NioProtocol - Initializing ProtocolHandler ["http-nio-8080"]
2019-09-24 19:41:11.229 [main] INFO  org.apache.catalina.core.StandardService - Starting service [Tomcat]
2019-09-24 19:41:11.229 [main] INFO  org.apache.catalina.core.StandardEngine - Starting Servlet engine: [Apache Tomcat/9.0.24]
2019-09-24 19:41:11.459 [main] INFO  o.a.c.core.ContainerBase.[Tomcat].[localhost].[/] - Initializing Spring embedded WebApplicationContext
2019-09-24 19:41:11.460 [main] INFO  org.springframework.web.context.ContextLoader - Root WebApplicationContext: initialization completed in 2873 ms
2019-09-24 19:41:12.862 [main] INFO  o.s.scheduling.concurrent.ThreadPoolTaskExecutor - Initializing ExecutorService 'applicationTaskExecutor'
2019-09-24 19:41:13.391 [main] INFO  org.apache.coyote.http11.Http11NioProtocol - Starting ProtocolHandler ["http-nio-8080"]
2019-09-24 19:41:13.444 [main] INFO  o.s.boot.web.embedded.tomcat.TomcatWebServer - Tomcat started on port(s): 8080 (http) with context path ''
2019-09-24 19:41:13.449 [main] INFO  com.dyl.o2o.O2oApplication - Started O2oApplication in 7.252 seconds (JVM running for 10.038)
2019-09-24 19:41:15.459 [http-nio-8080-exec-1] INFO  o.a.c.core.ContainerBase.[Tomcat].[localhost].[/] - Initializing Spring DispatcherServlet 'dispatcherServlet'
2019-09-24 19:41:15.460 [http-nio-8080-exec-1] INFO  org.springframework.web.servlet.DispatcherServlet - Initializing Servlet 'dispatcherServlet'
2019-09-24 19:41:15.474 [http-nio-8080-exec-1] INFO  org.springframework.web.servlet.DispatcherServlet - Completed initialization in 14 ms
2019-09-24 19:41:15.604 [http-nio-8080-exec-1] INFO  com.zaxxer.hikari.HikariDataSource - HikariPool-1 - Starting...
2019-09-24 19:41:15.939 [http-nio-8080-exec-1] INFO  com.zaxxer.hikari.HikariDataSource - HikariPool-1 - Start completed.
2019-09-24 19:42:21.114 [Thread-13] INFO  o.s.scheduling.concurrent.ThreadPoolTaskExecutor - Shutting down ExecutorService 'applicationTaskExecutor'
2019-09-24 19:42:21.116 [Thread-13] INFO  com.zaxxer.hikari.HikariDataSource - HikariPool-1 - Shutdown initiated...
2019-09-24 19:42:21.134 [Thread-13] INFO  com.zaxxer.hikari.HikariDataSource - HikariPool-1 - Shutdown completed.
2019-09-24 19:42:30.679 [main] INFO  com.dyl.o2o.O2oApplication - Starting O2oApplication on DESKTOP-QS0OB6V with PID 15348 (E:\IDEAWorkSpace\git\o2o\target\classes started by Administrator in E:\IDEAWorkSpace\git\o2o)
2019-09-24 19:42:30.683 [main] INFO  com.dyl.o2o.O2oApplication - The following profiles are active: dev
2019-09-24 19:42:34.549 [main] INFO  o.s.boot.web.embedded.tomcat.TomcatWebServer - Tomcat initialized with port(s): 8080 (http)
2019-09-24 19:42:34.576 [main] INFO  org.apache.coyote.http11.Http11NioProtocol - Initializing ProtocolHandler ["http-nio-8080"]
2019-09-24 19:42:34.599 [main] INFO  org.apache.catalina.core.StandardService - Starting service [Tomcat]
2019-09-24 19:42:34.600 [main] INFO  org.apache.catalina.core.StandardEngine - Starting Servlet engine: [Apache Tomcat/9.0.24]
2019-09-24 19:42:34.827 [main] INFO  o.a.c.core.ContainerBase.[Tomcat].[localhost].[/] - Initializing Spring embedded WebApplicationContext
2019-09-24 19:42:34.829 [main] INFO  org.springframework.web.context.ContextLoader - Root WebApplicationContext: initialization completed in 3967 ms
2019-09-24 19:42:35.992 [main] INFO  o.s.scheduling.concurrent.ThreadPoolTaskExecutor - Initializing ExecutorService 'applicationTaskExecutor'
2019-09-24 19:42:36.464 [main] INFO  org.apache.coyote.http11.Http11NioProtocol - Starting ProtocolHandler ["http-nio-8080"]
2019-09-24 19:42:36.519 [main] INFO  o.s.boot.web.embedded.tomcat.TomcatWebServer - Tomcat started on port(s): 8080 (http) with context path ''
2019-09-24 19:42:36.546 [main] INFO  com.dyl.o2o.O2oApplication - Started O2oApplication in 7.958 seconds (JVM running for 10.525)
2019-09-24 19:42:39.056 [http-nio-8080-exec-1] INFO  o.a.c.core.ContainerBase.[Tomcat].[localhost].[/] - Initializing Spring DispatcherServlet 'dispatcherServlet'
2019-09-24 19:42:39.056 [http-nio-8080-exec-1] INFO  org.springframework.web.servlet.DispatcherServlet - Initializing Servlet 'dispatcherServlet'
2019-09-24 19:42:39.071 [http-nio-8080-exec-1] INFO  org.springframework.web.servlet.DispatcherServlet - Completed initialization in 15 ms
2019-09-24 19:42:39.242 [http-nio-8080-exec-1] INFO  com.zaxxer.hikari.HikariDataSource - HikariPool-1 - Starting...
2019-09-24 19:42:39.624 [http-nio-8080-exec-1] INFO  com.zaxxer.hikari.HikariDataSource - HikariPool-1 - Start completed.
2019-09-24 19:43:09.185 [Thread-10] INFO  o.s.scheduling.concurrent.ThreadPoolTaskExecutor - Shutting down ExecutorService 'applicationTaskExecutor'
2019-09-24 19:43:09.186 [Thread-10] INFO  com.zaxxer.hikari.HikariDataSource - HikariPool-1 - Shutdown initiated...
2019-09-24 19:43:09.204 [Thread-10] INFO  com.zaxxer.hikari.HikariDataSource - HikariPool-1 - Shutdown completed.
2019-09-24 19:58:37.244 [main] INFO  com.dyl.o2o.O2oApplication - Starting O2oApplication on DESKTOP-QS0OB6V with PID 6556 (E:\IDEAWorkSpace\git\o2o\target\classes started by Administrator in E:\IDEAWorkSpace\git\o2o)
2019-09-24 19:58:37.249 [main] INFO  com.dyl.o2o.O2oApplication - The following profiles are active: dev
2019-09-24 19:58:40.932 [main] INFO  o.s.boot.web.embedded.tomcat.TomcatWebServer - Tomcat initialized with port(s): 8080 (http)
2019-09-24 19:58:40.955 [main] INFO  org.apache.coyote.http11.Http11NioProtocol - Initializing ProtocolHandler ["http-nio-8080"]
2019-09-24 19:58:40.968 [main] INFO  org.apache.catalina.core.StandardService - Starting service [Tomcat]
2019-09-24 19:58:40.968 [main] INFO  org.apache.catalina.core.StandardEngine - Starting Servlet engine: [Apache Tomcat/9.0.24]
2019-09-24 19:58:41.166 [main] INFO  o.a.c.core.ContainerBase.[Tomcat].[localhost].[/] - Initializing Spring embedded WebApplicationContext
2019-09-24 19:58:41.167 [main] INFO  org.springframework.web.context.ContextLoader - Root WebApplicationContext: initialization completed in 3778 ms
2019-09-24 19:58:42.409 [main] INFO  o.s.scheduling.concurrent.ThreadPoolTaskExecutor - Initializing ExecutorService 'applicationTaskExecutor'
2019-09-24 19:58:42.864 [main] INFO  org.apache.coyote.http11.Http11NioProtocol - Starting ProtocolHandler ["http-nio-8080"]
2019-09-24 19:58:42.909 [main] INFO  o.s.boot.web.embedded.tomcat.TomcatWebServer - Tomcat started on port(s): 8080 (http) with context path ''
2019-09-24 19:58:42.914 [main] INFO  com.dyl.o2o.O2oApplication - Started O2oApplication in 7.89 seconds (JVM running for 10.04)
2019-09-24 19:58:46.948 [http-nio-8080-exec-1] INFO  o.a.c.core.ContainerBase.[Tomcat].[localhost].[/] - Initializing Spring DispatcherServlet 'dispatcherServlet'
2019-09-24 19:58:46.948 [http-nio-8080-exec-1] INFO  org.springframework.web.servlet.DispatcherServlet - Initializing Servlet 'dispatcherServlet'
2019-09-24 19:58:46.963 [http-nio-8080-exec-1] INFO  org.springframework.web.servlet.DispatcherServlet - Completed initialization in 15 ms
2019-09-24 19:58:47.231 [http-nio-8080-exec-1] INFO  com.zaxxer.hikari.HikariDataSource - HikariPool-1 - Starting...
2019-09-24 19:58:47.526 [http-nio-8080-exec-1] INFO  com.zaxxer.hikari.HikariDataSource - HikariPool-1 - Start completed.
2019-09-24 20:12:48.289 [Thread-10] INFO  o.s.scheduling.concurrent.ThreadPoolTaskExecutor - Shutting down ExecutorService 'applicationTaskExecutor'
2019-09-24 20:12:48.290 [Thread-10] INFO  com.zaxxer.hikari.HikariDataSource - HikariPool-1 - Shutdown initiated...
2019-09-24 20:12:48.324 [Thread-10] INFO  com.zaxxer.hikari.HikariDataSource - HikariPool-1 - Shutdown completed.
2019-09-24 20:14:21.034 [main] INFO  com.dyl.o2o.O2oApplication - Starting O2oApplication on DESKTOP-QS0OB6V with PID 7892 (E:\IDEAWorkSpace\git\o2o\target\classes started by Administrator in E:\IDEAWorkSpace\git\o2o)
2019-09-24 20:14:21.047 [main] INFO  com.dyl.o2o.O2oApplication - The following profiles are active: dev
2019-09-24 20:14:24.031 [main] INFO  o.s.boot.web.embedded.tomcat.TomcatWebServer - Tomcat initialized with port(s): 8080 (http)
2019-09-24 20:14:24.063 [main] INFO  org.apache.coyote.http11.Http11NioProtocol - Initializing ProtocolHandler ["http-nio-8080"]
2019-09-24 20:14:24.080 [main] INFO  org.apache.catalina.core.StandardService - Starting service [Tomcat]
2019-09-24 20:14:24.081 [main] INFO  org.apache.catalina.core.StandardEngine - Starting Servlet engine: [Apache Tomcat/9.0.24]
2019-09-24 20:14:24.277 [main] INFO  o.a.c.core.ContainerBase.[Tomcat].[localhost].[/] - Initializing Spring embedded WebApplicationContext
2019-09-24 20:14:24.277 [main] INFO  org.springframework.web.context.ContextLoader - Root WebApplicationContext: initialization completed in 2943 ms
2019-09-24 20:14:25.541 [main] INFO  o.s.scheduling.concurrent.ThreadPoolTaskExecutor - Initializing ExecutorService 'applicationTaskExecutor'
2019-09-24 20:14:26.024 [main] INFO  org.apache.coyote.http11.Http11NioProtocol - Starting ProtocolHandler ["http-nio-8080"]
2019-09-24 20:14:26.074 [main] INFO  o.s.boot.web.embedded.tomcat.TomcatWebServer - Tomcat started on port(s): 8080 (http) with context path ''
2019-09-24 20:14:26.081 [main] INFO  com.dyl.o2o.O2oApplication - Started O2oApplication in 7.53 seconds (JVM running for 9.469)
2019-09-24 20:15:11.418 [Thread-11] INFO  o.s.scheduling.concurrent.ThreadPoolTaskExecutor - Shutting down ExecutorService 'applicationTaskExecutor'
2019-09-24 20:15:21.444 [main] INFO  com.dyl.o2o.O2oApplication - Starting O2oApplication on DESKTOP-QS0OB6V with PID 7396 (E:\IDEAWorkSpace\git\o2o\target\classes started by Administrator in E:\IDEAWorkSpace\git\o2o)
2019-09-24 20:15:21.447 [main] INFO  com.dyl.o2o.O2oApplication - The following profiles are active: dev
2019-09-24 20:15:24.732 [main] INFO  o.s.boot.web.embedded.tomcat.TomcatWebServer - Tomcat initialized with port(s): 8080 (http)
2019-09-24 20:15:24.762 [main] INFO  org.apache.coyote.http11.Http11NioProtocol - Initializing ProtocolHandler ["http-nio-8080"]
2019-09-24 20:15:24.779 [main] INFO  org.apache.catalina.core.StandardService - Starting service [Tomcat]
2019-09-24 20:15:24.780 [main] INFO  org.apache.catalina.core.StandardEngine - Starting Servlet engine: [Apache Tomcat/9.0.24]
2019-09-24 20:15:25.103 [main] INFO  o.a.c.core.ContainerBase.[Tomcat].[localhost].[/] - Initializing Spring embedded WebApplicationContext
2019-09-24 20:15:25.104 [main] INFO  org.springframework.web.context.ContextLoader - Root WebApplicationContext: initialization completed in 3443 ms
2019-09-24 20:15:26.575 [main] INFO  o.s.scheduling.concurrent.ThreadPoolTaskExecutor - Initializing ExecutorService 'applicationTaskExecutor'
2019-09-24 20:15:27.137 [main] INFO  org.apache.coyote.http11.Http11NioProtocol - Starting ProtocolHandler ["http-nio-8080"]
2019-09-24 20:15:27.206 [main] INFO  o.s.boot.web.embedded.tomcat.TomcatWebServer - Tomcat started on port(s): 8080 (http) with context path ''
2019-09-24 20:15:27.212 [main] INFO  com.dyl.o2o.O2oApplication - Started O2oApplication in 7.733 seconds (JVM running for 10.37)
2019-09-24 20:15:31.208 [http-nio-8080-exec-1] INFO  o.a.c.core.ContainerBase.[Tomcat].[localhost].[/] - Initializing Spring DispatcherServlet 'dispatcherServlet'
2019-09-24 20:15:31.209 [http-nio-8080-exec-1] INFO  org.springframework.web.servlet.DispatcherServlet - Initializing Servlet 'dispatcherServlet'
2019-09-24 20:15:31.226 [http-nio-8080-exec-1] INFO  org.springframework.web.servlet.DispatcherServlet - Completed initialization in 16 ms
2019-09-24 20:15:31.485 [http-nio-8080-exec-1] INFO  com.zaxxer.hikari.HikariDataSource - HikariPool-1 - Starting...
2019-09-24 20:15:31.989 [http-nio-8080-exec-1] INFO  com.zaxxer.hikari.HikariDataSource - HikariPool-1 - Start completed.
2019-09-24 20:15:56.585 [Thread-13] INFO  o.s.scheduling.concurrent.ThreadPoolTaskExecutor - Shutting down ExecutorService 'applicationTaskExecutor'
2019-09-24 20:15:56.586 [Thread-13] INFO  com.zaxxer.hikari.HikariDataSource - HikariPool-1 - Shutdown initiated...
2019-09-24 20:15:56.605 [Thread-13] INFO  com.zaxxer.hikari.HikariDataSource - HikariPool-1 - Shutdown completed.
2019-09-24 20:16:08.586 [main] INFO  com.dyl.o2o.O2oApplication - Starting O2oApplication on DESKTOP-QS0OB6V with PID 7444 (E:\IDEAWorkSpace\git\o2o\target\classes started by Administrator in E:\IDEAWorkSpace\git\o2o)
2019-09-24 20:16:08.654 [main] INFO  com.dyl.o2o.O2oApplication - The following profiles are active: dev
2019-09-24 20:16:13.373 [main] INFO  o.s.boot.web.embedded.tomcat.TomcatWebServer - Tomcat initialized with port(s): 8080 (http)
2019-09-24 20:16:13.449 [main] INFO  org.apache.coyote.http11.Http11NioProtocol - Initializing ProtocolHandler ["http-nio-8080"]
2019-09-24 20:16:13.482 [main] INFO  org.apache.catalina.core.StandardService - Starting service [Tomcat]
2019-09-24 20:16:13.484 [main] INFO  org.apache.catalina.core.StandardEngine - Starting Servlet engine: [Apache Tomcat/9.0.24]
2019-09-24 20:16:13.780 [main] INFO  o.a.c.core.ContainerBase.[Tomcat].[localhost].[/] - Initializing Spring embedded WebApplicationContext
2019-09-24 20:16:13.781 [main] INFO  org.springframework.web.context.ContextLoader - Root WebApplicationContext: initialization completed in 4630 ms
2019-09-24 20:16:15.877 [main] INFO  o.s.scheduling.concurrent.ThreadPoolTaskExecutor - Initializing ExecutorService 'applicationTaskExecutor'
2019-09-24 20:16:16.646 [main] INFO  org.apache.coyote.http11.Http11NioProtocol - Starting ProtocolHandler ["http-nio-8080"]
2019-09-24 20:16:16.703 [main] INFO  o.s.boot.web.embedded.tomcat.TomcatWebServer - Tomcat started on port(s): 8080 (http) with context path ''
2019-09-24 20:16:16.707 [main] INFO  com.dyl.o2o.O2oApplication - Started O2oApplication in 10.9 seconds (JVM running for 14.663)
2019-09-24 20:37:18.671 [http-nio-8080-exec-1] INFO  o.a.c.core.ContainerBase.[Tomcat].[localhost].[/] - Initializing Spring DispatcherServlet 'dispatcherServlet'
2019-09-24 20:37:18.672 [http-nio-8080-exec-1] INFO  org.springframework.web.servlet.DispatcherServlet - Initializing Servlet 'dispatcherServlet'
2019-09-24 20:37:18.690 [http-nio-8080-exec-1] INFO  org.springframework.web.servlet.DispatcherServlet - Completed initialization in 18 ms
2019-09-24 20:37:19.059 [http-nio-8080-exec-1] INFO  com.zaxxer.hikari.HikariDataSource - HikariPool-1 - Starting...
2019-09-24 20:37:19.611 [http-nio-8080-exec-1] INFO  com.zaxxer.hikari.HikariDataSource - HikariPool-1 - Start completed.
2019-09-24 20:48:37.037 [Thread-13] INFO  o.s.scheduling.concurrent.ThreadPoolTaskExecutor - Shutting down ExecutorService 'applicationTaskExecutor'
2019-09-24 20:48:37.039 [Thread-13] INFO  com.zaxxer.hikari.HikariDataSource - HikariPool-1 - Shutdown initiated...
2019-09-24 20:48:37.061 [Thread-13] INFO  com.zaxxer.hikari.HikariDataSource - HikariPool-1 - Shutdown completed.
2019-09-24 20:52:34.883 [main] INFO  com.dyl.o2o.O2oApplication - Starting O2oApplication on DESKTOP-QS0OB6V with PID 32 (E:\IDEAWorkSpace\git\o2o\target\classes started by Administrator in E:\IDEAWorkSpace\git\o2o)
2019-09-24 20:52:34.885 [main] INFO  com.dyl.o2o.O2oApplication - The following profiles are active: dev
2019-09-24 20:52:43.655 [main] INFO  o.s.boot.web.embedded.tomcat.TomcatWebServer - Tomcat initialized with port(s): 8080 (http)
2019-09-24 20:52:44.875 [main] INFO  org.apache.coyote.http11.Http11NioProtocol - Initializing ProtocolHandler ["http-nio-8080"]
2019-09-24 20:52:46.498 [main] INFO  org.apache.catalina.core.StandardService - Starting service [Tomcat]
2019-09-24 20:52:46.499 [main] INFO  org.apache.catalina.core.StandardEngine - Starting Servlet engine: [Apache Tomcat/9.0.24]
2019-09-24 20:53:07.607 [main] INFO  com.dyl.o2o.O2oApplication - Starting O2oApplication on DESKTOP-QS0OB6V with PID 2760 (E:\IDEAWorkSpace\git\o2o\target\classes started by Administrator in E:\IDEAWorkSpace\git\o2o)
2019-09-24 20:53:07.619 [main] INFO  com.dyl.o2o.O2oApplication - The following profiles are active: dev
2019-09-24 20:53:19.717 [main] INFO  o.s.boot.web.embedded.tomcat.TomcatWebServer - Tomcat initialized with port(s): 8080 (http)
2019-09-24 20:53:21.029 [main] INFO  org.apache.coyote.http11.Http11NioProtocol - Initializing ProtocolHandler ["http-nio-8080"]
2019-09-24 20:53:22.381 [main] INFO  org.apache.catalina.core.StandardService - Starting service [Tomcat]
2019-09-24 20:53:22.382 [main] INFO  org.apache.catalina.core.StandardEngine - Starting Servlet engine: [Apache Tomcat/9.0.24]
2019-09-24 20:53:22.901 [main] INFO  o.a.c.core.ContainerBase.[Tomcat].[localhost].[/] - Initializing Spring embedded WebApplicationContext
2019-09-24 20:53:22.902 [main] INFO  org.springframework.web.context.ContextLoader - Root WebApplicationContext: initialization completed in 14857 ms
2019-09-24 20:53:24.701 [main] INFO  o.s.scheduling.concurrent.ThreadPoolTaskExecutor - Initializing ExecutorService 'applicationTaskExecutor'
2019-09-24 20:54:12.386 [main] INFO  com.dyl.o2o.O2oApplication - Starting O2oApplication on DESKTOP-QS0OB6V with PID 12080 (E:\IDEAWorkSpace\git\o2o\target\classes started by Administrator in E:\IDEAWorkSpace\git\o2o)
2019-09-24 20:54:12.387 [main] INFO  com.dyl.o2o.O2oApplication - The following profiles are active: dev
2019-09-24 20:54:23.311 [main] INFO  o.s.boot.web.embedded.tomcat.TomcatWebServer - Tomcat initialized with port(s): 8080 (http)
2019-09-24 20:54:24.635 [main] INFO  org.apache.coyote.http11.Http11NioProtocol - Initializing ProtocolHandler ["http-nio-8080"]
2019-09-24 20:54:26.801 [main] INFO  org.apache.catalina.core.StandardService - Starting service [Tomcat]
2019-09-24 20:54:26.801 [main] INFO  org.apache.catalina.core.StandardEngine - Starting Servlet engine: [Apache Tomcat/9.0.24]
2019-09-24 20:54:27.204 [main] INFO  o.a.c.core.ContainerBase.[Tomcat].[localhost].[/] - Initializing Spring embedded WebApplicationContext
2019-09-24 20:54:27.204 [main] INFO  org.springframework.web.context.ContextLoader - Root WebApplicationContext: initialization completed in 14206 ms
2019-09-24 20:54:29.953 [main] INFO  o.s.scheduling.concurrent.ThreadPoolTaskExecutor - Initializing ExecutorService 'applicationTaskExecutor'
2019-09-24 20:54:31.161 [main] INFO  org.apache.coyote.http11.Http11NioProtocol - Starting ProtocolHandler ["http-nio-8080"]
2019-09-24 20:54:31.276 [main] INFO  o.s.boot.web.embedded.tomcat.TomcatWebServer - Tomcat started on port(s): 8080 (http) with context path ''
2019-09-24 20:54:31.286 [main] INFO  com.dyl.o2o.O2oApplication - Started O2oApplication in 21.469 seconds (JVM running for 24.038)
2019-09-24 20:54:57.893 [Thread-16] INFO  o.s.scheduling.concurrent.ThreadPoolTaskExecutor - Shutting down ExecutorService 'applicationTaskExecutor'
2019-09-24 20:56:17.689 [main] INFO  com.dyl.o2o.O2oApplication - Starting O2oApplication on DESKTOP-QS0OB6V with PID 1268 (E:\IDEAWorkSpace\git\o2o\target\classes started by Administrator in E:\IDEAWorkSpace\git\o2o)
2019-09-24 20:56:17.690 [main] INFO  com.dyl.o2o.O2oApplication - The following profiles are active: dev
2019-09-24 20:56:25.595 [main] INFO  o.s.boot.web.embedded.tomcat.TomcatWebServer - Tomcat initialized with port(s): 8080 (http)
2019-09-24 20:56:30.108 [main] INFO  org.apache.coyote.http11.Http11NioProtocol - Initializing ProtocolHandler ["http-nio-8080"]
2019-09-24 20:56:32.479 [main] INFO  org.apache.catalina.core.StandardService - Starting service [Tomcat]
2019-09-24 20:56:32.480 [main] INFO  org.apache.catalina.core.StandardEngine - Starting Servlet engine: [Apache Tomcat/9.0.24]
2019-09-24 20:56:33.354 [main] INFO  o.a.c.core.ContainerBase.[Tomcat].[localhost].[/] - Initializing Spring embedded WebApplicationContext
2019-09-24 20:56:33.355 [main] INFO  org.springframework.web.context.ContextLoader - Root WebApplicationContext: initialization completed in 15303 ms
2019-09-24 20:56:36.695 [main] INFO  o.s.scheduling.concurrent.ThreadPoolTaskExecutor - Initializing ExecutorService 'applicationTaskExecutor'
2019-09-24 20:56:38.234 [main] INFO  org.apache.coyote.http11.Http11NioProtocol - Starting ProtocolHandler ["http-nio-8080"]
2019-09-24 20:56:38.468 [main] INFO  o.s.boot.web.embedded.tomcat.TomcatWebServer - Tomcat started on port(s): 8080 (http) with context path ''
2019-09-24 20:56:38.478 [main] INFO  com.dyl.o2o.O2oApplication - Started O2oApplication in 23.076 seconds (JVM running for 25.703)
2019-09-24 20:57:11.100 [Thread-35] INFO  o.s.scheduling.concurrent.ThreadPoolTaskExecutor - Shutting down ExecutorService 'applicationTaskExecutor'
2019-09-24 20:57:48.067 [main] INFO  com.dyl.o2o.O2oApplication - Starting O2oApplication on DESKTOP-QS0OB6V with PID 17184 (E:\IDEAWorkSpace\git\o2o\target\classes started by Administrator in E:\IDEAWorkSpace\git\o2o)
2019-09-24 20:57:48.075 [main] INFO  com.dyl.o2o.O2oApplication - The following profiles are active: dev
2019-09-24 20:57:52.071 [main] INFO  o.s.boot.web.embedded.tomcat.TomcatWebServer - Tomcat initialized with port(s): 8080 (http)
2019-09-24 20:57:52.106 [main] INFO  org.apache.coyote.http11.Http11NioProtocol - Initializing ProtocolHandler ["http-nio-8080"]
2019-09-24 20:57:52.121 [main] INFO  org.apache.catalina.core.StandardService - Starting service [Tomcat]
2019-09-24 20:57:52.122 [main] INFO  org.apache.catalina.core.StandardEngine - Starting Servlet engine: [Apache Tomcat/9.0.24]
2019-09-24 20:57:52.382 [main] INFO  o.a.c.core.ContainerBase.[Tomcat].[localhost].[/] - Initializing Spring embedded WebApplicationContext
2019-09-24 20:57:52.382 [main] INFO  org.springframework.web.context.ContextLoader - Root WebApplicationContext: initialization completed in 4160 ms
2019-09-24 20:57:54.036 [main] INFO  o.s.scheduling.concurrent.ThreadPoolTaskExecutor - Initializing ExecutorService 'applicationTaskExecutor'
2019-09-24 20:57:54.696 [main] INFO  org.apache.coyote.http11.Http11NioProtocol - Starting ProtocolHandler ["http-nio-8080"]
2019-09-24 20:57:54.754 [main] INFO  o.s.boot.web.embedded.tomcat.TomcatWebServer - Tomcat started on port(s): 8080 (http) with context path ''
2019-09-24 20:57:54.759 [main] INFO  com.dyl.o2o.O2oApplication - Started O2oApplication in 8.963 seconds (JVM running for 12.394)
2019-09-24 20:58:19.679 [Thread-14] INFO  o.s.scheduling.concurrent.ThreadPoolTaskExecutor - Shutting down ExecutorService 'applicationTaskExecutor'
2019-09-24 20:58:28.653 [main] INFO  com.dyl.o2o.O2oApplication - Starting O2oApplication on DESKTOP-QS0OB6V with PID 11828 (E:\IDEAWorkSpace\git\o2o\target\classes started by Administrator in E:\IDEAWorkSpace\git\o2o)
2019-09-24 20:58:28.654 [main] INFO  com.dyl.o2o.O2oApplication - The following profiles are active: dev
2019-09-24 20:58:33.060 [main] INFO  o.s.boot.web.embedded.tomcat.TomcatWebServer - Tomcat initialized with port(s): 8080 (http)
2019-09-24 20:58:33.311 [main] INFO  org.apache.coyote.http11.Http11NioProtocol - Initializing ProtocolHandler ["http-nio-8080"]
2019-09-24 20:58:33.850 [main] INFO  org.apache.catalina.core.StandardService - Starting service [Tomcat]
2019-09-24 20:58:33.851 [main] INFO  org.apache.catalina.core.StandardEngine - Starting Servlet engine: [Apache Tomcat/9.0.24]
2019-09-24 20:58:34.303 [main] INFO  o.a.c.core.ContainerBase.[Tomcat].[localhost].[/] - Initializing Spring embedded WebApplicationContext
2019-09-24 20:58:34.304 [main] INFO  org.springframework.web.context.ContextLoader - Root WebApplicationContext: initialization completed in 5502 ms
2019-09-24 20:58:35.556 [main] INFO  o.s.scheduling.concurrent.ThreadPoolTaskExecutor - Initializing ExecutorService 'applicationTaskExecutor'
2019-09-24 20:58:36.130 [main] INFO  org.apache.coyote.http11.Http11NioProtocol - Starting ProtocolHandler ["http-nio-8080"]
2019-09-24 20:58:36.215 [main] INFO  o.s.boot.web.embedded.tomcat.TomcatWebServer - Tomcat started on port(s): 8080 (http) with context path ''
2019-09-24 20:58:36.228 [main] INFO  com.dyl.o2o.O2oApplication - Started O2oApplication in 9.743 seconds (JVM running for 11.73)
2019-09-24 21:00:47.786 [http-nio-8080-exec-1] INFO  o.a.c.core.ContainerBase.[Tomcat].[localhost].[/] - Initializing Spring DispatcherServlet 'dispatcherServlet'
2019-09-24 21:00:47.786 [http-nio-8080-exec-1] INFO  org.springframework.web.servlet.DispatcherServlet - Initializing Servlet 'dispatcherServlet'
2019-09-24 21:00:47.801 [http-nio-8080-exec-1] INFO  org.springframework.web.servlet.DispatcherServlet - Completed initialization in 14 ms
2019-09-24 21:00:48.115 [http-nio-8080-exec-1] INFO  com.zaxxer.hikari.HikariDataSource - HikariPool-1 - Starting...
2019-09-24 21:00:48.536 [http-nio-8080-exec-1] INFO  com.zaxxer.hikari.HikariDataSource - HikariPool-1 - Start completed.
2019-09-24 21:02:18.324 [Thread-13] INFO  o.s.scheduling.concurrent.ThreadPoolTaskExecutor - Shutting down ExecutorService 'applicationTaskExecutor'
2019-09-24 21:02:18.325 [Thread-13] INFO  com.zaxxer.hikari.HikariDataSource - HikariPool-1 - Shutdown initiated...
2019-09-24 21:02:18.353 [Thread-13] INFO  com.zaxxer.hikari.HikariDataSource - HikariPool-1 - Shutdown completed.
2019-09-24 21:05:08.961 [main] INFO  com.dyl.o2o.O2oApplication - Starting O2oApplication on DESKTOP-QS0OB6V with PID 11844 (E:\IDEAWorkSpace\git\o2o\target\classes started by Administrator in E:\IDEAWorkSpace\git\o2o)
2019-09-24 21:05:08.970 [main] INFO  com.dyl.o2o.O2oApplication - The following profiles are active: dev
2019-09-24 21:05:12.776 [main] INFO  o.s.boot.web.embedded.tomcat.TomcatWebServer - Tomcat initialized with port(s): 8080 (http)
2019-09-24 21:05:13.056 [main] INFO  org.apache.coyote.http11.Http11NioProtocol - Initializing ProtocolHandler ["http-nio-8080"]
2019-09-24 21:05:14.886 [main] INFO  org.apache.catalina.core.StandardService - Starting service [Tomcat]
2019-09-24 21:05:14.887 [main] INFO  org.apache.catalina.core.StandardEngine - Starting Servlet engine: [Apache Tomcat/9.0.24]
2019-09-24 21:05:15.442 [main] INFO  o.a.c.core.ContainerBase.[Tomcat].[localhost].[/] - Initializing Spring embedded WebApplicationContext
2019-09-24 21:05:15.443 [main] INFO  org.springframework.web.context.ContextLoader - Root WebApplicationContext: initialization completed in 6324 ms
2019-09-24 21:05:17.053 [main] INFO  o.s.scheduling.concurrent.ThreadPoolTaskExecutor - Initializing ExecutorService 'applicationTaskExecutor'
2019-09-24 21:05:17.693 [main] INFO  org.apache.coyote.http11.Http11NioProtocol - Starting ProtocolHandler ["http-nio-8080"]
2019-09-24 21:05:17.747 [main] INFO  o.s.boot.web.embedded.tomcat.TomcatWebServer - Tomcat started on port(s): 8080 (http) with context path ''
2019-09-24 21:05:17.755 [main] INFO  com.dyl.o2o.O2oApplication - Started O2oApplication in 11.218 seconds (JVM running for 13.715)
2019-09-24 21:05:23.047 [http-nio-8080-exec-1] INFO  o.a.c.core.ContainerBase.[Tomcat].[localhost].[/] - Initializing Spring DispatcherServlet 'dispatcherServlet'
2019-09-24 21:05:23.047 [http-nio-8080-exec-1] INFO  org.springframework.web.servlet.DispatcherServlet - Initializing Servlet 'dispatcherServlet'
2019-09-24 21:05:23.061 [http-nio-8080-exec-1] INFO  org.springframework.web.servlet.DispatcherServlet - Completed initialization in 14 ms
2019-09-24 21:05:23.291 [http-nio-8080-exec-1] INFO  com.zaxxer.hikari.HikariDataSource - HikariPool-1 - Starting...
2019-09-24 21:05:23.610 [http-nio-8080-exec-1] INFO  com.zaxxer.hikari.HikariDataSource - HikariPool-1 - Start completed.
2019-09-24 21:07:30.306 [Thread-13] INFO  o.s.scheduling.concurrent.ThreadPoolTaskExecutor - Shutting down ExecutorService 'applicationTaskExecutor'
2019-09-24 21:07:30.307 [Thread-13] INFO  com.zaxxer.hikari.HikariDataSource - HikariPool-1 - Shutdown initiated...
2019-09-24 21:07:30.333 [Thread-13] INFO  com.zaxxer.hikari.HikariDataSource - HikariPool-1 - Shutdown completed.
2019-09-24 21:07:42.238 [main] INFO  com.dyl.o2o.O2oApplication - Starting O2oApplication on DESKTOP-QS0OB6V with PID 684 (E:\IDEAWorkSpace\git\o2o\target\classes started by Administrator in E:\IDEAWorkSpace\git\o2o)
2019-09-24 21:07:42.253 [main] INFO  com.dyl.o2o.O2oApplication - The following profiles are active: dev
2019-09-24 21:07:46.193 [main] INFO  o.s.boot.web.embedded.tomcat.TomcatWebServer - Tomcat initialized with port(s): 8080 (http)
2019-09-24 21:07:46.650 [main] INFO  org.apache.coyote.http11.Http11NioProtocol - Initializing ProtocolHandler ["http-nio-8080"]
2019-09-24 21:07:47.796 [main] INFO  org.apache.catalina.core.StandardService - Starting service [Tomcat]
2019-09-24 21:07:47.796 [main] INFO  org.apache.catalina.core.StandardEngine - Starting Servlet engine: [Apache Tomcat/9.0.24]
2019-09-24 21:07:48.404 [main] INFO  o.a.c.core.ContainerBase.[Tomcat].[localhost].[/] - Initializing Spring embedded WebApplicationContext
2019-09-24 21:07:48.405 [main] INFO  org.springframework.web.context.ContextLoader - Root WebApplicationContext: initialization completed in 5765 ms
2019-09-24 21:07:49.644 [main] INFO  o.s.scheduling.concurrent.ThreadPoolTaskExecutor - Initializing ExecutorService 'applicationTaskExecutor'
2019-09-24 21:07:50.337 [main] INFO  org.apache.coyote.http11.Http11NioProtocol - Starting ProtocolHandler ["http-nio-8080"]
2019-09-24 21:07:50.401 [main] INFO  o.s.boot.web.embedded.tomcat.TomcatWebServer - Tomcat started on port(s): 8080 (http) with context path ''
2019-09-24 21:07:50.406 [main] INFO  com.dyl.o2o.O2oApplication - Started O2oApplication in 10.701 seconds (JVM running for 13.272)
2019-09-24 21:07:51.576 [http-nio-8080-exec-1] INFO  o.a.c.core.ContainerBase.[Tomcat].[localhost].[/] - Initializing Spring DispatcherServlet 'dispatcherServlet'
2019-09-24 21:07:51.576 [http-nio-8080-exec-1] INFO  org.springframework.web.servlet.DispatcherServlet - Initializing Servlet 'dispatcherServlet'
2019-09-24 21:07:51.590 [http-nio-8080-exec-1] INFO  org.springframework.web.servlet.DispatcherServlet - Completed initialization in 14 ms
2019-09-24 21:07:51.763 [http-nio-8080-exec-1] INFO  com.zaxxer.hikari.HikariDataSource - HikariPool-1 - Starting...
2019-09-24 21:07:52.064 [http-nio-8080-exec-1] INFO  com.zaxxer.hikari.HikariDataSource - HikariPool-1 - Start completed.
2019-09-24 21:08:11.849 [Thread-10] INFO  o.s.scheduling.concurrent.ThreadPoolTaskExecutor - Shutting down ExecutorService 'applicationTaskExecutor'
2019-09-24 21:08:11.852 [Thread-10] INFO  com.zaxxer.hikari.HikariDataSource - HikariPool-1 - Shutdown initiated...
2019-09-24 21:08:11.868 [Thread-10] INFO  com.zaxxer.hikari.HikariDataSource - HikariPool-1 - Shutdown completed.
2019-09-24 21:08:27.728 [main] INFO  com.dyl.o2o.O2oApplication - Starting O2oApplication on DESKTOP-QS0OB6V with PID 6896 (E:\IDEAWorkSpace\git\o2o\target\classes started by Administrator in E:\IDEAWorkSpace\git\o2o)
2019-09-24 21:08:27.730 [main] INFO  com.dyl.o2o.O2oApplication - The following profiles are active: dev
2019-09-24 21:08:30.854 [main] INFO  o.s.boot.web.embedded.tomcat.TomcatWebServer - Tomcat initialized with port(s): 8080 (http)
2019-09-24 21:08:31.205 [main] INFO  org.apache.coyote.http11.Http11NioProtocol - Initializing ProtocolHandler ["http-nio-8080"]
2019-09-24 21:08:31.795 [main] INFO  org.apache.catalina.core.StandardService - Starting service [Tomcat]
2019-09-24 21:08:31.800 [main] INFO  org.apache.catalina.core.StandardEngine - Starting Servlet engine: [Apache Tomcat/9.0.24]
2019-09-24 21:08:32.156 [main] INFO  o.a.c.core.ContainerBase.[Tomcat].[localhost].[/] - Initializing Spring embedded WebApplicationContext
2019-09-24 21:08:32.156 [main] INFO  org.springframework.web.context.ContextLoader - Root WebApplicationContext: initialization completed in 4176 ms
2019-09-24 21:08:33.556 [main] INFO  o.s.scheduling.concurrent.ThreadPoolTaskExecutor - Initializing ExecutorService 'applicationTaskExecutor'
2019-09-24 21:08:34.354 [main] INFO  org.apache.coyote.http11.Http11NioProtocol - Starting ProtocolHandler ["http-nio-8080"]
2019-09-24 21:08:34.443 [main] INFO  o.s.boot.web.embedded.tomcat.TomcatWebServer - Tomcat started on port(s): 8080 (http) with context path ''
2019-09-24 21:08:34.459 [main] INFO  com.dyl.o2o.O2oApplication - Started O2oApplication in 10.363 seconds (JVM running for 14.881)
2019-09-24 21:08:38.462 [http-nio-8080-exec-1] INFO  o.a.c.core.ContainerBase.[Tomcat].[localhost].[/] - Initializing Spring DispatcherServlet 'dispatcherServlet'
2019-09-24 21:08:38.463 [http-nio-8080-exec-1] INFO  org.springframework.web.servlet.DispatcherServlet - Initializing Servlet 'dispatcherServlet'
2019-09-24 21:08:38.498 [http-nio-8080-exec-1] INFO  org.springframework.web.servlet.DispatcherServlet - Completed initialization in 34 ms
2019-09-24 21:08:38.838 [http-nio-8080-exec-1] INFO  com.zaxxer.hikari.HikariDataSource - HikariPool-1 - Starting...
2019-09-24 21:08:39.564 [http-nio-8080-exec-1] INFO  com.zaxxer.hikari.HikariDataSource - HikariPool-1 - Start completed.
2019-09-24 21:08:59.964 [Thread-10] INFO  o.s.scheduling.concurrent.ThreadPoolTaskExecutor - Shutting down ExecutorService 'applicationTaskExecutor'
2019-09-24 21:08:59.964 [Thread-10] INFO  com.zaxxer.hikari.HikariDataSource - HikariPool-1 - Shutdown initiated...
2019-09-24 21:08:59.998 [Thread-10] INFO  com.zaxxer.hikari.HikariDataSource - HikariPool-1 - Shutdown completed.
2019-09-24 21:09:09.920 [main] INFO  com.dyl.o2o.O2oApplication - Starting O2oApplication on DESKTOP-QS0OB6V with PID 11048 (E:\IDEAWorkSpace\git\o2o\target\classes started by Administrator in E:\IDEAWorkSpace\git\o2o)
2019-09-24 21:09:09.929 [main] INFO  com.dyl.o2o.O2oApplication - The following profiles are active: dev
2019-09-24 21:09:13.706 [main] INFO  o.s.boot.web.embedded.tomcat.TomcatWebServer - Tomcat initialized with port(s): 8080 (http)
2019-09-24 21:09:14.105 [main] INFO  org.apache.coyote.http11.Http11NioProtocol - Initializing ProtocolHandler ["http-nio-8080"]
2019-09-24 21:09:14.646 [main] INFO  org.apache.catalina.core.StandardService - Starting service [Tomcat]
2019-09-24 21:09:14.646 [main] INFO  org.apache.catalina.core.StandardEngine - Starting Servlet engine: [Apache Tomcat/9.0.24]
2019-09-24 21:09:15.003 [main] INFO  o.a.c.core.ContainerBase.[Tomcat].[localhost].[/] - Initializing Spring embedded WebApplicationContext
2019-09-24 21:09:15.004 [main] INFO  org.springframework.web.context.ContextLoader - Root WebApplicationContext: initialization completed in 4820 ms
2019-09-24 21:09:16.291 [main] INFO  o.s.scheduling.concurrent.ThreadPoolTaskExecutor - Initializing ExecutorService 'applicationTaskExecutor'
2019-09-24 21:09:16.844 [main] INFO  org.apache.coyote.http11.Http11NioProtocol - Starting ProtocolHandler ["http-nio-8080"]
2019-09-24 21:09:16.899 [main] INFO  o.s.boot.web.embedded.tomcat.TomcatWebServer - Tomcat started on port(s): 8080 (http) with context path ''
2019-09-24 21:09:16.909 [main] INFO  com.dyl.o2o.O2oApplication - Started O2oApplication in 9.189 seconds (JVM running for 11.682)
2019-09-24 21:09:17.947 [http-nio-8080-exec-1] INFO  o.a.c.core.ContainerBase.[Tomcat].[localhost].[/] - Initializing Spring DispatcherServlet 'dispatcherServlet'
2019-09-24 21:09:17.948 [http-nio-8080-exec-1] INFO  org.springframework.web.servlet.DispatcherServlet - Initializing Servlet 'dispatcherServlet'
2019-09-24 21:09:17.963 [http-nio-8080-exec-1] INFO  org.springframework.web.servlet.DispatcherServlet - Completed initialization in 15 ms
2019-09-24 21:09:18.241 [http-nio-8080-exec-1] INFO  com.zaxxer.hikari.HikariDataSource - HikariPool-1 - Starting...
2019-09-24 21:09:18.623 [http-nio-8080-exec-1] INFO  com.zaxxer.hikari.HikariDataSource - HikariPool-1 - Start completed.
2019-09-24 21:09:52.625 [Thread-10] INFO  o.s.scheduling.concurrent.ThreadPoolTaskExecutor - Shutting down ExecutorService 'applicationTaskExecutor'
2019-09-24 21:09:52.633 [Thread-10] INFO  com.zaxxer.hikari.HikariDataSource - HikariPool-1 - Shutdown initiated...
2019-09-24 21:09:52.691 [Thread-10] INFO  com.zaxxer.hikari.HikariDataSource - HikariPool-1 - Shutdown completed.
2019-09-24 21:10:14.872 [main] INFO  com.dyl.o2o.O2oApplication - Starting O2oApplication on DESKTOP-QS0OB6V with PID 5428 (E:\IDEAWorkSpace\git\o2o\target\classes started by Administrator in E:\IDEAWorkSpace\git\o2o)
2019-09-24 21:10:14.882 [main] INFO  com.dyl.o2o.O2oApplication - The following profiles are active: dev
2019-09-24 21:10:18.275 [main] INFO  o.s.boot.web.embedded.tomcat.TomcatWebServer - Tomcat initialized with port(s): 8080 (http)
2019-09-24 21:10:18.311 [main] INFO  org.apache.coyote.http11.Http11NioProtocol - Initializing ProtocolHandler ["http-nio-8080"]
2019-09-24 21:10:18.325 [main] INFO  org.apache.catalina.core.StandardService - Starting service [Tomcat]
2019-09-24 21:10:18.325 [main] INFO  org.apache.catalina.core.StandardEngine - Starting Servlet engine: [Apache Tomcat/9.0.24]
2019-09-24 21:10:18.550 [main] INFO  o.a.c.core.ContainerBase.[Tomcat].[localhost].[/] - Initializing Spring embedded WebApplicationContext
2019-09-24 21:10:18.551 [main] INFO  org.springframework.web.context.ContextLoader - Root WebApplicationContext: initialization completed in 3557 ms
2019-09-24 21:10:19.877 [main] INFO  o.s.scheduling.concurrent.ThreadPoolTaskExecutor - Initializing ExecutorService 'applicationTaskExecutor'
2019-09-24 21:10:20.370 [main] INFO  org.apache.coyote.http11.Http11NioProtocol - Starting ProtocolHandler ["http-nio-8080"]
2019-09-24 21:10:20.422 [main] INFO  o.s.boot.web.embedded.tomcat.TomcatWebServer - Tomcat started on port(s): 8080 (http) with context path ''
2019-09-24 21:10:20.435 [main] INFO  com.dyl.o2o.O2oApplication - Started O2oApplication in 7.735 seconds (JVM running for 15.479)
2019-09-24 21:10:36.168 [http-nio-8080-exec-1] INFO  o.a.c.core.ContainerBase.[Tomcat].[localhost].[/] - Initializing Spring DispatcherServlet 'dispatcherServlet'
2019-09-24 21:10:36.169 [http-nio-8080-exec-1] INFO  org.springframework.web.servlet.DispatcherServlet - Initializing Servlet 'dispatcherServlet'
2019-09-24 21:10:36.185 [http-nio-8080-exec-1] INFO  org.springframework.web.servlet.DispatcherServlet - Completed initialization in 15 ms
2019-09-24 21:10:36.451 [http-nio-8080-exec-1] INFO  com.zaxxer.hikari.HikariDataSource - HikariPool-1 - Starting...
2019-09-24 21:10:36.827 [http-nio-8080-exec-1] INFO  com.zaxxer.hikari.HikariDataSource - HikariPool-1 - Start completed.
2019-09-24 21:13:06.698 [Thread-9] INFO  o.s.scheduling.concurrent.ThreadPoolTaskExecutor - Shutting down ExecutorService 'applicationTaskExecutor'
2019-09-24 21:13:06.699 [Thread-9] INFO  com.zaxxer.hikari.HikariDataSource - HikariPool-1 - Shutdown initiated...
2019-09-24 21:13:06.727 [Thread-9] INFO  com.zaxxer.hikari.HikariDataSource - HikariPool-1 - Shutdown completed.
2019-09-24 21:13:22.077 [main] INFO  com.dyl.o2o.O2oApplication - Starting O2oApplication on DESKTOP-QS0OB6V with PID 8852 (E:\IDEAWorkSpace\git\o2o\target\classes started by Administrator in E:\IDEAWorkSpace\git\o2o)
2019-09-24 21:13:22.083 [main] INFO  com.dyl.o2o.O2oApplication - The following profiles are active: dev
2019-09-24 21:13:26.555 [main] INFO  o.s.boot.web.embedded.tomcat.TomcatWebServer - Tomcat initialized with port(s): 8080 (http)
2019-09-24 21:13:26.655 [main] INFO  org.apache.coyote.http11.Http11NioProtocol - Initializing ProtocolHandler ["http-nio-8080"]
2019-09-24 21:13:27.653 [main] INFO  org.apache.catalina.core.StandardService - Starting service [Tomcat]
2019-09-24 21:13:27.653 [main] INFO  org.apache.catalina.core.StandardEngine - Starting Servlet engine: [Apache Tomcat/9.0.24]
2019-09-24 21:13:28.009 [main] INFO  o.a.c.core.ContainerBase.[Tomcat].[localhost].[/] - Initializing Spring embedded WebApplicationContext
2019-09-24 21:13:28.009 [main] INFO  org.springframework.web.context.ContextLoader - Root WebApplicationContext: initialization completed in 5789 ms
2019-09-24 21:13:29.887 [main] INFO  o.s.scheduling.concurrent.ThreadPoolTaskExecutor - Initializing ExecutorService 'applicationTaskExecutor'
2019-09-24 21:13:30.828 [main] INFO  org.apache.coyote.http11.Http11NioProtocol - Starting ProtocolHandler ["http-nio-8080"]
2019-09-24 21:13:30.913 [main] INFO  o.s.boot.web.embedded.tomcat.TomcatWebServer - Tomcat started on port(s): 8080 (http) with context path ''
2019-09-24 21:13:30.923 [main] INFO  com.dyl.o2o.O2oApplication - Started O2oApplication in 12.222 seconds (JVM running for 17.766)
2019-09-24 21:15:49.929 [Thread-6] INFO  o.s.scheduling.concurrent.ThreadPoolTaskExecutor - Shutting down ExecutorService 'applicationTaskExecutor'
2019-09-24 21:19:09.684 [main] INFO  com.dyl.o2o.O2oApplication - Starting O2oApplication on DESKTOP-QS0OB6V with PID 4368 (E:\IDEAWorkSpace\git\o2o\target\classes started by Administrator in E:\IDEAWorkSpace\git\o2o)
2019-09-24 21:19:09.693 [main] INFO  com.dyl.o2o.O2oApplication - The following profiles are active: dev
2019-09-24 21:19:14.037 [main] INFO  o.s.boot.web.embedded.tomcat.TomcatWebServer - Tomcat initialized with port(s): 8080 (http)
2019-09-24 21:19:14.233 [main] INFO  org.apache.coyote.http11.Http11NioProtocol - Initializing ProtocolHandler ["http-nio-8080"]
2019-09-24 21:19:14.762 [main] INFO  org.apache.catalina.core.StandardService - Starting service [Tomcat]
2019-09-24 21:19:14.763 [main] INFO  org.apache.catalina.core.StandardEngine - Starting Servlet engine: [Apache Tomcat/9.0.24]
2019-09-24 21:19:15.114 [main] INFO  o.a.c.core.ContainerBase.[Tomcat].[localhost].[/] - Initializing Spring embedded WebApplicationContext
2019-09-24 21:19:15.115 [main] INFO  org.springframework.web.context.ContextLoader - Root WebApplicationContext: initialization completed in 5095 ms
2019-09-24 21:19:16.590 [main] INFO  o.s.scheduling.concurrent.ThreadPoolTaskExecutor - Initializing ExecutorService 'applicationTaskExecutor'
2019-09-24 21:19:17.278 [main] INFO  org.apache.coyote.http11.Http11NioProtocol - Starting ProtocolHandler ["http-nio-8080"]
2019-09-24 21:19:17.362 [main] INFO  o.s.boot.web.embedded.tomcat.TomcatWebServer - Tomcat started on port(s): 8080 (http) with context path ''
2019-09-24 21:19:17.369 [main] INFO  com.dyl.o2o.O2oApplication - Started O2oApplication in 9.88 seconds (JVM running for 12.043)
2019-09-24 21:19:20.111 [http-nio-8080-exec-1] INFO  o.a.c.core.ContainerBase.[Tomcat].[localhost].[/] - Initializing Spring DispatcherServlet 'dispatcherServlet'
2019-09-24 21:19:20.112 [http-nio-8080-exec-1] INFO  org.springframework.web.servlet.DispatcherServlet - Initializing Servlet 'dispatcherServlet'
2019-09-24 21:19:20.135 [http-nio-8080-exec-1] INFO  org.springframework.web.servlet.DispatcherServlet - Completed initialization in 23 ms
2019-09-24 21:19:20.428 [http-nio-8080-exec-1] INFO  com.zaxxer.hikari.HikariDataSource - HikariPool-1 - Starting...
2019-09-24 21:19:20.853 [http-nio-8080-exec-1] INFO  com.zaxxer.hikari.HikariDataSource - HikariPool-1 - Start completed.
2019-09-24 21:20:30.620 [Thread-10] INFO  o.s.scheduling.concurrent.ThreadPoolTaskExecutor - Shutting down ExecutorService 'applicationTaskExecutor'
2019-09-24 21:20:30.621 [Thread-10] INFO  com.zaxxer.hikari.HikariDataSource - HikariPool-1 - Shutdown initiated...
2019-09-24 21:20:30.644 [Thread-10] INFO  com.zaxxer.hikari.HikariDataSource - HikariPool-1 - Shutdown completed.
2019-09-24 21:20:40.570 [main] INFO  com.dyl.o2o.O2oApplication - Starting O2oApplication on DESKTOP-QS0OB6V with PID 6916 (E:\IDEAWorkSpace\git\o2o\target\classes started by Administrator in E:\IDEAWorkSpace\git\o2o)
2019-09-24 21:20:40.572 [main] INFO  com.dyl.o2o.O2oApplication - The following profiles are active: dev
2019-09-24 21:20:51.198 [main] INFO  o.s.boot.web.embedded.tomcat.TomcatWebServer - Tomcat initialized with port(s): 8080 (http)
2019-09-24 21:20:54.221 [main] INFO  org.apache.coyote.http11.Http11NioProtocol - Initializing ProtocolHandler ["http-nio-8080"]
2019-09-24 21:20:56.427 [main] INFO  org.apache.catalina.core.StandardService - Starting service [Tomcat]
2019-09-24 21:20:56.429 [main] INFO  org.apache.catalina.core.StandardEngine - Starting Servlet engine: [Apache Tomcat/9.0.24]
2019-09-24 21:20:57.189 [main] INFO  o.a.c.core.ContainerBase.[Tomcat].[localhost].[/] - Initializing Spring embedded WebApplicationContext
2019-09-24 21:20:57.189 [main] INFO  org.springframework.web.context.ContextLoader - Root WebApplicationContext: initialization completed in 16364 ms
2019-09-24 21:20:59.967 [main] INFO  o.s.scheduling.concurrent.ThreadPoolTaskExecutor - Initializing ExecutorService 'applicationTaskExecutor'
2019-09-24 21:21:01.251 [main] INFO  org.apache.coyote.http11.Http11NioProtocol - Starting ProtocolHandler ["http-nio-8080"]
2019-09-24 21:21:01.333 [main] INFO  o.s.boot.web.embedded.tomcat.TomcatWebServer - Tomcat started on port(s): 8080 (http) with context path ''
2019-09-24 21:21:01.341 [main] INFO  com.dyl.o2o.O2oApplication - Started O2oApplication in 23.071 seconds (JVM running for 25.419)
2019-09-24 21:21:08.057 [Thread-35] INFO  o.s.scheduling.concurrent.ThreadPoolTaskExecutor - Shutting down ExecutorService 'applicationTaskExecutor'
2019-09-24 21:21:31.698 [main] INFO  com.dyl.o2o.O2oApplication - Starting O2oApplication on DESKTOP-QS0OB6V with PID 16304 (E:\IDEAWorkSpace\git\o2o\target\classes started by Administrator in E:\IDEAWorkSpace\git\o2o)
2019-09-24 21:21:31.702 [main] INFO  com.dyl.o2o.O2oApplication - The following profiles are active: dev
2019-09-24 21:21:35.682 [main] INFO  o.s.boot.web.embedded.tomcat.TomcatWebServer - Tomcat initialized with port(s): 8080 (http)
2019-09-24 21:21:35.954 [main] INFO  org.apache.coyote.http11.Http11NioProtocol - Initializing ProtocolHandler ["http-nio-8080"]
2019-09-24 21:21:36.553 [main] INFO  org.apache.catalina.core.StandardService - Starting service [Tomcat]
2019-09-24 21:21:36.553 [main] INFO  org.apache.catalina.core.StandardEngine - Starting Servlet engine: [Apache Tomcat/9.0.24]
2019-09-24 21:21:36.860 [main] INFO  o.a.c.core.ContainerBase.[Tomcat].[localhost].[/] - Initializing Spring embedded WebApplicationContext
2019-09-24 21:21:36.860 [main] INFO  org.springframework.web.context.ContextLoader - Root WebApplicationContext: initialization completed in 5002 ms
2019-09-24 21:21:38.407 [main] INFO  o.s.scheduling.concurrent.ThreadPoolTaskExecutor - Initializing ExecutorService 'applicationTaskExecutor'
2019-09-24 21:21:38.959 [main] INFO  org.apache.coyote.http11.Http11NioProtocol - Starting ProtocolHandler ["http-nio-8080"]
2019-09-24 21:21:39.012 [main] INFO  o.s.boot.web.embedded.tomcat.TomcatWebServer - Tomcat started on port(s): 8080 (http) with context path ''
2019-09-24 21:21:39.020 [main] INFO  com.dyl.o2o.O2oApplication - Started O2oApplication in 9.912 seconds (JVM running for 12.154)
2019-09-24 21:21:42.142 [http-nio-8080-exec-1] INFO  o.a.c.core.ContainerBase.[Tomcat].[localhost].[/] - Initializing Spring DispatcherServlet 'dispatcherServlet'
2019-09-24 21:21:42.143 [http-nio-8080-exec-1] INFO  org.springframework.web.servlet.DispatcherServlet - Initializing Servlet 'dispatcherServlet'
2019-09-24 21:21:42.154 [http-nio-8080-exec-1] INFO  org.springframework.web.servlet.DispatcherServlet - Completed initialization in 11 ms
2019-09-24 21:21:42.339 [http-nio-8080-exec-1] INFO  com.zaxxer.hikari.HikariDataSource - HikariPool-1 - Starting...
2019-09-24 21:21:42.652 [http-nio-8080-exec-1] INFO  com.zaxxer.hikari.HikariDataSource - HikariPool-1 - Start completed.
2019-09-24 21:22:05.963 [Thread-14] INFO  o.s.scheduling.concurrent.ThreadPoolTaskExecutor - Shutting down ExecutorService 'applicationTaskExecutor'
2019-09-24 21:22:05.964 [Thread-14] INFO  com.zaxxer.hikari.HikariDataSource - HikariPool-1 - Shutdown initiated...
2019-09-24 21:22:05.980 [Thread-14] INFO  com.zaxxer.hikari.HikariDataSource - HikariPool-1 - Shutdown completed.
2019-09-24 21:22:16.035 [main] INFO  com.dyl.o2o.O2oApplication - Starting O2oApplication on DESKTOP-QS0OB6V with PID 780 (E:\IDEAWorkSpace\git\o2o\target\classes started by Administrator in E:\IDEAWorkSpace\git\o2o)
2019-09-24 21:22:16.038 [main] INFO  com.dyl.o2o.O2oApplication - The following profiles are active: dev
2019-09-24 21:22:20.031 [main] INFO  o.s.boot.web.embedded.tomcat.TomcatWebServer - Tomcat initialized with port(s): 8080 (http)
2019-09-24 21:22:20.068 [main] INFO  org.apache.coyote.http11.Http11NioProtocol - Initializing ProtocolHandler ["http-nio-8080"]
2019-09-24 21:22:20.087 [main] INFO  org.apache.catalina.core.StandardService - Starting service [Tomcat]
2019-09-24 21:22:20.088 [main] INFO  org.apache.catalina.core.StandardEngine - Starting Servlet engine: [Apache Tomcat/9.0.24]
2019-09-24 21:22:20.304 [main] INFO  o.a.c.core.ContainerBase.[Tomcat].[localhost].[/] - Initializing Spring embedded WebApplicationContext
2019-09-24 21:22:20.305 [main] INFO  org.springframework.web.context.ContextLoader - Root WebApplicationContext: initialization completed in 4062 ms
2019-09-24 21:22:21.916 [main] INFO  o.s.scheduling.concurrent.ThreadPoolTaskExecutor - Initializing ExecutorService 'applicationTaskExecutor'
2019-09-24 21:22:22.469 [main] INFO  org.apache.coyote.http11.Http11NioProtocol - Starting ProtocolHandler ["http-nio-8080"]
2019-09-24 21:22:22.540 [main] INFO  o.s.boot.web.embedded.tomcat.TomcatWebServer - Tomcat started on port(s): 8080 (http) with context path ''
2019-09-24 21:22:22.548 [main] INFO  com.dyl.o2o.O2oApplication - Started O2oApplication in 8.615 seconds (JVM running for 11.033)
2019-09-24 21:22:26.323 [http-nio-8080-exec-1] INFO  o.a.c.core.ContainerBase.[Tomcat].[localhost].[/] - Initializing Spring DispatcherServlet 'dispatcherServlet'
2019-09-24 21:22:26.324 [http-nio-8080-exec-1] INFO  org.springframework.web.servlet.DispatcherServlet - Initializing Servlet 'dispatcherServlet'
2019-09-24 21:22:26.339 [http-nio-8080-exec-1] INFO  org.springframework.web.servlet.DispatcherServlet - Completed initialization in 15 ms
2019-09-24 21:22:26.537 [http-nio-8080-exec-1] INFO  com.zaxxer.hikari.HikariDataSource - HikariPool-1 - Starting...
2019-09-24 21:22:26.871 [http-nio-8080-exec-1] INFO  com.zaxxer.hikari.HikariDataSource - HikariPool-1 - Start completed.
2019-09-24 21:23:56.738 [Thread-13] INFO  o.s.scheduling.concurrent.ThreadPoolTaskExecutor - Shutting down ExecutorService 'applicationTaskExecutor'
2019-09-24 21:23:56.740 [Thread-13] INFO  com.zaxxer.hikari.HikariDataSource - HikariPool-1 - Shutdown initiated...
2019-09-24 21:23:56.761 [Thread-13] INFO  com.zaxxer.hikari.HikariDataSource - HikariPool-1 - Shutdown completed.
2019-09-24 21:24:07.385 [main] INFO  com.dyl.o2o.O2oApplication - Starting O2oApplication on DESKTOP-QS0OB6V with PID 16688 (E:\IDEAWorkSpace\git\o2o\target\classes started by Administrator in E:\IDEAWorkSpace\git\o2o)
2019-09-24 21:24:07.392 [main] INFO  com.dyl.o2o.O2oApplication - The following profiles are active: dev
2019-09-24 21:24:11.358 [main] INFO  o.s.boot.web.embedded.tomcat.TomcatWebServer - Tomcat initialized with port(s): 8080 (http)
2019-09-24 21:24:11.420 [main] INFO  org.apache.coyote.http11.Http11NioProtocol - Initializing ProtocolHandler ["http-nio-8080"]
2019-09-24 21:24:11.450 [main] INFO  org.apache.catalina.core.StandardService - Starting service [Tomcat]
2019-09-24 21:24:11.450 [main] INFO  org.apache.catalina.core.StandardEngine - Starting Servlet engine: [Apache Tomcat/9.0.24]
2019-09-24 21:24:11.696 [main] INFO  o.a.c.core.ContainerBase.[Tomcat].[localhost].[/] - Initializing Spring embedded WebApplicationContext
2019-09-24 21:24:11.697 [main] INFO  org.springframework.web.context.ContextLoader - Root WebApplicationContext: initialization completed in 4079 ms
2019-09-24 21:24:13.022 [main] INFO  o.s.scheduling.concurrent.ThreadPoolTaskExecutor - Initializing ExecutorService 'applicationTaskExecutor'
2019-09-24 21:24:13.616 [main] INFO  org.apache.coyote.http11.Http11NioProtocol - Starting ProtocolHandler ["http-nio-8080"]
2019-09-24 21:24:13.715 [main] INFO  o.s.boot.web.embedded.tomcat.TomcatWebServer - Tomcat started on port(s): 8080 (http) with context path ''
2019-09-24 21:24:13.737 [main] INFO  com.dyl.o2o.O2oApplication - Started O2oApplication in 8.843 seconds (JVM running for 11.041)
2019-09-24 21:24:19.407 [http-nio-8080-exec-1] INFO  o.a.c.core.ContainerBase.[Tomcat].[localhost].[/] - Initializing Spring DispatcherServlet 'dispatcherServlet'
2019-09-24 21:24:19.408 [http-nio-8080-exec-1] INFO  org.springframework.web.servlet.DispatcherServlet - Initializing Servlet 'dispatcherServlet'
2019-09-24 21:24:19.420 [http-nio-8080-exec-1] INFO  org.springframework.web.servlet.DispatcherServlet - Completed initialization in 11 ms
2019-09-24 21:24:19.650 [http-nio-8080-exec-1] INFO  com.zaxxer.hikari.HikariDataSource - HikariPool-1 - Starting...
2019-09-24 21:24:19.983 [http-nio-8080-exec-1] INFO  com.zaxxer.hikari.HikariDataSource - HikariPool-1 - Start completed.
2019-09-24 21:24:44.423 [Thread-13] INFO  o.s.scheduling.concurrent.ThreadPoolTaskExecutor - Shutting down ExecutorService 'applicationTaskExecutor'
2019-09-24 21:24:44.424 [Thread-13] INFO  com.zaxxer.hikari.HikariDataSource - HikariPool-1 - Shutdown initiated...
2019-09-24 21:24:44.437 [Thread-13] INFO  com.zaxxer.hikari.HikariDataSource - HikariPool-1 - Shutdown completed.
2019-09-24 21:25:13.239 [main] INFO  com.dyl.o2o.O2oApplication - Starting O2oApplication on DESKTOP-QS0OB6V with PID 10568 (E:\IDEAWorkSpace\git\o2o\target\classes started by Administrator in E:\IDEAWorkSpace\git\o2o)
2019-09-24 21:25:13.240 [main] INFO  com.dyl.o2o.O2oApplication - The following profiles are active: dev
2019-09-24 21:25:17.189 [main] INFO  o.s.boot.web.embedded.tomcat.TomcatWebServer - Tomcat initialized with port(s): 8080 (http)
2019-09-24 21:25:17.347 [main] INFO  org.apache.coyote.http11.Http11NioProtocol - Initializing ProtocolHandler ["http-nio-8080"]
2019-09-24 21:25:17.882 [main] INFO  org.apache.catalina.core.StandardService - Starting service [Tomcat]
2019-09-24 21:25:17.882 [main] INFO  org.apache.catalina.core.StandardEngine - Starting Servlet engine: [Apache Tomcat/9.0.24]
2019-09-24 21:25:18.177 [main] INFO  o.a.c.core.ContainerBase.[Tomcat].[localhost].[/] - Initializing Spring embedded WebApplicationContext
2019-09-24 21:25:18.178 [main] INFO  org.springframework.web.context.ContextLoader - Root WebApplicationContext: initialization completed in 4704 ms
2019-09-24 21:25:19.351 [main] INFO  o.s.scheduling.concurrent.ThreadPoolTaskExecutor - Initializing ExecutorService 'applicationTaskExecutor'
2019-09-24 21:25:19.879 [main] INFO  org.apache.coyote.http11.Http11NioProtocol - Starting ProtocolHandler ["http-nio-8080"]
2019-09-24 21:25:19.935 [main] INFO  o.s.boot.web.embedded.tomcat.TomcatWebServer - Tomcat started on port(s): 8080 (http) with context path ''
2019-09-24 21:25:19.948 [main] INFO  com.dyl.o2o.O2oApplication - Started O2oApplication in 8.686 seconds (JVM running for 11.197)
2019-09-24 21:25:22.426 [http-nio-8080-exec-1] INFO  o.a.c.core.ContainerBase.[Tomcat].[localhost].[/] - Initializing Spring DispatcherServlet 'dispatcherServlet'
2019-09-24 21:25:22.430 [http-nio-8080-exec-1] INFO  org.springframework.web.servlet.DispatcherServlet - Initializing Servlet 'dispatcherServlet'
2019-09-24 21:25:22.444 [http-nio-8080-exec-1] INFO  org.springframework.web.servlet.DispatcherServlet - Completed initialization in 14 ms
2019-09-24 21:25:22.725 [http-nio-8080-exec-1] INFO  com.zaxxer.hikari.HikariDataSource - HikariPool-1 - Starting...
2019-09-24 21:25:23.114 [http-nio-8080-exec-1] INFO  com.zaxxer.hikari.HikariDataSource - HikariPool-1 - Start completed.
2019-09-24 21:26:45.665 [Thread-11] INFO  o.s.scheduling.concurrent.ThreadPoolTaskExecutor - Shutting down ExecutorService 'applicationTaskExecutor'
2019-09-24 21:26:45.666 [Thread-11] INFO  com.zaxxer.hikari.HikariDataSource - HikariPool-1 - Shutdown initiated...
2019-09-24 21:26:45.681 [Thread-11] INFO  com.zaxxer.hikari.HikariDataSource - HikariPool-1 - Shutdown completed.
