2019-11-03 09:25:43.170 [Thread-13] INFO  o.s.scheduling.concurrent.ThreadPoolTaskExecutor - Shutting down ExecutorService 'applicationTaskExecutor'
2019-11-03 09:25:43.172 [Thread-13] INFO  com.zaxxer.hikari.HikariDataSource - HikariPool-1 - Shutdown initiated...
2019-11-03 09:25:43.176 [Thread-13] INFO  com.zaxxer.hikari.HikariDataSource - HikariPool-1 - Shutdown completed.
2019-11-03 09:25:45.808 [restartedMain] INFO  com.dyl.o2o.O2oApplication - Starting O2oApplication on dyl-pc with PID 18900 (E:\IDEAWorkspace\git\o2o\target\classes started by A in E:\IDEAWorkspace\git\o2o)
2019-11-03 09:25:45.811 [restartedMain] INFO  com.dyl.o2o.O2oApplication - The following profiles are active: dev
2019-11-03 09:25:45.847 [restartedMain] INFO  o.s.b.d.env.DevToolsPropertyDefaultsPostProcessor - Devtools property defaults active! Set 'spring.devtools.add-properties' to 'false' to disable
2019-11-03 09:25:45.848 [restartedMain] INFO  o.s.b.d.env.DevToolsPropertyDefaultsPostProcessor - For additional web related logging consider setting the 'logging.level.web' property to 'DEBUG'
2019-11-03 09:25:46.874 [restartedMain] INFO  o.s.boot.web.embedded.tomcat.TomcatWebServer - Tomcat initialized with port(s): 8081 (http)
2019-11-03 09:25:46.893 [restartedMain] INFO  org.apache.catalina.core.StandardService - Starting service [Tomcat]
2019-11-03 09:25:46.893 [restartedMain] INFO  org.apache.catalina.core.StandardEngine - Starting Servlet engine: [Apache Tomcat/9.0.24]
2019-11-03 09:25:46.972 [restartedMain] INFO  o.a.c.core.ContainerBase.[Tomcat].[localhost].[/] - Initializing Spring embedded WebApplicationContext
2019-11-03 09:25:46.973 [restartedMain] INFO  org.springframework.web.context.ContextLoader - Root WebApplicationContext: initialization completed in 1125 ms
2019-11-03 09:25:47.555 [restartedMain] INFO  o.s.scheduling.concurrent.ThreadPoolTaskExecutor - Initializing ExecutorService 'applicationTaskExecutor'
2019-11-03 09:25:47.765 [restartedMain] INFO  o.s.b.d.autoconfigure.OptionalLiveReloadServer - LiveReload server is running on port 35729
2019-11-03 09:25:47.830 [restartedMain] INFO  o.s.boot.web.embedded.tomcat.TomcatWebServer - Tomcat started on port(s): 8081 (http) with context path ''
2019-11-03 09:25:47.833 [restartedMain] INFO  com.dyl.o2o.O2oApplication - Started O2oApplication in 2.605 seconds (JVM running for 3.242)
2019-11-03 09:25:56.370 [http-nio-8081-exec-1] INFO  o.a.c.core.ContainerBase.[Tomcat].[localhost].[/] - Initializing Spring DispatcherServlet 'dispatcherServlet'
2019-11-03 09:25:56.370 [http-nio-8081-exec-1] INFO  org.springframework.web.servlet.DispatcherServlet - Initializing Servlet 'dispatcherServlet'
2019-11-03 09:25:56.376 [http-nio-8081-exec-1] INFO  org.springframework.web.servlet.DispatcherServlet - Completed initialization in 6 ms
2019-11-03 09:25:56.821 [http-nio-8081-exec-4] INFO  com.zaxxer.hikari.HikariDataSource - HikariPool-1 - Starting...
2019-11-03 09:25:56.957 [http-nio-8081-exec-4] INFO  com.zaxxer.hikari.HikariDataSource - HikariPool-1 - Start completed.
2019-11-03 09:40:23.966 [Thread-10] INFO  o.s.scheduling.concurrent.ThreadPoolTaskExecutor - Shutting down ExecutorService 'applicationTaskExecutor'
2019-11-03 09:40:23.967 [Thread-10] INFO  com.zaxxer.hikari.HikariDataSource - HikariPool-1 - Shutdown initiated...
2019-11-03 09:40:23.971 [Thread-10] INFO  com.zaxxer.hikari.HikariDataSource - HikariPool-1 - Shutdown completed.
2019-11-03 09:40:24.256 [restartedMain] INFO  com.dyl.o2o.O2oApplication - Starting O2oApplication on dyl-pc with PID 18900 (E:\IDEAWorkspace\git\o2o\target\classes started by A in E:\IDEAWorkspace\git\o2o)
2019-11-03 09:40:24.256 [restartedMain] INFO  com.dyl.o2o.O2oApplication - The following profiles are active: dev
2019-11-03 09:40:24.824 [restartedMain] INFO  o.s.boot.web.embedded.tomcat.TomcatWebServer - Tomcat initialized with port(s): 8081 (http)
2019-11-03 09:40:24.826 [restartedMain] INFO  org.apache.catalina.core.StandardService - Starting service [Tomcat]
2019-11-03 09:40:24.827 [restartedMain] INFO  org.apache.catalina.core.StandardEngine - Starting Servlet engine: [Apache Tomcat/9.0.24]
2019-11-03 09:40:24.859 [restartedMain] INFO  o.a.c.core.ContainerBase.[Tomcat].[localhost].[/] - Initializing Spring embedded WebApplicationContext
2019-11-03 09:40:24.859 [restartedMain] INFO  org.springframework.web.context.ContextLoader - Root WebApplicationContext: initialization completed in 600 ms
2019-11-03 09:40:25.086 [restartedMain] INFO  o.s.scheduling.concurrent.ThreadPoolTaskExecutor - Initializing ExecutorService 'applicationTaskExecutor'
2019-11-03 09:40:25.173 [restartedMain] INFO  o.s.b.d.autoconfigure.OptionalLiveReloadServer - LiveReload server is running on port 35729
2019-11-03 09:40:25.249 [restartedMain] INFO  o.s.boot.web.embedded.tomcat.TomcatWebServer - Tomcat started on port(s): 8081 (http) with context path ''
2019-11-03 09:40:25.250 [restartedMain] INFO  com.dyl.o2o.O2oApplication - Started O2oApplication in 1.047 seconds (JVM running for 880.659)
2019-11-03 09:40:25.255 [restartedMain] INFO  o.s.b.d.a.ConditionEvaluationDeltaLoggingListener - Condition evaluation unchanged
2019-11-03 09:40:57.368 [Thread-24] INFO  o.s.scheduling.concurrent.ThreadPoolTaskExecutor - Shutting down ExecutorService 'applicationTaskExecutor'
2019-11-03 09:44:51.396 [restartedMain] INFO  com.dyl.o2o.O2oApplication - Starting O2oApplication on dyl-pc with PID 17788 (E:\IDEAWorkspace\git\o2o\target\classes started by A in E:\IDEAWorkspace\git\o2o)
2019-11-03 09:44:51.400 [restartedMain] INFO  com.dyl.o2o.O2oApplication - The following profiles are active: dev
2019-11-03 09:44:51.445 [restartedMain] INFO  o.s.b.d.env.DevToolsPropertyDefaultsPostProcessor - Devtools property defaults active! Set 'spring.devtools.add-properties' to 'false' to disable
2019-11-03 09:44:51.445 [restartedMain] INFO  o.s.b.d.env.DevToolsPropertyDefaultsPostProcessor - For additional web related logging consider setting the 'logging.level.web' property to 'DEBUG'
2019-11-03 09:44:52.420 [restartedMain] INFO  o.s.boot.web.embedded.tomcat.TomcatWebServer - Tomcat initialized with port(s): 8081 (http)
2019-11-03 09:44:52.437 [restartedMain] INFO  org.apache.catalina.core.StandardService - Starting service [Tomcat]
2019-11-03 09:44:52.438 [restartedMain] INFO  org.apache.catalina.core.StandardEngine - Starting Servlet engine: [Apache Tomcat/9.0.24]
2019-11-03 09:44:52.512 [restartedMain] INFO  o.a.c.core.ContainerBase.[Tomcat].[localhost].[/] - Initializing Spring embedded WebApplicationContext
2019-11-03 09:44:52.512 [restartedMain] INFO  org.springframework.web.context.ContextLoader - Root WebApplicationContext: initialization completed in 1067 ms
2019-11-03 09:44:53.046 [restartedMain] INFO  o.s.scheduling.concurrent.ThreadPoolTaskExecutor - Initializing ExecutorService 'applicationTaskExecutor'
2019-11-03 09:44:53.245 [restartedMain] INFO  o.s.b.d.autoconfigure.OptionalLiveReloadServer - LiveReload server is running on port 35729
2019-11-03 09:44:53.310 [restartedMain] INFO  o.s.boot.web.embedded.tomcat.TomcatWebServer - Tomcat started on port(s): 8081 (http) with context path ''
2019-11-03 09:44:53.312 [restartedMain] INFO  com.dyl.o2o.O2oApplication - Started O2oApplication in 2.506 seconds (JVM running for 3.048)
2019-11-03 09:44:56.062 [http-nio-8081-exec-1] INFO  o.a.c.core.ContainerBase.[Tomcat].[localhost].[/] - Initializing Spring DispatcherServlet 'dispatcherServlet'
2019-11-03 09:44:56.062 [http-nio-8081-exec-1] INFO  org.springframework.web.servlet.DispatcherServlet - Initializing Servlet 'dispatcherServlet'
2019-11-03 09:44:56.071 [http-nio-8081-exec-1] INFO  org.springframework.web.servlet.DispatcherServlet - Completed initialization in 9 ms
2019-11-03 09:44:56.556 [http-nio-8081-exec-4] INFO  com.zaxxer.hikari.HikariDataSource - HikariPool-1 - Starting...
2019-11-03 09:44:56.687 [http-nio-8081-exec-4] INFO  com.zaxxer.hikari.HikariDataSource - HikariPool-1 - Start completed.
2019-11-03 09:49:48.702 [Thread-10] INFO  o.s.scheduling.concurrent.ThreadPoolTaskExecutor - Shutting down ExecutorService 'applicationTaskExecutor'
2019-11-03 09:49:48.703 [Thread-10] INFO  com.zaxxer.hikari.HikariDataSource - HikariPool-1 - Shutdown initiated...
2019-11-03 09:49:48.708 [Thread-10] INFO  com.zaxxer.hikari.HikariDataSource - HikariPool-1 - Shutdown completed.
2019-11-03 09:49:48.946 [restartedMain] INFO  com.dyl.o2o.O2oApplication - Starting O2oApplication on dyl-pc with PID 17788 (E:\IDEAWorkspace\git\o2o\target\classes started by A in E:\IDEAWorkspace\git\o2o)
2019-11-03 09:49:48.946 [restartedMain] INFO  com.dyl.o2o.O2oApplication - The following profiles are active: dev
2019-11-03 09:49:49.321 [restartedMain] INFO  o.s.boot.web.embedded.tomcat.TomcatWebServer - Tomcat initialized with port(s): 8081 (http)
2019-11-03 09:49:49.322 [restartedMain] INFO  org.apache.catalina.core.StandardService - Starting service [Tomcat]
2019-11-03 09:49:49.322 [restartedMain] INFO  org.apache.catalina.core.StandardEngine - Starting Servlet engine: [Apache Tomcat/9.0.24]
2019-11-03 09:49:49.339 [restartedMain] INFO  o.a.c.core.ContainerBase.[Tomcat].[localhost].[/] - Initializing Spring embedded WebApplicationContext
2019-11-03 09:49:49.340 [restartedMain] INFO  org.springframework.web.context.ContextLoader - Root WebApplicationContext: initialization completed in 391 ms
2019-11-03 09:49:49.518 [restartedMain] INFO  o.s.scheduling.concurrent.ThreadPoolTaskExecutor - Initializing ExecutorService 'applicationTaskExecutor'
2019-11-03 09:49:49.598 [restartedMain] INFO  o.s.b.d.autoconfigure.OptionalLiveReloadServer - LiveReload server is running on port 35729
2019-11-03 09:49:49.640 [restartedMain] INFO  o.s.boot.web.embedded.tomcat.TomcatWebServer - Tomcat started on port(s): 8081 (http) with context path ''
2019-11-03 09:49:49.641 [restartedMain] INFO  com.dyl.o2o.O2oApplication - Started O2oApplication in 0.751 seconds (JVM running for 299.377)
2019-11-03 09:49:49.644 [restartedMain] INFO  o.s.b.d.a.ConditionEvaluationDeltaLoggingListener - Condition evaluation unchanged
2019-11-03 09:59:31.449 [http-nio-8081-exec-2] INFO  o.a.c.core.ContainerBase.[Tomcat].[localhost].[/] - Initializing Spring DispatcherServlet 'dispatcherServlet'
2019-11-03 09:59:31.450 [http-nio-8081-exec-2] INFO  org.springframework.web.servlet.DispatcherServlet - Initializing Servlet 'dispatcherServlet'
2019-11-03 09:59:31.465 [http-nio-8081-exec-2] INFO  org.springframework.web.servlet.DispatcherServlet - Completed initialization in 15 ms
2019-11-03 09:59:31.687 [http-nio-8081-exec-5] INFO  com.zaxxer.hikari.HikariDataSource - HikariPool-2 - Starting...
2019-11-03 09:59:31.694 [http-nio-8081-exec-5] INFO  com.zaxxer.hikari.HikariDataSource - HikariPool-2 - Start completed.
2019-11-03 09:59:34.382 [Thread-19] INFO  o.s.scheduling.concurrent.ThreadPoolTaskExecutor - Shutting down ExecutorService 'applicationTaskExecutor'
2019-11-03 09:59:34.383 [Thread-19] INFO  com.zaxxer.hikari.HikariDataSource - HikariPool-2 - Shutdown initiated...
2019-11-03 09:59:34.386 [Thread-19] INFO  com.zaxxer.hikari.HikariDataSource - HikariPool-2 - Shutdown completed.
2019-11-03 09:59:34.628 [restartedMain] INFO  com.dyl.o2o.O2oApplication - Starting O2oApplication on dyl-pc with PID 17788 (E:\IDEAWorkspace\git\o2o\target\classes started by A in E:\IDEAWorkspace\git\o2o)
2019-11-03 09:59:34.628 [restartedMain] INFO  com.dyl.o2o.O2oApplication - The following profiles are active: dev
2019-11-03 09:59:34.922 [restartedMain] INFO  o.s.boot.web.embedded.tomcat.TomcatWebServer - Tomcat initialized with port(s): 8081 (http)
2019-11-03 09:59:34.923 [restartedMain] INFO  org.apache.catalina.core.StandardService - Starting service [Tomcat]
2019-11-03 09:59:34.923 [restartedMain] INFO  org.apache.catalina.core.StandardEngine - Starting Servlet engine: [Apache Tomcat/9.0.24]
2019-11-03 09:59:34.937 [restartedMain] INFO  o.a.c.core.ContainerBase.[Tomcat].[localhost].[/] - Initializing Spring embedded WebApplicationContext
2019-11-03 09:59:34.937 [restartedMain] INFO  org.springframework.web.context.ContextLoader - Root WebApplicationContext: initialization completed in 307 ms
2019-11-03 09:59:35.109 [restartedMain] INFO  o.s.scheduling.concurrent.ThreadPoolTaskExecutor - Initializing ExecutorService 'applicationTaskExecutor'
2019-11-03 09:59:35.174 [restartedMain] INFO  o.s.b.d.autoconfigure.OptionalLiveReloadServer - LiveReload server is running on port 35729
2019-11-03 09:59:35.207 [restartedMain] INFO  o.s.boot.web.embedded.tomcat.TomcatWebServer - Tomcat started on port(s): 8081 (http) with context path ''
2019-11-03 09:59:35.207 [restartedMain] INFO  com.dyl.o2o.O2oApplication - Started O2oApplication in 0.623 seconds (JVM running for 884.943)
2019-11-03 09:59:35.208 [restartedMain] INFO  o.s.b.d.a.ConditionEvaluationDeltaLoggingListener - Condition evaluation unchanged
2019-11-03 10:01:03.131 [http-nio-8081-exec-1] INFO  o.a.c.core.ContainerBase.[Tomcat].[localhost].[/] - Initializing Spring DispatcherServlet 'dispatcherServlet'
2019-11-03 10:01:03.132 [http-nio-8081-exec-1] INFO  org.springframework.web.servlet.DispatcherServlet - Initializing Servlet 'dispatcherServlet'
2019-11-03 10:01:03.138 [http-nio-8081-exec-1] INFO  org.springframework.web.servlet.DispatcherServlet - Completed initialization in 6 ms
2019-11-03 10:01:03.470 [http-nio-8081-exec-5] INFO  com.zaxxer.hikari.HikariDataSource - HikariPool-3 - Starting...
2019-11-03 10:01:03.474 [http-nio-8081-exec-5] INFO  com.zaxxer.hikari.HikariDataSource - HikariPool-3 - Start completed.
2019-11-03 10:30:44.046 [Thread-25] INFO  o.s.scheduling.concurrent.ThreadPoolTaskExecutor - Shutting down ExecutorService 'applicationTaskExecutor'
2019-11-03 10:30:44.049 [Thread-25] INFO  com.zaxxer.hikari.HikariDataSource - HikariPool-3 - Shutdown initiated...
2019-11-03 10:30:44.059 [Thread-25] INFO  com.zaxxer.hikari.HikariDataSource - HikariPool-3 - Shutdown completed.
2019-11-03 10:30:44.364 [restartedMain] INFO  com.dyl.o2o.O2oApplication - Starting O2oApplication on dyl-pc with PID 17788 (E:\IDEAWorkspace\git\o2o\target\classes started by A in E:\IDEAWorkspace\git\o2o)
2019-11-03 10:30:44.365 [restartedMain] INFO  com.dyl.o2o.O2oApplication - The following profiles are active: dev
2019-11-03 10:30:44.673 [restartedMain] INFO  o.s.boot.web.embedded.tomcat.TomcatWebServer - Tomcat initialized with port(s): 8081 (http)
2019-11-03 10:30:44.674 [restartedMain] INFO  org.apache.catalina.core.StandardService - Starting service [Tomcat]
2019-11-03 10:30:44.675 [restartedMain] INFO  org.apache.catalina.core.StandardEngine - Starting Servlet engine: [Apache Tomcat/9.0.24]
2019-11-03 10:30:44.690 [restartedMain] INFO  o.a.c.core.ContainerBase.[Tomcat].[localhost].[/] - Initializing Spring embedded WebApplicationContext
2019-11-03 10:30:44.690 [restartedMain] INFO  org.springframework.web.context.ContextLoader - Root WebApplicationContext: initialization completed in 323 ms
2019-11-03 10:30:44.935 [restartedMain] INFO  o.s.scheduling.concurrent.ThreadPoolTaskExecutor - Initializing ExecutorService 'applicationTaskExecutor'
2019-11-03 10:30:45.008 [restartedMain] INFO  o.s.b.d.autoconfigure.OptionalLiveReloadServer - LiveReload server is running on port 35729
2019-11-03 10:30:45.059 [restartedMain] INFO  o.s.boot.web.embedded.tomcat.TomcatWebServer - Tomcat started on port(s): 8081 (http) with context path ''
2019-11-03 10:30:45.059 [restartedMain] INFO  com.dyl.o2o.O2oApplication - Started O2oApplication in 0.743 seconds (JVM running for 2754.795)
2019-11-03 10:30:45.061 [restartedMain] INFO  o.s.b.d.a.ConditionEvaluationDeltaLoggingListener - Condition evaluation unchanged
2019-11-03 10:36:39.827 [Thread-31] INFO  o.s.scheduling.concurrent.ThreadPoolTaskExecutor - Shutting down ExecutorService 'applicationTaskExecutor'
2019-11-03 10:36:40.122 [restartedMain] INFO  com.dyl.o2o.O2oApplication - Starting O2oApplication on dyl-pc with PID 17788 (E:\IDEAWorkspace\git\o2o\target\classes started by A in E:\IDEAWorkspace\git\o2o)
2019-11-03 10:36:40.123 [restartedMain] INFO  com.dyl.o2o.O2oApplication - The following profiles are active: dev
2019-11-03 10:36:40.596 [restartedMain] INFO  o.s.boot.web.embedded.tomcat.TomcatWebServer - Tomcat initialized with port(s): 8081 (http)
2019-11-03 10:36:40.597 [restartedMain] INFO  org.apache.catalina.core.StandardService - Starting service [Tomcat]
2019-11-03 10:36:40.597 [restartedMain] INFO  org.apache.catalina.core.StandardEngine - Starting Servlet engine: [Apache Tomcat/9.0.24]
2019-11-03 10:36:40.611 [restartedMain] INFO  o.a.c.core.ContainerBase.[Tomcat].[localhost].[/] - Initializing Spring embedded WebApplicationContext
2019-11-03 10:36:40.611 [restartedMain] INFO  org.springframework.web.context.ContextLoader - Root WebApplicationContext: initialization completed in 485 ms
2019-11-03 10:36:40.782 [restartedMain] INFO  o.s.scheduling.concurrent.ThreadPoolTaskExecutor - Initializing ExecutorService 'applicationTaskExecutor'
2019-11-03 10:36:40.847 [restartedMain] INFO  o.s.b.d.autoconfigure.OptionalLiveReloadServer - LiveReload server is running on port 35729
2019-11-03 10:36:40.881 [restartedMain] INFO  o.s.boot.web.embedded.tomcat.TomcatWebServer - Tomcat started on port(s): 8081 (http) with context path ''
2019-11-03 10:36:40.881 [restartedMain] INFO  com.dyl.o2o.O2oApplication - Started O2oApplication in 0.806 seconds (JVM running for 3110.617)
2019-11-03 10:36:40.882 [restartedMain] INFO  o.s.b.d.a.ConditionEvaluationDeltaLoggingListener - Condition evaluation unchanged
2019-11-03 10:37:11.379 [Thread-37] INFO  o.s.scheduling.concurrent.ThreadPoolTaskExecutor - Shutting down ExecutorService 'applicationTaskExecutor'
2019-11-03 10:37:11.600 [restartedMain] INFO  com.dyl.o2o.O2oApplication - Starting O2oApplication on dyl-pc with PID 17788 (E:\IDEAWorkspace\git\o2o\target\classes started by A in E:\IDEAWorkspace\git\o2o)
2019-11-03 10:37:11.600 [restartedMain] INFO  com.dyl.o2o.O2oApplication - The following profiles are active: dev
2019-11-03 10:37:11.876 [restartedMain] INFO  o.s.boot.web.embedded.tomcat.TomcatWebServer - Tomcat initialized with port(s): 8081 (http)
2019-11-03 10:37:11.877 [restartedMain] INFO  org.apache.catalina.core.StandardService - Starting service [Tomcat]
2019-11-03 10:37:11.877 [restartedMain] INFO  org.apache.catalina.core.StandardEngine - Starting Servlet engine: [Apache Tomcat/9.0.24]
2019-11-03 10:37:11.889 [restartedMain] INFO  o.a.c.core.ContainerBase.[Tomcat].[localhost].[/] - Initializing Spring embedded WebApplicationContext
2019-11-03 10:37:11.890 [restartedMain] INFO  org.springframework.web.context.ContextLoader - Root WebApplicationContext: initialization completed in 287 ms
2019-11-03 10:37:12.037 [restartedMain] INFO  o.s.scheduling.concurrent.ThreadPoolTaskExecutor - Initializing ExecutorService 'applicationTaskExecutor'
2019-11-03 10:37:12.096 [restartedMain] INFO  o.s.b.d.autoconfigure.OptionalLiveReloadServer - LiveReload server is running on port 35729
2019-11-03 10:37:12.126 [restartedMain] INFO  o.s.boot.web.embedded.tomcat.TomcatWebServer - Tomcat started on port(s): 8081 (http) with context path ''
2019-11-03 10:37:12.126 [restartedMain] INFO  com.dyl.o2o.O2oApplication - Started O2oApplication in 0.569 seconds (JVM running for 3141.862)
2019-11-03 10:37:12.127 [restartedMain] INFO  o.s.b.d.a.ConditionEvaluationDeltaLoggingListener - Condition evaluation unchanged
2019-11-03 11:03:55.305 [Thread-48] INFO  o.s.scheduling.concurrent.ThreadPoolTaskExecutor - Shutting down ExecutorService 'applicationTaskExecutor'
2019-11-03 11:13:23.521 [restartedMain] INFO  com.dyl.o2o.O2oApplication - Starting O2oApplication on dyl-pc with PID 3836 (E:\IDEAWorkspace\git\o2o\target\classes started by A in E:\IDEAWorkspace\git\o2o)
2019-11-03 11:13:23.525 [restartedMain] INFO  com.dyl.o2o.O2oApplication - The following profiles are active: dev
2019-11-03 11:13:23.573 [restartedMain] INFO  o.s.b.d.env.DevToolsPropertyDefaultsPostProcessor - Devtools property defaults active! Set 'spring.devtools.add-properties' to 'false' to disable
2019-11-03 11:13:23.573 [restartedMain] INFO  o.s.b.d.env.DevToolsPropertyDefaultsPostProcessor - For additional web related logging consider setting the 'logging.level.web' property to 'DEBUG'
2019-11-03 11:13:24.604 [restartedMain] INFO  o.s.boot.web.embedded.tomcat.TomcatWebServer - Tomcat initialized with port(s): 8081 (http)
2019-11-03 11:13:24.622 [restartedMain] INFO  org.apache.catalina.core.StandardService - Starting service [Tomcat]
2019-11-03 11:13:24.622 [restartedMain] INFO  org.apache.catalina.core.StandardEngine - Starting Servlet engine: [Apache Tomcat/9.0.24]
2019-11-03 11:13:24.696 [restartedMain] INFO  o.a.c.core.ContainerBase.[Tomcat].[localhost].[/] - Initializing Spring embedded WebApplicationContext
2019-11-03 11:13:24.697 [restartedMain] INFO  org.springframework.web.context.ContextLoader - Root WebApplicationContext: initialization completed in 1123 ms
2019-11-03 11:13:25.269 [restartedMain] INFO  o.s.scheduling.concurrent.ThreadPoolTaskExecutor - Initializing ExecutorService 'applicationTaskExecutor'
2019-11-03 11:13:25.478 [restartedMain] INFO  o.s.b.d.autoconfigure.OptionalLiveReloadServer - LiveReload server is running on port 35729
2019-11-03 11:13:25.542 [restartedMain] INFO  o.s.boot.web.embedded.tomcat.TomcatWebServer - Tomcat started on port(s): 8081 (http) with context path ''
2019-11-03 11:13:25.545 [restartedMain] INFO  com.dyl.o2o.O2oApplication - Started O2oApplication in 2.59 seconds (JVM running for 3.203)
2019-11-03 11:13:26.457 [http-nio-8081-exec-1] INFO  o.a.c.core.ContainerBase.[Tomcat].[localhost].[/] - Initializing Spring DispatcherServlet 'dispatcherServlet'
2019-11-03 11:13:26.458 [http-nio-8081-exec-1] INFO  org.springframework.web.servlet.DispatcherServlet - Initializing Servlet 'dispatcherServlet'
2019-11-03 11:13:26.468 [http-nio-8081-exec-1] INFO  org.springframework.web.servlet.DispatcherServlet - Completed initialization in 10 ms
2019-11-03 11:13:27.019 [http-nio-8081-exec-4] INFO  com.zaxxer.hikari.HikariDataSource - HikariPool-1 - Starting...
2019-11-03 11:13:27.161 [http-nio-8081-exec-4] INFO  com.zaxxer.hikari.HikariDataSource - HikariPool-1 - Start completed.
2019-11-03 11:15:29.701 [Thread-10] INFO  o.s.scheduling.concurrent.ThreadPoolTaskExecutor - Shutting down ExecutorService 'applicationTaskExecutor'
2019-11-03 11:15:29.702 [Thread-10] INFO  com.zaxxer.hikari.HikariDataSource - HikariPool-1 - Shutdown initiated...
2019-11-03 11:15:29.707 [Thread-10] INFO  com.zaxxer.hikari.HikariDataSource - HikariPool-1 - Shutdown completed.
2019-11-03 11:15:29.949 [restartedMain] INFO  com.dyl.o2o.O2oApplication - Starting O2oApplication on dyl-pc with PID 3836 (E:\IDEAWorkspace\git\o2o\target\classes started by A in E:\IDEAWorkspace\git\o2o)
2019-11-03 11:15:29.950 [restartedMain] INFO  com.dyl.o2o.O2oApplication - The following profiles are active: dev
2019-11-03 11:15:30.264 [restartedMain] INFO  o.s.boot.web.embedded.tomcat.TomcatWebServer - Tomcat initialized with port(s): 8081 (http)
2019-11-03 11:15:30.265 [restartedMain] INFO  org.apache.catalina.core.StandardService - Starting service [Tomcat]
2019-11-03 11:15:30.265 [restartedMain] INFO  org.apache.catalina.core.StandardEngine - Starting Servlet engine: [Apache Tomcat/9.0.24]
2019-11-03 11:15:30.282 [restartedMain] INFO  o.a.c.core.ContainerBase.[Tomcat].[localhost].[/] - Initializing Spring embedded WebApplicationContext
2019-11-03 11:15:30.282 [restartedMain] INFO  org.springframework.web.context.ContextLoader - Root WebApplicationContext: initialization completed in 329 ms
2019-11-03 11:15:30.467 [restartedMain] INFO  o.s.scheduling.concurrent.ThreadPoolTaskExecutor - Initializing ExecutorService 'applicationTaskExecutor'
2019-11-03 11:15:30.532 [restartedMain] INFO  o.s.b.d.autoconfigure.OptionalLiveReloadServer - LiveReload server is running on port 35729
2019-11-03 11:15:30.567 [restartedMain] INFO  o.s.boot.web.embedded.tomcat.TomcatWebServer - Tomcat started on port(s): 8081 (http) with context path ''
2019-11-03 11:15:30.567 [restartedMain] INFO  com.dyl.o2o.O2oApplication - Started O2oApplication in 0.668 seconds (JVM running for 128.226)
2019-11-03 11:15:30.569 [restartedMain] INFO  o.s.b.d.a.ConditionEvaluationDeltaLoggingListener - Condition evaluation unchanged
2019-11-03 11:16:21.490 [http-nio-8081-exec-1] INFO  o.a.c.core.ContainerBase.[Tomcat].[localhost].[/] - Initializing Spring DispatcherServlet 'dispatcherServlet'
2019-11-03 11:16:21.491 [http-nio-8081-exec-1] INFO  org.springframework.web.servlet.DispatcherServlet - Initializing Servlet 'dispatcherServlet'
2019-11-03 11:16:21.496 [http-nio-8081-exec-1] INFO  org.springframework.web.servlet.DispatcherServlet - Completed initialization in 5 ms
2019-11-03 11:16:21.707 [http-nio-8081-exec-4] INFO  com.zaxxer.hikari.HikariDataSource - HikariPool-2 - Starting...
2019-11-03 11:16:21.713 [http-nio-8081-exec-4] INFO  com.zaxxer.hikari.HikariDataSource - HikariPool-2 - Start completed.
2019-11-03 11:16:22.206 [Thread-19] INFO  o.s.scheduling.concurrent.ThreadPoolTaskExecutor - Shutting down ExecutorService 'applicationTaskExecutor'
2019-11-03 11:16:22.207 [Thread-19] INFO  com.zaxxer.hikari.HikariDataSource - HikariPool-2 - Shutdown initiated...
2019-11-03 11:16:22.216 [Thread-19] INFO  com.zaxxer.hikari.HikariDataSource - HikariPool-2 - Shutdown completed.
2019-11-03 11:16:22.481 [restartedMain] INFO  com.dyl.o2o.O2oApplication - Starting O2oApplication on dyl-pc with PID 3836 (E:\IDEAWorkspace\git\o2o\target\classes started by A in E:\IDEAWorkspace\git\o2o)
2019-11-03 11:16:22.481 [restartedMain] INFO  com.dyl.o2o.O2oApplication - The following profiles are active: dev
2019-11-03 11:16:22.783 [restartedMain] INFO  o.s.boot.web.embedded.tomcat.TomcatWebServer - Tomcat initialized with port(s): 8081 (http)
2019-11-03 11:16:22.784 [restartedMain] INFO  org.apache.catalina.core.StandardService - Starting service [Tomcat]
2019-11-03 11:16:22.784 [restartedMain] INFO  org.apache.catalina.core.StandardEngine - Starting Servlet engine: [Apache Tomcat/9.0.24]
2019-11-03 11:16:22.798 [restartedMain] INFO  o.a.c.core.ContainerBase.[Tomcat].[localhost].[/] - Initializing Spring embedded WebApplicationContext
2019-11-03 11:16:22.799 [restartedMain] INFO  org.springframework.web.context.ContextLoader - Root WebApplicationContext: initialization completed in 315 ms
2019-11-03 11:16:22.996 [restartedMain] INFO  o.s.scheduling.concurrent.ThreadPoolTaskExecutor - Initializing ExecutorService 'applicationTaskExecutor'
2019-11-03 11:16:23.083 [restartedMain] INFO  o.s.b.d.autoconfigure.OptionalLiveReloadServer - LiveReload server is running on port 35729
2019-11-03 11:16:23.125 [restartedMain] INFO  o.s.boot.web.embedded.tomcat.TomcatWebServer - Tomcat started on port(s): 8081 (http) with context path ''
2019-11-03 11:16:23.126 [restartedMain] INFO  com.dyl.o2o.O2oApplication - Started O2oApplication in 0.695 seconds (JVM running for 180.785)
2019-11-03 11:16:23.127 [restartedMain] INFO  o.s.b.d.a.ConditionEvaluationDeltaLoggingListener - Condition evaluation unchanged
2019-11-03 11:16:29.434 [http-nio-8081-exec-1] INFO  o.a.c.core.ContainerBase.[Tomcat].[localhost].[/] - Initializing Spring DispatcherServlet 'dispatcherServlet'
2019-11-03 11:16:29.435 [http-nio-8081-exec-1] INFO  org.springframework.web.servlet.DispatcherServlet - Initializing Servlet 'dispatcherServlet'
2019-11-03 11:16:29.438 [http-nio-8081-exec-1] INFO  org.springframework.web.servlet.DispatcherServlet - Completed initialization in 3 ms
2019-11-03 11:16:55.784 [http-nio-8081-exec-5] INFO  com.zaxxer.hikari.HikariDataSource - HikariPool-3 - Starting...
2019-11-03 11:16:55.788 [http-nio-8081-exec-5] INFO  com.zaxxer.hikari.HikariDataSource - HikariPool-3 - Start completed.
2019-11-03 11:16:59.469 [Thread-25] INFO  o.s.scheduling.concurrent.ThreadPoolTaskExecutor - Shutting down ExecutorService 'applicationTaskExecutor'
2019-11-03 11:16:59.470 [Thread-25] INFO  com.zaxxer.hikari.HikariDataSource - HikariPool-3 - Shutdown initiated...
2019-11-03 11:16:59.473 [Thread-25] INFO  com.zaxxer.hikari.HikariDataSource - HikariPool-3 - Shutdown completed.
2019-11-03 11:16:59.756 [restartedMain] INFO  com.dyl.o2o.O2oApplication - Starting O2oApplication on dyl-pc with PID 3836 (E:\IDEAWorkspace\git\o2o\target\classes started by A in E:\IDEAWorkspace\git\o2o)
2019-11-03 11:16:59.756 [restartedMain] INFO  com.dyl.o2o.O2oApplication - The following profiles are active: dev
2019-11-03 11:17:00.081 [restartedMain] INFO  o.s.boot.web.embedded.tomcat.TomcatWebServer - Tomcat initialized with port(s): 8081 (http)
2019-11-03 11:17:00.082 [restartedMain] INFO  org.apache.catalina.core.StandardService - Starting service [Tomcat]
2019-11-03 11:17:00.082 [restartedMain] INFO  org.apache.catalina.core.StandardEngine - Starting Servlet engine: [Apache Tomcat/9.0.24]
2019-11-03 11:17:00.096 [restartedMain] INFO  o.a.c.core.ContainerBase.[Tomcat].[localhost].[/] - Initializing Spring embedded WebApplicationContext
2019-11-03 11:17:00.097 [restartedMain] INFO  org.springframework.web.context.ContextLoader - Root WebApplicationContext: initialization completed in 337 ms
2019-11-03 11:17:00.304 [restartedMain] INFO  o.s.scheduling.concurrent.ThreadPoolTaskExecutor - Initializing ExecutorService 'applicationTaskExecutor'
2019-11-03 11:17:00.371 [restartedMain] INFO  o.s.b.d.autoconfigure.OptionalLiveReloadServer - LiveReload server is running on port 35729
2019-11-03 11:17:00.407 [restartedMain] INFO  o.s.boot.web.embedded.tomcat.TomcatWebServer - Tomcat started on port(s): 8081 (http) with context path ''
2019-11-03 11:17:00.407 [restartedMain] INFO  com.dyl.o2o.O2oApplication - Started O2oApplication in 0.711 seconds (JVM running for 218.066)
2019-11-03 11:17:00.409 [restartedMain] INFO  o.s.b.d.a.ConditionEvaluationDeltaLoggingListener - Condition evaluation unchanged
2019-11-03 11:17:02.871 [http-nio-8081-exec-1] INFO  o.a.c.core.ContainerBase.[Tomcat].[localhost].[/] - Initializing Spring DispatcherServlet 'dispatcherServlet'
2019-11-03 11:17:02.872 [http-nio-8081-exec-1] INFO  org.springframework.web.servlet.DispatcherServlet - Initializing Servlet 'dispatcherServlet'
2019-11-03 11:17:02.874 [http-nio-8081-exec-1] INFO  org.springframework.web.servlet.DispatcherServlet - Completed initialization in 2 ms
2019-11-03 11:17:08.998 [http-nio-8081-exec-4] INFO  com.zaxxer.hikari.HikariDataSource - HikariPool-4 - Starting...
2019-11-03 11:17:09.002 [http-nio-8081-exec-4] INFO  com.zaxxer.hikari.HikariDataSource - HikariPool-4 - Start completed.
2019-11-03 11:18:12.317 [Thread-31] INFO  o.s.scheduling.concurrent.ThreadPoolTaskExecutor - Shutting down ExecutorService 'applicationTaskExecutor'
2019-11-03 11:18:12.318 [Thread-31] INFO  com.zaxxer.hikari.HikariDataSource - HikariPool-4 - Shutdown initiated...
2019-11-03 11:18:12.322 [Thread-31] INFO  com.zaxxer.hikari.HikariDataSource - HikariPool-4 - Shutdown completed.
2019-11-03 11:18:12.568 [restartedMain] INFO  com.dyl.o2o.O2oApplication - Starting O2oApplication on dyl-pc with PID 3836 (E:\IDEAWorkspace\git\o2o\target\classes started by A in E:\IDEAWorkspace\git\o2o)
2019-11-03 11:18:12.569 [restartedMain] INFO  com.dyl.o2o.O2oApplication - The following profiles are active: dev
2019-11-03 11:18:12.873 [restartedMain] INFO  o.s.boot.web.embedded.tomcat.TomcatWebServer - Tomcat initialized with port(s): 8081 (http)
2019-11-03 11:18:12.874 [restartedMain] INFO  org.apache.catalina.core.StandardService - Starting service [Tomcat]
2019-11-03 11:18:12.874 [restartedMain] INFO  org.apache.catalina.core.StandardEngine - Starting Servlet engine: [Apache Tomcat/9.0.24]
2019-11-03 11:18:12.887 [restartedMain] INFO  o.a.c.core.ContainerBase.[Tomcat].[localhost].[/] - Initializing Spring embedded WebApplicationContext
2019-11-03 11:18:12.887 [restartedMain] INFO  org.springframework.web.context.ContextLoader - Root WebApplicationContext: initialization completed in 315 ms
2019-11-03 11:18:13.043 [restartedMain] INFO  o.s.scheduling.concurrent.ThreadPoolTaskExecutor - Initializing ExecutorService 'applicationTaskExecutor'
2019-11-03 11:18:13.113 [restartedMain] INFO  o.s.b.d.autoconfigure.OptionalLiveReloadServer - LiveReload server is running on port 35729
2019-11-03 11:18:13.146 [restartedMain] INFO  o.s.boot.web.embedded.tomcat.TomcatWebServer - Tomcat started on port(s): 8081 (http) with context path ''
2019-11-03 11:18:13.147 [restartedMain] INFO  com.dyl.o2o.O2oApplication - Started O2oApplication in 0.619 seconds (JVM running for 290.806)
2019-11-03 11:18:13.148 [restartedMain] INFO  o.s.b.d.a.ConditionEvaluationDeltaLoggingListener - Condition evaluation unchanged
2019-11-03 11:18:15.544 [Thread-37] INFO  o.s.scheduling.concurrent.ThreadPoolTaskExecutor - Shutting down ExecutorService 'applicationTaskExecutor'
2019-11-03 11:18:15.756 [restartedMain] INFO  com.dyl.o2o.O2oApplication - Starting O2oApplication on dyl-pc with PID 3836 (E:\IDEAWorkspace\git\o2o\target\classes started by A in E:\IDEAWorkspace\git\o2o)
2019-11-03 11:18:15.756 [restartedMain] INFO  com.dyl.o2o.O2oApplication - The following profiles are active: dev
2019-11-03 11:18:16.043 [restartedMain] INFO  o.s.boot.web.embedded.tomcat.TomcatWebServer - Tomcat initialized with port(s): 8081 (http)
2019-11-03 11:18:16.044 [restartedMain] INFO  org.apache.catalina.core.StandardService - Starting service [Tomcat]
2019-11-03 11:18:16.044 [restartedMain] INFO  org.apache.catalina.core.StandardEngine - Starting Servlet engine: [Apache Tomcat/9.0.24]
2019-11-03 11:18:16.057 [restartedMain] INFO  o.a.c.core.ContainerBase.[Tomcat].[localhost].[/] - Initializing Spring embedded WebApplicationContext
2019-11-03 11:18:16.057 [restartedMain] INFO  org.springframework.web.context.ContextLoader - Root WebApplicationContext: initialization completed in 298 ms
2019-11-03 11:18:16.214 [restartedMain] INFO  o.s.scheduling.concurrent.ThreadPoolTaskExecutor - Initializing ExecutorService 'applicationTaskExecutor'
2019-11-03 11:18:16.276 [restartedMain] INFO  o.s.b.d.autoconfigure.OptionalLiveReloadServer - LiveReload server is running on port 35729
2019-11-03 11:18:16.309 [restartedMain] INFO  o.s.boot.web.embedded.tomcat.TomcatWebServer - Tomcat started on port(s): 8081 (http) with context path ''
2019-11-03 11:18:16.309 [restartedMain] INFO  com.dyl.o2o.O2oApplication - Started O2oApplication in 0.597 seconds (JVM running for 293.967)
2019-11-03 11:18:16.310 [restartedMain] INFO  o.s.b.d.a.ConditionEvaluationDeltaLoggingListener - Condition evaluation unchanged
2019-11-03 17:26:37.629 [Thread-43] INFO  o.s.scheduling.concurrent.ThreadPoolTaskExecutor - Shutting down ExecutorService 'applicationTaskExecutor'
2019-11-03 17:26:38.012 [restartedMain] INFO  com.dyl.o2o.O2oApplication - Starting O2oApplication on dyl-pc with PID 3836 (E:\IDEAWorkspace\git\o2o\target\classes started by A in E:\IDEAWorkspace\git\o2o)
2019-11-03 17:26:38.012 [restartedMain] INFO  com.dyl.o2o.O2oApplication - The following profiles are active: dev
2019-11-03 17:26:38.407 [restartedMain] INFO  o.s.boot.web.embedded.tomcat.TomcatWebServer - Tomcat initialized with port(s): 8081 (http)
2019-11-03 17:26:38.408 [restartedMain] INFO  org.apache.catalina.core.StandardService - Starting service [Tomcat]
2019-11-03 17:26:38.409 [restartedMain] INFO  org.apache.catalina.core.StandardEngine - Starting Servlet engine: [Apache Tomcat/9.0.24]
2019-11-03 17:26:38.434 [restartedMain] INFO  o.a.c.core.ContainerBase.[Tomcat].[localhost].[/] - Initializing Spring embedded WebApplicationContext
2019-11-03 17:26:38.434 [restartedMain] INFO  org.springframework.web.context.ContextLoader - Root WebApplicationContext: initialization completed in 419 ms
2019-11-03 17:26:38.645 [restartedMain] INFO  o.s.scheduling.concurrent.ThreadPoolTaskExecutor - Initializing ExecutorService 'applicationTaskExecutor'
2019-11-03 17:26:38.717 [restartedMain] INFO  o.s.b.d.autoconfigure.OptionalLiveReloadServer - LiveReload server is running on port 35729
2019-11-03 17:26:38.753 [restartedMain] INFO  o.s.boot.web.embedded.tomcat.TomcatWebServer - Tomcat started on port(s): 8081 (http) with context path ''
2019-11-03 17:26:38.754 [restartedMain] INFO  com.dyl.o2o.O2oApplication - Started O2oApplication in 0.795 seconds (JVM running for 22394.425)
2019-11-03 17:26:38.755 [restartedMain] INFO  o.s.b.d.a.ConditionEvaluationDeltaLoggingListener - Condition evaluation unchanged
2019-11-03 17:31:28.274 [Thread-49] INFO  o.s.scheduling.concurrent.ThreadPoolTaskExecutor - Shutting down ExecutorService 'applicationTaskExecutor'
2019-11-03 17:31:28.570 [restartedMain] INFO  com.dyl.o2o.O2oApplication - Starting O2oApplication on dyl-pc with PID 3836 (E:\IDEAWorkspace\git\o2o\target\classes started by A in E:\IDEAWorkspace\git\o2o)
2019-11-03 17:31:28.570 [restartedMain] INFO  com.dyl.o2o.O2oApplication - The following profiles are active: dev
2019-11-03 17:31:31.076 [restartedMain] INFO  com.dyl.o2o.O2oApplication - Starting O2oApplication on dyl-pc with PID 3836 (E:\IDEAWorkspace\git\o2o\target\classes started by A in E:\IDEAWorkspace\git\o2o)
2019-11-03 17:31:31.077 [restartedMain] INFO  com.dyl.o2o.O2oApplication - The following profiles are active: dev
2019-11-03 17:31:31.361 [restartedMain] INFO  o.s.boot.web.embedded.tomcat.TomcatWebServer - Tomcat initialized with port(s): 8081 (http)
2019-11-03 17:31:31.362 [restartedMain] INFO  org.apache.catalina.core.StandardService - Starting service [Tomcat]
2019-11-03 17:31:31.362 [restartedMain] INFO  org.apache.catalina.core.StandardEngine - Starting Servlet engine: [Apache Tomcat/9.0.24]
2019-11-03 17:31:31.378 [restartedMain] INFO  o.a.c.core.ContainerBase.[Tomcat].[localhost].[/] - Initializing Spring embedded WebApplicationContext
2019-11-03 17:31:31.378 [restartedMain] INFO  org.springframework.web.context.ContextLoader - Root WebApplicationContext: initialization completed in 298 ms
2019-11-03 17:31:31.536 [restartedMain] INFO  o.s.scheduling.concurrent.ThreadPoolTaskExecutor - Initializing ExecutorService 'applicationTaskExecutor'
2019-11-03 17:31:31.598 [restartedMain] INFO  o.s.b.d.autoconfigure.OptionalLiveReloadServer - LiveReload server is running on port 35729
2019-11-03 17:31:31.628 [restartedMain] INFO  o.s.boot.web.embedded.tomcat.TomcatWebServer - Tomcat started on port(s): 8081 (http) with context path ''
2019-11-03 17:31:31.629 [restartedMain] INFO  com.dyl.o2o.O2oApplication - Started O2oApplication in 0.595 seconds (JVM running for 22687.3)
2019-11-03 17:31:31.630 [restartedMain] INFO  o.s.b.d.a.ConditionEvaluationDeltaLoggingListener - Condition evaluation unchanged
2019-11-03 17:38:51.771 [Thread-55] INFO  o.s.scheduling.concurrent.ThreadPoolTaskExecutor - Shutting down ExecutorService 'applicationTaskExecutor'
2019-11-03 17:38:52.019 [restartedMain] INFO  com.dyl.o2o.O2oApplication - Starting O2oApplication on dyl-pc with PID 3836 (E:\IDEAWorkspace\git\o2o\target\classes started by A in E:\IDEAWorkspace\git\o2o)
2019-11-03 17:38:52.020 [restartedMain] INFO  com.dyl.o2o.O2oApplication - The following profiles are active: dev
2019-11-03 17:38:52.283 [restartedMain] INFO  o.s.boot.web.embedded.tomcat.TomcatWebServer - Tomcat initialized with port(s): 8081 (http)
2019-11-03 17:38:52.283 [restartedMain] INFO  org.apache.catalina.core.StandardService - Starting service [Tomcat]
2019-11-03 17:38:52.283 [restartedMain] INFO  org.apache.catalina.core.StandardEngine - Starting Servlet engine: [Apache Tomcat/9.0.24]
2019-11-03 17:38:52.298 [restartedMain] INFO  o.a.c.core.ContainerBase.[Tomcat].[localhost].[/] - Initializing Spring embedded WebApplicationContext
2019-11-03 17:38:52.298 [restartedMain] INFO  org.springframework.web.context.ContextLoader - Root WebApplicationContext: initialization completed in 276 ms
2019-11-03 17:38:52.437 [restartedMain] INFO  o.s.scheduling.concurrent.ThreadPoolTaskExecutor - Initializing ExecutorService 'applicationTaskExecutor'
2019-11-03 17:38:52.495 [restartedMain] INFO  o.s.b.d.autoconfigure.OptionalLiveReloadServer - LiveReload server is running on port 35729
2019-11-03 17:38:52.524 [restartedMain] INFO  o.s.boot.web.embedded.tomcat.TomcatWebServer - Tomcat started on port(s): 8081 (http) with context path ''
2019-11-03 17:38:52.525 [restartedMain] INFO  com.dyl.o2o.O2oApplication - Started O2oApplication in 0.543 seconds (JVM running for 23128.195)
2019-11-03 17:38:52.526 [restartedMain] INFO  o.s.b.d.a.ConditionEvaluationDeltaLoggingListener - Condition evaluation unchanged
2019-11-03 17:51:58.040 [Thread-63] INFO  o.s.scheduling.concurrent.ThreadPoolTaskExecutor - Shutting down ExecutorService 'applicationTaskExecutor'
2019-11-03 17:51:58.247 [restartedMain] INFO  com.dyl.o2o.O2oApplication - Starting O2oApplication on dyl-pc with PID 3836 (E:\IDEAWorkspace\git\o2o\target\classes started by A in E:\IDEAWorkspace\git\o2o)
2019-11-03 17:51:58.247 [restartedMain] INFO  com.dyl.o2o.O2oApplication - The following profiles are active: dev
2019-11-03 17:51:58.564 [restartedMain] INFO  o.s.boot.web.embedded.tomcat.TomcatWebServer - Tomcat initialized with port(s): 8081 (http)
2019-11-03 17:51:58.565 [restartedMain] INFO  org.apache.catalina.core.StandardService - Starting service [Tomcat]
2019-11-03 17:51:58.565 [restartedMain] INFO  org.apache.catalina.core.StandardEngine - Starting Servlet engine: [Apache Tomcat/9.0.24]
2019-11-03 17:51:58.581 [restartedMain] INFO  o.a.c.core.ContainerBase.[Tomcat].[localhost].[/] - Initializing Spring embedded WebApplicationContext
2019-11-03 17:51:58.582 [restartedMain] INFO  org.springframework.web.context.ContextLoader - Root WebApplicationContext: initialization completed in 330 ms
2019-11-03 17:51:58.751 [restartedMain] INFO  o.s.scheduling.concurrent.ThreadPoolTaskExecutor - Initializing ExecutorService 'applicationTaskExecutor'
2019-11-03 17:51:58.814 [restartedMain] INFO  o.s.b.d.autoconfigure.OptionalLiveReloadServer - LiveReload server is running on port 35729
2019-11-03 17:51:58.846 [restartedMain] INFO  o.s.boot.web.embedded.tomcat.TomcatWebServer - Tomcat started on port(s): 8081 (http) with context path ''
2019-11-03 17:51:58.846 [restartedMain] INFO  com.dyl.o2o.O2oApplication - Started O2oApplication in 0.652 seconds (JVM running for 23914.517)
2019-11-03 17:51:58.847 [restartedMain] INFO  o.s.b.d.a.ConditionEvaluationDeltaLoggingListener - Condition evaluation unchanged
2019-11-03 19:28:04.114 [Thread-69] INFO  o.s.scheduling.concurrent.ThreadPoolTaskExecutor - Shutting down ExecutorService 'applicationTaskExecutor'
2019-11-03 19:28:04.429 [restartedMain] INFO  com.dyl.o2o.O2oApplication - Starting O2oApplication on dyl-pc with PID 3836 (E:\IDEAWorkspace\git\o2o\target\classes started by A in E:\IDEAWorkspace\git\o2o)
2019-11-03 19:28:04.430 [restartedMain] INFO  com.dyl.o2o.O2oApplication - The following profiles are active: dev
2019-11-03 19:28:04.819 [restartedMain] INFO  o.s.boot.web.embedded.tomcat.TomcatWebServer - Tomcat initialized with port(s): 8081 (http)
2019-11-03 19:28:04.820 [restartedMain] INFO  org.apache.catalina.core.StandardService - Starting service [Tomcat]
2019-11-03 19:28:04.820 [restartedMain] INFO  org.apache.catalina.core.StandardEngine - Starting Servlet engine: [Apache Tomcat/9.0.24]
2019-11-03 19:28:04.832 [restartedMain] INFO  o.a.c.core.ContainerBase.[Tomcat].[localhost].[/] - Initializing Spring embedded WebApplicationContext
2019-11-03 19:28:04.832 [restartedMain] INFO  org.springframework.web.context.ContextLoader - Root WebApplicationContext: initialization completed in 398 ms
2019-11-03 19:28:05.002 [restartedMain] INFO  o.s.scheduling.concurrent.ThreadPoolTaskExecutor - Initializing ExecutorService 'applicationTaskExecutor'
2019-11-03 19:28:05.080 [restartedMain] INFO  o.s.b.d.autoconfigure.OptionalLiveReloadServer - LiveReload server is running on port 35729
2019-11-03 19:28:05.113 [restartedMain] INFO  o.s.boot.web.embedded.tomcat.TomcatWebServer - Tomcat started on port(s): 8081 (http) with context path ''
2019-11-03 19:28:05.114 [restartedMain] INFO  com.dyl.o2o.O2oApplication - Started O2oApplication in 0.747 seconds (JVM running for 29680.784)
2019-11-03 19:28:05.115 [restartedMain] INFO  o.s.b.d.a.ConditionEvaluationDeltaLoggingListener - Condition evaluation unchanged
2019-11-03 19:28:05.208 [http-nio-8081-exec-1] INFO  o.a.c.core.ContainerBase.[Tomcat].[localhost].[/] - Initializing Spring DispatcherServlet 'dispatcherServlet'
2019-11-03 19:28:05.210 [http-nio-8081-exec-1] INFO  org.springframework.web.servlet.DispatcherServlet - Initializing Servlet 'dispatcherServlet'
2019-11-03 19:28:05.212 [http-nio-8081-exec-1] INFO  org.springframework.web.servlet.DispatcherServlet - Completed initialization in 2 ms
2019-11-03 19:28:05.392 [http-nio-8081-exec-4] INFO  com.zaxxer.hikari.HikariDataSource - HikariPool-5 - Starting...
2019-11-03 19:28:05.437 [http-nio-8081-exec-4] INFO  com.zaxxer.hikari.HikariDataSource - HikariPool-5 - Start completed.
2019-11-03 19:28:32.590 [Thread-75] INFO  o.s.scheduling.concurrent.ThreadPoolTaskExecutor - Shutting down ExecutorService 'applicationTaskExecutor'
2019-11-03 19:28:32.591 [Thread-75] INFO  com.zaxxer.hikari.HikariDataSource - HikariPool-5 - Shutdown initiated...
2019-11-03 19:28:32.595 [Thread-75] INFO  com.zaxxer.hikari.HikariDataSource - HikariPool-5 - Shutdown completed.
2019-11-03 19:28:32.885 [restartedMain] INFO  com.dyl.o2o.O2oApplication - Starting O2oApplication on dyl-pc with PID 3836 (E:\IDEAWorkspace\git\o2o\target\classes started by A in E:\IDEAWorkspace\git\o2o)
2019-11-03 19:28:32.886 [restartedMain] INFO  com.dyl.o2o.O2oApplication - The following profiles are active: dev
2019-11-03 19:28:33.610 [restartedMain] INFO  o.s.boot.web.embedded.tomcat.TomcatWebServer - Tomcat initialized with port(s): 8081 (http)
2019-11-03 19:28:33.612 [restartedMain] INFO  org.apache.catalina.core.StandardService - Starting service [Tomcat]
2019-11-03 19:28:33.612 [restartedMain] INFO  org.apache.catalina.core.StandardEngine - Starting Servlet engine: [Apache Tomcat/9.0.24]
2019-11-03 19:28:33.624 [restartedMain] INFO  o.a.c.core.ContainerBase.[Tomcat].[localhost].[/] - Initializing Spring embedded WebApplicationContext
2019-11-03 19:28:33.624 [restartedMain] INFO  org.springframework.web.context.ContextLoader - Root WebApplicationContext: initialization completed in 736 ms
2019-11-03 19:28:33.810 [restartedMain] INFO  o.s.scheduling.concurrent.ThreadPoolTaskExecutor - Initializing ExecutorService 'applicationTaskExecutor'
2019-11-03 19:28:33.897 [restartedMain] INFO  o.s.b.d.autoconfigure.OptionalLiveReloadServer - LiveReload server is running on port 35729
2019-11-03 19:28:33.931 [restartedMain] INFO  o.s.boot.web.embedded.tomcat.TomcatWebServer - Tomcat started on port(s): 8081 (http) with context path ''
2019-11-03 19:28:33.931 [restartedMain] INFO  com.dyl.o2o.O2oApplication - Started O2oApplication in 1.086 seconds (JVM running for 29709.602)
2019-11-03 19:28:33.933 [restartedMain] INFO  o.s.b.d.a.ConditionEvaluationDeltaLoggingListener - Condition evaluation unchanged
2019-11-03 19:28:39.483 [http-nio-8081-exec-2] INFO  o.a.c.core.ContainerBase.[Tomcat].[localhost].[/] - Initializing Spring DispatcherServlet 'dispatcherServlet'
2019-11-03 19:28:39.484 [http-nio-8081-exec-2] INFO  org.springframework.web.servlet.DispatcherServlet - Initializing Servlet 'dispatcherServlet'
2019-11-03 19:28:39.487 [http-nio-8081-exec-2] INFO  org.springframework.web.servlet.DispatcherServlet - Completed initialization in 3 ms
2019-11-03 19:28:39.657 [http-nio-8081-exec-4] INFO  com.zaxxer.hikari.HikariDataSource - HikariPool-6 - Starting...
2019-11-03 19:28:39.661 [http-nio-8081-exec-4] INFO  com.zaxxer.hikari.HikariDataSource - HikariPool-6 - Start completed.
2019-11-03 19:28:59.922 [Thread-86] INFO  o.s.scheduling.concurrent.ThreadPoolTaskExecutor - Shutting down ExecutorService 'applicationTaskExecutor'
2019-11-03 19:28:59.923 [Thread-86] INFO  com.zaxxer.hikari.HikariDataSource - HikariPool-6 - Shutdown initiated...
2019-11-03 19:28:59.926 [Thread-86] INFO  com.zaxxer.hikari.HikariDataSource - HikariPool-6 - Shutdown completed.
2019-11-03 19:29:02.597 [restartedMain] INFO  com.dyl.o2o.O2oApplication - Starting O2oApplication on dyl-pc with PID 13472 (E:\IDEAWorkspace\git\o2o\target\classes started by A in E:\IDEAWorkspace\git\o2o)
2019-11-03 19:29:02.599 [restartedMain] INFO  com.dyl.o2o.O2oApplication - The following profiles are active: dev
2019-11-03 19:29:02.639 [restartedMain] INFO  o.s.b.d.env.DevToolsPropertyDefaultsPostProcessor - Devtools property defaults active! Set 'spring.devtools.add-properties' to 'false' to disable
2019-11-03 19:29:02.639 [restartedMain] INFO  o.s.b.d.env.DevToolsPropertyDefaultsPostProcessor - For additional web related logging consider setting the 'logging.level.web' property to 'DEBUG'
2019-11-03 19:29:03.677 [restartedMain] INFO  o.s.boot.web.embedded.tomcat.TomcatWebServer - Tomcat initialized with port(s): 8081 (http)
2019-11-03 19:29:03.695 [restartedMain] INFO  org.apache.catalina.core.StandardService - Starting service [Tomcat]
2019-11-03 19:29:03.695 [restartedMain] INFO  org.apache.catalina.core.StandardEngine - Starting Servlet engine: [Apache Tomcat/9.0.24]
2019-11-03 19:29:03.770 [restartedMain] INFO  o.a.c.core.ContainerBase.[Tomcat].[localhost].[/] - Initializing Spring embedded WebApplicationContext
2019-11-03 19:29:03.770 [restartedMain] INFO  org.springframework.web.context.ContextLoader - Root WebApplicationContext: initialization completed in 1131 ms
2019-11-03 19:29:04.316 [restartedMain] INFO  o.s.scheduling.concurrent.ThreadPoolTaskExecutor - Initializing ExecutorService 'applicationTaskExecutor'
2019-11-03 19:29:04.522 [restartedMain] INFO  o.s.b.d.autoconfigure.OptionalLiveReloadServer - LiveReload server is running on port 35729
2019-11-03 19:29:04.587 [restartedMain] INFO  o.s.boot.web.embedded.tomcat.TomcatWebServer - Tomcat started on port(s): 8081 (http) with context path ''
2019-11-03 19:29:04.589 [restartedMain] INFO  com.dyl.o2o.O2oApplication - Started O2oApplication in 2.612 seconds (JVM running for 3.2)
2019-11-03 19:29:07.889 [http-nio-8081-exec-1] INFO  o.a.c.core.ContainerBase.[Tomcat].[localhost].[/] - Initializing Spring DispatcherServlet 'dispatcherServlet'
2019-11-03 19:29:07.889 [http-nio-8081-exec-1] INFO  org.springframework.web.servlet.DispatcherServlet - Initializing Servlet 'dispatcherServlet'
2019-11-03 19:29:07.895 [http-nio-8081-exec-1] INFO  org.springframework.web.servlet.DispatcherServlet - Completed initialization in 6 ms
2019-11-03 19:29:08.387 [http-nio-8081-exec-4] INFO  com.zaxxer.hikari.HikariDataSource - HikariPool-1 - Starting...
2019-11-03 19:29:08.517 [http-nio-8081-exec-4] INFO  com.zaxxer.hikari.HikariDataSource - HikariPool-1 - Start completed.
2019-11-03 19:32:41.813 [Thread-10] INFO  o.s.scheduling.concurrent.ThreadPoolTaskExecutor - Shutting down ExecutorService 'applicationTaskExecutor'
2019-11-03 19:32:41.814 [Thread-10] INFO  com.zaxxer.hikari.HikariDataSource - HikariPool-1 - Shutdown initiated...
2019-11-03 19:32:41.820 [Thread-10] INFO  com.zaxxer.hikari.HikariDataSource - HikariPool-1 - Shutdown completed.
2019-11-03 19:32:42.053 [restartedMain] INFO  com.dyl.o2o.O2oApplication - Starting O2oApplication on dyl-pc with PID 13472 (E:\IDEAWorkspace\git\o2o\target\classes started by A in E:\IDEAWorkspace\git\o2o)
2019-11-03 19:32:42.053 [restartedMain] INFO  com.dyl.o2o.O2oApplication - The following profiles are active: dev
2019-11-03 19:32:42.380 [restartedMain] INFO  o.s.boot.web.embedded.tomcat.TomcatWebServer - Tomcat initialized with port(s): 8081 (http)
2019-11-03 19:32:42.381 [restartedMain] INFO  org.apache.catalina.core.StandardService - Starting service [Tomcat]
2019-11-03 19:32:42.381 [restartedMain] INFO  org.apache.catalina.core.StandardEngine - Starting Servlet engine: [Apache Tomcat/9.0.24]
2019-11-03 19:32:42.397 [restartedMain] INFO  o.a.c.core.ContainerBase.[Tomcat].[localhost].[/] - Initializing Spring embedded WebApplicationContext
2019-11-03 19:32:42.397 [restartedMain] INFO  org.springframework.web.context.ContextLoader - Root WebApplicationContext: initialization completed in 342 ms
2019-11-03 19:32:42.575 [restartedMain] INFO  o.s.scheduling.concurrent.ThreadPoolTaskExecutor - Initializing ExecutorService 'applicationTaskExecutor'
2019-11-03 19:32:42.645 [restartedMain] INFO  o.s.b.d.autoconfigure.OptionalLiveReloadServer - LiveReload server is running on port 35729
2019-11-03 19:32:42.683 [restartedMain] INFO  o.s.boot.web.embedded.tomcat.TomcatWebServer - Tomcat started on port(s): 8081 (http) with context path ''
2019-11-03 19:32:42.684 [restartedMain] INFO  com.dyl.o2o.O2oApplication - Started O2oApplication in 0.683 seconds (JVM running for 221.294)
2019-11-03 19:32:42.686 [restartedMain] INFO  o.s.b.d.a.ConditionEvaluationDeltaLoggingListener - Condition evaluation unchanged
2019-11-03 19:32:49.665 [http-nio-8081-exec-1] INFO  o.a.c.core.ContainerBase.[Tomcat].[localhost].[/] - Initializing Spring DispatcherServlet 'dispatcherServlet'
2019-11-03 19:32:49.665 [http-nio-8081-exec-1] INFO  org.springframework.web.servlet.DispatcherServlet - Initializing Servlet 'dispatcherServlet'
2019-11-03 19:32:49.671 [http-nio-8081-exec-1] INFO  org.springframework.web.servlet.DispatcherServlet - Completed initialization in 6 ms
2019-11-03 19:39:16.774 [http-nio-8081-exec-5] INFO  com.zaxxer.hikari.HikariDataSource - HikariPool-2 - Starting...
2019-11-03 19:39:16.779 [http-nio-8081-exec-5] INFO  com.zaxxer.hikari.HikariDataSource - HikariPool-2 - Start completed.
2019-11-03 19:44:20.667 [Thread-19] INFO  o.s.scheduling.concurrent.ThreadPoolTaskExecutor - Shutting down ExecutorService 'applicationTaskExecutor'
2019-11-03 19:44:20.668 [Thread-19] INFO  com.zaxxer.hikari.HikariDataSource - HikariPool-2 - Shutdown initiated...
2019-11-03 19:44:20.672 [Thread-19] INFO  com.zaxxer.hikari.HikariDataSource - HikariPool-2 - Shutdown completed.
2019-11-03 19:44:20.956 [restartedMain] INFO  com.dyl.o2o.O2oApplication - Starting O2oApplication on dyl-pc with PID 13472 (E:\IDEAWorkspace\git\o2o\target\classes started by A in E:\IDEAWorkspace\git\o2o)
2019-11-03 19:44:20.957 [restartedMain] INFO  com.dyl.o2o.O2oApplication - The following profiles are active: dev
2019-11-03 19:44:21.383 [restartedMain] INFO  o.s.boot.web.embedded.tomcat.TomcatWebServer - Tomcat initialized with port(s): 8081 (http)
2019-11-03 19:44:21.384 [restartedMain] INFO  org.apache.catalina.core.StandardService - Starting service [Tomcat]
2019-11-03 19:44:21.384 [restartedMain] INFO  org.apache.catalina.core.StandardEngine - Starting Servlet engine: [Apache Tomcat/9.0.24]
2019-11-03 19:44:21.397 [restartedMain] INFO  o.a.c.core.ContainerBase.[Tomcat].[localhost].[/] - Initializing Spring embedded WebApplicationContext
2019-11-03 19:44:21.397 [restartedMain] INFO  org.springframework.web.context.ContextLoader - Root WebApplicationContext: initialization completed in 437 ms
2019-11-03 19:44:21.613 [restartedMain] INFO  o.s.scheduling.concurrent.ThreadPoolTaskExecutor - Initializing ExecutorService 'applicationTaskExecutor'
2019-11-03 19:44:21.700 [restartedMain] INFO  o.s.b.d.autoconfigure.OptionalLiveReloadServer - LiveReload server is running on port 35729
2019-11-03 19:44:21.737 [restartedMain] INFO  o.s.boot.web.embedded.tomcat.TomcatWebServer - Tomcat started on port(s): 8081 (http) with context path ''
2019-11-03 19:44:21.738 [restartedMain] INFO  com.dyl.o2o.O2oApplication - Started O2oApplication in 0.837 seconds (JVM running for 920.348)
2019-11-03 19:44:21.739 [restartedMain] INFO  o.s.b.d.a.ConditionEvaluationDeltaLoggingListener - Condition evaluation unchanged
2019-11-03 19:45:14.320 [Thread-25] INFO  o.s.scheduling.concurrent.ThreadPoolTaskExecutor - Shutting down ExecutorService 'applicationTaskExecutor'
2019-11-03 19:45:14.597 [restartedMain] INFO  com.dyl.o2o.O2oApplication - Starting O2oApplication on dyl-pc with PID 13472 (E:\IDEAWorkspace\git\o2o\target\classes started by A in E:\IDEAWorkspace\git\o2o)
2019-11-03 19:45:14.597 [restartedMain] INFO  com.dyl.o2o.O2oApplication - The following profiles are active: dev
2019-11-03 19:45:14.907 [restartedMain] INFO  o.s.boot.web.embedded.tomcat.TomcatWebServer - Tomcat initialized with port(s): 8081 (http)
2019-11-03 19:45:14.908 [restartedMain] INFO  org.apache.catalina.core.StandardService - Starting service [Tomcat]
2019-11-03 19:45:14.909 [restartedMain] INFO  org.apache.catalina.core.StandardEngine - Starting Servlet engine: [Apache Tomcat/9.0.24]
2019-11-03 19:45:14.920 [restartedMain] INFO  o.a.c.core.ContainerBase.[Tomcat].[localhost].[/] - Initializing Spring embedded WebApplicationContext
2019-11-03 19:45:14.921 [restartedMain] INFO  org.springframework.web.context.ContextLoader - Root WebApplicationContext: initialization completed in 322 ms
2019-11-03 19:45:14.939 [restartedMain] INFO  org.apache.catalina.core.StandardService - Stopping service [Tomcat]
2019-11-03 19:45:14.945 [restartedMain] INFO  o.s.b.a.l.ConditionEvaluationReportLoggingListener - 

Error starting ApplicationContext. To display the conditions report re-run your application with 'debug' enabled.
2019-11-03 19:45:51.090 [restartedMain] INFO  com.dyl.o2o.O2oApplication - Starting O2oApplication on dyl-pc with PID 13472 (E:\IDEAWorkspace\git\o2o\target\classes started by A in E:\IDEAWorkspace\git\o2o)
2019-11-03 19:45:51.091 [restartedMain] INFO  com.dyl.o2o.O2oApplication - The following profiles are active: dev
2019-11-03 19:45:51.391 [restartedMain] INFO  o.s.boot.web.embedded.tomcat.TomcatWebServer - Tomcat initialized with port(s): 8081 (http)
2019-11-03 19:45:51.392 [restartedMain] INFO  org.apache.catalina.core.StandardService - Starting service [Tomcat]
2019-11-03 19:45:51.392 [restartedMain] INFO  org.apache.catalina.core.StandardEngine - Starting Servlet engine: [Apache Tomcat/9.0.24]
2019-11-03 19:45:51.406 [restartedMain] INFO  o.a.c.c.ContainerBase.[Tomcat-1].[localhost].[/] - Initializing Spring embedded WebApplicationContext
2019-11-03 19:45:51.406 [restartedMain] INFO  org.springframework.web.context.ContextLoader - Root WebApplicationContext: initialization completed in 313 ms
2019-11-03 19:45:51.426 [restartedMain] INFO  org.apache.catalina.core.StandardService - Stopping service [Tomcat]
2019-11-03 19:45:51.432 [restartedMain] INFO  o.s.b.a.l.ConditionEvaluationReportLoggingListener - 

Error starting ApplicationContext. To display the conditions report re-run your application with 'debug' enabled.
2019-11-03 19:46:04.482 [restartedMain] INFO  com.dyl.o2o.O2oApplication - Starting O2oApplication on dyl-pc with PID 13472 (E:\IDEAWorkspace\git\o2o\target\classes started by A in E:\IDEAWorkspace\git\o2o)
2019-11-03 19:46:04.482 [restartedMain] INFO  com.dyl.o2o.O2oApplication - The following profiles are active: dev
2019-11-03 19:46:04.807 [restartedMain] INFO  o.s.boot.web.embedded.tomcat.TomcatWebServer - Tomcat initialized with port(s): 8081 (http)
2019-11-03 19:46:04.808 [restartedMain] INFO  org.apache.catalina.core.StandardService - Starting service [Tomcat]
2019-11-03 19:46:04.809 [restartedMain] INFO  org.apache.catalina.core.StandardEngine - Starting Servlet engine: [Apache Tomcat/9.0.24]
2019-11-03 19:46:04.824 [restartedMain] INFO  o.a.c.c.ContainerBase.[Tomcat-2].[localhost].[/] - Initializing Spring embedded WebApplicationContext
2019-11-03 19:46:04.824 [restartedMain] INFO  org.springframework.web.context.ContextLoader - Root WebApplicationContext: initialization completed in 338 ms
2019-11-03 19:46:05.000 [restartedMain] INFO  o.s.scheduling.concurrent.ThreadPoolTaskExecutor - Initializing ExecutorService 'applicationTaskExecutor'
2019-11-03 19:46:05.064 [restartedMain] INFO  o.s.b.d.autoconfigure.OptionalLiveReloadServer - LiveReload server is running on port 35729
2019-11-03 19:46:05.101 [restartedMain] INFO  o.s.boot.web.embedded.tomcat.TomcatWebServer - Tomcat started on port(s): 8081 (http) with context path ''
2019-11-03 19:46:05.102 [restartedMain] INFO  com.dyl.o2o.O2oApplication - Started O2oApplication in 0.665 seconds (JVM running for 1023.712)
2019-11-03 19:46:05.103 [restartedMain] INFO  o.s.b.d.a.ConditionEvaluationDeltaLoggingListener - Condition evaluation unchanged
2019-11-03 19:46:09.941 [Thread-42] INFO  o.s.scheduling.concurrent.ThreadPoolTaskExecutor - Shutting down ExecutorService 'applicationTaskExecutor'
2019-11-03 19:46:13.576 [restartedMain] INFO  com.dyl.o2o.O2oApplication - Starting O2oApplication on dyl-pc with PID 19024 (E:\IDEAWorkspace\git\o2o\target\classes started by A in E:\IDEAWorkspace\git\o2o)
2019-11-03 19:46:13.579 [restartedMain] INFO  com.dyl.o2o.O2oApplication - The following profiles are active: dev
2019-11-03 19:46:13.622 [restartedMain] INFO  o.s.b.d.env.DevToolsPropertyDefaultsPostProcessor - Devtools property defaults active! Set 'spring.devtools.add-properties' to 'false' to disable
2019-11-03 19:46:13.622 [restartedMain] INFO  o.s.b.d.env.DevToolsPropertyDefaultsPostProcessor - For additional web related logging consider setting the 'logging.level.web' property to 'DEBUG'
2019-11-03 19:46:14.591 [restartedMain] INFO  o.s.boot.web.embedded.tomcat.TomcatWebServer - Tomcat initialized with port(s): 8081 (http)
2019-11-03 19:46:14.608 [restartedMain] INFO  org.apache.catalina.core.StandardService - Starting service [Tomcat]
2019-11-03 19:46:14.609 [restartedMain] INFO  org.apache.catalina.core.StandardEngine - Starting Servlet engine: [Apache Tomcat/9.0.24]
2019-11-03 19:46:14.681 [restartedMain] INFO  o.a.c.core.ContainerBase.[Tomcat].[localhost].[/] - Initializing Spring embedded WebApplicationContext
2019-11-03 19:46:14.681 [restartedMain] INFO  org.springframework.web.context.ContextLoader - Root WebApplicationContext: initialization completed in 1059 ms
2019-11-03 19:46:15.216 [restartedMain] INFO  o.s.scheduling.concurrent.ThreadPoolTaskExecutor - Initializing ExecutorService 'applicationTaskExecutor'
2019-11-03 19:46:15.414 [restartedMain] INFO  o.s.b.d.autoconfigure.OptionalLiveReloadServer - LiveReload server is running on port 35729
2019-11-03 19:46:15.482 [restartedMain] INFO  o.s.boot.web.embedded.tomcat.TomcatWebServer - Tomcat started on port(s): 8081 (http) with context path ''
2019-11-03 19:46:15.485 [restartedMain] INFO  com.dyl.o2o.O2oApplication - Started O2oApplication in 2.446 seconds (JVM running for 2.988)
2019-11-03 19:46:23.969 [http-nio-8081-exec-1] INFO  o.a.c.core.ContainerBase.[Tomcat].[localhost].[/] - Initializing Spring DispatcherServlet 'dispatcherServlet'
2019-11-03 19:46:23.969 [http-nio-8081-exec-1] INFO  org.springframework.web.servlet.DispatcherServlet - Initializing Servlet 'dispatcherServlet'
2019-11-03 19:46:23.975 [http-nio-8081-exec-1] INFO  org.springframework.web.servlet.DispatcherServlet - Completed initialization in 6 ms
2019-11-03 19:46:24.439 [http-nio-8081-exec-4] INFO  com.zaxxer.hikari.HikariDataSource - HikariPool-1 - Starting...
2019-11-03 19:46:24.542 [http-nio-8081-exec-4] INFO  com.zaxxer.hikari.HikariDataSource - HikariPool-1 - Start completed.
2019-11-03 20:13:12.854 [Thread-13] INFO  o.s.scheduling.concurrent.ThreadPoolTaskExecutor - Shutting down ExecutorService 'applicationTaskExecutor'
2019-11-03 20:13:12.854 [Thread-13] INFO  com.zaxxer.hikari.HikariDataSource - HikariPool-1 - Shutdown initiated...
2019-11-03 20:13:12.858 [Thread-13] INFO  com.zaxxer.hikari.HikariDataSource - HikariPool-1 - Shutdown completed.
2019-11-03 23:13:53.811 [restartedMain] INFO  com.dyl.o2o.O2oApplication - Starting O2oApplication on dyl-pc with PID 17412 (E:\IDEAWorkspace\git\o2o\target\classes started by A in E:\IDEAWorkspace\git\o2o)
2019-11-03 23:13:53.814 [restartedMain] INFO  com.dyl.o2o.O2oApplication - The following profiles are active: dev
2019-11-03 23:13:53.852 [restartedMain] INFO  o.s.b.d.env.DevToolsPropertyDefaultsPostProcessor - Devtools property defaults active! Set 'spring.devtools.add-properties' to 'false' to disable
2019-11-03 23:13:53.853 [restartedMain] INFO  o.s.b.d.env.DevToolsPropertyDefaultsPostProcessor - For additional web related logging consider setting the 'logging.level.web' property to 'DEBUG'
2019-11-03 23:13:54.900 [restartedMain] INFO  o.s.boot.web.embedded.tomcat.TomcatWebServer - Tomcat initialized with port(s): 8081 (http)
2019-11-03 23:13:54.920 [restartedMain] INFO  org.apache.catalina.core.StandardService - Starting service [Tomcat]
2019-11-03 23:13:54.921 [restartedMain] INFO  org.apache.catalina.core.StandardEngine - Starting Servlet engine: [Apache Tomcat/9.0.24]
2019-11-03 23:13:54.996 [restartedMain] INFO  o.a.c.core.ContainerBase.[Tomcat].[localhost].[/] - Initializing Spring embedded WebApplicationContext
2019-11-03 23:13:54.997 [restartedMain] INFO  org.springframework.web.context.ContextLoader - Root WebApplicationContext: initialization completed in 1143 ms
2019-11-03 23:13:55.613 [restartedMain] INFO  o.s.scheduling.concurrent.ThreadPoolTaskExecutor - Initializing ExecutorService 'applicationTaskExecutor'
2019-11-03 23:13:55.837 [restartedMain] INFO  o.s.b.d.autoconfigure.OptionalLiveReloadServer - LiveReload server is running on port 35729
2019-11-03 23:13:55.909 [restartedMain] INFO  o.s.boot.web.embedded.tomcat.TomcatWebServer - Tomcat started on port(s): 8081 (http) with context path ''
2019-11-03 23:13:55.912 [restartedMain] INFO  com.dyl.o2o.O2oApplication - Started O2oApplication in 2.697 seconds (JVM running for 3.289)
2019-11-03 23:13:57.253 [http-nio-8081-exec-1] INFO  o.a.c.core.ContainerBase.[Tomcat].[localhost].[/] - Initializing Spring DispatcherServlet 'dispatcherServlet'
2019-11-03 23:13:57.253 [http-nio-8081-exec-1] INFO  org.springframework.web.servlet.DispatcherServlet - Initializing Servlet 'dispatcherServlet'
2019-11-03 23:13:57.260 [http-nio-8081-exec-1] INFO  org.springframework.web.servlet.DispatcherServlet - Completed initialization in 6 ms
2019-11-03 23:13:57.716 [http-nio-8081-exec-4] INFO  com.zaxxer.hikari.HikariDataSource - HikariPool-1 - Starting...
2019-11-03 23:13:57.848 [http-nio-8081-exec-4] INFO  com.zaxxer.hikari.HikariDataSource - HikariPool-1 - Start completed.
2019-11-03 23:26:13.523 [Thread-14] INFO  o.s.scheduling.concurrent.ThreadPoolTaskExecutor - Shutting down ExecutorService 'applicationTaskExecutor'
2019-11-03 23:26:13.524 [Thread-14] INFO  com.zaxxer.hikari.HikariDataSource - HikariPool-1 - Shutdown initiated...
2019-11-03 23:26:13.529 [Thread-14] INFO  com.zaxxer.hikari.HikariDataSource - HikariPool-1 - Shutdown completed.
