2019-10-08 21:10:39.362 [main] ERROR com.dyl.o2o.util.ImageUtil - javax.imageio.IIOException: Can't read input file!
2019-10-08 21:14:12.805 [main] ERROR com.dyl.o2o.util.ImageUtil - javax.imageio.IIOException: Can't read input file!
2019-10-08 21:43:22.533 [main] ERROR com.dyl.o2o.util.ImageUtil - javax.imageio.IIOException: Can't read input file!
2019-10-08 21:46:04.551 [main] ERROR com.dyl.o2o.util.ImageUtil - javax.imageio.IIOException: Can't read input file!
2019-10-08 21:55:25.816 [main] ERROR com.dyl.o2o.util.ImageUtil - javax.imageio.IIOException: Can't read input file!
2019-10-08 21:57:53.636 [main] ERROR com.dyl.o2o.util.ImageUtil - javax.imageio.IIOException: Can't read input file!
2019-10-08 21:59:58.104 [main] ERROR com.dyl.o2o.util.ImageUtil - javax.imageio.IIOException: Can't read input file!
2019-10-08 22:01:04.542 [main] ERROR com.dyl.o2o.util.ImageUtil - javax.imageio.IIOException: Can't read input file!
2019-10-08 22:02:37.909 [main] ERROR com.dyl.o2o.util.ImageUtil - javax.imageio.IIOException: Can't read input file!
2019-10-08 22:05:37.636 [main] ERROR com.dyl.o2o.util.ImageUtil - javax.imageio.IIOException: Can't read input file!
2019-10-08 22:06:20.467 [main] ERROR com.dyl.o2o.util.ImageUtil - javax.imageio.IIOException: Can't read input file!
2019-10-08 22:08:47.828 [main] ERROR com.dyl.o2o.util.ImageUtil - javax.imageio.IIOException: Can't read input file!
2019-10-08 22:12:31.719 [main] ERROR com.dyl.o2o.util.ImageUtil - javax.imageio.IIOException: Can't read input file!
2019-10-08 22:16:44.895 [main] ERROR com.dyl.o2o.util.ImageUtil - javax.imageio.IIOException: Can't read input file!
2019-10-08 22:18:32.010 [main] ERROR com.dyl.o2o.util.ImageUtil - javax.imageio.IIOException: Can't read input file!
2019-10-08 22:20:34.849 [main] ERROR com.dyl.o2o.util.ImageUtil - javax.imageio.IIOException: Can't read input file!
2019-10-08 22:33:32.444 [main] ERROR com.dyl.o2o.util.ImageUtil - javax.imageio.IIOException: Can't read input file!
2019-10-10 23:39:34.084 [main] ERROR com.dyl.o2o.util.ImageUtil - javax.imageio.IIOException: Can't read input file!
2019-10-11 11:11:26.987 [main] ERROR org.apache.catalina.util.LifecycleBase - Failed to start component [Connector[HTTP/1.1-8080]]
org.apache.catalina.LifecycleException: Protocol handler start failed
	at org.apache.catalina.connector.Connector.startInternal(Connector.java:1008)
	at org.apache.catalina.util.LifecycleBase.start(LifecycleBase.java:183)
	at org.apache.catalina.core.StandardService.addConnector(StandardService.java:227)
	at org.springframework.boot.web.embedded.tomcat.TomcatWebServer.addPreviouslyRemovedConnectors(TomcatWebServer.java:263)
	at org.springframework.boot.web.embedded.tomcat.TomcatWebServer.start(TomcatWebServer.java:195)
	at org.springframework.boot.web.servlet.context.ServletWebServerApplicationContext.startWebServer(ServletWebServerApplicationContext.java:297)
	at org.springframework.boot.web.servlet.context.ServletWebServerApplicationContext.finishRefresh(ServletWebServerApplicationContext.java:163)
	at org.springframework.context.support.AbstractApplicationContext.refresh(AbstractApplicationContext.java:552)
	at org.springframework.boot.web.servlet.context.ServletWebServerApplicationContext.refresh(ServletWebServerApplicationContext.java:141)
	at org.springframework.boot.SpringApplication.refresh(SpringApplication.java:744)
	at org.springframework.boot.SpringApplication.refreshContext(SpringApplication.java:391)
	at org.springframework.boot.SpringApplication.run(SpringApplication.java:312)
	at org.springframework.boot.SpringApplication.run(SpringApplication.java:1215)
	at org.springframework.boot.SpringApplication.run(SpringApplication.java:1204)
	at com.dyl.o2o.O2oApplication.main(O2oApplication.java:10)
Caused by: java.net.BindException: Address already in use: bind
	at sun.nio.ch.Net.bind0(Native Method)
	at sun.nio.ch.Net.bind(Net.java:433)
	at sun.nio.ch.Net.bind(Net.java:425)
	at sun.nio.ch.ServerSocketChannelImpl.bind(ServerSocketChannelImpl.java:223)
	at sun.nio.ch.ServerSocketAdaptor.bind(ServerSocketAdaptor.java:74)
	at org.apache.tomcat.util.net.NioEndpoint.initServerSocket(NioEndpoint.java:230)
	at org.apache.tomcat.util.net.NioEndpoint.bind(NioEndpoint.java:213)
	at org.apache.tomcat.util.net.AbstractEndpoint.bindWithCleanup(AbstractEndpoint.java:1124)
	at org.apache.tomcat.util.net.AbstractEndpoint.start(AbstractEndpoint.java:1210)
	at org.apache.coyote.AbstractProtocol.start(AbstractProtocol.java:585)
	at org.apache.catalina.connector.Connector.startInternal(Connector.java:1005)
	... 14 common frames omitted
2019-10-11 11:11:27.017 [main] ERROR o.s.b.diagnostics.LoggingFailureAnalysisReporter - 

***************************
APPLICATION FAILED TO START
***************************

Description:

The Tomcat connector configured to listen on port 8080 failed to start. The port may already be in use or the connector may be misconfigured.

Action:

Verify the connector's configuration, identify and stop any process that's listening on port 8080, or configure this application to listen on another port.

